#
# There is insufficient memory for the Java Runtime Environment to continue.
# Native memory allocation (malloc) failed to allocate 857376 bytes for Chunk::new
# Possible reasons:
#   The system is out of physical RAM or swap space
#   The process is running with CompressedOops enabled, and the Java Heap may be blocking the growth of the native heap
# Possible solutions:
#   Reduce memory load on the system
#   Increase physical memory or swap space
#   Check if swap backing store is full
#   Decrease Java heap size (-Xmx/-Xms)
#   Decrease number of Java threads
#   Decrease Java thread stack sizes (-Xss)
#   Set larger code cache with -XX:ReservedCodeCacheSize=
#   JVM is running with Unscaled Compressed Oops mode in which the Java heap is
#     placed in the first 4GB address space. The Java Heap base address is the
#     maximum limit for the native heap growth. Please use -XX:HeapBaseMinAddress
#     to set the Java Heap base and to place the Java Heap above 4GB virtual address.
# This output file may be truncated or incomplete.
#
#  Out of Memory Error (./src/hotspot/share/memory/arena.cpp:197), pid=20216, tid=15144
#
# JRE version: OpenJDK Runtime Environment (11.0.11+9) (build 11.0.11+9-b60-7590822)
# Java VM: OpenJDK 64-Bit Server VM (11.0.11+9-b60-7590822, mixed mode, tiered, compressed oops, g1 gc, windows-amd64)
# No core dump will be written. Minidumps are not enabled by default on client versions of Windows
#

---------------  S U M M A R Y ------------

Command Line: --add-opens=java.base/java.util=ALL-UNNAMED --add-opens=java.base/java.lang=ALL-UNNAMED --add-opens=java.base/java.lang.invoke=ALL-UNNAMED --add-opens=java.base/java.util=ALL-UNNAMED --add-opens=java.prefs/java.util.prefs=ALL-UNNAMED --add-opens=java.prefs/java.util.prefs=ALL-UNNAMED --add-opens=java.base/java.nio.charset=ALL-UNNAMED --add-opens=java.base/java.net=ALL-UNNAMED --add-opens=java.base/java.util.concurrent.atomic=ALL-UNNAMED -Xmx2048m -Dfile.encoding=UTF-8 -Duser.country=KR -Duser.language=ko -Duser.variant org.gradle.launcher.daemon.bootstrap.GradleDaemon 7.4

Host: 11th Gen Intel(R) Core(TM) i7-1165G7 @ 2.80GHz, 8 cores, 15G,  Windows 10 , 64 bit Build 22000 (10.0.22000.1219)
Time: Fri Dec  2 02:30:11 2022 대한민국 표준시 elapsed time: 6.063616 seconds (0d 0h 0m 6s)

---------------  T H R E A D  ---------------

Current thread (0x0000023daef64000):  JavaThread "C2 CompilerThread0" daemon [_thread_in_native, id=15144, stack(0x0000008fec200000,0x0000008fec300000)]


Current CompileTask:
C2:   6063 5750   !   4       com.google.common.reflect.TypeVisitor::visit (244 bytes)

Stack: [0x0000008fec200000,0x0000008fec300000]
Native frames: (J=compiled Java code, j=interpreted, Vv=VM code, C=native code)
V  [jvm.dll+0x5f214a]
V  [jvm.dll+0x726fb5]
V  [jvm.dll+0x7285cd]
V  [jvm.dll+0x728c83]
V  [jvm.dll+0x243278]
V  [jvm.dll+0xbc53c]
V  [jvm.dll+0xbca3c]
V  [jvm.dll+0x2b5c34]
V  [jvm.dll+0x508488]
V  [jvm.dll+0x1fd4b5]
V  [jvm.dll+0x1fb35f]
V  [jvm.dll+0x183d6c]
V  [jvm.dll+0x209a57]
V  [jvm.dll+0x2082a1]
V  [jvm.dll+0x6ef58f]
V  [jvm.dll+0x6e80b5]
V  [jvm.dll+0x5f1036]
C  [ucrtbase.dll+0x26c0c]
C  [KERNEL32.DLL+0x15550]
C  [ntdll.dll+0x485b]


---------------  P R O C E S S  ---------------

Threads class SMR info:
_java_thread_list=0x0000023db1676c70, length=122, elements={
0x0000023d941f0800, 0x0000023daeee4800, 0x0000023daeee7800, 0x0000023daef5e800,
0x0000023daef61800, 0x0000023daef63000, 0x0000023daef64000, 0x0000023daef68000,
0x0000023daef71800, 0x0000023daf0e6000, 0x0000023db1bd5800, 0x0000023daf1cb000,
0x0000023db011b800, 0x0000023db1648800, 0x0000023db1649800, 0x0000023db065c800,
0x0000023db05ff800, 0x0000023db0600800, 0x0000023db1d04000, 0x0000023db12a1800,
0x0000023db129f000, 0x0000023db12a0000, 0x0000023db129e000, 0x0000023db265f000,
0x0000023db12a3000, 0x0000023db12a0800, 0x0000023db12a2000, 0x0000023db129d800,
0x0000023db12a4000, 0x0000023db4e20000, 0x0000023db4e25800, 0x0000023db4e22800,
0x0000023db4e26800, 0x0000023db4e21800, 0x0000023db4e28000, 0x0000023db4e27000,
0x0000023db4e25000, 0x0000023db4e29000, 0x0000023db4e23000, 0x0000023db4e29800,
0x0000023db4e2a800, 0x0000023db4e2c000, 0x0000023db4e2b800, 0x0000023db4e2d000,
0x0000023db4e2e800, 0x0000023db4e2d800, 0x0000023db5c07800, 0x0000023db5c03800,
0x0000023db5c06000, 0x0000023db5c04800, 0x0000023db5c05000, 0x0000023db5c08800,
0x0000023db5c07000, 0x0000023db5c03000, 0x0000023db5c0c800, 0x0000023db5c0d800,
0x0000023db5c0e000, 0x0000023db5c0b000, 0x0000023db5c0f000, 0x0000023db5c09800,
0x0000023db5c0c000, 0x0000023db5c10000, 0x0000023db5c0a000, 0x0000023db5c10800,
0x0000023db5c11800, 0x0000023db615b800, 0x0000023db615a000, 0x0000023db615d000,
0x0000023db6158800, 0x0000023db615e000, 0x0000023db615a800, 0x0000023db615c800,
0x0000023db615f000, 0x0000023db6159000, 0x0000023db6163800, 0x0000023db6161800,
0x0000023db6164800, 0x0000023db6162000, 0x0000023db6165800, 0x0000023db6163000,
0x0000023db615f800, 0x0000023db6166000, 0x0000023db6160800, 0x0000023db6167000,
0x0000023db2a71000, 0x0000023db2a6c000, 0x0000023db2a6d800, 0x0000023db2a6c800,
0x0000023db2a72800, 0x0000023db2a73000, 0x0000023db2a6e800, 0x0000023db2a74000,
0x0000023db2a75000, 0x0000023db2a6f000, 0x0000023db2a75800, 0x0000023db2a71800,
0x0000023db2a70000, 0x0000023db2a76800, 0x0000023db2a79000, 0x0000023db2a79800,
0x0000023db2a7a800, 0x0000023db2a77800, 0x0000023db2a78000, 0x0000023db1d75800,
0x0000023db1d79800, 0x0000023db1d78000, 0x0000023db1d78800, 0x0000023db1d7b000,
0x0000023db1d7a000, 0x0000023db1d7c000, 0x0000023db1d76000, 0x0000023db1d7c800,
0x0000023db1d77000, 0x0000023db1d7f000, 0x0000023db1d81800, 0x0000023db1d82800,
0x0000023db1d83000, 0x0000023db1d80000, 0x0000023db1d7d800, 0x0000023db1d7e800,
0x0000023db1d81000, 0x0000023db1d84000
}

Java Threads: ( => current thread )
  0x0000023d941f0800 JavaThread "main" [_thread_blocked, id=17936, stack(0x0000008feb600000,0x0000008feb700000)]
  0x0000023daeee4800 JavaThread "Reference Handler" daemon [_thread_blocked, id=18548, stack(0x0000008febd00000,0x0000008febe00000)]
  0x0000023daeee7800 JavaThread "Finalizer" daemon [_thread_blocked, id=1480, stack(0x0000008febe00000,0x0000008febf00000)]
  0x0000023daef5e800 JavaThread "Signal Dispatcher" daemon [_thread_blocked, id=904, stack(0x0000008febf00000,0x0000008fec000000)]
  0x0000023daef61800 JavaThread "Attach Listener" daemon [_thread_blocked, id=13468, stack(0x0000008fec000000,0x0000008fec100000)]
  0x0000023daef63000 JavaThread "Service Thread" daemon [_thread_blocked, id=7132, stack(0x0000008fec100000,0x0000008fec200000)]
=>0x0000023daef64000 JavaThread "C2 CompilerThread0" daemon [_thread_in_native, id=15144, stack(0x0000008fec200000,0x0000008fec300000)]
  0x0000023daef68000 JavaThread "C1 CompilerThread0" daemon [_thread_in_native, id=10840, stack(0x0000008fec300000,0x0000008fec400000)]
  0x0000023daef71800 JavaThread "Sweeper thread" daemon [_thread_blocked, id=15140, stack(0x0000008fec400000,0x0000008fec500000)]
  0x0000023daf0e6000 JavaThread "Common-Cleaner" daemon [_thread_blocked, id=18856, stack(0x0000008fec500000,0x0000008fec600000)]
  0x0000023db1bd5800 JavaThread "Daemon health stats" [_thread_blocked, id=668, stack(0x0000008fece00000,0x0000008fecf00000)]
  0x0000023daf1cb000 JavaThread "Incoming local TCP Connector on port 54112" [_thread_in_native, id=13432, stack(0x0000008fec700000,0x0000008fec800000)]
  0x0000023db011b800 JavaThread "Daemon periodic checks" [_thread_blocked, id=10600, stack(0x0000008fecd00000,0x0000008fece00000)]
  0x0000023db1648800 JavaThread "Daemon" [_thread_blocked, id=17012, stack(0x0000008fecf00000,0x0000008fed000000)]
  0x0000023db1649800 JavaThread "Handler for socket connection from /127.0.0.1:54112 to /127.0.0.1:54113" [_thread_in_native, id=13880, stack(0x0000008fed000000,0x0000008fed100000)]
  0x0000023db065c800 JavaThread "Cancel handler" [_thread_blocked, id=19732, stack(0x0000008fed100000,0x0000008fed200000)]
  0x0000023db05ff800 JavaThread "Daemon worker" [_thread_in_Java, id=5324, stack(0x0000008fed200000,0x0000008fed300000)]
  0x0000023db0600800 JavaThread "Asynchronous log dispatcher for DefaultDaemonConnection: socket connection from /127.0.0.1:54112 to /127.0.0.1:54113" [_thread_in_Java, id=19652, stack(0x0000008fed300000,0x0000008fed400000)]
  0x0000023db1d04000 JavaThread "Stdin handler" [_thread_blocked, id=7152, stack(0x0000008fed400000,0x0000008fed500000)]
  0x0000023db12a1800 JavaThread "Daemon client event forwarder" [_thread_blocked, id=10528, stack(0x0000008fed500000,0x0000008fed600000)]
  0x0000023db129f000 JavaThread "Cache worker for journal cache (C:\Users\OWNER\.gradle\caches\journal-1)" [_thread_blocked, id=10556, stack(0x0000008fed600000,0x0000008fed700000)]
  0x0000023db12a0000 JavaThread "File lock request listener" [_thread_in_native, id=1596, stack(0x0000008fed700000,0x0000008fed800000)]
  0x0000023db129e000 JavaThread "Cache worker for file hash cache (C:\Users\OWNER\.gradle\caches\7.4\fileHashes)" [_thread_blocked, id=14684, stack(0x0000008fed800000,0x0000008fed900000)]
  0x0000023db265f000 JavaThread "C2 CompilerThread1" daemon [_thread_in_vm_trans, id=18800, stack(0x0000008fedc00000,0x0000008fedd00000)]
  0x0000023db12a3000 JavaThread "File watcher server" daemon [_thread_in_native, id=19044, stack(0x0000008fede00000,0x0000008fedf00000)]
  0x0000023db12a0800 JavaThread "File watcher consumer" daemon [_thread_blocked, id=14780, stack(0x0000008fedf00000,0x0000008fee000000)]
  0x0000023db12a2000 JavaThread "Cache worker for checksums cache (C:\Users\OWNER\Desktop\Penta1201\Penta\.gradle\7.4\checksums)" [_thread_blocked, id=5116, stack(0x0000008fee000000,0x0000008fee100000)]
  0x0000023db129d800 JavaThread "Cache worker for cache directory md-rule (C:\Users\OWNER\.gradle\caches\7.4\md-rule)" [_thread_blocked, id=3872, stack(0x0000008fee100000,0x0000008fee200000)]
  0x0000023db12a4000 JavaThread "Cache worker for file hash cache (C:\Users\OWNER\Desktop\Penta1201\Penta\.gradle\7.4\fileHashes)" [_thread_blocked, id=2148, stack(0x0000008fee200000,0x0000008fee300000)]
  0x0000023db4e20000 JavaThread "Cache worker for cache directory md-supplier (C:\Users\OWNER\.gradle\caches\7.4\md-supplier)" [_thread_blocked, id=14308, stack(0x0000008fee300000,0x0000008fee400000)]
  0x0000023db4e25800 JavaThread "Cache worker for execution history cache (C:\Users\OWNER\.gradle\caches\7.4\executionHistory)" [_thread_blocked, id=8432, stack(0x0000008fee400000,0x0000008fee500000)]
  0x0000023db4e22800 JavaThread "jar transforms" [_thread_blocked, id=18244, stack(0x0000008fee500000,0x0000008fee600000)]
  0x0000023db4e26800 JavaThread "Cache worker for file content cache (C:\Users\OWNER\.gradle\caches\7.4\fileContent)" [_thread_blocked, id=15944, stack(0x0000008fee600000,0x0000008fee700000)]
  0x0000023db4e21800 JavaThread "jar transforms Thread 2" [_thread_blocked, id=3024, stack(0x0000008fee700000,0x0000008fee800000)]
  0x0000023db4e28000 JavaThread "Cache worker for dependencies-accessors (C:\Users\OWNER\Desktop\Penta1201\Penta\.gradle\7.4\dependencies-accessors)" [_thread_blocked, id=8440, stack(0x0000008fee800000,0x0000008fee900000)]
  0x0000023db4e27000 JavaThread "jar transforms Thread 3" [_thread_blocked, id=11896, stack(0x0000008fee900000,0x0000008feea00000)]
  0x0000023db4e25000 JavaThread "Cache worker for Build Output Cleanup Cache (C:\Users\OWNER\Desktop\Penta1201\Penta\.gradle\buildOutputCleanup)" [_thread_blocked, id=4132, stack(0x0000008feea00000,0x0000008feeb00000)]
  0x0000023db4e29000 JavaThread "Unconstrained build operations" [_thread_blocked, id=18468, stack(0x0000008feeb00000,0x0000008feec00000)]
  0x0000023db4e23000 JavaThread "Unconstrained build operations Thread 2" [_thread_blocked, id=10704, stack(0x0000008feec00000,0x0000008feed00000)]
  0x0000023db4e29800 JavaThread "Unconstrained build operations Thread 3" [_thread_blocked, id=16272, stack(0x0000008feed00000,0x0000008feee00000)]
  0x0000023db4e2a800 JavaThread "Unconstrained build operations Thread 4" [_thread_blocked, id=8884, stack(0x0000008feee00000,0x0000008feef00000)]
  0x0000023db4e2c000 JavaThread "Unconstrained build operations Thread 5" [_thread_blocked, id=2080, stack(0x0000008feef00000,0x0000008fef000000)]
  0x0000023db4e2b800 JavaThread "Unconstrained build operations Thread 6" [_thread_blocked, id=13776, stack(0x0000008fef000000,0x0000008fef100000)]
  0x0000023db4e2d000 JavaThread "Unconstrained build operations Thread 7" [_thread_blocked, id=8452, stack(0x0000008fef100000,0x0000008fef200000)]
  0x0000023db4e2e800 JavaThread "Unconstrained build operations Thread 8" [_thread_blocked, id=11908, stack(0x0000008fef200000,0x0000008fef300000)]
  0x0000023db4e2d800 JavaThread "Unconstrained build operations Thread 9" [_thread_blocked, id=17672, stack(0x0000008fef300000,0x0000008fef400000)]
  0x0000023db5c07800 JavaThread "Unconstrained build operations Thread 10" [_thread_blocked, id=7712, stack(0x0000008fef400000,0x0000008fef500000)]
  0x0000023db5c03800 JavaThread "Unconstrained build operations Thread 11" [_thread_blocked, id=14324, stack(0x0000008fef500000,0x0000008fef600000)]
  0x0000023db5c06000 JavaThread "Unconstrained build operations Thread 12" [_thread_blocked, id=16852, stack(0x0000008fef600000,0x0000008fef700000)]
  0x0000023db5c04800 JavaThread "Unconstrained build operations Thread 13" [_thread_blocked, id=6768, stack(0x0000008fef700000,0x0000008fef800000)]
  0x0000023db5c05000 JavaThread "Unconstrained build operations Thread 14" [_thread_blocked, id=14388, stack(0x0000008fef800000,0x0000008fef900000)]
  0x0000023db5c08800 JavaThread "Unconstrained build operations Thread 15" [_thread_blocked, id=3436, stack(0x0000008fef900000,0x0000008fefa00000)]
  0x0000023db5c07000 JavaThread "Unconstrained build operations Thread 16" [_thread_blocked, id=12856, stack(0x0000008fefa00000,0x0000008fefb00000)]
  0x0000023db5c03000 JavaThread "Unconstrained build operations Thread 17" [_thread_blocked, id=11556, stack(0x0000008fefb00000,0x0000008fefc00000)]
  0x0000023db5c0c800 JavaThread "Unconstrained build operations Thread 18" [_thread_blocked, id=19928, stack(0x0000008fefc00000,0x0000008fefd00000)]
  0x0000023db5c0d800 JavaThread "Unconstrained build operations Thread 19" [_thread_blocked, id=4692, stack(0x0000008fefd00000,0x0000008fefe00000)]
  0x0000023db5c0e000 JavaThread "Unconstrained build operations Thread 20" [_thread_blocked, id=15448, stack(0x0000008fefe00000,0x0000008feff00000)]
  0x0000023db5c0b000 JavaThread "Unconstrained build operations Thread 21" [_thread_blocked, id=8244, stack(0x0000008feff00000,0x0000008ff0000000)]
  0x0000023db5c0f000 JavaThread "Unconstrained build operations Thread 22" [_thread_blocked, id=7904, stack(0x0000008ff0000000,0x0000008ff0100000)]
  0x0000023db5c09800 JavaThread "Unconstrained build operations Thread 23" [_thread_blocked, id=12500, stack(0x0000008ff0100000,0x0000008ff0200000)]
  0x0000023db5c0c000 JavaThread "Unconstrained build operations Thread 24" [_thread_blocked, id=1040, stack(0x0000008ff0200000,0x0000008ff0300000)]
  0x0000023db5c10000 JavaThread "Unconstrained build operations Thread 25" [_thread_blocked, id=1272, stack(0x0000008ff0300000,0x0000008ff0400000)]
  0x0000023db5c0a000 JavaThread "Unconstrained build operations Thread 26" [_thread_blocked, id=15384, stack(0x0000008ff0400000,0x0000008ff0500000)]
  0x0000023db5c10800 JavaThread "Unconstrained build operations Thread 27" [_thread_blocked, id=12332, stack(0x0000008ff0500000,0x0000008ff0600000)]
  0x0000023db5c11800 JavaThread "Unconstrained build operations Thread 28" [_thread_blocked, id=19864, stack(0x0000008ff0600000,0x0000008ff0700000)]
  0x0000023db615b800 JavaThread "Unconstrained build operations Thread 29" [_thread_blocked, id=15820, stack(0x0000008ff0700000,0x0000008ff0800000)]
  0x0000023db615a000 JavaThread "Unconstrained build operations Thread 30" [_thread_blocked, id=9732, stack(0x0000008ff0800000,0x0000008ff0900000)]
  0x0000023db615d000 JavaThread "Unconstrained build operations Thread 31" [_thread_blocked, id=7696, stack(0x0000008ff0900000,0x0000008ff0a00000)]
  0x0000023db6158800 JavaThread "Unconstrained build operations Thread 32" [_thread_blocked, id=16576, stack(0x0000008ff0a00000,0x0000008ff0b00000)]
  0x0000023db615e000 JavaThread "Unconstrained build operations Thread 33" [_thread_blocked, id=12604, stack(0x0000008ff0b00000,0x0000008ff0c00000)]
  0x0000023db615a800 JavaThread "Unconstrained build operations Thread 34" [_thread_blocked, id=18040, stack(0x0000008ff0c00000,0x0000008ff0d00000)]
  0x0000023db615c800 JavaThread "Unconstrained build operations Thread 35" [_thread_blocked, id=12572, stack(0x0000008ff0d00000,0x0000008ff0e00000)]
  0x0000023db615f000 JavaThread "Unconstrained build operations Thread 36" [_thread_blocked, id=15732, stack(0x0000008ff0e00000,0x0000008ff0f00000)]
  0x0000023db6159000 JavaThread "Unconstrained build operations Thread 37" [_thread_blocked, id=1032, stack(0x0000008ff0f00000,0x0000008ff1000000)]
  0x0000023db6163800 JavaThread "Unconstrained build operations Thread 38" [_thread_blocked, id=7640, stack(0x0000008ff1000000,0x0000008ff1100000)]
  0x0000023db6161800 JavaThread "Unconstrained build operations Thread 39" [_thread_blocked, id=8688, stack(0x0000008ff1100000,0x0000008ff1200000)]
  0x0000023db6164800 JavaThread "Unconstrained build operations Thread 40" [_thread_blocked, id=8524, stack(0x0000008ff1200000,0x0000008ff1300000)]
  0x0000023db6162000 JavaThread "Unconstrained build operations Thread 41" [_thread_blocked, id=12264, stack(0x0000008ff1300000,0x0000008ff1400000)]
  0x0000023db6165800 JavaThread "Unconstrained build operations Thread 42" [_thread_blocked, id=18972, stack(0x0000008ff1400000,0x0000008ff1500000)]
  0x0000023db6163000 JavaThread "Unconstrained build operations Thread 43" [_thread_blocked, id=7448, stack(0x0000008ff1500000,0x0000008ff1600000)]
  0x0000023db615f800 JavaThread "Unconstrained build operations Thread 44" [_thread_blocked, id=8008, stack(0x0000008ff1600000,0x0000008ff1700000)]
  0x0000023db6166000 JavaThread "Unconstrained build operations Thread 45" [_thread_blocked, id=1460, stack(0x0000008ff1700000,0x0000008ff1800000)]
  0x0000023db6160800 JavaThread "Unconstrained build operations Thread 46" [_thread_blocked, id=1332, stack(0x0000008ff1800000,0x0000008ff1900000)]
  0x0000023db6167000 JavaThread "Unconstrained build operations Thread 47" [_thread_blocked, id=17016, stack(0x0000008ff1900000,0x0000008ff1a00000)]
  0x0000023db2a71000 JavaThread "Unconstrained build operations Thread 48" [_thread_blocked, id=7676, stack(0x0000008ff1a00000,0x0000008ff1b00000)]
  0x0000023db2a6c000 JavaThread "Unconstrained build operations Thread 49" [_thread_blocked, id=20208, stack(0x0000008ff1b00000,0x0000008ff1c00000)]
  0x0000023db2a6d800 JavaThread "Unconstrained build operations Thread 50" [_thread_blocked, id=19952, stack(0x0000008ff1c00000,0x0000008ff1d00000)]
  0x0000023db2a6c800 JavaThread "Unconstrained build operations Thread 51" [_thread_blocked, id=14452, stack(0x0000008ff1d00000,0x0000008ff1e00000)]
  0x0000023db2a72800 JavaThread "Unconstrained build operations Thread 52" [_thread_blocked, id=14432, stack(0x0000008ff1e00000,0x0000008ff1f00000)]
  0x0000023db2a73000 JavaThread "Unconstrained build operations Thread 53" [_thread_blocked, id=4176, stack(0x0000008ff1f00000,0x0000008ff2000000)]
  0x0000023db2a6e800 JavaThread "Unconstrained build operations Thread 54" [_thread_blocked, id=8240, stack(0x0000008ff2000000,0x0000008ff2100000)]
  0x0000023db2a74000 JavaThread "Unconstrained build operations Thread 55" [_thread_blocked, id=19488, stack(0x0000008ff2100000,0x0000008ff2200000)]
  0x0000023db2a75000 JavaThread "Unconstrained build operations Thread 56" [_thread_blocked, id=19520, stack(0x0000008ff2200000,0x0000008ff2300000)]
  0x0000023db2a6f000 JavaThread "Unconstrained build operations Thread 57" [_thread_blocked, id=10512, stack(0x0000008ff2300000,0x0000008ff2400000)]
  0x0000023db2a75800 JavaThread "Unconstrained build operations Thread 58" [_thread_blocked, id=11912, stack(0x0000008ff2400000,0x0000008ff2500000)]
  0x0000023db2a71800 JavaThread "Unconstrained build operations Thread 59" [_thread_blocked, id=10572, stack(0x0000008ff2500000,0x0000008ff2600000)]
  0x0000023db2a70000 JavaThread "Unconstrained build operations Thread 60" [_thread_blocked, id=6984, stack(0x0000008ff2600000,0x0000008ff2700000)]
  0x0000023db2a76800 JavaThread "Unconstrained build operations Thread 61" [_thread_blocked, id=14768, stack(0x0000008ff2700000,0x0000008ff2800000)]
  0x0000023db2a79000 JavaThread "Unconstrained build operations Thread 62" [_thread_blocked, id=11716, stack(0x0000008ff2800000,0x0000008ff2900000)]
  0x0000023db2a79800 JavaThread "Unconstrained build operations Thread 63" [_thread_blocked, id=7752, stack(0x0000008ff2900000,0x0000008ff2a00000)]
  0x0000023db2a7a800 JavaThread "Unconstrained build operations Thread 64" [_thread_blocked, id=13788, stack(0x0000008ff2a00000,0x0000008ff2b00000)]
  0x0000023db2a77800 JavaThread "Unconstrained build operations Thread 65" [_thread_blocked, id=19220, stack(0x0000008ff2b00000,0x0000008ff2c00000)]
  0x0000023db2a78000 JavaThread "Unconstrained build operations Thread 66" [_thread_blocked, id=692, stack(0x0000008ff2c00000,0x0000008ff2d00000)]
  0x0000023db1d75800 JavaThread "Unconstrained build operations Thread 67" [_thread_blocked, id=12564, stack(0x0000008ff2d00000,0x0000008ff2e00000)]
  0x0000023db1d79800 JavaThread "Unconstrained build operations Thread 68" [_thread_blocked, id=11316, stack(0x0000008ff2e00000,0x0000008ff2f00000)]
  0x0000023db1d78000 JavaThread "Unconstrained build operations Thread 69" [_thread_blocked, id=252, stack(0x0000008ff2f00000,0x0000008ff3000000)]
  0x0000023db1d78800 JavaThread "Unconstrained build operations Thread 70" [_thread_blocked, id=20100, stack(0x0000008ff3000000,0x0000008ff3100000)]
  0x0000023db1d7b000 JavaThread "Unconstrained build operations Thread 71" [_thread_blocked, id=7356, stack(0x0000008ff3100000,0x0000008ff3200000)]
  0x0000023db1d7a000 JavaThread "Unconstrained build operations Thread 72" [_thread_blocked, id=8256, stack(0x0000008ff3200000,0x0000008ff3300000)]
  0x0000023db1d7c000 JavaThread "Unconstrained build operations Thread 73" [_thread_blocked, id=8, stack(0x0000008ff3300000,0x0000008ff3400000)]
  0x0000023db1d76000 JavaThread "Unconstrained build operations Thread 74" [_thread_blocked, id=19268, stack(0x0000008ff3400000,0x0000008ff3500000)]
  0x0000023db1d7c800 JavaThread "Unconstrained build operations Thread 75" [_thread_blocked, id=11516, stack(0x0000008ff3500000,0x0000008ff3600000)]
  0x0000023db1d77000 JavaThread "Unconstrained build operations Thread 76" [_thread_blocked, id=13668, stack(0x0000008ff3600000,0x0000008ff3700000)]
  0x0000023db1d7f000 JavaThread "Unconstrained build operations Thread 77" [_thread_blocked, id=9632, stack(0x0000008ff3700000,0x0000008ff3800000)]
  0x0000023db1d81800 JavaThread "Unconstrained build operations Thread 78" [_thread_blocked, id=14476, stack(0x0000008ff3800000,0x0000008ff3900000)]
  0x0000023db1d82800 JavaThread "Unconstrained build operations Thread 79" [_thread_blocked, id=2900, stack(0x0000008ff3900000,0x0000008ff3a00000)]
  0x0000023db1d83000 JavaThread "Unconstrained build operations Thread 80" [_thread_blocked, id=17476, stack(0x0000008ff3a00000,0x0000008ff3b00000)]
  0x0000023db1d80000 JavaThread "jar transforms Thread 4" [_thread_blocked, id=5328, stack(0x0000008ff3b00000,0x0000008ff3c00000)]
  0x0000023db1d7d800 JavaThread "jar transforms Thread 5" [_thread_blocked, id=12660, stack(0x0000008ff3c00000,0x0000008ff3d00000)]
  0x0000023db1d7e800 JavaThread "jar transforms Thread 6" [_thread_blocked, id=17736, stack(0x0000008ff3d00000,0x0000008ff3e00000)]
  0x0000023db1d81000 JavaThread "jar transforms Thread 7" [_thread_blocked, id=14220, stack(0x0000008ff3e00000,0x0000008ff3f00000)]
  0x0000023db1d84000 JavaThread "jar transforms Thread 8" [_thread_blocked, id=15808, stack(0x0000008ff3f00000,0x0000008ff4000000)]

Other Threads:
  0x0000023daeee1000 VMThread "VM Thread" [stack: 0x0000008febc00000,0x0000008febd00000] [id=18640]
  0x0000023daf124800 WatcherThread [stack: 0x0000008fec600000,0x0000008fec700000] [id=3428]
  0x0000023d94209800 GCTaskThread "GC Thread#0" [stack: 0x0000008feb700000,0x0000008feb800000] [id=3468]
  0x0000023dafb4d800 GCTaskThread "GC Thread#1" [stack: 0x0000008fec800000,0x0000008fec900000] [id=11512]
  0x0000023dafd52000 GCTaskThread "GC Thread#2" [stack: 0x0000008fec900000,0x0000008feca00000] [id=8960]
  0x0000023dafceb800 GCTaskThread "GC Thread#3" [stack: 0x0000008feca00000,0x0000008fecb00000] [id=18052]
  0x0000023dafe08000 GCTaskThread "GC Thread#4" [stack: 0x0000008fecb00000,0x0000008fecc00000] [id=1588]
  0x0000023dafe08800 GCTaskThread "GC Thread#5" [stack: 0x0000008fecc00000,0x0000008fecd00000] [id=20348]
  0x0000023db084d000 GCTaskThread "GC Thread#6" [stack: 0x0000008fed900000,0x0000008feda00000] [id=19204]
  0x0000023db1c70800 GCTaskThread "GC Thread#7" [stack: 0x0000008feda00000,0x0000008fedb00000] [id=19352]
  0x0000023d9423b000 ConcurrentGCThread "G1 Main Marker" [stack: 0x0000008feb800000,0x0000008feb900000] [id=9640]
  0x0000023d9423d000 ConcurrentGCThread "G1 Conc#0" [stack: 0x0000008feb900000,0x0000008feba00000] [id=9612]
  0x0000023db1e8f800 ConcurrentGCThread "G1 Conc#1" [stack: 0x0000008fedb00000,0x0000008fedc00000] [id=12096]
  0x0000023dae52e800 ConcurrentGCThread "G1 Refine#0" [stack: 0x0000008feba00000,0x0000008febb00000] [id=4492]
  0x0000023db1476800 ConcurrentGCThread "G1 Refine#1" [stack: 0x0000008ff4000000,0x0000008ff4100000] [id=17776]
  0x0000023db19e6000 ConcurrentGCThread "G1 Refine#2" [stack: 0x0000008ff4100000,0x0000008ff4200000] [id=3972]
  0x0000023dae532000 ConcurrentGCThread "G1 Young RemSet Sampling" [stack: 0x0000008febb00000,0x0000008febc00000] [id=12832]

Threads with active compile tasks:
C2 CompilerThread0   6087 5750   !   4       com.google.common.reflect.TypeVisitor::visit (244 bytes)
C2 CompilerThread1   6087 5819       4       org.gradle.internal.logging.text.AbstractLineChoppingStyledTextOutput::doAppend (43 bytes)

VM state:not at safepoint (normal execution)

VM Mutex/Monitor currently owned by a thread: None

OutOfMemory and StackOverflow Exception counts:
OutOfMemoryError java_heap_errors=3
LinkageErrors=88

Heap address: 0x0000000080000000, size: 2048 MB, Compressed Oops mode: 32-bit
Narrow klass base: 0x0000000000000000, Narrow klass shift: 3
Compressed class space size: 1073741824 Address: 0x0000000100000000

Heap:
 garbage-first heap   total 258048K, used 57284K [0x0000000080000000, 0x0000000100000000)
  region size 1024K, 10 young (10240K), 3 survivors (3072K)
 Metaspace       used 57646K, capacity 59243K, committed 59392K, reserved 1110016K
  class space    used 7355K, capacity 7933K, committed 7936K, reserved 1048576K
Heap Regions: E=young(eden), S=young(survivor), O=old, HS=humongous(starts), HC=humongous(continues), CS=collection set, F=free, A=archive, TAMS=top-at-mark-start (previous, next)
|   0|0x0000000080000000, 0x0000000080100000, 0x0000000080100000|100%| O|  |TAMS 0x0000000080100000, 0x0000000080000000| Untracked 
|   1|0x0000000080100000, 0x0000000080200000, 0x0000000080200000|100%| O|  |TAMS 0x0000000080200000, 0x0000000080100000| Untracked 
|   2|0x0000000080200000, 0x0000000080300000, 0x0000000080300000|100%| O|  |TAMS 0x0000000080300000, 0x0000000080200000| Untracked 
|   3|0x0000000080300000, 0x0000000080400000, 0x0000000080400000|100%|HS|  |TAMS 0x0000000080400000, 0x0000000080300000| Complete 
|   4|0x0000000080400000, 0x0000000080500000, 0x0000000080500000|100%|HC|  |TAMS 0x0000000080500000, 0x0000000080400000| Complete 
|   5|0x0000000080500000, 0x0000000080600000, 0x0000000080600000|100%|HC|  |TAMS 0x0000000080600000, 0x0000000080500000| Complete 
|   6|0x0000000080600000, 0x0000000080700000, 0x0000000080700000|100%| O|  |TAMS 0x0000000080700000, 0x0000000080600000| Untracked 
|   7|0x0000000080700000, 0x0000000080800000, 0x0000000080800000|100%| O|  |TAMS 0x0000000080800000, 0x0000000080700000| Untracked 
|   8|0x0000000080800000, 0x0000000080900000, 0x0000000080900000|100%| O|  |TAMS 0x0000000080900000, 0x0000000080800000| Untracked 
|   9|0x0000000080900000, 0x0000000080a00000, 0x0000000080a00000|100%| O|  |TAMS 0x0000000080a00000, 0x0000000080900000| Untracked 
|  10|0x0000000080a00000, 0x0000000080b00000, 0x0000000080b00000|100%| O|  |TAMS 0x0000000080b00000, 0x0000000080a00000| Untracked 
|  11|0x0000000080b00000, 0x0000000080c00000, 0x0000000080c00000|100%| O|  |TAMS 0x0000000080c00000, 0x0000000080b00000| Untracked 
|  12|0x0000000080c00000, 0x0000000080d00000, 0x0000000080d00000|100%| O|  |TAMS 0x0000000080d00000, 0x0000000080c00000| Untracked 
|  13|0x0000000080d00000, 0x0000000080e00000, 0x0000000080e00000|100%| O|  |TAMS 0x0000000080e00000, 0x0000000080d00000| Untracked 
|  14|0x0000000080e00000, 0x0000000080f00000, 0x0000000080f00000|100%| O|  |TAMS 0x0000000080f00000, 0x0000000080e00000| Untracked 
|  15|0x0000000080f00000, 0x0000000081000000, 0x0000000081000000|100%| O|  |TAMS 0x0000000081000000, 0x0000000080f00000| Untracked 
|  16|0x0000000081000000, 0x0000000081100000, 0x0000000081100000|100%| O|  |TAMS 0x0000000081100000, 0x0000000081000000| Untracked 
|  17|0x0000000081100000, 0x0000000081200000, 0x0000000081200000|100%|HS|  |TAMS 0x0000000081200000, 0x0000000081100000| Complete 
|  18|0x0000000081200000, 0x0000000081300000, 0x0000000081300000|100%|HS|  |TAMS 0x0000000081300000, 0x0000000081200000| Complete 
|  19|0x0000000081300000, 0x0000000081400000, 0x0000000081400000|100%|HS|  |TAMS 0x0000000081400000, 0x0000000081300000| Complete 
|  20|0x0000000081400000, 0x0000000081500000, 0x0000000081500000|100%|HS|  |TAMS 0x0000000081500000, 0x0000000081400000| Complete 
|  21|0x0000000081500000, 0x0000000081600000, 0x0000000081600000|100%|HC|  |TAMS 0x0000000081600000, 0x0000000081500000| Complete 
|  22|0x0000000081600000, 0x0000000081700000, 0x0000000081700000|100%| O|  |TAMS 0x0000000081700000, 0x0000000081600000| Untracked 
|  23|0x0000000081700000, 0x0000000081800000, 0x0000000081800000|100%| O|  |TAMS 0x0000000081800000, 0x0000000081700000| Untracked 
|  24|0x0000000081800000, 0x0000000081900000, 0x0000000081900000|100%| O|  |TAMS 0x0000000081900000, 0x0000000081800000| Untracked 
|  25|0x0000000081900000, 0x0000000081a00000, 0x0000000081a00000|100%| O|  |TAMS 0x0000000081a00000, 0x0000000081900000| Untracked 
|  26|0x0000000081a00000, 0x0000000081b00000, 0x0000000081b00000|100%| O|  |TAMS 0x0000000081b00000, 0x0000000081a00000| Untracked 
|  27|0x0000000081b00000, 0x0000000081c00000, 0x0000000081c00000|100%| O|  |TAMS 0x0000000081c00000, 0x0000000081b00000| Untracked 
|  28|0x0000000081c00000, 0x0000000081d00000, 0x0000000081d00000|100%| O|  |TAMS 0x0000000081d00000, 0x0000000081c00000| Untracked 
|  29|0x0000000081d00000, 0x0000000081e00000, 0x0000000081e00000|100%| O|  |TAMS 0x0000000081e00000, 0x0000000081d00000| Untracked 
|  30|0x0000000081e00000, 0x0000000081f00000, 0x0000000081f00000|100%| O|  |TAMS 0x0000000081f00000, 0x0000000081e00000| Untracked 
|  31|0x0000000081f00000, 0x0000000082000000, 0x0000000082000000|100%| O|  |TAMS 0x0000000082000000, 0x0000000081f00000| Untracked 
|  32|0x0000000082000000, 0x0000000082100000, 0x0000000082100000|100%| O|  |TAMS 0x0000000082100000, 0x0000000082000000| Untracked 
|  33|0x0000000082100000, 0x0000000082200000, 0x0000000082200000|100%| O|  |TAMS 0x0000000082200000, 0x0000000082100000| Untracked 
|  34|0x0000000082200000, 0x0000000082300000, 0x0000000082300000|100%| O|  |TAMS 0x0000000082300000, 0x0000000082200000| Untracked 
|  35|0x0000000082300000, 0x0000000082400000, 0x0000000082400000|100%| O|  |TAMS 0x0000000082400000, 0x0000000082300000| Untracked 
|  36|0x0000000082400000, 0x0000000082500000, 0x0000000082500000|100%| O|  |TAMS 0x0000000082500000, 0x0000000082400000| Untracked 
|  37|0x0000000082500000, 0x0000000082600000, 0x0000000082600000|100%| O|  |TAMS 0x0000000082600000, 0x0000000082500000| Untracked 
|  38|0x0000000082600000, 0x0000000082700000, 0x0000000082700000|100%| O|  |TAMS 0x0000000082700000, 0x0000000082600000| Untracked 
|  39|0x0000000082700000, 0x0000000082800000, 0x0000000082800000|100%| O|  |TAMS 0x0000000082800000, 0x0000000082700000| Untracked 
|  40|0x0000000082800000, 0x0000000082900000, 0x0000000082900000|100%| O|  |TAMS 0x0000000082900000, 0x0000000082800000| Untracked 
|  41|0x0000000082900000, 0x0000000082a00000, 0x0000000082a00000|100%| O|  |TAMS 0x0000000082a00000, 0x0000000082900000| Untracked 
|  42|0x0000000082a00000, 0x0000000082b00000, 0x0000000082b00000|100%| O|  |TAMS 0x0000000082b00000, 0x0000000082a00000| Untracked 
|  43|0x0000000082b00000, 0x0000000082c00000, 0x0000000082c00000|100%| O|  |TAMS 0x0000000082c00000, 0x0000000082b00000| Untracked 
|  44|0x0000000082c00000, 0x0000000082d00000, 0x0000000082d00000|100%| O|  |TAMS 0x0000000082d00000, 0x0000000082c00000| Untracked 
|  45|0x0000000082d00000, 0x0000000082e00000, 0x0000000082e00000|100%| O|  |TAMS 0x0000000082e00000, 0x0000000082d00000| Untracked 
|  46|0x0000000082e00000, 0x0000000082ef1000, 0x0000000082f00000| 94%| O|  |TAMS 0x0000000082ef1000, 0x0000000082e00000| Untracked 
|  47|0x0000000082f00000, 0x0000000082f00000, 0x0000000083000000|  0%| F|  |TAMS 0x0000000082f00000, 0x0000000082f00000| Untracked 
|  48|0x0000000083000000, 0x0000000083000000, 0x0000000083100000|  0%| F|  |TAMS 0x0000000083000000, 0x0000000083000000| Untracked 
|  49|0x0000000083100000, 0x0000000083100000, 0x0000000083200000|  0%| F|  |TAMS 0x0000000083100000, 0x0000000083100000| Untracked 
|  50|0x0000000083200000, 0x0000000083200000, 0x0000000083300000|  0%| F|  |TAMS 0x0000000083200000, 0x0000000083200000| Untracked 
|  51|0x0000000083300000, 0x0000000083300000, 0x0000000083400000|  0%| F|  |TAMS 0x0000000083300000, 0x0000000083300000| Untracked 
|  52|0x0000000083400000, 0x0000000083400000, 0x0000000083500000|  0%| F|  |TAMS 0x0000000083400000, 0x0000000083400000| Untracked 
|  53|0x0000000083500000, 0x0000000083500000, 0x0000000083600000|  0%| F|  |TAMS 0x0000000083500000, 0x0000000083500000| Untracked 
|  54|0x0000000083600000, 0x0000000083600000, 0x0000000083700000|  0%| F|  |TAMS 0x0000000083600000, 0x0000000083600000| Untracked 
|  55|0x0000000083700000, 0x0000000083700000, 0x0000000083800000|  0%| F|  |TAMS 0x0000000083700000, 0x0000000083700000| Untracked 
|  56|0x0000000083800000, 0x0000000083800000, 0x0000000083900000|  0%| F|  |TAMS 0x0000000083800000, 0x0000000083800000| Untracked 
|  57|0x0000000083900000, 0x0000000083900000, 0x0000000083a00000|  0%| F|  |TAMS 0x0000000083900000, 0x0000000083900000| Untracked 
|  58|0x0000000083a00000, 0x0000000083a00000, 0x0000000083b00000|  0%| F|  |TAMS 0x0000000083a00000, 0x0000000083a00000| Untracked 
|  59|0x0000000083b00000, 0x0000000083b00000, 0x0000000083c00000|  0%| F|  |TAMS 0x0000000083b00000, 0x0000000083b00000| Untracked 
|  60|0x0000000083c00000, 0x0000000083c00000, 0x0000000083d00000|  0%| F|  |TAMS 0x0000000083c00000, 0x0000000083c00000| Untracked 
|  61|0x0000000083d00000, 0x0000000083d00000, 0x0000000083e00000|  0%| F|  |TAMS 0x0000000083d00000, 0x0000000083d00000| Untracked 
|  62|0x0000000083e00000, 0x0000000083e00000, 0x0000000083f00000|  0%| F|  |TAMS 0x0000000083e00000, 0x0000000083e00000| Untracked 
|  63|0x0000000083f00000, 0x0000000083f00000, 0x0000000084000000|  0%| F|  |TAMS 0x0000000083f00000, 0x0000000083f00000| Untracked 
|  64|0x0000000084000000, 0x0000000084000000, 0x0000000084100000|  0%| F|  |TAMS 0x0000000084000000, 0x0000000084000000| Untracked 
|  65|0x0000000084100000, 0x0000000084100000, 0x0000000084200000|  0%| F|  |TAMS 0x0000000084100000, 0x0000000084100000| Untracked 
|  66|0x0000000084200000, 0x0000000084200000, 0x0000000084300000|  0%| F|  |TAMS 0x0000000084200000, 0x0000000084200000| Untracked 
|  67|0x0000000084300000, 0x0000000084300000, 0x0000000084400000|  0%| F|  |TAMS 0x0000000084300000, 0x0000000084300000| Untracked 
|  68|0x0000000084400000, 0x0000000084400000, 0x0000000084500000|  0%| F|  |TAMS 0x0000000084400000, 0x0000000084400000| Untracked 
|  69|0x0000000084500000, 0x0000000084500000, 0x0000000084600000|  0%| F|  |TAMS 0x0000000084500000, 0x0000000084500000| Untracked 
|  70|0x0000000084600000, 0x0000000084600000, 0x0000000084700000|  0%| F|  |TAMS 0x0000000084600000, 0x0000000084600000| Untracked 
|  71|0x0000000084700000, 0x0000000084700000, 0x0000000084800000|  0%| F|  |TAMS 0x0000000084700000, 0x0000000084700000| Untracked 
|  72|0x0000000084800000, 0x0000000084800000, 0x0000000084900000|  0%| F|  |TAMS 0x0000000084800000, 0x0000000084800000| Untracked 
|  73|0x0000000084900000, 0x0000000084900000, 0x0000000084a00000|  0%| F|  |TAMS 0x0000000084900000, 0x0000000084900000| Untracked 
|  74|0x0000000084a00000, 0x0000000084a00000, 0x0000000084b00000|  0%| F|  |TAMS 0x0000000084a00000, 0x0000000084a00000| Untracked 
|  75|0x0000000084b00000, 0x0000000084b00000, 0x0000000084c00000|  0%| F|  |TAMS 0x0000000084b00000, 0x0000000084b00000| Untracked 
|  76|0x0000000084c00000, 0x0000000084c00000, 0x0000000084d00000|  0%| F|  |TAMS 0x0000000084c00000, 0x0000000084c00000| Untracked 
|  77|0x0000000084d00000, 0x0000000084d00000, 0x0000000084e00000|  0%| F|  |TAMS 0x0000000084d00000, 0x0000000084d00000| Untracked 
|  78|0x0000000084e00000, 0x0000000084e00000, 0x0000000084f00000|  0%| F|  |TAMS 0x0000000084e00000, 0x0000000084e00000| Untracked 
|  79|0x0000000084f00000, 0x0000000084f00000, 0x0000000085000000|  0%| F|  |TAMS 0x0000000084f00000, 0x0000000084f00000| Untracked 
|  80|0x0000000085000000, 0x0000000085000000, 0x0000000085100000|  0%| F|  |TAMS 0x0000000085000000, 0x0000000085000000| Untracked 
|  81|0x0000000085100000, 0x0000000085100000, 0x0000000085200000|  0%| F|  |TAMS 0x0000000085100000, 0x0000000085100000| Untracked 
|  82|0x0000000085200000, 0x0000000085200000, 0x0000000085300000|  0%| F|  |TAMS 0x0000000085200000, 0x0000000085200000| Untracked 
|  83|0x0000000085300000, 0x0000000085300000, 0x0000000085400000|  0%| F|  |TAMS 0x0000000085300000, 0x0000000085300000| Untracked 
|  84|0x0000000085400000, 0x0000000085400000, 0x0000000085500000|  0%| F|  |TAMS 0x0000000085400000, 0x0000000085400000| Untracked 
|  85|0x0000000085500000, 0x0000000085500000, 0x0000000085600000|  0%| F|  |TAMS 0x0000000085500000, 0x0000000085500000| Untracked 
|  86|0x0000000085600000, 0x0000000085600000, 0x0000000085700000|  0%| F|  |TAMS 0x0000000085600000, 0x0000000085600000| Untracked 
|  87|0x0000000085700000, 0x0000000085700000, 0x0000000085800000|  0%| F|  |TAMS 0x0000000085700000, 0x0000000085700000| Untracked 
|  88|0x0000000085800000, 0x0000000085800000, 0x0000000085900000|  0%| F|  |TAMS 0x0000000085800000, 0x0000000085800000| Untracked 
|  89|0x0000000085900000, 0x0000000085900000, 0x0000000085a00000|  0%| F|  |TAMS 0x0000000085900000, 0x0000000085900000| Untracked 
|  90|0x0000000085a00000, 0x0000000085a00000, 0x0000000085b00000|  0%| F|  |TAMS 0x0000000085a00000, 0x0000000085a00000| Untracked 
|  91|0x0000000085b00000, 0x0000000085b00000, 0x0000000085c00000|  0%| F|  |TAMS 0x0000000085b00000, 0x0000000085b00000| Untracked 
|  92|0x0000000085c00000, 0x0000000085c00000, 0x0000000085d00000|  0%| F|  |TAMS 0x0000000085c00000, 0x0000000085c00000| Untracked 
|  93|0x0000000085d00000, 0x0000000085d00000, 0x0000000085e00000|  0%| F|  |TAMS 0x0000000085d00000, 0x0000000085d00000| Untracked 
|  94|0x0000000085e00000, 0x0000000085e00000, 0x0000000085f00000|  0%| F|  |TAMS 0x0000000085e00000, 0x0000000085e00000| Untracked 
|  95|0x0000000085f00000, 0x0000000085f00000, 0x0000000086000000|  0%| F|  |TAMS 0x0000000085f00000, 0x0000000085f00000| Untracked 
|  96|0x0000000086000000, 0x0000000086000000, 0x0000000086100000|  0%| F|  |TAMS 0x0000000086000000, 0x0000000086000000| Untracked 
|  97|0x0000000086100000, 0x0000000086100000, 0x0000000086200000|  0%| F|  |TAMS 0x0000000086100000, 0x0000000086100000| Untracked 
|  98|0x0000000086200000, 0x0000000086200000, 0x0000000086300000|  0%| F|  |TAMS 0x0000000086200000, 0x0000000086200000| Untracked 
|  99|0x0000000086300000, 0x0000000086300000, 0x0000000086400000|  0%| F|  |TAMS 0x0000000086300000, 0x0000000086300000| Untracked 
| 100|0x0000000086400000, 0x0000000086400000, 0x0000000086500000|  0%| F|  |TAMS 0x0000000086400000, 0x0000000086400000| Untracked 
| 101|0x0000000086500000, 0x0000000086500000, 0x0000000086600000|  0%| F|  |TAMS 0x0000000086500000, 0x0000000086500000| Untracked 
| 102|0x0000000086600000, 0x0000000086600000, 0x0000000086700000|  0%| F|  |TAMS 0x0000000086600000, 0x0000000086600000| Untracked 
| 103|0x0000000086700000, 0x0000000086700000, 0x0000000086800000|  0%| F|  |TAMS 0x0000000086700000, 0x0000000086700000| Untracked 
| 104|0x0000000086800000, 0x0000000086800000, 0x0000000086900000|  0%| F|  |TAMS 0x0000000086800000, 0x0000000086800000| Untracked 
| 105|0x0000000086900000, 0x0000000086900000, 0x0000000086a00000|  0%| F|  |TAMS 0x0000000086900000, 0x0000000086900000| Untracked 
| 106|0x0000000086a00000, 0x0000000086a00000, 0x0000000086b00000|  0%| F|  |TAMS 0x0000000086a00000, 0x0000000086a00000| Untracked 
| 107|0x0000000086b00000, 0x0000000086b00000, 0x0000000086c00000|  0%| F|  |TAMS 0x0000000086b00000, 0x0000000086b00000| Untracked 
| 108|0x0000000086c00000, 0x0000000086c00000, 0x0000000086d00000|  0%| F|  |TAMS 0x0000000086c00000, 0x0000000086c00000| Untracked 
| 109|0x0000000086d00000, 0x0000000086d00000, 0x0000000086e00000|  0%| F|  |TAMS 0x0000000086d00000, 0x0000000086d00000| Untracked 
| 110|0x0000000086e00000, 0x0000000086e00000, 0x0000000086f00000|  0%| F|  |TAMS 0x0000000086e00000, 0x0000000086e00000| Untracked 
| 111|0x0000000086f00000, 0x0000000086f00000, 0x0000000087000000|  0%| F|  |TAMS 0x0000000086f00000, 0x0000000086f00000| Untracked 
| 112|0x0000000087000000, 0x0000000087000000, 0x0000000087100000|  0%| F|  |TAMS 0x0000000087000000, 0x0000000087000000| Untracked 
| 113|0x0000000087100000, 0x0000000087100000, 0x0000000087200000|  0%| F|  |TAMS 0x0000000087100000, 0x0000000087100000| Untracked 
| 114|0x0000000087200000, 0x0000000087200000, 0x0000000087300000|  0%| F|  |TAMS 0x0000000087200000, 0x0000000087200000| Untracked 
| 115|0x0000000087300000, 0x0000000087300000, 0x0000000087400000|  0%| F|  |TAMS 0x0000000087300000, 0x0000000087300000| Untracked 
| 116|0x0000000087400000, 0x0000000087400000, 0x0000000087500000|  0%| F|  |TAMS 0x0000000087400000, 0x0000000087400000| Untracked 
| 117|0x0000000087500000, 0x0000000087500000, 0x0000000087600000|  0%| F|  |TAMS 0x0000000087500000, 0x0000000087500000| Untracked 
| 118|0x0000000087600000, 0x0000000087600000, 0x0000000087700000|  0%| F|  |TAMS 0x0000000087600000, 0x0000000087600000| Untracked 
| 119|0x0000000087700000, 0x0000000087700000, 0x0000000087800000|  0%| F|  |TAMS 0x0000000087700000, 0x0000000087700000| Untracked 
| 120|0x0000000087800000, 0x0000000087800000, 0x0000000087900000|  0%| F|  |TAMS 0x0000000087800000, 0x0000000087800000| Untracked 
| 121|0x0000000087900000, 0x0000000087900000, 0x0000000087a00000|  0%| F|  |TAMS 0x0000000087900000, 0x0000000087900000| Untracked 
| 122|0x0000000087a00000, 0x0000000087a00000, 0x0000000087b00000|  0%| F|  |TAMS 0x0000000087a00000, 0x0000000087a00000| Untracked 
| 123|0x0000000087b00000, 0x0000000087b00000, 0x0000000087c00000|  0%| F|  |TAMS 0x0000000087b00000, 0x0000000087b00000| Untracked 
| 124|0x0000000087c00000, 0x0000000087c00000, 0x0000000087d00000|  0%| F|  |TAMS 0x0000000087c00000, 0x0000000087c00000| Untracked 
| 125|0x0000000087d00000, 0x0000000087d00000, 0x0000000087e00000|  0%| F|  |TAMS 0x0000000087d00000, 0x0000000087d00000| Untracked 
| 126|0x0000000087e00000, 0x0000000087e00000, 0x0000000087f00000|  0%| F|  |TAMS 0x0000000087e00000, 0x0000000087e00000| Untracked 
| 127|0x0000000087f00000, 0x0000000087f00000, 0x0000000088000000|  0%| F|  |TAMS 0x0000000087f00000, 0x0000000087f00000| Untracked 
| 128|0x0000000088000000, 0x0000000088000000, 0x0000000088100000|  0%| F|  |TAMS 0x0000000088000000, 0x0000000088000000| Untracked 
| 129|0x0000000088100000, 0x0000000088100000, 0x0000000088200000|  0%| F|  |TAMS 0x0000000088100000, 0x0000000088100000| Untracked 
| 130|0x0000000088200000, 0x0000000088200000, 0x0000000088300000|  0%| F|  |TAMS 0x0000000088200000, 0x0000000088200000| Untracked 
| 131|0x0000000088300000, 0x0000000088300000, 0x0000000088400000|  0%| F|  |TAMS 0x0000000088300000, 0x0000000088300000| Untracked 
| 132|0x0000000088400000, 0x0000000088400000, 0x0000000088500000|  0%| F|  |TAMS 0x0000000088400000, 0x0000000088400000| Untracked 
| 133|0x0000000088500000, 0x0000000088500000, 0x0000000088600000|  0%| F|  |TAMS 0x0000000088500000, 0x0000000088500000| Untracked 
| 134|0x0000000088600000, 0x0000000088600000, 0x0000000088700000|  0%| F|  |TAMS 0x0000000088600000, 0x0000000088600000| Untracked 
| 135|0x0000000088700000, 0x0000000088700000, 0x0000000088800000|  0%| F|  |TAMS 0x0000000088700000, 0x0000000088700000| Untracked 
| 136|0x0000000088800000, 0x0000000088800000, 0x0000000088900000|  0%| F|  |TAMS 0x0000000088800000, 0x0000000088800000| Untracked 
| 137|0x0000000088900000, 0x0000000088900000, 0x0000000088a00000|  0%| F|  |TAMS 0x0000000088900000, 0x0000000088900000| Untracked 
| 138|0x0000000088a00000, 0x0000000088a00000, 0x0000000088b00000|  0%| F|  |TAMS 0x0000000088a00000, 0x0000000088a00000| Untracked 
| 139|0x0000000088b00000, 0x0000000088b00000, 0x0000000088c00000|  0%| F|  |TAMS 0x0000000088b00000, 0x0000000088b00000| Untracked 
| 140|0x0000000088c00000, 0x0000000088c00000, 0x0000000088d00000|  0%| F|  |TAMS 0x0000000088c00000, 0x0000000088c00000| Untracked 
| 141|0x0000000088d00000, 0x0000000088d00000, 0x0000000088e00000|  0%| F|  |TAMS 0x0000000088d00000, 0x0000000088d00000| Untracked 
| 142|0x0000000088e00000, 0x0000000088e00000, 0x0000000088f00000|  0%| F|  |TAMS 0x0000000088e00000, 0x0000000088e00000| Untracked 
| 143|0x0000000088f00000, 0x0000000088f00000, 0x0000000089000000|  0%| F|  |TAMS 0x0000000088f00000, 0x0000000088f00000| Untracked 
| 144|0x0000000089000000, 0x0000000089000000, 0x0000000089100000|  0%| F|  |TAMS 0x0000000089000000, 0x0000000089000000| Untracked 
| 145|0x0000000089100000, 0x0000000089100000, 0x0000000089200000|  0%| F|  |TAMS 0x0000000089100000, 0x0000000089100000| Untracked 
| 146|0x0000000089200000, 0x0000000089200000, 0x0000000089300000|  0%| F|  |TAMS 0x0000000089200000, 0x0000000089200000| Untracked 
| 147|0x0000000089300000, 0x0000000089300000, 0x0000000089400000|  0%| F|  |TAMS 0x0000000089300000, 0x0000000089300000| Untracked 
| 148|0x0000000089400000, 0x0000000089400000, 0x0000000089500000|  0%| F|  |TAMS 0x0000000089400000, 0x0000000089400000| Untracked 
| 149|0x0000000089500000, 0x0000000089500000, 0x0000000089600000|  0%| F|  |TAMS 0x0000000089500000, 0x0000000089500000| Untracked 
| 150|0x0000000089600000, 0x0000000089600000, 0x0000000089700000|  0%| F|  |TAMS 0x0000000089600000, 0x0000000089600000| Untracked 
| 151|0x0000000089700000, 0x0000000089700000, 0x0000000089800000|  0%| F|  |TAMS 0x0000000089700000, 0x0000000089700000| Untracked 
| 152|0x0000000089800000, 0x0000000089800000, 0x0000000089900000|  0%| F|  |TAMS 0x0000000089800000, 0x0000000089800000| Untracked 
| 153|0x0000000089900000, 0x0000000089900000, 0x0000000089a00000|  0%| F|  |TAMS 0x0000000089900000, 0x0000000089900000| Untracked 
| 154|0x0000000089a00000, 0x0000000089a00000, 0x0000000089b00000|  0%| F|  |TAMS 0x0000000089a00000, 0x0000000089a00000| Untracked 
| 155|0x0000000089b00000, 0x0000000089b00000, 0x0000000089c00000|  0%| F|  |TAMS 0x0000000089b00000, 0x0000000089b00000| Untracked 
| 156|0x0000000089c00000, 0x0000000089c00000, 0x0000000089d00000|  0%| F|  |TAMS 0x0000000089c00000, 0x0000000089c00000| Untracked 
| 157|0x0000000089d00000, 0x0000000089d00000, 0x0000000089e00000|  0%| F|  |TAMS 0x0000000089d00000, 0x0000000089d00000| Untracked 
| 158|0x0000000089e00000, 0x0000000089e00000, 0x0000000089f00000|  0%| F|  |TAMS 0x0000000089e00000, 0x0000000089e00000| Untracked 
| 159|0x0000000089f00000, 0x0000000089f00000, 0x000000008a000000|  0%| F|  |TAMS 0x0000000089f00000, 0x0000000089f00000| Untracked 
| 160|0x000000008a000000, 0x000000008a000000, 0x000000008a100000|  0%| F|  |TAMS 0x000000008a000000, 0x000000008a000000| Untracked 
| 161|0x000000008a100000, 0x000000008a100000, 0x000000008a200000|  0%| F|  |TAMS 0x000000008a100000, 0x000000008a100000| Untracked 
| 162|0x000000008a200000, 0x000000008a200000, 0x000000008a300000|  0%| F|  |TAMS 0x000000008a200000, 0x000000008a200000| Untracked 
| 163|0x000000008a300000, 0x000000008a300000, 0x000000008a400000|  0%| F|  |TAMS 0x000000008a300000, 0x000000008a300000| Untracked 
| 164|0x000000008a400000, 0x000000008a400000, 0x000000008a500000|  0%| F|  |TAMS 0x000000008a400000, 0x000000008a400000| Untracked 
| 165|0x000000008a500000, 0x000000008a500000, 0x000000008a600000|  0%| F|  |TAMS 0x000000008a500000, 0x000000008a500000| Untracked 
| 166|0x000000008a600000, 0x000000008a600000, 0x000000008a700000|  0%| F|  |TAMS 0x000000008a600000, 0x000000008a600000| Untracked 
| 167|0x000000008a700000, 0x000000008a700000, 0x000000008a800000|  0%| F|  |TAMS 0x000000008a700000, 0x000000008a700000| Untracked 
| 168|0x000000008a800000, 0x000000008a800000, 0x000000008a900000|  0%| F|  |TAMS 0x000000008a800000, 0x000000008a800000| Untracked 
| 169|0x000000008a900000, 0x000000008a900000, 0x000000008aa00000|  0%| F|  |TAMS 0x000000008a900000, 0x000000008a900000| Untracked 
| 170|0x000000008aa00000, 0x000000008aa00000, 0x000000008ab00000|  0%| F|  |TAMS 0x000000008aa00000, 0x000000008aa00000| Untracked 
| 171|0x000000008ab00000, 0x000000008ab00000, 0x000000008ac00000|  0%| F|  |TAMS 0x000000008ab00000, 0x000000008ab00000| Untracked 
| 172|0x000000008ac00000, 0x000000008ac00000, 0x000000008ad00000|  0%| F|  |TAMS 0x000000008ac00000, 0x000000008ac00000| Untracked 
| 173|0x000000008ad00000, 0x000000008ad00000, 0x000000008ae00000|  0%| F|  |TAMS 0x000000008ad00000, 0x000000008ad00000| Untracked 
| 174|0x000000008ae00000, 0x000000008ae00000, 0x000000008af00000|  0%| F|  |TAMS 0x000000008ae00000, 0x000000008ae00000| Untracked 
| 175|0x000000008af00000, 0x000000008af00000, 0x000000008b000000|  0%| F|  |TAMS 0x000000008af00000, 0x000000008af00000| Untracked 
| 176|0x000000008b000000, 0x000000008b000000, 0x000000008b100000|  0%| F|  |TAMS 0x000000008b000000, 0x000000008b000000| Untracked 
| 177|0x000000008b100000, 0x000000008b100000, 0x000000008b200000|  0%| F|  |TAMS 0x000000008b100000, 0x000000008b100000| Untracked 
| 178|0x000000008b200000, 0x000000008b200000, 0x000000008b300000|  0%| F|  |TAMS 0x000000008b200000, 0x000000008b200000| Untracked 
| 179|0x000000008b300000, 0x000000008b300000, 0x000000008b400000|  0%| F|  |TAMS 0x000000008b300000, 0x000000008b300000| Untracked 
| 180|0x000000008b400000, 0x000000008b400000, 0x000000008b500000|  0%| F|  |TAMS 0x000000008b400000, 0x000000008b400000| Untracked 
| 181|0x000000008b500000, 0x000000008b500000, 0x000000008b600000|  0%| F|  |TAMS 0x000000008b500000, 0x000000008b500000| Untracked 
| 182|0x000000008b600000, 0x000000008b600000, 0x000000008b700000|  0%| F|  |TAMS 0x000000008b600000, 0x000000008b600000| Untracked 
| 183|0x000000008b700000, 0x000000008b700000, 0x000000008b800000|  0%| F|  |TAMS 0x000000008b700000, 0x000000008b700000| Untracked 
| 184|0x000000008b800000, 0x000000008b800000, 0x000000008b900000|  0%| F|  |TAMS 0x000000008b800000, 0x000000008b800000| Untracked 
| 185|0x000000008b900000, 0x000000008b900000, 0x000000008ba00000|  0%| F|  |TAMS 0x000000008b900000, 0x000000008b900000| Untracked 
| 186|0x000000008ba00000, 0x000000008ba00000, 0x000000008bb00000|  0%| F|  |TAMS 0x000000008ba00000, 0x000000008ba00000| Untracked 
| 187|0x000000008bb00000, 0x000000008bb00000, 0x000000008bc00000|  0%| F|  |TAMS 0x000000008bb00000, 0x000000008bb00000| Untracked 
| 188|0x000000008bc00000, 0x000000008bc00000, 0x000000008bd00000|  0%| F|  |TAMS 0x000000008bc00000, 0x000000008bc00000| Untracked 
| 189|0x000000008bd00000, 0x000000008bd00000, 0x000000008be00000|  0%| F|  |TAMS 0x000000008bd00000, 0x000000008bd00000| Untracked 
| 190|0x000000008be00000, 0x000000008be00000, 0x000000008bf00000|  0%| F|  |TAMS 0x000000008be00000, 0x000000008be00000| Untracked 
| 191|0x000000008bf00000, 0x000000008bf00000, 0x000000008c000000|  0%| F|  |TAMS 0x000000008bf00000, 0x000000008bf00000| Untracked 
| 192|0x000000008c000000, 0x000000008c000000, 0x000000008c100000|  0%| F|  |TAMS 0x000000008c000000, 0x000000008c000000| Untracked 
| 193|0x000000008c100000, 0x000000008c100000, 0x000000008c200000|  0%| F|  |TAMS 0x000000008c100000, 0x000000008c100000| Untracked 
| 194|0x000000008c200000, 0x000000008c200000, 0x000000008c300000|  0%| F|  |TAMS 0x000000008c200000, 0x000000008c200000| Untracked 
| 195|0x000000008c300000, 0x000000008c300000, 0x000000008c400000|  0%| F|  |TAMS 0x000000008c300000, 0x000000008c300000| Untracked 
| 196|0x000000008c400000, 0x000000008c400000, 0x000000008c500000|  0%| F|  |TAMS 0x000000008c400000, 0x000000008c400000| Untracked 
| 197|0x000000008c500000, 0x000000008c500000, 0x000000008c600000|  0%| F|  |TAMS 0x000000008c500000, 0x000000008c500000| Untracked 
| 198|0x000000008c600000, 0x000000008c600000, 0x000000008c700000|  0%| F|  |TAMS 0x000000008c600000, 0x000000008c600000| Untracked 
| 199|0x000000008c700000, 0x000000008c700000, 0x000000008c800000|  0%| F|  |TAMS 0x000000008c700000, 0x000000008c700000| Untracked 
| 200|0x000000008c800000, 0x000000008c800000, 0x000000008c900000|  0%| F|  |TAMS 0x000000008c800000, 0x000000008c800000| Untracked 
| 201|0x000000008c900000, 0x000000008c900000, 0x000000008ca00000|  0%| F|  |TAMS 0x000000008c900000, 0x000000008c900000| Untracked 
| 202|0x000000008ca00000, 0x000000008ca00000, 0x000000008cb00000|  0%| F|  |TAMS 0x000000008ca00000, 0x000000008ca00000| Untracked 
| 203|0x000000008cb00000, 0x000000008cb00000, 0x000000008cc00000|  0%| F|  |TAMS 0x000000008cb00000, 0x000000008cb00000| Untracked 
| 204|0x000000008cc00000, 0x000000008cc00000, 0x000000008cd00000|  0%| F|  |TAMS 0x000000008cc00000, 0x000000008cc00000| Untracked 
| 205|0x000000008cd00000, 0x000000008cd00000, 0x000000008ce00000|  0%| F|  |TAMS 0x000000008cd00000, 0x000000008cd00000| Untracked 
| 206|0x000000008ce00000, 0x000000008ce00000, 0x000000008cf00000|  0%| F|  |TAMS 0x000000008ce00000, 0x000000008ce00000| Untracked 
| 207|0x000000008cf00000, 0x000000008cf00000, 0x000000008d000000|  0%| F|  |TAMS 0x000000008cf00000, 0x000000008cf00000| Untracked 
| 208|0x000000008d000000, 0x000000008d000000, 0x000000008d100000|  0%| F|  |TAMS 0x000000008d000000, 0x000000008d000000| Untracked 
| 209|0x000000008d100000, 0x000000008d100000, 0x000000008d200000|  0%| F|  |TAMS 0x000000008d100000, 0x000000008d100000| Untracked 
| 210|0x000000008d200000, 0x000000008d200000, 0x000000008d300000|  0%| F|  |TAMS 0x000000008d200000, 0x000000008d200000| Untracked 
| 211|0x000000008d300000, 0x000000008d300000, 0x000000008d400000|  0%| F|  |TAMS 0x000000008d300000, 0x000000008d300000| Untracked 
| 212|0x000000008d400000, 0x000000008d400000, 0x000000008d500000|  0%| F|  |TAMS 0x000000008d400000, 0x000000008d400000| Untracked 
| 213|0x000000008d500000, 0x000000008d500000, 0x000000008d600000|  0%| F|  |TAMS 0x000000008d500000, 0x000000008d500000| Untracked 
| 214|0x000000008d600000, 0x000000008d600000, 0x000000008d700000|  0%| F|  |TAMS 0x000000008d600000, 0x000000008d600000| Untracked 
| 215|0x000000008d700000, 0x000000008d700000, 0x000000008d800000|  0%| F|  |TAMS 0x000000008d700000, 0x000000008d700000| Untracked 
| 216|0x000000008d800000, 0x000000008d800000, 0x000000008d900000|  0%| F|  |TAMS 0x000000008d800000, 0x000000008d800000| Untracked 
| 217|0x000000008d900000, 0x000000008d900000, 0x000000008da00000|  0%| F|  |TAMS 0x000000008d900000, 0x000000008d900000| Untracked 
| 218|0x000000008da00000, 0x000000008da00000, 0x000000008db00000|  0%| F|  |TAMS 0x000000008da00000, 0x000000008da00000| Untracked 
| 219|0x000000008db00000, 0x000000008db00000, 0x000000008dc00000|  0%| F|  |TAMS 0x000000008db00000, 0x000000008db00000| Untracked 
| 220|0x000000008dc00000, 0x000000008dc00000, 0x000000008dd00000|  0%| F|  |TAMS 0x000000008dc00000, 0x000000008dc00000| Untracked 
| 221|0x000000008dd00000, 0x000000008dd00000, 0x000000008de00000|  0%| F|  |TAMS 0x000000008dd00000, 0x000000008dd00000| Untracked 
| 222|0x000000008de00000, 0x000000008de00000, 0x000000008df00000|  0%| F|  |TAMS 0x000000008de00000, 0x000000008de00000| Untracked 
| 223|0x000000008df00000, 0x000000008df00000, 0x000000008e000000|  0%| F|  |TAMS 0x000000008df00000, 0x000000008df00000| Untracked 
| 224|0x000000008e000000, 0x000000008e000000, 0x000000008e100000|  0%| F|  |TAMS 0x000000008e000000, 0x000000008e000000| Untracked 
| 225|0x000000008e100000, 0x000000008e200000, 0x000000008e200000|100%| S|CS|TAMS 0x000000008e100000, 0x000000008e100000| Complete 
| 226|0x000000008e200000, 0x000000008e300000, 0x000000008e300000|100%| S|CS|TAMS 0x000000008e200000, 0x000000008e200000| Complete 
| 227|0x000000008e300000, 0x000000008e400000, 0x000000008e400000|100%| S|CS|TAMS 0x000000008e300000, 0x000000008e300000| Complete 
| 228|0x000000008e400000, 0x000000008e400000, 0x000000008e500000|  0%| F|  |TAMS 0x000000008e400000, 0x000000008e400000| Untracked 
| 229|0x000000008e500000, 0x000000008e500000, 0x000000008e600000|  0%| F|  |TAMS 0x000000008e500000, 0x000000008e500000| Untracked 
| 230|0x000000008e600000, 0x000000008e600000, 0x000000008e700000|  0%| F|  |TAMS 0x000000008e600000, 0x000000008e600000| Untracked 
| 231|0x000000008e700000, 0x000000008e700000, 0x000000008e800000|  0%| F|  |TAMS 0x000000008e700000, 0x000000008e700000| Untracked 
| 232|0x000000008e800000, 0x000000008e800000, 0x000000008e900000|  0%| F|  |TAMS 0x000000008e800000, 0x000000008e800000| Untracked 
| 233|0x000000008e900000, 0x000000008e900000, 0x000000008ea00000|  0%| F|  |TAMS 0x000000008e900000, 0x000000008e900000| Untracked 
| 234|0x000000008ea00000, 0x000000008ea00000, 0x000000008eb00000|  0%| F|  |TAMS 0x000000008ea00000, 0x000000008ea00000| Untracked 
| 235|0x000000008eb00000, 0x000000008eb00000, 0x000000008ec00000|  0%| F|  |TAMS 0x000000008eb00000, 0x000000008eb00000| Untracked 
| 236|0x000000008ec00000, 0x000000008ec00000, 0x000000008ed00000|  0%| F|  |TAMS 0x000000008ec00000, 0x000000008ec00000| Untracked 
| 237|0x000000008ed00000, 0x000000008ed00000, 0x000000008ee00000|  0%| F|  |TAMS 0x000000008ed00000, 0x000000008ed00000| Untracked 
| 238|0x000000008ee00000, 0x000000008ee00000, 0x000000008ef00000|  0%| F|  |TAMS 0x000000008ee00000, 0x000000008ee00000| Untracked 
| 239|0x000000008ef00000, 0x000000008ef00000, 0x000000008f000000|  0%| F|  |TAMS 0x000000008ef00000, 0x000000008ef00000| Untracked 
| 240|0x000000008f000000, 0x000000008f000000, 0x000000008f100000|  0%| F|  |TAMS 0x000000008f000000, 0x000000008f000000| Untracked 
| 241|0x000000008f100000, 0x000000008f100000, 0x000000008f200000|  0%| F|  |TAMS 0x000000008f100000, 0x000000008f100000| Untracked 
| 242|0x000000008f200000, 0x000000008f200000, 0x000000008f300000|  0%| F|  |TAMS 0x000000008f200000, 0x000000008f200000| Untracked 
| 243|0x000000008f300000, 0x000000008f300000, 0x000000008f400000|  0%| F|  |TAMS 0x000000008f300000, 0x000000008f300000| Untracked 
| 244|0x000000008f400000, 0x000000008f400000, 0x000000008f500000|  0%| F|  |TAMS 0x000000008f400000, 0x000000008f400000| Untracked 
| 245|0x000000008f500000, 0x000000008f600000, 0x000000008f600000|100%| E|  |TAMS 0x000000008f500000, 0x000000008f500000| Complete 
| 246|0x000000008f600000, 0x000000008f700000, 0x000000008f700000|100%| E|CS|TAMS 0x000000008f600000, 0x000000008f600000| Complete 
| 247|0x000000008f700000, 0x000000008f800000, 0x000000008f800000|100%| E|CS|TAMS 0x000000008f700000, 0x000000008f700000| Complete 
| 248|0x000000008f800000, 0x000000008f900000, 0x000000008f900000|100%| E|CS|TAMS 0x000000008f800000, 0x000000008f800000| Complete 
| 249|0x000000008f900000, 0x000000008fa00000, 0x000000008fa00000|100%| E|CS|TAMS 0x000000008f900000, 0x000000008f900000| Complete 
| 250|0x000000008fa00000, 0x000000008fb00000, 0x000000008fb00000|100%| E|CS|TAMS 0x000000008fa00000, 0x000000008fa00000| Complete 
| 251|0x000000008fb00000, 0x000000008fc00000, 0x000000008fc00000|100%| E|CS|TAMS 0x000000008fb00000, 0x000000008fb00000| Complete 

Card table byte_map: [0x0000023da7420000,0x0000023da7820000] _byte_map_base: 0x0000023da7020000

Marking Bits (Prev, Next): (CMBitMap*) 0x0000023d94232070, (CMBitMap*) 0x0000023d94232038
 Prev Bits: [0x0000023da9c20000, 0x0000023dabc20000)
 Next Bits: [0x0000023da7c20000, 0x0000023da9c20000)

Polling page: 0x0000023d92190000

Metaspace:

Usage:
  Non-class:     50.13 MB capacity,    49.17 MB ( 98%) used,   824.74 KB (  2%) free+waste,   156.31 KB ( <1%) overhead. 
      Class:      7.76 MB capacity,     7.19 MB ( 93%) used,   502.04 KB (  6%) free+waste,    74.31 KB ( <1%) overhead. 
       Both:     57.89 MB capacity,    56.37 MB ( 97%) used,     1.30 MB (  2%) free+waste,   230.63 KB ( <1%) overhead. 

Virtual space:
  Non-class space:       60.00 MB reserved,      50.25 MB ( 84%) committed 
      Class space:        1.00 GB reserved,       7.88 MB ( <1%) committed 
             Both:        1.06 GB reserved,      58.13 MB (  5%) committed 

Chunk freelists:
   Non-Class:  60.00 KB
       Class:  0 bytes
        Both:  60.00 KB

MaxMetaspaceSize: 17179869184.00 GB
CompressedClassSpaceSize: 1.00 GB

CodeHeap 'non-profiled nmethods': size=120000Kb used=3492Kb max_used=3492Kb free=116508Kb
 bounds [0x0000023d9f7c0000, 0x0000023d9fb30000, 0x0000023da6cf0000]
CodeHeap 'profiled nmethods': size=120000Kb used=12098Kb max_used=12098Kb free=107902Kb
 bounds [0x0000023d98290000, 0x0000023d98e70000, 0x0000023d9f7c0000]
CodeHeap 'non-nmethods': size=5760Kb used=2257Kb max_used=2285Kb free=3502Kb
 bounds [0x0000023d97cf0000, 0x0000023d97f60000, 0x0000023d98290000]
 total_blobs=6696 nmethods=5871 adapters=734
 compilation: enabled
              stopped_count=0, restarted_count=0
 full_count=0

Compilation events (20 events):
Event: 6.044 Thread 0x0000023daef68000 nmethod 5771 0x0000023d9fb20790 code [0x0000023d9fb20940, 0x0000023d9fb209f8]
Event: 6.044 Thread 0x0000023daef68000 5772       1       org.gradle.api.internal.provider.DefaultProperty::publicType (3 bytes)
Event: 6.044 Thread 0x0000023daef68000 nmethod 5772 0x0000023d9fb20a90 code [0x0000023d9fb20c40, 0x0000023d9fb20cf8]
Event: 6.044 Thread 0x0000023daef68000 5783       3       com.google.common.collect.RegularImmutableList::internalArrayEnd (6 bytes)
Event: 6.044 Thread 0x0000023daef68000 nmethod 5783 0x0000023d98e2fa90 code [0x0000023d98e2fc40, 0x0000023d98e2fd58]
Event: 6.044 Thread 0x0000023daef68000 5779       1       org.gradle.api.internal.provider.sources.GradlePropertyValueSource$Parameters_Decorated::getModelIdentityDisplayName (5 bytes)
Event: 6.044 Thread 0x0000023daef68000 nmethod 5779 0x0000023d9fb20d90 code [0x0000023d9fb20f40, 0x0000023d9fb20ff8]
Event: 6.044 Thread 0x0000023daef68000 5780       1       org.gradle.api.internal.provider.sources.GradlePropertyValueSource$Parameters_Decorated::isImmutable (3 bytes)
Event: 6.044 Thread 0x0000023daef68000 nmethod 5780 0x0000023d9fb21090 code [0x0000023d9fb21240, 0x0000023d9fb212f8]
Event: 6.044 Thread 0x0000023daef68000 5781       1       org.gradle.api.internal.provider.sources.GradlePropertyValueSource$Parameters_Decorated::publicType (3 bytes)
Event: 6.044 Thread 0x0000023daef68000 nmethod 5781 0x0000023d9fb21390 code [0x0000023d9fb21540, 0x0000023d9fb215f8]
Event: 6.044 Thread 0x0000023daef68000 5785       3       org.gradle.api.internal.provider.Providers::internal (8 bytes)
Event: 6.044 Thread 0x0000023daef68000 nmethod 5785 0x0000023d98e2fe10 code [0x0000023d98e2ffc0, 0x0000023d98e301f8]
Event: 6.044 Thread 0x0000023daef68000 5786       3       com.google.common.collect.AbstractIndexedListIterator::hasNext (17 bytes)
Event: 6.044 Thread 0x0000023daef68000 nmethod 5786 0x0000023d98e30310 code [0x0000023d98e304c0, 0x0000023d98e30618]
Event: 6.046 Thread 0x0000023db265f000 nmethod 5782 0x0000023d9fb21690 code [0x0000023d9fb21840, 0x0000023d9fb21a38]
Event: 6.046 Thread 0x0000023db265f000 5784       4       java.lang.Class::getTypeParameters (19 bytes)
Event: 6.056 Thread 0x0000023db265f000 nmethod 5784 0x0000023d9fb21c10 code [0x0000023d9fb21e20, 0x0000023d9fb226f0]
Event: 6.058 Thread 0x0000023daef68000 5787       3       java.util.regex.Pattern$GroupTail::match (111 bytes)
Event: 6.058 Thread 0x0000023daef68000 nmethod 5787 0x0000023d98e30690 code [0x0000023d98e30860, 0x0000023d98e30be8]

GC Heap History (14 events):
Event: 0.517 GC heap before
{Heap before GC invocations=0 (full 0):
 garbage-first heap   total 258048K, used 30720K [0x0000000080000000, 0x0000000100000000)
  region size 1024K, 24 young (24576K), 0 survivors (0K)
 Metaspace       used 10111K, capacity 10339K, committed 10624K, reserved 1058816K
  class space    used 1053K, capacity 1106K, committed 1152K, reserved 1048576K
}
Event: 0.520 GC heap after
{Heap after GC invocations=1 (full 0):
 garbage-first heap   total 258048K, used 9404K [0x0000000080000000, 0x0000000100000000)
  region size 1024K, 3 young (3072K), 3 survivors (3072K)
 Metaspace       used 10111K, capacity 10339K, committed 10624K, reserved 1058816K
  class space    used 1053K, capacity 1106K, committed 1152K, reserved 1048576K
}
Event: 2.659 GC heap before
{Heap before GC invocations=1 (full 0):
 garbage-first heap   total 258048K, used 112828K [0x0000000080000000, 0x0000000100000000)
  region size 1024K, 105 young (107520K), 3 survivors (3072K)
 Metaspace       used 20667K, capacity 21085K, committed 21248K, reserved 1067008K
  class space    used 2545K, capacity 2712K, committed 2816K, reserved 1048576K
}
Event: 2.692 GC heap after
{Heap after GC invocations=2 (full 0):
 garbage-first heap   total 258048K, used 17051K [0x0000000080000000, 0x0000000100000000)
  region size 1024K, 11 young (11264K), 11 survivors (11264K)
 Metaspace       used 20667K, capacity 21085K, committed 21248K, reserved 1067008K
  class space    used 2545K, capacity 2712K, committed 2816K, reserved 1048576K
}
Event: 2.883 GC heap before
{Heap before GC invocations=3 (full 0):
 garbage-first heap   total 258048K, used 46747K [0x0000000080000000, 0x0000000100000000)
  region size 1024K, 40 young (40960K), 11 survivors (11264K)
 Metaspace       used 23859K, capacity 24418K, committed 24576K, reserved 1071104K
  class space    used 3045K, capacity 3253K, committed 3328K, reserved 1048576K
}
Event: 2.901 GC heap after
{Heap after GC invocations=4 (full 0):
 garbage-first heap   total 258048K, used 18233K [0x0000000080000000, 0x0000000100000000)
  region size 1024K, 2 young (2048K), 2 survivors (2048K)
 Metaspace       used 23859K, capacity 24418K, committed 24576K, reserved 1071104K
  class space    used 3045K, capacity 3253K, committed 3328K, reserved 1048576K
}
Event: 3.624 GC heap before
{Heap before GC invocations=4 (full 0):
 garbage-first heap   total 258048K, used 101177K [0x0000000080000000, 0x0000000100000000)
  region size 1024K, 84 young (86016K), 2 survivors (2048K)
 Metaspace       used 34862K, capacity 35613K, committed 35840K, reserved 1081344K
  class space    used 4534K, capacity 4844K, committed 4864K, reserved 1048576K
}
Event: 3.633 GC heap after
{Heap after GC invocations=5 (full 0):
 garbage-first heap   total 258048K, used 21939K [0x0000000080000000, 0x0000000100000000)
  region size 1024K, 6 young (6144K), 6 survivors (6144K)
 Metaspace       used 34862K, capacity 35613K, committed 35840K, reserved 1081344K
  class space    used 4534K, capacity 4844K, committed 4864K, reserved 1048576K
}
Event: 4.542 GC heap before
{Heap before GC invocations=6 (full 0):
 garbage-first heap   total 258048K, used 139699K [0x0000000080000000, 0x0000000100000000)
  region size 1024K, 118 young (120832K), 6 survivors (6144K)
 Metaspace       used 44578K, capacity 45666K, committed 45824K, reserved 1089536K
  class space    used 5707K, capacity 6116K, committed 6144K, reserved 1048576K
}
Event: 4.550 GC heap after
{Heap after GC invocations=7 (full 0):
 garbage-first heap   total 258048K, used 29695K [0x0000000080000000, 0x0000000100000000)
  region size 1024K, 13 young (13312K), 13 survivors (13312K)
 Metaspace       used 44578K, capacity 45666K, committed 45824K, reserved 1089536K
  class space    used 5707K, capacity 6116K, committed 6144K, reserved 1048576K
}
Event: 5.651 GC heap before
{Heap before GC invocations=7 (full 0):
 garbage-first heap   total 258048K, used 175103K [0x0000000080000000, 0x0000000100000000)
  region size 1024K, 151 young (154624K), 13 survivors (13312K)
 Metaspace       used 53183K, capacity 54673K, committed 54784K, reserved 1097728K
  class space    used 6828K, capacity 7373K, committed 7424K, reserved 1048576K
}
Event: 5.769 GC heap after
{Heap after GC invocations=8 (full 0):
 garbage-first heap   total 258048K, used 47679K [0x0000000080000000, 0x0000000100000000)
  region size 1024K, 19 young (19456K), 19 survivors (19456K)
 Metaspace       used 53183K, capacity 54673K, committed 54784K, reserved 1097728K
  class space    used 6828K, capacity 7373K, committed 7424K, reserved 1048576K
}
Event: 5.975 GC heap before
{Heap before GC invocations=8 (full 0):
 garbage-first heap   total 258048K, used 71231K [0x0000000080000000, 0x0000000100000000)
  region size 1024K, 43 young (44032K), 19 survivors (19456K)
 Metaspace       used 56997K, capacity 58503K, committed 58624K, reserved 1110016K
  class space    used 7275K, capacity 7816K, committed 7936K, reserved 1048576K
}
Event: 6.009 GC heap after
{Heap after GC invocations=9 (full 0):
 garbage-first heap   total 258048K, used 51140K [0x0000000080000000, 0x0000000100000000)
  region size 1024K, 3 young (3072K), 3 survivors (3072K)
 Metaspace       used 56997K, capacity 58503K, committed 58624K, reserved 1110016K
  class space    used 7275K, capacity 7816K, committed 7936K, reserved 1048576K
}

Deoptimization events (20 events):
Event: 5.831 Thread 0x0000023db05ff800 DEOPT PACKING pc=0x0000023d984f5e17 sp=0x0000008fed2f66c0
Event: 5.831 Thread 0x0000023db05ff800 DEOPT UNPACKING pc=0x0000023d97d17c0e sp=0x0000008fed2f5c48 mode 0
Event: 5.833 Thread 0x0000023db05ff800 DEOPT PACKING pc=0x0000023d984f5e17 sp=0x0000008fed2f6810
Event: 5.833 Thread 0x0000023db05ff800 DEOPT UNPACKING pc=0x0000023d97d17c0e sp=0x0000008fed2f5d98 mode 0
Event: 5.834 Thread 0x0000023db05ff800 DEOPT PACKING pc=0x0000023d984f5e17 sp=0x0000008fed2f66b0
Event: 5.834 Thread 0x0000023db05ff800 DEOPT UNPACKING pc=0x0000023d97d17c0e sp=0x0000008fed2f5c38 mode 0
Event: 5.836 Thread 0x0000023db05ff800 DEOPT PACKING pc=0x0000023d984f5e17 sp=0x0000008fed2f66b0
Event: 5.836 Thread 0x0000023db05ff800 DEOPT UNPACKING pc=0x0000023d97d17c0e sp=0x0000008fed2f5c38 mode 0
Event: 5.837 Thread 0x0000023db05ff800 DEOPT PACKING pc=0x0000023d984f5e17 sp=0x0000008fed2f66b0
Event: 5.837 Thread 0x0000023db05ff800 DEOPT UNPACKING pc=0x0000023d97d17c0e sp=0x0000008fed2f5c38 mode 0
Event: 5.838 Thread 0x0000023db05ff800 DEOPT PACKING pc=0x0000023d984f5e17 sp=0x0000008fed2f66b0
Event: 5.838 Thread 0x0000023db05ff800 DEOPT UNPACKING pc=0x0000023d97d17c0e sp=0x0000008fed2f5c38 mode 0
Event: 5.839 Thread 0x0000023db05ff800 DEOPT PACKING pc=0x0000023d984f5e17 sp=0x0000008fed2f66b0
Event: 5.839 Thread 0x0000023db05ff800 DEOPT UNPACKING pc=0x0000023d97d17c0e sp=0x0000008fed2f5c38 mode 0
Event: 5.840 Thread 0x0000023db05ff800 DEOPT PACKING pc=0x0000023d984f5e17 sp=0x0000008fed2f6810
Event: 5.840 Thread 0x0000023db05ff800 DEOPT UNPACKING pc=0x0000023d97d17c0e sp=0x0000008fed2f5d98 mode 0
Event: 5.840 Thread 0x0000023db05ff800 DEOPT PACKING pc=0x0000023d984f5e17 sp=0x0000008fed2f66b0
Event: 5.840 Thread 0x0000023db05ff800 DEOPT UNPACKING pc=0x0000023d97d17c0e sp=0x0000008fed2f5c38 mode 0
Event: 5.841 Thread 0x0000023db05ff800 DEOPT PACKING pc=0x0000023d984f5e17 sp=0x0000008fed2f6790
Event: 5.841 Thread 0x0000023db05ff800 DEOPT UNPACKING pc=0x0000023d97d17c0e sp=0x0000008fed2f5d18 mode 0

Classes redefined (0 events):
No events

Internal exceptions (20 events):
Event: 5.380 Thread 0x0000023db12a1800 Exception <a 'java/lang/NoSuchMethodError'{0x0000000088d15278}: <clinit>> (0x0000000088d15278) thrown at [./src/hotspot/share/prims/jni.cpp, line 1362]
Event: 5.380 Thread 0x0000023db12a1800 Exception <a 'java/lang/NoSuchMethodError'{0x0000000088d16388}: <clinit>> (0x0000000088d16388) thrown at [./src/hotspot/share/prims/jni.cpp, line 1362]
Event: 5.380 Thread 0x0000023db12a1800 Exception <a 'java/lang/NoSuchMethodError'{0x0000000088d17690}: <clinit>> (0x0000000088d17690) thrown at [./src/hotspot/share/prims/jni.cpp, line 1362]
Event: 5.380 Thread 0x0000023db12a1800 Exception <a 'java/lang/NoSuchMethodError'{0x0000000088d186b0}: <clinit>> (0x0000000088d186b0) thrown at [./src/hotspot/share/prims/jni.cpp, line 1362]
Event: 5.381 Thread 0x0000023db12a1800 Exception <a 'java/lang/NoSuchMethodError'{0x0000000088d2a9a0}: <clinit>> (0x0000000088d2a9a0) thrown at [./src/hotspot/share/prims/jni.cpp, line 1362]
Event: 5.381 Thread 0x0000023db12a1800 Exception <a 'java/lang/NoSuchMethodError'{0x0000000088d34ef8}: <clinit>> (0x0000000088d34ef8) thrown at [./src/hotspot/share/prims/jni.cpp, line 1362]
Event: 5.382 Thread 0x0000023db12a1800 Exception <a 'java/lang/NoSuchMethodError'{0x0000000088d48848}: <clinit>> (0x0000000088d48848) thrown at [./src/hotspot/share/prims/jni.cpp, line 1362]
Event: 5.391 Thread 0x0000023db05ff800 Exception <a 'java/lang/ClassNotFoundException'{0x0000000088dcdd38}: build_1699ro81xzwwh4exwu1lp7jrbBeanInfo> (0x0000000088dcdd38) thrown at [./src/hotspot/share/classfile/systemDictionary.cpp, line 231]
Event: 5.391 Thread 0x0000023db05ff800 Exception <a 'java/lang/ClassNotFoundException'{0x0000000088dd9698}: build_1699ro81xzwwh4exwu1lp7jrbCustomizer> (0x0000000088dd9698) thrown at [./src/hotspot/share/classfile/systemDictionary.cpp, line 231]
Event: 5.408 Thread 0x0000023db05ff800 Exception <a 'java/lang/ClassNotFoundException'{0x0000000088bae748}: org/gradle/api/internal/plugins/DefaultObjectConfigurationActionBeanInfo> (0x0000000088bae748) thrown at [./src/hotspot/share/classfile/systemDictionary.cpp, line 231]
Event: 5.408 Thread 0x0000023db05ff800 Exception <a 'java/lang/ClassNotFoundException'{0x0000000088be41f0}: org/gradle/api/internal/plugins/DefaultObjectConfigurationActionCustomizer> (0x0000000088be41f0) thrown at [./src/hotspot/share/classfile/systemDictionary.cpp, line 231]
Event: 5.491 Thread 0x0000023db05ff800 Exception <a 'java/lang/NoSuchMethodError'{0x0000000087327020}: 'java.lang.Object java.lang.invoke.DirectMethodHandle$Holder.invokeStatic(java.lang.Object, java.lang.Object, java.lang.Object, java.lang.Object, int)'> (0x0000000087327020) thrown at [./src/hotspot/share/interpreter/linkResolver.cpp, line 773]
Event: 5.491 Thread 0x0000023db05ff800 Exception <a 'java/lang/NoSuchMethodError'{0x000000008732ba18}: 'java.lang.Object java.lang.invoke.DirectMethodHandle$Holder.invokeSpecial(java.lang.Object, java.lang.Object, java.lang.Object, java.lang.Object, java.lang.Object, int)'> (0x000000008732ba18) thrown at [./src/hotspot/share/interpreter/linkResolver.cpp, line 773]
Event: 5.491 Thread 0x0000023db05ff800 Exception <a 'java/lang/NoSuchMethodError'{0x0000000087330058}: 'java.lang.Object java.lang.invoke.Invokers$Holder.linkToTargetMethod(java.lang.Object, java.lang.Object, java.lang.Object, int, java.lang.Object)'> (0x0000000087330058) thrown at [./src/hotspot/share/interpreter/linkResolver.cpp, line 773]
Event: 5.631 Thread 0x0000023db05ff800 Exception <a 'java/lang/NoSuchMethodError'{0x00000000866a2138}: 'java.lang.Object java.lang.invoke.DirectMethodHandle$Holder.invokeSpecial(java.lang.Object, java.lang.Object, int, int, java.lang.Object, java.lang.Object, java.lang.Object)'> (0x00000000866a2138) thrown at [./src/hotspot/share/interpreter/linkResolver.cpp, line 773]
Event: 5.634 Thread 0x0000023db05ff800 Exception <a 'java/lang/NoSuchMethodError'{0x00000000866a66b8}: 'java.lang.Object java.lang.invoke.DelegatingMethodHandle$Holder.reinvoke_L(java.lang.Object, int, int, java.lang.Object, java.lang.Object, java.lang.Object)'> (0x00000000866a66b8) thrown at [./src/hotspot/share/interpreter/linkResolver.cpp, line 773]
Event: 5.881 Thread 0x0000023db05ff800 Exception <a 'java/lang/NoSuchMethodError'{0x000000008f0cd858}: 'int java.lang.invoke.DirectMethodHandle$Holder.invokeInterface(java.lang.Object, java.lang.Object, java.lang.Object, java.lang.Object)'> (0x000000008f0cd858) thrown at [./src/hotspot/share/interpreter/linkResolver.cpp, line 773]
Event: 6.053 Thread 0x0000023db05ff800 Exception <a 'java/lang/OutOfMemoryError'{0x000000008f8618a8}> (0x000000008f8618a8) thrown at [./src/hotspot/share/prims/jni.cpp, line 636]
Event: 6.053 Thread 0x0000023db05ff800 Exception <a 'java/lang/OutOfMemoryError'{0x000000008f8618a8}> (0x000000008f8618a8) thrown at [./src/hotspot/share/prims/jvm.cpp, line 1310]
Event: 6.053 Thread 0x0000023db05ff800 Exception <a 'java/lang/OutOfMemoryError'{0x000000008f8618a8}> (0x000000008f8618a8) thrown at [./src/hotspot/share/oops/instanceKlass.cpp, line 1029]

Events (20 events):
Event: 6.059 loading class com/google/common/util/concurrent/SmoothRateLimiter
Event: 6.059 loading class com/google/common/util/concurrent/SmoothRateLimiter done
Event: 6.060 loading class com/google/common/util/concurrent/SmoothRateLimiter$SmoothBursty
Event: 6.060 loading class com/google/common/util/concurrent/SmoothRateLimiter$SmoothBursty done
Event: 6.060 loading class com/google/common/util/concurrent/RateLimiter$SleepingStopwatch
Event: 6.060 loading class com/google/common/util/concurrent/RateLimiter$SleepingStopwatch done
Event: 6.060 loading class com/google/common/util/concurrent/RateLimiter$SleepingStopwatch$1
Event: 6.060 loading class com/google/common/util/concurrent/RateLimiter$SleepingStopwatch$1 done
Event: 6.060 loading class com/android/build/gradle/internal/crash/PluginExceptionReport
Event: 6.060 loading class com/android/build/gradle/internal/crash/PluginExceptionReport done
Event: 6.060 Executing VM operation: CGC_Operation
Event: 6.060 Executing VM operation: CGC_Operation done
Event: 6.061 loading class com/android/tools/analytics/crash/CrashReport
Event: 6.061 loading class com/android/tools/analytics/crash/CrashReport done
Event: 6.061 loading class com/android/build/gradle/internal/crash/PluginExceptionReport$Companion
Event: 6.061 loading class com/android/build/gradle/internal/crash/PluginExceptionReport$Companion done
Event: 6.061 loading class com/android/build/gradle/internal/crash/ExternalApiUsageException
Event: 6.061 loading class com/android/build/gradle/internal/crash/ExternalApiUsageException done
Event: 6.061 loading class com/google/common/base/Throwables
Event: 6.061 loading class com/google/common/base/Throwables done


Dynamic libraries:
0x00007ff75ed60000 - 0x00007ff75ed6a000 	C:\Program Files\Android\Android Studio2\jre\bin\java.exe
0x00007ffbe9a60000 - 0x00007ffbe9c69000 	C:\WINDOWS\SYSTEM32\ntdll.dll
0x00007ffbe8430000 - 0x00007ffbe84ee000 	C:\WINDOWS\System32\KERNEL32.DLL
0x00007ffbe6f60000 - 0x00007ffbe72db000 	C:\WINDOWS\System32\KERNELBASE.dll
0x00007ffbe72e0000 - 0x00007ffbe73f1000 	C:\WINDOWS\System32\ucrtbase.dll
0x00007ffbbcbb0000 - 0x00007ffbbcbc9000 	C:\Program Files\Android\Android Studio2\jre\bin\jli.dll
0x00007ffbbb6f0000 - 0x00007ffbbb707000 	C:\Program Files\Android\Android Studio2\jre\bin\VCRUNTIME140.dll
0x00007ffbe90c0000 - 0x00007ffbe926d000 	C:\WINDOWS\System32\USER32.dll
0x00007ffbe6f30000 - 0x00007ffbe6f56000 	C:\WINDOWS\System32\win32u.dll
0x00007ffbe9870000 - 0x00007ffbe9899000 	C:\WINDOWS\System32\GDI32.dll
0x00007ffbe7570000 - 0x00007ffbe7688000 	C:\WINDOWS\System32\gdi32full.dll
0x00007ffbe77d0000 - 0x00007ffbe786d000 	C:\WINDOWS\System32\msvcp_win.dll
0x00007ffbccc40000 - 0x00007ffbccee5000 	C:\WINDOWS\WinSxS\amd64_microsoft.windows.common-controls_6595b64144ccf1df_6.0.22000.120_none_9d947278b86cc467\COMCTL32.dll
0x00007ffbe7a80000 - 0x00007ffbe7b23000 	C:\WINDOWS\System32\msvcrt.dll
0x00007ffbe8b00000 - 0x00007ffbe8b32000 	C:\WINDOWS\System32\IMM32.DLL
0x00007ffba8940000 - 0x00007ffba89dd000 	C:\Program Files\Android\Android Studio2\jre\bin\msvcp140.dll
0x00007ffb789f0000 - 0x00007ffb794c5000 	C:\Program Files\Android\Android Studio2\jre\bin\server\jvm.dll
0x00007ffbe8870000 - 0x00007ffbe891e000 	C:\WINDOWS\System32\ADVAPI32.dll
0x00007ffbe9980000 - 0x00007ffbe9a1e000 	C:\WINDOWS\System32\sechost.dll
0x00007ffbe8c20000 - 0x00007ffbe8d40000 	C:\WINDOWS\System32\RPCRT4.dll
0x00007ffbe8400000 - 0x00007ffbe8408000 	C:\WINDOWS\System32\PSAPI.DLL
0x00007ffbe3f80000 - 0x00007ffbe3f89000 	C:\WINDOWS\SYSTEM32\WSOCK32.dll
0x00007ffbdb8d0000 - 0x00007ffbdb8da000 	C:\WINDOWS\SYSTEM32\VERSION.dll
0x00007ffbde600000 - 0x00007ffbde633000 	C:\WINDOWS\SYSTEM32\WINMM.dll
0x00007ffbe9390000 - 0x00007ffbe93ff000 	C:\WINDOWS\System32\WS2_32.dll
0x00007ffbe60a0000 - 0x00007ffbe60b8000 	C:\WINDOWS\SYSTEM32\kernel.appcore.dll
0x00007ffbdd120000 - 0x00007ffbdd131000 	C:\Program Files\Android\Android Studio2\jre\bin\verify.dll
0x00007ffbe48f0000 - 0x00007ffbe4b11000 	C:\WINDOWS\SYSTEM32\DBGHELP.DLL
0x00007ffbcb530000 - 0x00007ffbcb561000 	C:\WINDOWS\SYSTEM32\dbgcore.DLL
0x00007ffbe7750000 - 0x00007ffbe77cf000 	C:\WINDOWS\System32\bcryptPrimitives.dll
0x00007ffbd25f0000 - 0x00007ffbd2619000 	C:\Program Files\Android\Android Studio2\jre\bin\java.dll
0x00007ffbe3f00000 - 0x00007ffbe3f0b000 	C:\Program Files\Android\Android Studio2\jre\bin\jimage.dll
0x00007ffbd0fb0000 - 0x00007ffbd0fc8000 	C:\Program Files\Android\Android Studio2\jre\bin\zip.dll
0x00007ffbe7b30000 - 0x00007ffbe82e8000 	C:\WINDOWS\System32\SHELL32.dll
0x00007ffbe5020000 - 0x00007ffbe5885000 	C:\WINDOWS\SYSTEM32\windows.storage.dll
0x00007ffbe84f0000 - 0x00007ffbe8868000 	C:\WINDOWS\System32\combase.dll
0x00007ffbe4eb0000 - 0x00007ffbe5016000 	C:\WINDOWS\SYSTEM32\wintypes.dll
0x00007ffbe89b0000 - 0x00007ffbe8a9a000 	C:\WINDOWS\System32\SHCORE.dll
0x00007ffbe8aa0000 - 0x00007ffbe8afd000 	C:\WINDOWS\System32\shlwapi.dll
0x00007ffbe6e60000 - 0x00007ffbe6e81000 	C:\WINDOWS\SYSTEM32\profapi.dll
0x00007ffbcdf20000 - 0x00007ffbcdf3a000 	C:\Program Files\Android\Android Studio2\jre\bin\net.dll
0x00007ffbdfa80000 - 0x00007ffbdfb94000 	C:\WINDOWS\SYSTEM32\WINHTTP.dll
0x00007ffbe6540000 - 0x00007ffbe65a7000 	C:\WINDOWS\system32\mswsock.dll
0x00007ffbcade0000 - 0x00007ffbcadf4000 	C:\Program Files\Android\Android Studio2\jre\bin\nio.dll
0x00007ffbb4380000 - 0x00007ffbb43a7000 	C:\Users\OWNER\.gradle\native\e1d6ef7f7dcc3fd88c89a11ec53ec762bb8ba0a96d01ffa2cd45eb1d1d8dd5c5\windows-amd64\native-platform.dll
0x00007ffb9b160000 - 0x00007ffb9b2a4000 	C:\Users\OWNER\.gradle\native\0d407fdbe67a94daf76414ababcb853783967236a71b16ec16e742cd7a986fd3\windows-amd64\native-platform-file-events.dll
0x00007ffbe15f0000 - 0x00007ffbe15fa000 	C:\Program Files\Android\Android Studio2\jre\bin\management.dll
0x00007ffbdef20000 - 0x00007ffbdef2d000 	C:\Program Files\Android\Android Studio2\jre\bin\management_ext.dll
0x00007ffbe6780000 - 0x00007ffbe6798000 	C:\WINDOWS\SYSTEM32\CRYPTSP.dll
0x00007ffbe6000000 - 0x00007ffbe6035000 	C:\WINDOWS\system32\rsaenh.dll
0x00007ffbe6630000 - 0x00007ffbe6659000 	C:\WINDOWS\SYSTEM32\USERENV.dll
0x00007ffbe6910000 - 0x00007ffbe6937000 	C:\WINDOWS\SYSTEM32\bcrypt.dll
0x00007ffbe67a0000 - 0x00007ffbe67ac000 	C:\WINDOWS\SYSTEM32\CRYPTBASE.dll
0x00007ffbe5bd0000 - 0x00007ffbe5bfd000 	C:\WINDOWS\SYSTEM32\IPHLPAPI.DLL
0x00007ffbe8dd0000 - 0x00007ffbe8dd9000 	C:\WINDOWS\System32\NSI.dll
0x00007ffbdede0000 - 0x00007ffbdedf9000 	C:\WINDOWS\SYSTEM32\dhcpcsvc6.DLL
0x00007ffbdf0e0000 - 0x00007ffbdf0fe000 	C:\WINDOWS\SYSTEM32\dhcpcsvc.DLL
0x00007ffbe5c00000 - 0x00007ffbe5ce8000 	C:\WINDOWS\SYSTEM32\DNSAPI.dll

dbghelp: loaded successfully - version: 4.0.5 - missing functions: none
symbol engine: initialized successfully - sym options: 0x614 - pdb path: .;C:\Program Files\Android\Android Studio2\jre\bin;C:\WINDOWS\SYSTEM32;C:\WINDOWS\WinSxS\amd64_microsoft.windows.common-controls_6595b64144ccf1df_6.0.22000.120_none_9d947278b86cc467;C:\Program Files\Android\Android Studio2\jre\bin\server;C:\Users\OWNER\.gradle\native\e1d6ef7f7dcc3fd88c89a11ec53ec762bb8ba0a96d01ffa2cd45eb1d1d8dd5c5\windows-amd64;C:\Users\OWNER\.gradle\native\0d407fdbe67a94daf76414ababcb853783967236a71b16ec16e742cd7a986fd3\windows-amd64

VM Arguments:
jvm_args: --add-opens=java.base/java.util=ALL-UNNAMED --add-opens=java.base/java.lang=ALL-UNNAMED --add-opens=java.base/java.lang.invoke=ALL-UNNAMED --add-opens=java.base/java.util=ALL-UNNAMED --add-opens=java.prefs/java.util.prefs=ALL-UNNAMED --add-opens=java.prefs/java.util.prefs=ALL-UNNAMED --add-opens=java.base/java.nio.charset=ALL-UNNAMED --add-opens=java.base/java.net=ALL-UNNAMED --add-opens=java.base/java.util.concurrent.atomic=ALL-UNNAMED -Xmx2048m -Dfile.encoding=UTF-8 -Duser.country=KR -Duser.language=ko -Duser.variant 
java_command: org.gradle.launcher.daemon.bootstrap.GradleDaemon 7.4
java_class_path (initial): C:\Users\OWNER\.gradle\wrapper\dists\gradle-7.4-bin\c0gwcg53nkjbqw7r0h0umtfvt\gradle-7.4\lib\gradle-launcher-7.4.jar
Launcher Type: SUN_STANDARD

[Global flags]
     intx CICompilerCount                          = 4                                         {product} {ergonomic}
     uint ConcGCThreads                            = 2                                         {product} {ergonomic}
     uint G1ConcRefinementThreads                  = 8                                         {product} {ergonomic}
   size_t G1HeapRegionSize                         = 1048576                                   {product} {ergonomic}
    uintx GCDrainStackTargetSize                   = 64                                        {product} {ergonomic}
   size_t InitialHeapSize                          = 264241152                                 {product} {ergonomic}
   size_t MarkStackSize                            = 4194304                                   {product} {ergonomic}
   size_t MaxHeapSize                              = 2147483648                                {product} {command line}
   size_t MaxNewSize                               = 1287651328                                {product} {ergonomic}
   size_t MinHeapDeltaBytes                        = 1048576                                   {product} {ergonomic}
    uintx NonNMethodCodeHeapSize                   = 5836300                                {pd product} {ergonomic}
    uintx NonProfiledCodeHeapSize                  = 122910970                              {pd product} {ergonomic}
    uintx ProfiledCodeHeapSize                     = 122910970                              {pd product} {ergonomic}
    uintx ReservedCodeCacheSize                    = 251658240                              {pd product} {ergonomic}
     bool SegmentedCodeCache                       = true                                      {product} {ergonomic}
     bool UseCompressedClassPointers               = true                                 {lp64_product} {ergonomic}
     bool UseCompressedOops                        = true                                 {lp64_product} {ergonomic}
     bool UseG1GC                                  = true                                      {product} {ergonomic}
     bool UseLargePagesIndividualAllocation        = false                                  {pd product} {ergonomic}

Logging:
Log output configuration:
 #0: stdout all=warning uptime,level,tags
 #1: stderr all=off uptime,level,tags

Environment Variables:
JAVA_HOME=C:\Program Files\Java\jdk-14.0.2
PATH=C:\Users\OWNER\AppData\Local\Programs\Python\Python310\Scripts\;C:\Users\OWNER\AppData\Local\Programs\Python\Python310\;C:\Users\OWNER\anaconda3;C:\Users\OWNER\anaconda3\Library\mingw-w64\bin;C:\Users\OWNER\anaconda3\Library\usr\bin;C:\Users\OWNER\anaconda3\Library\bin;C:\Users\OWNER\anaconda3\Scripts;C:\Program Files\MySQL\MySQL Shell 8.0\bin\;C:\Users\OWNER\AppData\Local\Microsoft\WindowsApps;C:\Users\OWNER\.dotnet\tools;C:\Program Files\Graphviz 2.44.1\bin;C:\Users\OWNER\flutter\bin;C:\Users\OWNER\Git\cmd;C:\Windows\System32;C:\WINDOWS\System32\WindowsPowerShell\v1.0\;C:\Program Files\NVIDIA Corporation\Nsight Compute 2020.1.1\;C:\Users\OWNER\Anaconda3\Lib\site-packages\cmake\data\bin;C:\Program Files\Docker\Docker\resources\bin;C:\ProgramData\DockerDesktop\version-bin;C:\Python27;C:\Program Files\Git\cmd;C:\Program Files\Git LFS;C:\Users\OWNER\anaconda3;C:\Users\OWNER\anaconda3\Library\mingw-w64\bin;C:\Users\OWNER\anaconda3\Library\usr\bin;C:\Users\OWNER\anaconda3\Library\bin;C:\Users\OWNER\anaconda3\Scripts;C:\Users\OWNER\flutter\bin;C:\Users\OWNER\Git\cmd;C:\Users\OWNER\AppData\Local\Programs\Python\Python310\Scripts\;C:\Users\OWNER\AppData\Local\Programs\Python\Python310\;C:\Program Files\MySQL\MySQL Shell 8.0\bin\;C:\Users\OWNER\AppData\Local\Microsoft\WindowsApps;C:\Users\OWNER\.dotnet\tools;C:\Program Files\Graphviz 2.44.1\bin;C:\Users\OWNER\AppData\Local\Programs\Microsoft VS Code\bin;C:\Users\OWNER\AppData\Local\gitkraken\bin
USERNAME=OWNER
OS=Windows_NT
PROCESSOR_IDENTIFIER=Intel64 Family 6 Model 140 Stepping 1, GenuineIntel



---------------  S Y S T E M  ---------------

OS: Windows 10 , 64 bit Build 22000 (10.0.22000.1219)
OS uptime: 9 days 16:09 hours
Hyper-V role detected

CPU:total 8 (initial active 8) (4 cores per cpu, 2 threads per core) family 6 model 140 stepping 1 microcode 0x8a, cmov, cx8, fxsr, mmx, sse, sse2, sse3, ssse3, sse4.1, sse4.2, popcnt, avx, avx2, aes, clmul, erms, 3dnowpref, lzcnt, ht, tsc, tscinvbit, bmi1, bmi2, adx, evex, sha, fma

Memory: 4k page, system-wide physical 16107M (3340M free)
TotalPageFile size 31242M (AvailPageFile size 0M)
current process WorkingSet (physical memory assigned to process): 413M, peak: 413M
current process commit charge ("private bytes"): 487M, peak: 488M

vm_info: OpenJDK 64-Bit Server VM (11.0.11+9-b60-7590822) for windows-amd64 JRE (11.0.11+9-b60-7590822), built on Jul 29 2021 21:43:44 by "builder" with MS VC++ 14.0 (VS2015)

END.
