#
# There is insufficient memory for the Java Runtime Environment to continue.
# Native memory allocation (malloc) failed to allocate 1329456 bytes for Chunk::new
# Possible reasons:
#   The system is out of physical RAM or swap space
#   The process is running with CompressedOops enabled, and the Java Heap may be blocking the growth of the native heap
# Possible solutions:
#   Reduce memory load on the system
#   Increase physical memory or swap space
#   Check if swap backing store is full
#   Decrease Java heap size (-Xmx/-Xms)
#   Decrease number of Java threads
#   Decrease Java thread stack sizes (-Xss)
#   Set larger code cache with -XX:ReservedCodeCacheSize=
#   JVM is running with Unscaled Compressed Oops mode in which the Java heap is
#     placed in the first 4GB address space. The Java Heap base address is the
#     maximum limit for the native heap growth. Please use -XX:HeapBaseMinAddress
#     to set the Java Heap base and to place the Java Heap above 4GB virtual address.
# This output file may be truncated or incomplete.
#
#  Out of Memory Error (./src/hotspot/share/memory/arena.cpp:197), pid=11164, tid=9844
#
# JRE version: OpenJDK Runtime Environment (11.0.11+9) (build 11.0.11+9-b60-7590822)
# Java VM: OpenJDK 64-Bit Server VM (11.0.11+9-b60-7590822, mixed mode, tiered, compressed oops, g1 gc, windows-amd64)
# No core dump will be written. Minidumps are not enabled by default on client versions of Windows
#

---------------  S U M M A R Y ------------

Command Line: --add-opens=java.base/java.util=ALL-UNNAMED --add-opens=java.base/java.lang=ALL-UNNAMED --add-opens=java.base/java.lang.invoke=ALL-UNNAMED --add-opens=java.base/java.util=ALL-UNNAMED --add-opens=java.prefs/java.util.prefs=ALL-UNNAMED --add-opens=java.prefs/java.util.prefs=ALL-UNNAMED --add-opens=java.base/java.nio.charset=ALL-UNNAMED --add-opens=java.base/java.net=ALL-UNNAMED --add-opens=java.base/java.util.concurrent.atomic=ALL-UNNAMED -Xmx2048m -Dfile.encoding=UTF-8 -Duser.country=KR -Duser.language=ko -Duser.variant org.gradle.launcher.daemon.bootstrap.GradleDaemon 7.4

Host: 11th Gen Intel(R) Core(TM) i7-1165G7 @ 2.80GHz, 8 cores, 15G,  Windows 10 , 64 bit Build 22000 (10.0.22000.1219)
Time: Fri Dec  2 02:31:44 2022 대한민국 표준시 elapsed time: 3.275073 seconds (0d 0h 0m 3s)

---------------  T H R E A D  ---------------

Current thread (0x0000022109512000):  JavaThread "C2 CompilerThread1" daemon [_thread_in_native, id=9844, stack(0x000000a19c400000,0x000000a19c500000)]


Current CompileTask:
C2:   3275 2253       4       java.net.URLClassLoader$1::run (5 bytes)

Stack: [0x000000a19c400000,0x000000a19c500000]
Native frames: (J=compiled Java code, j=interpreted, Vv=VM code, C=native code)
V  [jvm.dll+0x5f214a]
V  [jvm.dll+0x726fb5]
V  [jvm.dll+0x7285cd]
V  [jvm.dll+0x728c83]
V  [jvm.dll+0x243278]
V  [jvm.dll+0xbc53c]
V  [jvm.dll+0xbca3c]
V  [jvm.dll+0x353e7d]
V  [jvm.dll+0x19875c]
V  [jvm.dll+0x1fc2ee]
V  [jvm.dll+0x1fb3d4]
V  [jvm.dll+0x183d6c]
V  [jvm.dll+0x209a57]
V  [jvm.dll+0x2082a1]
V  [jvm.dll+0x6ef58f]
V  [jvm.dll+0x6e80b5]
V  [jvm.dll+0x5f1036]
C  [ucrtbase.dll+0x26c0c]
C  [KERNEL32.DLL+0x15550]
C  [ntdll.dll+0x485b]


---------------  P R O C E S S  ---------------

Threads class SMR info:
_java_thread_list=0x000002210bcb8cc0, length=31, elements={
0x000002216bc60800, 0x0000022106a35800, 0x0000022106a38800, 0x0000022106aac800,
0x0000022106aaf800, 0x0000022106ab1000, 0x0000022106ab2000, 0x0000022106ab9000,
0x0000022106aba800, 0x0000022106c2b000, 0x00000221083b8800, 0x0000022107659800,
0x00000221091c5000, 0x0000022108a60800, 0x0000022108a7f000, 0x0000022109269000,
0x0000022107ace000, 0x00000221094b7000, 0x00000221094b3800, 0x0000022108e42000,
0x0000022108e43000, 0x0000022108e44800, 0x0000022108e41800, 0x0000022109512000,
0x0000022109b24800, 0x0000022108e45800, 0x0000022108e40800, 0x0000022108e46000,
0x0000022108e43800, 0x0000022108e47000, 0x000002210d260800
}

Java Threads: ( => current thread )
  0x000002216bc60800 JavaThread "main" [_thread_blocked, id=16948, stack(0x000000a199e00000,0x000000a199f00000)]
  0x0000022106a35800 JavaThread "Reference Handler" daemon [_thread_blocked, id=17724, stack(0x000000a19a500000,0x000000a19a600000)]
  0x0000022106a38800 JavaThread "Finalizer" daemon [_thread_blocked, id=14212, stack(0x000000a19a600000,0x000000a19a700000)]
  0x0000022106aac800 JavaThread "Signal Dispatcher" daemon [_thread_blocked, id=9980, stack(0x000000a19a700000,0x000000a19a800000)]
  0x0000022106aaf800 JavaThread "Attach Listener" daemon [_thread_blocked, id=16268, stack(0x000000a19a800000,0x000000a19a900000)]
  0x0000022106ab1000 JavaThread "Service Thread" daemon [_thread_blocked, id=14480, stack(0x000000a19a900000,0x000000a19aa00000)]
  0x0000022106ab2000 JavaThread "C2 CompilerThread0" daemon [_thread_in_native, id=5856, stack(0x000000a19aa00000,0x000000a19ab00000)]
  0x0000022106ab9000 JavaThread "C1 CompilerThread0" daemon [_thread_blocked, id=7524, stack(0x000000a19ab00000,0x000000a19ac00000)]
  0x0000022106aba800 JavaThread "Sweeper thread" daemon [_thread_blocked, id=14764, stack(0x000000a19ac00000,0x000000a19ad00000)]
  0x0000022106c2b000 JavaThread "Common-Cleaner" daemon [_thread_blocked, id=14472, stack(0x000000a19ad00000,0x000000a19ae00000)]
  0x00000221083b8800 JavaThread "Daemon health stats" [_thread_blocked, id=10876, stack(0x000000a19b600000,0x000000a19b700000)]
  0x0000022107659800 JavaThread "Incoming local TCP Connector on port 54138" [_thread_in_native, id=11584, stack(0x000000a19af00000,0x000000a19b000000)]
  0x00000221091c5000 JavaThread "Daemon periodic checks" [_thread_blocked, id=5344, stack(0x000000a19b500000,0x000000a19b600000)]
  0x0000022108a60800 JavaThread "Daemon" [_thread_blocked, id=16048, stack(0x000000a19b700000,0x000000a19b800000)]
  0x0000022108a7f000 JavaThread "Handler for socket connection from /127.0.0.1:54138 to /127.0.0.1:54139" [_thread_in_native, id=7728, stack(0x000000a19b800000,0x000000a19b900000)]
  0x0000022109269000 JavaThread "Cancel handler" [_thread_blocked, id=20428, stack(0x000000a19b900000,0x000000a19ba00000)]
  0x0000022107ace000 JavaThread "Daemon worker" [_thread_in_native, id=18892, stack(0x000000a19ba00000,0x000000a19bb00000)]
  0x00000221094b7000 JavaThread "Asynchronous log dispatcher for DefaultDaemonConnection: socket connection from /127.0.0.1:54138 to /127.0.0.1:54139" [_thread_blocked, id=18696, stack(0x000000a19bb00000,0x000000a19bc00000)]
  0x00000221094b3800 JavaThread "Stdin handler" [_thread_blocked, id=8856, stack(0x000000a19bc00000,0x000000a19bd00000)]
  0x0000022108e42000 JavaThread "Daemon client event forwarder" [_thread_blocked, id=7032, stack(0x000000a19bd00000,0x000000a19be00000)]
  0x0000022108e43000 JavaThread "Cache worker for journal cache (C:\Users\OWNER\.gradle\caches\journal-1)" [_thread_blocked, id=5640, stack(0x000000a19be00000,0x000000a19bf00000)]
  0x0000022108e44800 JavaThread "File lock request listener" [_thread_in_native, id=1196, stack(0x000000a19bf00000,0x000000a19c000000)]
  0x0000022108e41800 JavaThread "Cache worker for file hash cache (C:\Users\OWNER\.gradle\caches\7.4\fileHashes)" [_thread_blocked, id=13988, stack(0x000000a19c000000,0x000000a19c100000)]
=>0x0000022109512000 JavaThread "C2 CompilerThread1" daemon [_thread_in_native, id=9844, stack(0x000000a19c400000,0x000000a19c500000)]
  0x0000022109b24800 JavaThread "C2 CompilerThread2" daemon [_thread_in_native, id=17120, stack(0x000000a19c500000,0x000000a19c600000)]
  0x0000022108e45800 JavaThread "File watcher server" daemon [_thread_in_native, id=14076, stack(0x000000a19c600000,0x000000a19c700000)]
  0x0000022108e40800 JavaThread "File watcher consumer" daemon [_thread_blocked, id=11032, stack(0x000000a19c700000,0x000000a19c800000)]
  0x0000022108e46000 JavaThread "Cache worker for checksums cache (C:\Users\OWNER\Desktop\Penta1201\Penta\.gradle\7.4\checksums)" [_thread_blocked, id=10620, stack(0x000000a19c800000,0x000000a19c900000)]
  0x0000022108e43800 JavaThread "Cache worker for cache directory md-rule (C:\Users\OWNER\.gradle\caches\7.4\md-rule)" [_thread_blocked, id=16636, stack(0x000000a19c900000,0x000000a19ca00000)]
  0x0000022108e47000 JavaThread "Cache worker for file hash cache (C:\Users\OWNER\Desktop\Penta1201\Penta\.gradle\7.4\fileHashes)" [_thread_blocked, id=1404, stack(0x000000a19ca00000,0x000000a19cb00000)]
  0x000002210d260800 JavaThread "Cache worker for cache directory md-supplier (C:\Users\OWNER\.gradle\caches\7.4\md-supplier)" [_thread_blocked, id=5924, stack(0x000000a19cb00000,0x000000a19cc00000)]

Other Threads:
  0x00000221061fe800 VMThread "VM Thread" [stack: 0x000000a19a400000,0x000000a19a500000] [id=1956]
  0x0000022106c56800 WatcherThread [stack: 0x000000a19ae00000,0x000000a19af00000] [id=17388]
  0x000002216bc7a800 GCTaskThread "GC Thread#0" [stack: 0x000000a199f00000,0x000000a19a000000] [id=16072]
  0x0000022107b85000 GCTaskThread "GC Thread#1" [stack: 0x000000a19b000000,0x000000a19b100000] [id=16204]
  0x0000022107b3b000 GCTaskThread "GC Thread#2" [stack: 0x000000a19b100000,0x000000a19b200000] [id=11984]
  0x00000221078c8000 GCTaskThread "GC Thread#3" [stack: 0x000000a19b200000,0x000000a19b300000] [id=12696]
  0x00000221078c9000 GCTaskThread "GC Thread#4" [stack: 0x000000a19b300000,0x000000a19b400000] [id=7004]
  0x0000022107c37800 GCTaskThread "GC Thread#5" [stack: 0x000000a19b400000,0x000000a19b500000] [id=11824]
  0x00000221094b4000 GCTaskThread "GC Thread#6" [stack: 0x000000a19c100000,0x000000a19c200000] [id=10792]
  0x00000221092ce000 GCTaskThread "GC Thread#7" [stack: 0x000000a19c200000,0x000000a19c300000] [id=15012]
  0x000002216bcac800 ConcurrentGCThread "G1 Main Marker" [stack: 0x000000a19a000000,0x000000a19a100000] [id=1540]
  0x000002216bcae800 ConcurrentGCThread "G1 Conc#0" [stack: 0x000000a19a100000,0x000000a19a200000] [id=11136]
  0x0000022108041800 ConcurrentGCThread "G1 Conc#1" [stack: 0x000000a19c300000,0x000000a19c400000] [id=9752]
  0x0000022106081000 ConcurrentGCThread "G1 Refine#0" [stack: 0x000000a19a200000,0x000000a19a300000] [id=1572]
  0x0000022106084000 ConcurrentGCThread "G1 Young RemSet Sampling" [stack: 0x000000a19a300000,0x000000a19a400000] [id=15452]

Threads with active compile tasks:
C2 CompilerThread0   3290 2257   !   4       java.net.URL::<init> (543 bytes)
C2 CompilerThread1   3290 2253       4       java.net.URLClassLoader$1::run (5 bytes)
C2 CompilerThread2   3290 2254   !   4       java.net.URLClassLoader$1::run (63 bytes)

VM state:not at safepoint (normal execution)

VM Mutex/Monitor currently owned by a thread: None

Heap address: 0x0000000080000000, size: 2048 MB, Compressed Oops mode: 32-bit
Narrow klass base: 0x0000000000000000, Narrow klass shift: 3
Compressed class space size: 1073741824 Address: 0x0000000100000000

Heap:
 garbage-first heap   total 258048K, used 75321K [0x0000000080000000, 0x0000000100000000)
  region size 1024K, 58 young (59392K), 2 survivors (2048K)
 Metaspace       used 28948K, capacity 29628K, committed 29696K, reserved 1075200K
  class space    used 3840K, capacity 4062K, committed 4096K, reserved 1048576K
Heap Regions: E=young(eden), S=young(survivor), O=old, HS=humongous(starts), HC=humongous(continues), CS=collection set, F=free, A=archive, TAMS=top-at-mark-start (previous, next)
|   0|0x0000000080000000, 0x0000000080100000, 0x0000000080100000|100%| O|  |TAMS 0x0000000080000000, 0x0000000080000000| Untracked 
|   1|0x0000000080100000, 0x0000000080200000, 0x0000000080200000|100%| O|  |TAMS 0x0000000080100000, 0x0000000080100000| Untracked 
|   2|0x0000000080200000, 0x0000000080300000, 0x0000000080300000|100%| O|  |TAMS 0x0000000080200000, 0x0000000080200000| Untracked 
|   3|0x0000000080300000, 0x0000000080400000, 0x0000000080400000|100%|HS|  |TAMS 0x0000000080400000, 0x0000000080300000| Complete 
|   4|0x0000000080400000, 0x0000000080500000, 0x0000000080500000|100%|HC|  |TAMS 0x0000000080500000, 0x0000000080400000| Complete 
|   5|0x0000000080500000, 0x0000000080600000, 0x0000000080600000|100%|HC|  |TAMS 0x0000000080600000, 0x0000000080500000| Complete 
|   6|0x0000000080600000, 0x0000000080700000, 0x0000000080700000|100%| O|  |TAMS 0x0000000080700000, 0x0000000080600000| Untracked 
|   7|0x0000000080700000, 0x0000000080800000, 0x0000000080800000|100%| O|  |TAMS 0x0000000080800000, 0x0000000080700000| Untracked 
|   8|0x0000000080800000, 0x0000000080900000, 0x0000000080900000|100%| O|  |TAMS 0x0000000080900000, 0x0000000080800000| Untracked 
|   9|0x0000000080900000, 0x0000000080a00000, 0x0000000080a00000|100%| O|  |TAMS 0x0000000080970a00, 0x0000000080900000| Untracked 
|  10|0x0000000080a00000, 0x0000000080b00000, 0x0000000080b00000|100%| O|  |TAMS 0x0000000080a00000, 0x0000000080a00000| Untracked 
|  11|0x0000000080b00000, 0x0000000080c00000, 0x0000000080c00000|100%| O|  |TAMS 0x0000000080b00000, 0x0000000080b00000| Untracked 
|  12|0x0000000080c00000, 0x0000000080d00000, 0x0000000080d00000|100%| O|  |TAMS 0x0000000080c00000, 0x0000000080c00000| Untracked 
|  13|0x0000000080d00000, 0x0000000080e00000, 0x0000000080e00000|100%| O|  |TAMS 0x0000000080d00000, 0x0000000080d00000| Untracked 
|  14|0x0000000080e00000, 0x0000000080f00000, 0x0000000080f00000|100%| O|  |TAMS 0x0000000080e00000, 0x0000000080e00000| Untracked 
|  15|0x0000000080f00000, 0x0000000081000000, 0x0000000081000000|100%| O|  |TAMS 0x0000000080f00000, 0x0000000080f00000| Untracked 
|  16|0x0000000081000000, 0x0000000081100000, 0x0000000081100000|100%| O|  |TAMS 0x0000000081000000, 0x0000000081000000| Untracked 
|  17|0x0000000081100000, 0x000000008111cc00, 0x0000000081200000| 11%| O|  |TAMS 0x0000000081100000, 0x0000000081100000| Untracked 
|  18|0x0000000081200000, 0x0000000081200000, 0x0000000081300000|  0%| F|  |TAMS 0x0000000081200000, 0x0000000081200000| Untracked 
|  19|0x0000000081300000, 0x0000000081300000, 0x0000000081400000|  0%| F|  |TAMS 0x0000000081300000, 0x0000000081300000| Untracked 
|  20|0x0000000081400000, 0x0000000081400000, 0x0000000081500000|  0%| F|  |TAMS 0x0000000081400000, 0x0000000081400000| Untracked 
|  21|0x0000000081500000, 0x0000000081500000, 0x0000000081600000|  0%| F|  |TAMS 0x0000000081500000, 0x0000000081500000| Untracked 
|  22|0x0000000081600000, 0x0000000081600000, 0x0000000081700000|  0%| F|  |TAMS 0x0000000081600000, 0x0000000081600000| Untracked 
|  23|0x0000000081700000, 0x0000000081700000, 0x0000000081800000|  0%| F|  |TAMS 0x0000000081700000, 0x0000000081700000| Untracked 
|  24|0x0000000081800000, 0x0000000081800000, 0x0000000081900000|  0%| F|  |TAMS 0x0000000081800000, 0x0000000081800000| Untracked 
|  25|0x0000000081900000, 0x0000000081900000, 0x0000000081a00000|  0%| F|  |TAMS 0x0000000081900000, 0x0000000081900000| Untracked 
|  26|0x0000000081a00000, 0x0000000081a00000, 0x0000000081b00000|  0%| F|  |TAMS 0x0000000081a00000, 0x0000000081a00000| Untracked 
|  27|0x0000000081b00000, 0x0000000081b00000, 0x0000000081c00000|  0%| F|  |TAMS 0x0000000081b00000, 0x0000000081b00000| Untracked 
|  28|0x0000000081c00000, 0x0000000081c00000, 0x0000000081d00000|  0%| F|  |TAMS 0x0000000081c00000, 0x0000000081c00000| Untracked 
|  29|0x0000000081d00000, 0x0000000081d00000, 0x0000000081e00000|  0%| F|  |TAMS 0x0000000081d00000, 0x0000000081d00000| Untracked 
|  30|0x0000000081e00000, 0x0000000081e00000, 0x0000000081f00000|  0%| F|  |TAMS 0x0000000081e00000, 0x0000000081e00000| Untracked 
|  31|0x0000000081f00000, 0x0000000081f00000, 0x0000000082000000|  0%| F|  |TAMS 0x0000000081f00000, 0x0000000081f00000| Untracked 
|  32|0x0000000082000000, 0x0000000082000000, 0x0000000082100000|  0%| F|  |TAMS 0x0000000082000000, 0x0000000082000000| Untracked 
|  33|0x0000000082100000, 0x0000000082100000, 0x0000000082200000|  0%| F|  |TAMS 0x0000000082100000, 0x0000000082100000| Untracked 
|  34|0x0000000082200000, 0x0000000082200000, 0x0000000082300000|  0%| F|  |TAMS 0x0000000082200000, 0x0000000082200000| Untracked 
|  35|0x0000000082300000, 0x0000000082300000, 0x0000000082400000|  0%| F|  |TAMS 0x0000000082300000, 0x0000000082300000| Untracked 
|  36|0x0000000082400000, 0x0000000082400000, 0x0000000082500000|  0%| F|  |TAMS 0x0000000082400000, 0x0000000082400000| Untracked 
|  37|0x0000000082500000, 0x0000000082500000, 0x0000000082600000|  0%| F|  |TAMS 0x0000000082500000, 0x0000000082500000| Untracked 
|  38|0x0000000082600000, 0x0000000082600000, 0x0000000082700000|  0%| F|  |TAMS 0x0000000082600000, 0x0000000082600000| Untracked 
|  39|0x0000000082700000, 0x0000000082700000, 0x0000000082800000|  0%| F|  |TAMS 0x0000000082700000, 0x0000000082700000| Untracked 
|  40|0x0000000082800000, 0x0000000082800000, 0x0000000082900000|  0%| F|  |TAMS 0x0000000082800000, 0x0000000082800000| Untracked 
|  41|0x0000000082900000, 0x0000000082900000, 0x0000000082a00000|  0%| F|  |TAMS 0x0000000082900000, 0x0000000082900000| Untracked 
|  42|0x0000000082a00000, 0x0000000082a00000, 0x0000000082b00000|  0%| F|  |TAMS 0x0000000082a00000, 0x0000000082a00000| Untracked 
|  43|0x0000000082b00000, 0x0000000082b00000, 0x0000000082c00000|  0%| F|  |TAMS 0x0000000082b00000, 0x0000000082b00000| Untracked 
|  44|0x0000000082c00000, 0x0000000082c00000, 0x0000000082d00000|  0%| F|  |TAMS 0x0000000082c00000, 0x0000000082c00000| Untracked 
|  45|0x0000000082d00000, 0x0000000082d00000, 0x0000000082e00000|  0%| F|  |TAMS 0x0000000082d00000, 0x0000000082d00000| Untracked 
|  46|0x0000000082e00000, 0x0000000082e00000, 0x0000000082f00000|  0%| F|  |TAMS 0x0000000082e00000, 0x0000000082e00000| Untracked 
|  47|0x0000000082f00000, 0x0000000082f00000, 0x0000000083000000|  0%| F|  |TAMS 0x0000000082f00000, 0x0000000082f00000| Untracked 
|  48|0x0000000083000000, 0x0000000083000000, 0x0000000083100000|  0%| F|  |TAMS 0x0000000083000000, 0x0000000083000000| Untracked 
|  49|0x0000000083100000, 0x0000000083100000, 0x0000000083200000|  0%| F|  |TAMS 0x0000000083100000, 0x0000000083100000| Untracked 
|  50|0x0000000083200000, 0x0000000083200000, 0x0000000083300000|  0%| F|  |TAMS 0x0000000083200000, 0x0000000083200000| Untracked 
|  51|0x0000000083300000, 0x0000000083300000, 0x0000000083400000|  0%| F|  |TAMS 0x0000000083300000, 0x0000000083300000| Untracked 
|  52|0x0000000083400000, 0x0000000083400000, 0x0000000083500000|  0%| F|  |TAMS 0x0000000083400000, 0x0000000083400000| Untracked 
|  53|0x0000000083500000, 0x0000000083500000, 0x0000000083600000|  0%| F|  |TAMS 0x0000000083500000, 0x0000000083500000| Untracked 
|  54|0x0000000083600000, 0x0000000083600000, 0x0000000083700000|  0%| F|  |TAMS 0x0000000083600000, 0x0000000083600000| Untracked 
|  55|0x0000000083700000, 0x0000000083700000, 0x0000000083800000|  0%| F|  |TAMS 0x0000000083700000, 0x0000000083700000| Untracked 
|  56|0x0000000083800000, 0x0000000083800000, 0x0000000083900000|  0%| F|  |TAMS 0x0000000083800000, 0x0000000083800000| Untracked 
|  57|0x0000000083900000, 0x0000000083900000, 0x0000000083a00000|  0%| F|  |TAMS 0x0000000083900000, 0x0000000083900000| Untracked 
|  58|0x0000000083a00000, 0x0000000083a00000, 0x0000000083b00000|  0%| F|  |TAMS 0x0000000083a00000, 0x0000000083a00000| Untracked 
|  59|0x0000000083b00000, 0x0000000083b00000, 0x0000000083c00000|  0%| F|  |TAMS 0x0000000083b00000, 0x0000000083b00000| Untracked 
|  60|0x0000000083c00000, 0x0000000083c00000, 0x0000000083d00000|  0%| F|  |TAMS 0x0000000083c00000, 0x0000000083c00000| Untracked 
|  61|0x0000000083d00000, 0x0000000083d00000, 0x0000000083e00000|  0%| F|  |TAMS 0x0000000083d00000, 0x0000000083d00000| Untracked 
|  62|0x0000000083e00000, 0x0000000083e00000, 0x0000000083f00000|  0%| F|  |TAMS 0x0000000083e00000, 0x0000000083e00000| Untracked 
|  63|0x0000000083f00000, 0x0000000083f00000, 0x0000000084000000|  0%| F|  |TAMS 0x0000000083f00000, 0x0000000083f00000| Untracked 
|  64|0x0000000084000000, 0x0000000084000000, 0x0000000084100000|  0%| F|  |TAMS 0x0000000084000000, 0x0000000084000000| Untracked 
|  65|0x0000000084100000, 0x0000000084100000, 0x0000000084200000|  0%| F|  |TAMS 0x0000000084100000, 0x0000000084100000| Untracked 
|  66|0x0000000084200000, 0x0000000084200000, 0x0000000084300000|  0%| F|  |TAMS 0x0000000084200000, 0x0000000084200000| Untracked 
|  67|0x0000000084300000, 0x0000000084300000, 0x0000000084400000|  0%| F|  |TAMS 0x0000000084300000, 0x0000000084300000| Untracked 
|  68|0x0000000084400000, 0x0000000084400000, 0x0000000084500000|  0%| F|  |TAMS 0x0000000084400000, 0x0000000084400000| Untracked 
|  69|0x0000000084500000, 0x0000000084500000, 0x0000000084600000|  0%| F|  |TAMS 0x0000000084500000, 0x0000000084500000| Untracked 
|  70|0x0000000084600000, 0x0000000084600000, 0x0000000084700000|  0%| F|  |TAMS 0x0000000084600000, 0x0000000084600000| Untracked 
|  71|0x0000000084700000, 0x0000000084700000, 0x0000000084800000|  0%| F|  |TAMS 0x0000000084700000, 0x0000000084700000| Untracked 
|  72|0x0000000084800000, 0x0000000084800000, 0x0000000084900000|  0%| F|  |TAMS 0x0000000084800000, 0x0000000084800000| Untracked 
|  73|0x0000000084900000, 0x0000000084900000, 0x0000000084a00000|  0%| F|  |TAMS 0x0000000084900000, 0x0000000084900000| Untracked 
|  74|0x0000000084a00000, 0x0000000084a00000, 0x0000000084b00000|  0%| F|  |TAMS 0x0000000084a00000, 0x0000000084a00000| Untracked 
|  75|0x0000000084b00000, 0x0000000084b00000, 0x0000000084c00000|  0%| F|  |TAMS 0x0000000084b00000, 0x0000000084b00000| Untracked 
|  76|0x0000000084c00000, 0x0000000084c00000, 0x0000000084d00000|  0%| F|  |TAMS 0x0000000084c00000, 0x0000000084c00000| Untracked 
|  77|0x0000000084d00000, 0x0000000084d00000, 0x0000000084e00000|  0%| F|  |TAMS 0x0000000084d00000, 0x0000000084d00000| Untracked 
|  78|0x0000000084e00000, 0x0000000084e00000, 0x0000000084f00000|  0%| F|  |TAMS 0x0000000084e00000, 0x0000000084e00000| Untracked 
|  79|0x0000000084f00000, 0x0000000084f00000, 0x0000000085000000|  0%| F|  |TAMS 0x0000000084f00000, 0x0000000084f00000| Untracked 
|  80|0x0000000085000000, 0x0000000085000000, 0x0000000085100000|  0%| F|  |TAMS 0x0000000085000000, 0x0000000085000000| Untracked 
|  81|0x0000000085100000, 0x0000000085100000, 0x0000000085200000|  0%| F|  |TAMS 0x0000000085100000, 0x0000000085100000| Untracked 
|  82|0x0000000085200000, 0x0000000085200000, 0x0000000085300000|  0%| F|  |TAMS 0x0000000085200000, 0x0000000085200000| Untracked 
|  83|0x0000000085300000, 0x0000000085300000, 0x0000000085400000|  0%| F|  |TAMS 0x0000000085300000, 0x0000000085300000| Untracked 
|  84|0x0000000085400000, 0x0000000085400000, 0x0000000085500000|  0%| F|  |TAMS 0x0000000085400000, 0x0000000085400000| Untracked 
|  85|0x0000000085500000, 0x0000000085500000, 0x0000000085600000|  0%| F|  |TAMS 0x0000000085500000, 0x0000000085500000| Untracked 
|  86|0x0000000085600000, 0x0000000085600000, 0x0000000085700000|  0%| F|  |TAMS 0x0000000085600000, 0x0000000085600000| Untracked 
|  87|0x0000000085700000, 0x0000000085700000, 0x0000000085800000|  0%| F|  |TAMS 0x0000000085700000, 0x0000000085700000| Untracked 
|  88|0x0000000085800000, 0x0000000085800000, 0x0000000085900000|  0%| F|  |TAMS 0x0000000085800000, 0x0000000085800000| Untracked 
|  89|0x0000000085900000, 0x0000000085900000, 0x0000000085a00000|  0%| F|  |TAMS 0x0000000085900000, 0x0000000085900000| Untracked 
|  90|0x0000000085a00000, 0x0000000085a00000, 0x0000000085b00000|  0%| F|  |TAMS 0x0000000085a00000, 0x0000000085a00000| Untracked 
|  91|0x0000000085b00000, 0x0000000085b00000, 0x0000000085c00000|  0%| F|  |TAMS 0x0000000085b00000, 0x0000000085b00000| Untracked 
|  92|0x0000000085c00000, 0x0000000085c00000, 0x0000000085d00000|  0%| F|  |TAMS 0x0000000085c00000, 0x0000000085c00000| Untracked 
|  93|0x0000000085d00000, 0x0000000085d00000, 0x0000000085e00000|  0%| F|  |TAMS 0x0000000085d00000, 0x0000000085d00000| Untracked 
|  94|0x0000000085e00000, 0x0000000085e00000, 0x0000000085f00000|  0%| F|  |TAMS 0x0000000085e00000, 0x0000000085e00000| Untracked 
|  95|0x0000000085f00000, 0x0000000085f00000, 0x0000000086000000|  0%| F|  |TAMS 0x0000000085f00000, 0x0000000085f00000| Untracked 
|  96|0x0000000086000000, 0x0000000086000000, 0x0000000086100000|  0%| F|  |TAMS 0x0000000086000000, 0x0000000086000000| Untracked 
|  97|0x0000000086100000, 0x0000000086100000, 0x0000000086200000|  0%| F|  |TAMS 0x0000000086100000, 0x0000000086100000| Untracked 
|  98|0x0000000086200000, 0x0000000086200000, 0x0000000086300000|  0%| F|  |TAMS 0x0000000086200000, 0x0000000086200000| Untracked 
|  99|0x0000000086300000, 0x0000000086300000, 0x0000000086400000|  0%| F|  |TAMS 0x0000000086300000, 0x0000000086300000| Untracked 
| 100|0x0000000086400000, 0x0000000086400000, 0x0000000086500000|  0%| F|  |TAMS 0x0000000086400000, 0x0000000086400000| Untracked 
| 101|0x0000000086500000, 0x0000000086500000, 0x0000000086600000|  0%| F|  |TAMS 0x0000000086500000, 0x0000000086500000| Untracked 
| 102|0x0000000086600000, 0x0000000086600000, 0x0000000086700000|  0%| F|  |TAMS 0x0000000086600000, 0x0000000086600000| Untracked 
| 103|0x0000000086700000, 0x0000000086700000, 0x0000000086800000|  0%| F|  |TAMS 0x0000000086700000, 0x0000000086700000| Untracked 
| 104|0x0000000086800000, 0x0000000086800000, 0x0000000086900000|  0%| F|  |TAMS 0x0000000086800000, 0x0000000086800000| Untracked 
| 105|0x0000000086900000, 0x0000000086900000, 0x0000000086a00000|  0%| F|  |TAMS 0x0000000086900000, 0x0000000086900000| Untracked 
| 106|0x0000000086a00000, 0x0000000086a00000, 0x0000000086b00000|  0%| F|  |TAMS 0x0000000086a00000, 0x0000000086a00000| Untracked 
| 107|0x0000000086b00000, 0x0000000086b00000, 0x0000000086c00000|  0%| F|  |TAMS 0x0000000086b00000, 0x0000000086b00000| Untracked 
| 108|0x0000000086c00000, 0x0000000086c00000, 0x0000000086d00000|  0%| F|  |TAMS 0x0000000086c00000, 0x0000000086c00000| Untracked 
| 109|0x0000000086d00000, 0x0000000086d00000, 0x0000000086e00000|  0%| F|  |TAMS 0x0000000086d00000, 0x0000000086d00000| Untracked 
| 110|0x0000000086e00000, 0x0000000086e00000, 0x0000000086f00000|  0%| F|  |TAMS 0x0000000086e00000, 0x0000000086e00000| Untracked 
| 111|0x0000000086f00000, 0x0000000086f00000, 0x0000000087000000|  0%| F|  |TAMS 0x0000000086f00000, 0x0000000086f00000| Untracked 
| 112|0x0000000087000000, 0x0000000087000000, 0x0000000087100000|  0%| F|  |TAMS 0x0000000087000000, 0x0000000087000000| Untracked 
| 113|0x0000000087100000, 0x0000000087100000, 0x0000000087200000|  0%| F|  |TAMS 0x0000000087100000, 0x0000000087100000| Untracked 
| 114|0x0000000087200000, 0x0000000087200000, 0x0000000087300000|  0%| F|  |TAMS 0x0000000087200000, 0x0000000087200000| Untracked 
| 115|0x0000000087300000, 0x0000000087300000, 0x0000000087400000|  0%| F|  |TAMS 0x0000000087300000, 0x0000000087300000| Untracked 
| 116|0x0000000087400000, 0x0000000087400000, 0x0000000087500000|  0%| F|  |TAMS 0x0000000087400000, 0x0000000087400000| Untracked 
| 117|0x0000000087500000, 0x0000000087500000, 0x0000000087600000|  0%| F|  |TAMS 0x0000000087500000, 0x0000000087500000| Untracked 
| 118|0x0000000087600000, 0x0000000087600000, 0x0000000087700000|  0%| F|  |TAMS 0x0000000087600000, 0x0000000087600000| Untracked 
| 119|0x0000000087700000, 0x0000000087700000, 0x0000000087800000|  0%| F|  |TAMS 0x0000000087700000, 0x0000000087700000| Untracked 
| 120|0x0000000087800000, 0x0000000087800000, 0x0000000087900000|  0%| F|  |TAMS 0x0000000087800000, 0x0000000087800000| Untracked 
| 121|0x0000000087900000, 0x0000000087900000, 0x0000000087a00000|  0%| F|  |TAMS 0x0000000087900000, 0x0000000087900000| Untracked 
| 122|0x0000000087a00000, 0x0000000087a00000, 0x0000000087b00000|  0%| F|  |TAMS 0x0000000087a00000, 0x0000000087a00000| Untracked 
| 123|0x0000000087b00000, 0x0000000087b00000, 0x0000000087c00000|  0%| F|  |TAMS 0x0000000087b00000, 0x0000000087b00000| Untracked 
| 124|0x0000000087c00000, 0x0000000087c00000, 0x0000000087d00000|  0%| F|  |TAMS 0x0000000087c00000, 0x0000000087c00000| Untracked 
| 125|0x0000000087d00000, 0x0000000087d00000, 0x0000000087e00000|  0%| F|  |TAMS 0x0000000087d00000, 0x0000000087d00000| Untracked 
| 126|0x0000000087e00000, 0x0000000087e00000, 0x0000000087f00000|  0%| F|  |TAMS 0x0000000087e00000, 0x0000000087e00000| Untracked 
| 127|0x0000000087f00000, 0x0000000087f00000, 0x0000000088000000|  0%| F|  |TAMS 0x0000000087f00000, 0x0000000087f00000| Untracked 
| 128|0x0000000088000000, 0x0000000088000000, 0x0000000088100000|  0%| F|  |TAMS 0x0000000088000000, 0x0000000088000000| Untracked 
| 129|0x0000000088100000, 0x0000000088100000, 0x0000000088200000|  0%| F|  |TAMS 0x0000000088100000, 0x0000000088100000| Untracked 
| 130|0x0000000088200000, 0x0000000088200000, 0x0000000088300000|  0%| F|  |TAMS 0x0000000088200000, 0x0000000088200000| Untracked 
| 131|0x0000000088300000, 0x0000000088300000, 0x0000000088400000|  0%| F|  |TAMS 0x0000000088300000, 0x0000000088300000| Untracked 
| 132|0x0000000088400000, 0x0000000088400000, 0x0000000088500000|  0%| F|  |TAMS 0x0000000088400000, 0x0000000088400000| Untracked 
| 133|0x0000000088500000, 0x0000000088500000, 0x0000000088600000|  0%| F|  |TAMS 0x0000000088500000, 0x0000000088500000| Untracked 
| 134|0x0000000088600000, 0x0000000088600000, 0x0000000088700000|  0%| F|  |TAMS 0x0000000088600000, 0x0000000088600000| Untracked 
| 135|0x0000000088700000, 0x0000000088700000, 0x0000000088800000|  0%| F|  |TAMS 0x0000000088700000, 0x0000000088700000| Untracked 
| 136|0x0000000088800000, 0x0000000088800000, 0x0000000088900000|  0%| F|  |TAMS 0x0000000088800000, 0x0000000088800000| Untracked 
| 137|0x0000000088900000, 0x0000000088900000, 0x0000000088a00000|  0%| F|  |TAMS 0x0000000088900000, 0x0000000088900000| Untracked 
| 138|0x0000000088a00000, 0x0000000088a00000, 0x0000000088b00000|  0%| F|  |TAMS 0x0000000088a00000, 0x0000000088a00000| Untracked 
| 139|0x0000000088b00000, 0x0000000088b00000, 0x0000000088c00000|  0%| F|  |TAMS 0x0000000088b00000, 0x0000000088b00000| Untracked 
| 140|0x0000000088c00000, 0x0000000088c00000, 0x0000000088d00000|  0%| F|  |TAMS 0x0000000088c00000, 0x0000000088c00000| Untracked 
| 141|0x0000000088d00000, 0x0000000088d00000, 0x0000000088e00000|  0%| F|  |TAMS 0x0000000088d00000, 0x0000000088d00000| Untracked 
| 142|0x0000000088e00000, 0x0000000088e00000, 0x0000000088f00000|  0%| F|  |TAMS 0x0000000088e00000, 0x0000000088e00000| Untracked 
| 143|0x0000000088f00000, 0x0000000088f00000, 0x0000000089000000|  0%| F|  |TAMS 0x0000000088f00000, 0x0000000088f00000| Untracked 
| 144|0x0000000089000000, 0x0000000089000000, 0x0000000089100000|  0%| F|  |TAMS 0x0000000089000000, 0x0000000089000000| Untracked 
| 145|0x0000000089100000, 0x0000000089100000, 0x0000000089200000|  0%| F|  |TAMS 0x0000000089100000, 0x0000000089100000| Untracked 
| 146|0x0000000089200000, 0x0000000089200000, 0x0000000089300000|  0%| F|  |TAMS 0x0000000089200000, 0x0000000089200000| Untracked 
| 147|0x0000000089300000, 0x0000000089300000, 0x0000000089400000|  0%| F|  |TAMS 0x0000000089300000, 0x0000000089300000| Untracked 
| 148|0x0000000089400000, 0x0000000089400000, 0x0000000089500000|  0%| F|  |TAMS 0x0000000089400000, 0x0000000089400000| Untracked 
| 149|0x0000000089500000, 0x0000000089500000, 0x0000000089600000|  0%| F|  |TAMS 0x0000000089500000, 0x0000000089500000| Untracked 
| 150|0x0000000089600000, 0x0000000089600000, 0x0000000089700000|  0%| F|  |TAMS 0x0000000089600000, 0x0000000089600000| Untracked 
| 151|0x0000000089700000, 0x0000000089700000, 0x0000000089800000|  0%| F|  |TAMS 0x0000000089700000, 0x0000000089700000| Untracked 
| 152|0x0000000089800000, 0x0000000089800000, 0x0000000089900000|  0%| F|  |TAMS 0x0000000089800000, 0x0000000089800000| Untracked 
| 153|0x0000000089900000, 0x0000000089900000, 0x0000000089a00000|  0%| F|  |TAMS 0x0000000089900000, 0x0000000089900000| Untracked 
| 154|0x0000000089a00000, 0x0000000089a00000, 0x0000000089b00000|  0%| F|  |TAMS 0x0000000089a00000, 0x0000000089a00000| Untracked 
| 155|0x0000000089b00000, 0x0000000089b00000, 0x0000000089c00000|  0%| F|  |TAMS 0x0000000089b00000, 0x0000000089b00000| Untracked 
| 156|0x0000000089c00000, 0x0000000089c00000, 0x0000000089d00000|  0%| F|  |TAMS 0x0000000089c00000, 0x0000000089c00000| Untracked 
| 157|0x0000000089d00000, 0x0000000089d00000, 0x0000000089e00000|  0%| F|  |TAMS 0x0000000089d00000, 0x0000000089d00000| Untracked 
| 158|0x0000000089e00000, 0x0000000089e00000, 0x0000000089f00000|  0%| F|  |TAMS 0x0000000089e00000, 0x0000000089e00000| Untracked 
| 159|0x0000000089f00000, 0x0000000089f00000, 0x000000008a000000|  0%| F|  |TAMS 0x0000000089f00000, 0x0000000089f00000| Untracked 
| 160|0x000000008a000000, 0x000000008a000000, 0x000000008a100000|  0%| F|  |TAMS 0x000000008a000000, 0x000000008a000000| Untracked 
| 161|0x000000008a100000, 0x000000008a100000, 0x000000008a200000|  0%| F|  |TAMS 0x000000008a100000, 0x000000008a100000| Untracked 
| 162|0x000000008a200000, 0x000000008a200000, 0x000000008a300000|  0%| F|  |TAMS 0x000000008a200000, 0x000000008a200000| Untracked 
| 163|0x000000008a300000, 0x000000008a300000, 0x000000008a400000|  0%| F|  |TAMS 0x000000008a300000, 0x000000008a300000| Untracked 
| 164|0x000000008a400000, 0x000000008a400000, 0x000000008a500000|  0%| F|  |TAMS 0x000000008a400000, 0x000000008a400000| Untracked 
| 165|0x000000008a500000, 0x000000008a500000, 0x000000008a600000|  0%| F|  |TAMS 0x000000008a500000, 0x000000008a500000| Untracked 
| 166|0x000000008a600000, 0x000000008a600000, 0x000000008a700000|  0%| F|  |TAMS 0x000000008a600000, 0x000000008a600000| Untracked 
| 167|0x000000008a700000, 0x000000008a700000, 0x000000008a800000|  0%| F|  |TAMS 0x000000008a700000, 0x000000008a700000| Untracked 
| 168|0x000000008a800000, 0x000000008a800000, 0x000000008a900000|  0%| F|  |TAMS 0x000000008a800000, 0x000000008a800000| Untracked 
| 169|0x000000008a900000, 0x000000008a900000, 0x000000008aa00000|  0%| F|  |TAMS 0x000000008a900000, 0x000000008a900000| Untracked 
| 170|0x000000008aa00000, 0x000000008aa00000, 0x000000008ab00000|  0%| F|  |TAMS 0x000000008aa00000, 0x000000008aa00000| Untracked 
| 171|0x000000008ab00000, 0x000000008ab00000, 0x000000008ac00000|  0%| F|  |TAMS 0x000000008ab00000, 0x000000008ab00000| Untracked 
| 172|0x000000008ac00000, 0x000000008ac00000, 0x000000008ad00000|  0%| F|  |TAMS 0x000000008ac00000, 0x000000008ac00000| Untracked 
| 173|0x000000008ad00000, 0x000000008ad00000, 0x000000008ae00000|  0%| F|  |TAMS 0x000000008ad00000, 0x000000008ad00000| Untracked 
| 174|0x000000008ae00000, 0x000000008ae00000, 0x000000008af00000|  0%| F|  |TAMS 0x000000008ae00000, 0x000000008ae00000| Untracked 
| 175|0x000000008af00000, 0x000000008af00000, 0x000000008b000000|  0%| F|  |TAMS 0x000000008af00000, 0x000000008af00000| Untracked 
| 176|0x000000008b000000, 0x000000008b000000, 0x000000008b100000|  0%| F|  |TAMS 0x000000008b000000, 0x000000008b000000| Untracked 
| 177|0x000000008b100000, 0x000000008b100000, 0x000000008b200000|  0%| F|  |TAMS 0x000000008b100000, 0x000000008b100000| Untracked 
| 178|0x000000008b200000, 0x000000008b200000, 0x000000008b300000|  0%| F|  |TAMS 0x000000008b200000, 0x000000008b200000| Untracked 
| 179|0x000000008b300000, 0x000000008b300000, 0x000000008b400000|  0%| F|  |TAMS 0x000000008b300000, 0x000000008b300000| Untracked 
| 180|0x000000008b400000, 0x000000008b400000, 0x000000008b500000|  0%| F|  |TAMS 0x000000008b400000, 0x000000008b400000| Untracked 
| 181|0x000000008b500000, 0x000000008b500000, 0x000000008b600000|  0%| F|  |TAMS 0x000000008b500000, 0x000000008b500000| Untracked 
| 182|0x000000008b600000, 0x000000008b600000, 0x000000008b700000|  0%| F|  |TAMS 0x000000008b600000, 0x000000008b600000| Untracked 
| 183|0x000000008b700000, 0x000000008b700000, 0x000000008b800000|  0%| F|  |TAMS 0x000000008b700000, 0x000000008b700000| Untracked 
| 184|0x000000008b800000, 0x000000008b800000, 0x000000008b900000|  0%| F|  |TAMS 0x000000008b800000, 0x000000008b800000| Untracked 
| 185|0x000000008b900000, 0x000000008b900000, 0x000000008ba00000|  0%| F|  |TAMS 0x000000008b900000, 0x000000008b900000| Untracked 
| 186|0x000000008ba00000, 0x000000008ba00000, 0x000000008bb00000|  0%| F|  |TAMS 0x000000008ba00000, 0x000000008ba00000| Untracked 
| 187|0x000000008bb00000, 0x000000008bb00000, 0x000000008bc00000|  0%| F|  |TAMS 0x000000008bb00000, 0x000000008bb00000| Untracked 
| 188|0x000000008bc00000, 0x000000008bc00000, 0x000000008bd00000|  0%| F|  |TAMS 0x000000008bc00000, 0x000000008bc00000| Untracked 
| 189|0x000000008bd00000, 0x000000008bd00000, 0x000000008be00000|  0%| F|  |TAMS 0x000000008bd00000, 0x000000008bd00000| Untracked 
| 190|0x000000008be00000, 0x000000008be00000, 0x000000008bf00000|  0%| F|  |TAMS 0x000000008be00000, 0x000000008be00000| Untracked 
| 191|0x000000008bf00000, 0x000000008bf00000, 0x000000008c000000|  0%| F|  |TAMS 0x000000008bf00000, 0x000000008bf00000| Untracked 
| 192|0x000000008c000000, 0x000000008c000000, 0x000000008c100000|  0%| F|  |TAMS 0x000000008c000000, 0x000000008c000000| Untracked 
| 193|0x000000008c100000, 0x000000008c100000, 0x000000008c200000|  0%| F|  |TAMS 0x000000008c100000, 0x000000008c100000| Untracked 
| 194|0x000000008c200000, 0x000000008c300000, 0x000000008c300000|100%| E|  |TAMS 0x000000008c200000, 0x000000008c200000| Complete 
| 195|0x000000008c300000, 0x000000008c400000, 0x000000008c400000|100%| E|CS|TAMS 0x000000008c300000, 0x000000008c300000| Complete 
| 196|0x000000008c400000, 0x000000008c500000, 0x000000008c500000|100%| E|CS|TAMS 0x000000008c400000, 0x000000008c400000| Complete 
| 197|0x000000008c500000, 0x000000008c600000, 0x000000008c600000|100%| E|CS|TAMS 0x000000008c500000, 0x000000008c500000| Complete 
| 198|0x000000008c600000, 0x000000008c700000, 0x000000008c700000|100%| E|CS|TAMS 0x000000008c600000, 0x000000008c600000| Complete 
| 199|0x000000008c700000, 0x000000008c800000, 0x000000008c800000|100%| E|CS|TAMS 0x000000008c700000, 0x000000008c700000| Complete 
| 200|0x000000008c800000, 0x000000008c900000, 0x000000008c900000|100%| E|CS|TAMS 0x000000008c800000, 0x000000008c800000| Complete 
| 201|0x000000008c900000, 0x000000008ca00000, 0x000000008ca00000|100%| E|CS|TAMS 0x000000008c900000, 0x000000008c900000| Complete 
| 202|0x000000008ca00000, 0x000000008cb00000, 0x000000008cb00000|100%| E|CS|TAMS 0x000000008ca00000, 0x000000008ca00000| Complete 
| 203|0x000000008cb00000, 0x000000008cc00000, 0x000000008cc00000|100%| E|CS|TAMS 0x000000008cb00000, 0x000000008cb00000| Complete 
| 204|0x000000008cc00000, 0x000000008cd00000, 0x000000008cd00000|100%| E|CS|TAMS 0x000000008cc00000, 0x000000008cc00000| Complete 
| 205|0x000000008cd00000, 0x000000008ce00000, 0x000000008ce00000|100%| E|CS|TAMS 0x000000008cd00000, 0x000000008cd00000| Complete 
| 206|0x000000008ce00000, 0x000000008cf00000, 0x000000008cf00000|100%| E|CS|TAMS 0x000000008ce00000, 0x000000008ce00000| Complete 
| 207|0x000000008cf00000, 0x000000008d000000, 0x000000008d000000|100%| E|CS|TAMS 0x000000008cf00000, 0x000000008cf00000| Complete 
| 208|0x000000008d000000, 0x000000008d100000, 0x000000008d100000|100%| E|CS|TAMS 0x000000008d000000, 0x000000008d000000| Complete 
| 209|0x000000008d100000, 0x000000008d200000, 0x000000008d200000|100%| E|CS|TAMS 0x000000008d100000, 0x000000008d100000| Complete 
| 210|0x000000008d200000, 0x000000008d300000, 0x000000008d300000|100%| E|CS|TAMS 0x000000008d200000, 0x000000008d200000| Complete 
| 211|0x000000008d300000, 0x000000008d400000, 0x000000008d400000|100%| E|CS|TAMS 0x000000008d300000, 0x000000008d300000| Complete 
| 212|0x000000008d400000, 0x000000008d500000, 0x000000008d500000|100%| E|CS|TAMS 0x000000008d400000, 0x000000008d400000| Complete 
| 213|0x000000008d500000, 0x000000008d600000, 0x000000008d600000|100%| E|CS|TAMS 0x000000008d500000, 0x000000008d500000| Complete 
| 214|0x000000008d600000, 0x000000008d700000, 0x000000008d700000|100%| E|CS|TAMS 0x000000008d600000, 0x000000008d600000| Complete 
| 215|0x000000008d700000, 0x000000008d800000, 0x000000008d800000|100%| E|CS|TAMS 0x000000008d700000, 0x000000008d700000| Complete 
| 216|0x000000008d800000, 0x000000008d900000, 0x000000008d900000|100%| E|CS|TAMS 0x000000008d800000, 0x000000008d800000| Complete 
| 217|0x000000008d900000, 0x000000008da00000, 0x000000008da00000|100%| E|CS|TAMS 0x000000008d900000, 0x000000008d900000| Complete 
| 218|0x000000008da00000, 0x000000008db00000, 0x000000008db00000|100%| E|CS|TAMS 0x000000008da00000, 0x000000008da00000| Complete 
| 219|0x000000008db00000, 0x000000008dc00000, 0x000000008dc00000|100%| E|CS|TAMS 0x000000008db00000, 0x000000008db00000| Complete 
| 220|0x000000008dc00000, 0x000000008dd00000, 0x000000008dd00000|100%| E|CS|TAMS 0x000000008dc00000, 0x000000008dc00000| Complete 
| 221|0x000000008dd00000, 0x000000008de00000, 0x000000008de00000|100%| E|CS|TAMS 0x000000008dd00000, 0x000000008dd00000| Complete 
| 222|0x000000008de00000, 0x000000008df00000, 0x000000008df00000|100%| E|CS|TAMS 0x000000008de00000, 0x000000008de00000| Complete 
| 223|0x000000008df00000, 0x000000008df71b40, 0x000000008e000000| 44%| S|CS|TAMS 0x000000008df00000, 0x000000008df00000| Complete 
| 224|0x000000008e000000, 0x000000008e100000, 0x000000008e100000|100%| S|CS|TAMS 0x000000008e000000, 0x000000008e000000| Complete 
| 225|0x000000008e100000, 0x000000008e200000, 0x000000008e200000|100%| E|CS|TAMS 0x000000008e100000, 0x000000008e100000| Complete 
| 226|0x000000008e200000, 0x000000008e300000, 0x000000008e300000|100%| E|CS|TAMS 0x000000008e200000, 0x000000008e200000| Complete 
| 227|0x000000008e300000, 0x000000008e400000, 0x000000008e400000|100%| E|CS|TAMS 0x000000008e300000, 0x000000008e300000| Complete 
| 228|0x000000008e400000, 0x000000008e500000, 0x000000008e500000|100%| E|CS|TAMS 0x000000008e400000, 0x000000008e400000| Complete 
| 229|0x000000008e500000, 0x000000008e600000, 0x000000008e600000|100%| E|CS|TAMS 0x000000008e500000, 0x000000008e500000| Complete 
| 230|0x000000008e600000, 0x000000008e700000, 0x000000008e700000|100%| E|CS|TAMS 0x000000008e600000, 0x000000008e600000| Complete 
| 231|0x000000008e700000, 0x000000008e800000, 0x000000008e800000|100%| E|CS|TAMS 0x000000008e700000, 0x000000008e700000| Complete 
| 232|0x000000008e800000, 0x000000008e900000, 0x000000008e900000|100%| E|CS|TAMS 0x000000008e800000, 0x000000008e800000| Complete 
| 233|0x000000008e900000, 0x000000008ea00000, 0x000000008ea00000|100%| E|CS|TAMS 0x000000008e900000, 0x000000008e900000| Complete 
| 234|0x000000008ea00000, 0x000000008eb00000, 0x000000008eb00000|100%| E|CS|TAMS 0x000000008ea00000, 0x000000008ea00000| Complete 
| 235|0x000000008eb00000, 0x000000008ec00000, 0x000000008ec00000|100%| E|CS|TAMS 0x000000008eb00000, 0x000000008eb00000| Complete 
| 236|0x000000008ec00000, 0x000000008ed00000, 0x000000008ed00000|100%| E|CS|TAMS 0x000000008ec00000, 0x000000008ec00000| Complete 
| 237|0x000000008ed00000, 0x000000008ee00000, 0x000000008ee00000|100%| E|CS|TAMS 0x000000008ed00000, 0x000000008ed00000| Complete 
| 238|0x000000008ee00000, 0x000000008ef00000, 0x000000008ef00000|100%| E|CS|TAMS 0x000000008ee00000, 0x000000008ee00000| Complete 
| 239|0x000000008ef00000, 0x000000008f000000, 0x000000008f000000|100%| E|CS|TAMS 0x000000008ef00000, 0x000000008ef00000| Complete 
| 240|0x000000008f000000, 0x000000008f100000, 0x000000008f100000|100%| E|CS|TAMS 0x000000008f000000, 0x000000008f000000| Complete 
| 241|0x000000008f100000, 0x000000008f200000, 0x000000008f200000|100%| E|CS|TAMS 0x000000008f100000, 0x000000008f100000| Complete 
| 242|0x000000008f200000, 0x000000008f300000, 0x000000008f300000|100%| E|CS|TAMS 0x000000008f200000, 0x000000008f200000| Complete 
| 243|0x000000008f300000, 0x000000008f400000, 0x000000008f400000|100%| E|CS|TAMS 0x000000008f300000, 0x000000008f300000| Complete 
| 244|0x000000008f400000, 0x000000008f500000, 0x000000008f500000|100%| E|CS|TAMS 0x000000008f400000, 0x000000008f400000| Complete 
| 245|0x000000008f500000, 0x000000008f600000, 0x000000008f600000|100%| E|CS|TAMS 0x000000008f500000, 0x000000008f500000| Complete 
| 246|0x000000008f600000, 0x000000008f700000, 0x000000008f700000|100%| E|CS|TAMS 0x000000008f600000, 0x000000008f600000| Complete 
| 247|0x000000008f700000, 0x000000008f800000, 0x000000008f800000|100%| E|CS|TAMS 0x000000008f700000, 0x000000008f700000| Complete 
| 248|0x000000008f800000, 0x000000008f900000, 0x000000008f900000|100%| E|CS|TAMS 0x000000008f800000, 0x000000008f800000| Complete 
| 249|0x000000008f900000, 0x000000008fa00000, 0x000000008fa00000|100%| E|CS|TAMS 0x000000008f900000, 0x000000008f900000| Complete 
| 250|0x000000008fa00000, 0x000000008fb00000, 0x000000008fb00000|100%| E|CS|TAMS 0x000000008fa00000, 0x000000008fa00000| Complete 
| 251|0x000000008fb00000, 0x000000008fc00000, 0x000000008fc00000|100%| E|CS|TAMS 0x000000008fb00000, 0x000000008fb00000| Complete 

Card table byte_map: [0x000002217eea0000,0x000002217f2a0000] _byte_map_base: 0x000002217eaa0000

Marking Bits (Prev, Next): (CMBitMap*) 0x000002216bca3ac0, (CMBitMap*) 0x000002216bca3a88
 Prev Bits: [0x0000022102000000, 0x0000022104000000)
 Next Bits: [0x0000022100000000, 0x0000022102000000)

Polling page: 0x000002216b440000

Metaspace:

Usage:
  Non-class:     25.03 MB capacity,    24.59 MB ( 98%) used,   391.53 KB (  2%) free+waste,    57.75 KB ( <1%) overhead. 
      Class:      4.00 MB capacity,     3.77 MB ( 94%) used,   210.27 KB (  5%) free+waste,    29.19 KB ( <1%) overhead. 
       Both:     29.03 MB capacity,    28.36 MB ( 98%) used,   601.80 KB (  2%) free+waste,    86.94 KB ( <1%) overhead. 

Virtual space:
  Non-class space:       26.00 MB reserved,      25.25 MB ( 97%) committed 
      Class space:        1.00 GB reserved,       4.00 MB ( <1%) committed 
             Both:        1.03 GB reserved,      29.25 MB (  3%) committed 

Chunk freelists:
   Non-Class:  30.00 KB
       Class:  0 bytes
        Both:  29.00 KB

MaxMetaspaceSize: 17179869184.00 GB
CompressedClassSpaceSize: 1.00 GB

CodeHeap 'non-profiled nmethods': size=120000Kb used=1185Kb max_used=1185Kb free=118814Kb
 bounds [0x0000022177230000, 0x00000221774a0000, 0x000002217e760000]
CodeHeap 'profiled nmethods': size=120000Kb used=5205Kb max_used=5205Kb free=114794Kb
 bounds [0x000002216fd00000, 0x0000022170220000, 0x0000022177230000]
CodeHeap 'non-nmethods': size=5760Kb used=1175Kb max_used=1208Kb free=4584Kb
 bounds [0x000002216f760000, 0x000002216f9d0000, 0x000002216fd00000]
 total_blobs=2901 nmethods=2395 adapters=417
 compilation: enabled
              stopped_count=0, restarted_count=0
 full_count=0

Compilation events (20 events):
Event: 3.255 Thread 0x0000022106ab9000 2365       3       jdk.internal.org.objectweb.asm.AnnotationWriter::put (109 bytes)
Event: 3.256 Thread 0x0000022106ab9000 nmethod 2365 0x0000022170200d90 code [0x0000022170200fa0, 0x00000221702013d8]
Event: 3.257 Thread 0x0000022106ab9000 2366       3       java.lang.ThreadLocal$ThreadLocalMap::nextIndex (15 bytes)
Event: 3.257 Thread 0x0000022106ab9000 nmethod 2366 0x0000022170201610 code [0x00000221702017c0, 0x00000221702018f8]
Event: 3.257 Thread 0x0000022106ab9000 2368       3       com.google.common.cache.LongAdder::<init> (5 bytes)
Event: 3.257 Thread 0x0000022106ab9000 nmethod 2368 0x0000022170201990 code [0x0000022170201b60, 0x0000022170201d78]
Event: 3.257 Thread 0x0000022106ab9000 2367       1       com.google.common.cache.CacheBuilder::getStatsCounterSupplier (5 bytes)
Event: 3.257 Thread 0x0000022106ab9000 nmethod 2367 0x0000022177357590 code [0x0000022177357740, 0x00000221773577f8]
Event: 3.259 Thread 0x0000022106ab9000 2369       3       java.util.LinkedHashMap::<init> (11 bytes)
Event: 3.259 Thread 0x0000022106ab9000 nmethod 2369 0x0000022170201e90 code [0x0000022170202080, 0x0000022170202228]
Event: 3.263 Thread 0x0000022106ab9000 2370       3       java.lang.reflect.ProxyGenerator$MethodInfo::<init> (86 bytes)
Event: 3.264 Thread 0x0000022106ab9000 nmethod 2370 0x0000022170202310 code [0x00000221702025c0, 0x00000221702031a8]
Event: 3.264 Thread 0x0000022106ab9000 2371       3       java.lang.reflect.ProxyGenerator::codeClassForName (41 bytes)
Event: 3.264 Thread 0x0000022106ab9000 nmethod 2371 0x0000022170203690 code [0x0000022170203a00, 0x0000022170204dd8]
Event: 3.265 Thread 0x0000022106ab9000 2372       3       java.lang.reflect.ProxyGenerator::code_astore (11 bytes)
Event: 3.265 Thread 0x0000022106ab9000 nmethod 2372 0x0000022170205690 code [0x0000022170205840, 0x0000022170205988]
Event: 3.271 Thread 0x0000022106ab9000 2373       3       java.util.concurrent.locks.ReentrantLock::unlock (10 bytes)
Event: 3.272 Thread 0x0000022106ab9000 nmethod 2373 0x0000022170205a10 code [0x0000022170205be0, 0x0000022170205f18]
Event: 3.272 Thread 0x0000022106ab9000 2374       3       com.google.common.base.MoreObjects::firstNonNull (22 bytes)
Event: 3.272 Thread 0x0000022106ab9000 nmethod 2374 0x0000022170206090 code [0x0000022170206260, 0x0000022170206488]

GC Heap History (6 events):
Event: 0.516 GC heap before
{Heap before GC invocations=0 (full 0):
 garbage-first heap   total 258048K, used 30720K [0x0000000080000000, 0x0000000100000000)
  region size 1024K, 24 young (24576K), 0 survivors (0K)
 Metaspace       used 10103K, capacity 10339K, committed 10624K, reserved 1058816K
  class space    used 1053K, capacity 1106K, committed 1152K, reserved 1048576K
}
Event: 0.520 GC heap after
{Heap after GC invocations=1 (full 0):
 garbage-first heap   total 258048K, used 9666K [0x0000000080000000, 0x0000000100000000)
  region size 1024K, 3 young (3072K), 3 survivors (3072K)
 Metaspace       used 10103K, capacity 10339K, committed 10624K, reserved 1058816K
  class space    used 1053K, capacity 1106K, committed 1152K, reserved 1048576K
}
Event: 2.672 GC heap before
{Heap before GC invocations=1 (full 0):
 garbage-first heap   total 258048K, used 113090K [0x0000000080000000, 0x0000000100000000)
  region size 1024K, 105 young (107520K), 3 survivors (3072K)
 Metaspace       used 20647K, capacity 21085K, committed 21248K, reserved 1067008K
  class space    used 2544K, capacity 2712K, committed 2816K, reserved 1048576K
}
Event: 2.693 GC heap after
{Heap after GC invocations=2 (full 0):
 garbage-first heap   total 258048K, used 17732K [0x0000000080000000, 0x0000000100000000)
  region size 1024K, 11 young (11264K), 11 survivors (11264K)
 Metaspace       used 20647K, capacity 21085K, committed 21248K, reserved 1067008K
  class space    used 2544K, capacity 2712K, committed 2816K, reserved 1048576K
}
Event: 2.872 GC heap before
{Heap before GC invocations=3 (full 0):
 garbage-first heap   total 258048K, used 45380K [0x0000000080000000, 0x0000000100000000)
  region size 1024K, 38 young (38912K), 11 survivors (11264K)
 Metaspace       used 23446K, capacity 23957K, committed 24320K, reserved 1071104K
  class space    used 3005K, capacity 3205K, committed 3328K, reserved 1048576K
}
Event: 2.878 GC heap after
{Heap after GC invocations=4 (full 0):
 garbage-first heap   total 258048K, used 19001K [0x0000000080000000, 0x0000000100000000)
  region size 1024K, 2 young (2048K), 2 survivors (2048K)
 Metaspace       used 23446K, capacity 23957K, committed 24320K, reserved 1071104K
  class space    used 3005K, capacity 3205K, committed 3328K, reserved 1048576K
}

Deoptimization events (20 events):
Event: 3.009 Thread 0x0000022107ace000 Uncommon trap: trap_request=0xffffffcc fr.pc=0x000002217734c5f8 relative=0x00000000000002b8
Event: 3.009 Thread 0x0000022107ace000 Uncommon trap: reason=intrinsic_or_type_checked_inlining action=make_not_entrant pc=0x000002217734c5f8 method=java.util.Arrays.copyOf([Ljava/lang/Object;ILjava/lang/Class;)[Ljava/lang/Object; @ 35 c2
Event: 3.009 Thread 0x0000022107ace000 DEOPT PACKING pc=0x000002217734c5f8 sp=0x000000a19bafbec0
Event: 3.009 Thread 0x0000022107ace000 DEOPT UNPACKING pc=0x000002216f7683af sp=0x000000a19bafbe50 mode 2
Event: 3.022 Thread 0x0000022107ace000 Uncommon trap: trap_request=0xffffff7e fr.pc=0x0000022177341a1c relative=0x000000000000015c
Event: 3.022 Thread 0x0000022107ace000 Uncommon trap: reason=predicate action=maybe_recompile pc=0x0000022177341a1c method=com.google.common.base.CharMatcher.indexIn(Ljava/lang/CharSequence;I)I @ 19 c2
Event: 3.022 Thread 0x0000022107ace000 DEOPT PACKING pc=0x0000022177341a1c sp=0x000000a19bafb650
Event: 3.022 Thread 0x0000022107ace000 DEOPT UNPACKING pc=0x000002216f7683af sp=0x000000a19bafb5e0 mode 2
Event: 3.031 Thread 0x0000022107ace000 Uncommon trap: trap_request=0xffffff4d fr.pc=0x00000221772d813c relative=0x000000000000137c
Event: 3.031 Thread 0x0000022107ace000 Uncommon trap: reason=unstable_if action=reinterpret pc=0x00000221772d813c method=java.util.concurrent.ConcurrentHashMap.putVal(Ljava/lang/Object;Ljava/lang/Object;Z)Ljava/lang/Object; @ 231 c2
Event: 3.031 Thread 0x0000022107ace000 DEOPT PACKING pc=0x00000221772d813c sp=0x000000a19bafc880
Event: 3.031 Thread 0x0000022107ace000 DEOPT UNPACKING pc=0x000002216f7683af sp=0x000000a19bafc800 mode 2
Event: 3.206 Thread 0x0000022107ace000 Uncommon trap: trap_request=0xffffff4d fr.pc=0x000002217731c6cc relative=0x000000000000020c
Event: 3.206 Thread 0x0000022107ace000 Uncommon trap: reason=unstable_if action=reinterpret pc=0x000002217731c6cc method=java.util.HashMap.hash(Ljava/lang/Object;)I @ 1 c2
Event: 3.206 Thread 0x0000022107ace000 DEOPT PACKING pc=0x000002217731c6cc sp=0x000000a19baf7ac0
Event: 3.206 Thread 0x0000022107ace000 DEOPT UNPACKING pc=0x000002216f7683af sp=0x000000a19baf79f8 mode 2
Event: 3.206 Thread 0x0000022107ace000 Uncommon trap: trap_request=0xffffff4d fr.pc=0x0000022177313e2c relative=0x000000000000008c
Event: 3.206 Thread 0x0000022107ace000 Uncommon trap: reason=unstable_if action=reinterpret pc=0x0000022177313e2c method=java.util.HashMap.hash(Ljava/lang/Object;)I @ 1 c2
Event: 3.206 Thread 0x0000022107ace000 DEOPT PACKING pc=0x0000022177313e2c sp=0x000000a19baf7830
Event: 3.206 Thread 0x0000022107ace000 DEOPT UNPACKING pc=0x000002216f7683af sp=0x000000a19baf77c8 mode 2

Classes redefined (0 events):
No events

Internal exceptions (20 events):
Event: 2.890 Thread 0x0000022107ace000 Exception <a 'java/lang/NoSuchMethodError'{0x000000008fbfca90}: 'void java.lang.invoke.DirectMethodHandle$Holder.invokeSpecial(java.lang.Object, java.lang.Object, java.lang.Object, java.lang.Object, java.lang.Object, java.lang.Object)'> (0x000000008fbfca90) thrown at [./src/hotspot/share/interpreter/linkResolver.cpp, line 773]
Event: 2.897 Thread 0x0000022107ace000 Exception <a 'java/lang/NoSuchMethodError'{0x000000008fa6c1d8}: 'void java.lang.invoke.DirectMethodHandle$Holder.invokeSpecial(java.lang.Object, java.lang.Object, java.lang.Object, java.lang.Object, java.lang.Object, java.lang.Object, java.lang.Object)'> (0x000000008fa6c1d8) thrown at [./src/hotspot/share/interpreter/linkResolver.cpp, line 773]
Event: 2.897 Thread 0x0000022107ace000 Exception <a 'java/lang/NoSuchMethodError'{0x000000008fa746c8}: 'java.lang.Object java.lang.invoke.Invokers$Holder.linkToTargetMethod(java.lang.Object, java.lang.Object, java.lang.Object, java.lang.Object, java.lang.Object, java.lang.Object)'> (0x000000008fa746c8) thrown at [./src/hotspot/share/interpreter/linkResolver.cpp, line 773]
Event: 2.914 Thread 0x0000022107ace000 Exception <a 'java/lang/NoSuchMethodError'{0x000000008f88bb70}: 'java.lang.Object java.lang.invoke.DirectMethodHandle$Holder.invokeVirtual(java.lang.Object, java.lang.Object, java.lang.Object, java.lang.Object, java.lang.Object, java.lang.Object, java.lang.Object, java.lang.Object, java.lang.Object, java.lang.Object, java.lang.Object, java.lang.Object, java.lang.Object, java.lang.Object, java.lang.Object, java.lang.Object, java.lang.Object, java.lang.Object, java.lang.Object, java.lang.Object, java.lang.Ob
Event: 2.951 Thread 0x0000022107ace000 Exception <a 'java/lang/NoSuchMethodError'{0x000000008f08bd68}: 'int java.lang.invoke.DirectMethodHandle$Holder.invokeStaticInit(java.lang.Object, java.lang.Object, java.lang.Object)'> (0x000000008f08bd68) thrown at [./src/hotspot/share/interpreter/linkResolver.cpp, line 773]
Event: 2.989 Thread 0x0000022107ace000 Exception <a 'java/lang/NoSuchMethodError'{0x000000008eb16848}: 'void java.lang.invoke.DirectMethodHandle$Holder.invokeStaticInit(java.lang.Object, java.lang.Object)'> (0x000000008eb16848) thrown at [./src/hotspot/share/interpreter/linkResolver.cpp, line 773]
Event: 3.039 Thread 0x0000022107ace000 Exception <a 'java/lang/NoSuchMethodError'{0x000000008e68b7d8}: 'void java.lang.invoke.DirectMethodHandle$Holder.invokeStatic(java.lang.Object, java.lang.Object, java.lang.Object, java.lang.Object)'> (0x000000008e68b7d8) thrown at [./src/hotspot/share/interpreter/linkResolver.cpp, line 773]
Event: 3.040 Thread 0x0000022107ace000 Exception <a 'java/lang/NoSuchMethodError'{0x000000008e6aa910}: 'int java.lang.invoke.DirectMethodHandle$Holder.invokeVirtual(java.lang.Object, java.lang.Object)'> (0x000000008e6aa910) thrown at [./src/hotspot/share/interpreter/linkResolver.cpp, line 773]
Event: 3.042 Thread 0x0000022107ace000 Exception <a 'java/lang/NoSuchMethodError'{0x000000008e6c3468}: 'java.lang.Object java.lang.invoke.DirectMethodHandle$Holder.invokeVirtual(java.lang.Object, java.lang.Object, java.lang.Object)'> (0x000000008e6c3468) thrown at [./src/hotspot/share/interpreter/linkResolver.cpp, line 773]
Event: 3.045 Thread 0x0000022107ace000 Exception <a 'java/lang/NoSuchMethodError'{0x000000008e6ef820}: 'int java.lang.invoke.DirectMethodHandle$Holder.invokeVirtual(java.lang.Object, java.lang.Object, java.lang.Object)'> (0x000000008e6ef820) thrown at [./src/hotspot/share/interpreter/linkResolver.cpp, line 773]
Event: 3.058 Thread 0x0000022107ace000 Exception <a 'java/lang/NoSuchMethodError'{0x000000008e4b7c10}: 'void java.lang.invoke.DirectMethodHandle$Holder.invokeSpecial(java.lang.Object, java.lang.Object)'> (0x000000008e4b7c10) thrown at [./src/hotspot/share/interpreter/linkResolver.cpp, line 773]
Event: 3.139 Thread 0x0000022107ace000 Exception <a 'java/lang/NoSuchMethodError'{0x000000008d31d118}: 'java.lang.Object java.lang.invoke.DirectMethodHandle$Holder.invokeSpecialIFC(java.lang.Object, java.lang.Object, java.lang.Object, java.lang.Object)'> (0x000000008d31d118) thrown at [./src/hotspot/share/interpreter/linkResolver.cpp, line 773]
Event: 3.206 Thread 0x0000022107ace000 Implicit null exception at 0x000002217731c4f5 to 0x000002217731c6bc
Event: 3.206 Thread 0x0000022107ace000 Implicit null exception at 0x0000022177313daf to 0x0000022177313e1d
Event: 3.245 Thread 0x0000022107ace000 Exception <a 'java/lang/NoSuchMethodError'{0x000000008c985fb8}: 'java.lang.Object java.lang.invoke.DirectMethodHandle$Holder.invokeSpecial(java.lang.Object, java.lang.Object, java.lang.Object, java.lang.Object, java.lang.Object, java.lang.Object, java.lang.Object, java.lang.Object, java.lang.Object, java.lang.Object, java.lang.Object, java.lang.Object, java.lang.Object)'> (0x000000008c985fb8) thrown at [./src/hotspot/share/interpreter/linkResolver.cpp, line 773]
Event: 3.246 Thread 0x0000022107ace000 Exception <a 'java/lang/NoSuchMethodError'{0x000000008c9970c0}: 'java.lang.Object java.lang.invoke.DirectMethodHandle$Holder.invokeSpecial(java.lang.Object, java.lang.Object, java.lang.Object, java.lang.Object, java.lang.Object, java.lang.Object, java.lang.Object, java.lang.Object, java.lang.Object, java.lang.Object, java.lang.Object, java.lang.Object)'> (0x000000008c9970c0) thrown at [./src/hotspot/share/interpreter/linkResolver.cpp, line 773]
Event: 3.246 Thread 0x0000022107ace000 Exception <a 'java/lang/NoSuchMethodError'{0x000000008c99c490}: 'java.lang.Object java.lang.invoke.Invokers$Holder.linkToTargetMethod(java.lang.Object, java.lang.Object, java.lang.Object, java.lang.Object, java.lang.Object, java.lang.Object, java.lang.Object, java.lang.Object, java.lang.Object, java.lang.Object, java.lang.Object)'> (0x000000008c99c490) thrown at [./src/hotspot/share/interpreter/linkResolver.cpp, line 773]
Event: 3.250 Thread 0x0000022107ace000 Exception <a 'java/lang/NoSuchMethodError'{0x000000008c834be0}: 'java.lang.Object java.lang.invoke.DirectMethodHandle$Holder.invokeSpecial(java.lang.Object, java.lang.Object, java.lang.Object, java.lang.Object, java.lang.Object, java.lang.Object, java.lang.Object, java.lang.Object, java.lang.Object, java.lang.Object, java.lang.Object, java.lang.Object, java.lang.Object, java.lang.Object)'> (0x000000008c834be0) thrown at [./src/hotspot/share/interpreter/linkResolver.cpp, line 773]
Event: 3.251 Thread 0x0000022107ace000 Exception <a 'java/lang/NoSuchMethodError'{0x000000008c846500}: 'java.lang.Object java.lang.invoke.Invokers$Holder.linkToTargetMethod(java.lang.Object, java.lang.Object, java.lang.Object, java.lang.Object, java.lang.Object, java.lang.Object, java.lang.Object, java.lang.Object, java.lang.Object, java.lang.Object, java.lang.Object, java.lang.Object)'> (0x000000008c846500) thrown at [./src/hotspot/share/interpreter/linkResolver.cpp, line 773]
Event: 3.261 Thread 0x0000022107ace000 Exception <a 'java/lang/NoSuchMethodError'{0x000000008c72d5e0}: 'java.lang.Object java.lang.invoke.DirectMethodHandle$Holder.invokeStaticInit(java.lang.Object, java.lang.Object, java.lang.Object, java.lang.Object)'> (0x000000008c72d5e0) thrown at [./src/hotspot/share/interpreter/linkResolver.cpp, line 773]

Events (20 events):
Event: 3.269 loading class org/gradle/api/internal/artifacts/ivyservice/resolveengine/excludes/simple/DefaultExcludeNothing done
Event: 3.269 loading class org/gradle/api/internal/artifacts/ivyservice/resolveengine/excludes/specs/ExcludeNothing
Event: 3.269 loading class org/gradle/api/internal/artifacts/ivyservice/resolveengine/excludes/specs/ExcludeNothing done
Event: 3.270 loading class org/gradle/api/artifacts/ComponentMetadata
Event: 3.270 loading class org/gradle/api/artifacts/ComponentMetadata done
Event: 3.270 loading class org/gradle/api/internal/artifacts/DependencyManagementBuildScopeServices$1
Event: 3.270 loading class org/gradle/api/internal/artifacts/DependencyManagementBuildScopeServices$1 done
Event: 3.270 loading class org/gradle/api/artifacts/ModuleVersionIdentifier
Event: 3.270 loading class org/gradle/api/artifacts/ModuleVersionIdentifier done
Event: 3.270 loading class org/gradle/api/Transformer
Event: 3.270 loading class org/gradle/api/Transformer done
Event: 3.271 loading class org/gradle/api/internal/artifacts/configurations/dynamicversion/CachePolicy
Event: 3.271 loading class org/gradle/api/internal/artifacts/configurations/dynamicversion/CachePolicy done
Event: 3.271 loading class org/gradle/util/internal/BuildCommencedTimeProvider
Event: 3.271 loading class org/gradle/util/internal/BuildCommencedTimeProvider done
Event: 3.271 loading class org/gradle/util/internal/BuildCommencedTimeProvider
Event: 3.271 loading class org/gradle/util/internal/BuildCommencedTimeProvider done
Event: 3.272 Thread 0x000002210d260800 Thread added: 0x000002210d260800
Event: 3.273 loading class org/gradle/api/internal/artifacts/ivyservice/resolveengine/DefaultArtifactDependencyResolver
Event: 3.273 loading class org/gradle/api/internal/artifacts/ivyservice/resolveengine/DefaultArtifactDependencyResolver done


Dynamic libraries:
0x00007ff75ed60000 - 0x00007ff75ed6a000 	C:\Program Files\Android\Android Studio2\jre\bin\java.exe
0x00007ffbe9a60000 - 0x00007ffbe9c69000 	C:\WINDOWS\SYSTEM32\ntdll.dll
0x00007ffbe8430000 - 0x00007ffbe84ee000 	C:\WINDOWS\System32\KERNEL32.DLL
0x00007ffbe6f60000 - 0x00007ffbe72db000 	C:\WINDOWS\System32\KERNELBASE.dll
0x00007ffbe72e0000 - 0x00007ffbe73f1000 	C:\WINDOWS\System32\ucrtbase.dll
0x00007ffbbcbb0000 - 0x00007ffbbcbc7000 	C:\Program Files\Android\Android Studio2\jre\bin\VCRUNTIME140.dll
0x00007ffbbb6f0000 - 0x00007ffbbb709000 	C:\Program Files\Android\Android Studio2\jre\bin\jli.dll
0x00007ffbe90c0000 - 0x00007ffbe926d000 	C:\WINDOWS\System32\USER32.dll
0x00007ffbe6f30000 - 0x00007ffbe6f56000 	C:\WINDOWS\System32\win32u.dll
0x00007ffbe9870000 - 0x00007ffbe9899000 	C:\WINDOWS\System32\GDI32.dll
0x00007ffbe7570000 - 0x00007ffbe7688000 	C:\WINDOWS\System32\gdi32full.dll
0x00007ffbccc40000 - 0x00007ffbccee5000 	C:\WINDOWS\WinSxS\amd64_microsoft.windows.common-controls_6595b64144ccf1df_6.0.22000.120_none_9d947278b86cc467\COMCTL32.dll
0x00007ffbe7a80000 - 0x00007ffbe7b23000 	C:\WINDOWS\System32\msvcrt.dll
0x00007ffbe77d0000 - 0x00007ffbe786d000 	C:\WINDOWS\System32\msvcp_win.dll
0x00007ffbe8b00000 - 0x00007ffbe8b32000 	C:\WINDOWS\System32\IMM32.DLL
0x00007ffba8940000 - 0x00007ffba89dd000 	C:\Program Files\Android\Android Studio2\jre\bin\msvcp140.dll
0x00007ffb789f0000 - 0x00007ffb794c5000 	C:\Program Files\Android\Android Studio2\jre\bin\server\jvm.dll
0x00007ffbe8870000 - 0x00007ffbe891e000 	C:\WINDOWS\System32\ADVAPI32.dll
0x00007ffbe9980000 - 0x00007ffbe9a1e000 	C:\WINDOWS\System32\sechost.dll
0x00007ffbe8c20000 - 0x00007ffbe8d40000 	C:\WINDOWS\System32\RPCRT4.dll
0x00007ffbe8400000 - 0x00007ffbe8408000 	C:\WINDOWS\System32\PSAPI.DLL
0x00007ffbe3f80000 - 0x00007ffbe3f89000 	C:\WINDOWS\SYSTEM32\WSOCK32.dll
0x00007ffbe9390000 - 0x00007ffbe93ff000 	C:\WINDOWS\System32\WS2_32.dll
0x00007ffbdb8d0000 - 0x00007ffbdb8da000 	C:\WINDOWS\SYSTEM32\VERSION.dll
0x00007ffbde600000 - 0x00007ffbde633000 	C:\WINDOWS\SYSTEM32\WINMM.dll
0x00007ffbe60a0000 - 0x00007ffbe60b8000 	C:\WINDOWS\SYSTEM32\kernel.appcore.dll
0x00007ffbdd120000 - 0x00007ffbdd131000 	C:\Program Files\Android\Android Studio2\jre\bin\verify.dll
0x00007ffbe48f0000 - 0x00007ffbe4b11000 	C:\WINDOWS\SYSTEM32\DBGHELP.DLL
0x00007ffbcb530000 - 0x00007ffbcb561000 	C:\WINDOWS\SYSTEM32\dbgcore.DLL
0x00007ffbe7750000 - 0x00007ffbe77cf000 	C:\WINDOWS\System32\bcryptPrimitives.dll
0x00007ffbd25f0000 - 0x00007ffbd2619000 	C:\Program Files\Android\Android Studio2\jre\bin\java.dll
0x00007ffbe3f00000 - 0x00007ffbe3f0b000 	C:\Program Files\Android\Android Studio2\jre\bin\jimage.dll
0x00007ffbd0fb0000 - 0x00007ffbd0fc8000 	C:\Program Files\Android\Android Studio2\jre\bin\zip.dll
0x00007ffbe7b30000 - 0x00007ffbe82e8000 	C:\WINDOWS\System32\SHELL32.dll
0x00007ffbe5020000 - 0x00007ffbe5885000 	C:\WINDOWS\SYSTEM32\windows.storage.dll
0x00007ffbe84f0000 - 0x00007ffbe8868000 	C:\WINDOWS\System32\combase.dll
0x00007ffbe4eb0000 - 0x00007ffbe5016000 	C:\WINDOWS\SYSTEM32\wintypes.dll
0x00007ffbe89b0000 - 0x00007ffbe8a9a000 	C:\WINDOWS\System32\SHCORE.dll
0x00007ffbe8aa0000 - 0x00007ffbe8afd000 	C:\WINDOWS\System32\shlwapi.dll
0x00007ffbe6e60000 - 0x00007ffbe6e81000 	C:\WINDOWS\SYSTEM32\profapi.dll
0x00007ffbcdf20000 - 0x00007ffbcdf3a000 	C:\Program Files\Android\Android Studio2\jre\bin\net.dll
0x00007ffbdfa80000 - 0x00007ffbdfb94000 	C:\WINDOWS\SYSTEM32\WINHTTP.dll
0x00007ffbe6540000 - 0x00007ffbe65a7000 	C:\WINDOWS\system32\mswsock.dll
0x00007ffbcade0000 - 0x00007ffbcadf4000 	C:\Program Files\Android\Android Studio2\jre\bin\nio.dll
0x00007ffbb4380000 - 0x00007ffbb43a7000 	C:\Users\OWNER\.gradle\native\e1d6ef7f7dcc3fd88c89a11ec53ec762bb8ba0a96d01ffa2cd45eb1d1d8dd5c5\windows-amd64\native-platform.dll
0x00007ffb9b160000 - 0x00007ffb9b2a4000 	C:\Users\OWNER\.gradle\native\0d407fdbe67a94daf76414ababcb853783967236a71b16ec16e742cd7a986fd3\windows-amd64\native-platform-file-events.dll
0x00007ffbe15f0000 - 0x00007ffbe15fa000 	C:\Program Files\Android\Android Studio2\jre\bin\management.dll
0x00007ffbdef20000 - 0x00007ffbdef2d000 	C:\Program Files\Android\Android Studio2\jre\bin\management_ext.dll
0x00007ffbe6780000 - 0x00007ffbe6798000 	C:\WINDOWS\SYSTEM32\CRYPTSP.dll
0x00007ffbe6000000 - 0x00007ffbe6035000 	C:\WINDOWS\system32\rsaenh.dll
0x00007ffbe6630000 - 0x00007ffbe6659000 	C:\WINDOWS\SYSTEM32\USERENV.dll
0x00007ffbe6910000 - 0x00007ffbe6937000 	C:\WINDOWS\SYSTEM32\bcrypt.dll
0x00007ffbe67a0000 - 0x00007ffbe67ac000 	C:\WINDOWS\SYSTEM32\CRYPTBASE.dll
0x00007ffbe5bd0000 - 0x00007ffbe5bfd000 	C:\WINDOWS\SYSTEM32\IPHLPAPI.DLL
0x00007ffbe8dd0000 - 0x00007ffbe8dd9000 	C:\WINDOWS\System32\NSI.dll
0x00007ffbdede0000 - 0x00007ffbdedf9000 	C:\WINDOWS\SYSTEM32\dhcpcsvc6.DLL
0x00007ffbdf0e0000 - 0x00007ffbdf0fe000 	C:\WINDOWS\SYSTEM32\dhcpcsvc.DLL
0x00007ffbe5c00000 - 0x00007ffbe5ce8000 	C:\WINDOWS\SYSTEM32\DNSAPI.dll

dbghelp: loaded successfully - version: 4.0.5 - missing functions: none
symbol engine: initialized successfully - sym options: 0x614 - pdb path: .;C:\Program Files\Android\Android Studio2\jre\bin;C:\WINDOWS\SYSTEM32;C:\WINDOWS\WinSxS\amd64_microsoft.windows.common-controls_6595b64144ccf1df_6.0.22000.120_none_9d947278b86cc467;C:\Program Files\Android\Android Studio2\jre\bin\server;C:\Users\OWNER\.gradle\native\e1d6ef7f7dcc3fd88c89a11ec53ec762bb8ba0a96d01ffa2cd45eb1d1d8dd5c5\windows-amd64;C:\Users\OWNER\.gradle\native\0d407fdbe67a94daf76414ababcb853783967236a71b16ec16e742cd7a986fd3\windows-amd64

VM Arguments:
jvm_args: --add-opens=java.base/java.util=ALL-UNNAMED --add-opens=java.base/java.lang=ALL-UNNAMED --add-opens=java.base/java.lang.invoke=ALL-UNNAMED --add-opens=java.base/java.util=ALL-UNNAMED --add-opens=java.prefs/java.util.prefs=ALL-UNNAMED --add-opens=java.prefs/java.util.prefs=ALL-UNNAMED --add-opens=java.base/java.nio.charset=ALL-UNNAMED --add-opens=java.base/java.net=ALL-UNNAMED --add-opens=java.base/java.util.concurrent.atomic=ALL-UNNAMED -Xmx2048m -Dfile.encoding=UTF-8 -Duser.country=KR -Duser.language=ko -Duser.variant 
java_command: org.gradle.launcher.daemon.bootstrap.GradleDaemon 7.4
java_class_path (initial): C:\Users\OWNER\.gradle\wrapper\dists\gradle-7.4-bin\c0gwcg53nkjbqw7r0h0umtfvt\gradle-7.4\lib\gradle-launcher-7.4.jar
Launcher Type: SUN_STANDARD

[Global flags]
     intx CICompilerCount                          = 4                                         {product} {ergonomic}
     uint ConcGCThreads                            = 2                                         {product} {ergonomic}
     uint G1ConcRefinementThreads                  = 8                                         {product} {ergonomic}
   size_t G1HeapRegionSize                         = 1048576                                   {product} {ergonomic}
    uintx GCDrainStackTargetSize                   = 64                                        {product} {ergonomic}
   size_t InitialHeapSize                          = 264241152                                 {product} {ergonomic}
   size_t MarkStackSize                            = 4194304                                   {product} {ergonomic}
   size_t MaxHeapSize                              = 2147483648                                {product} {command line}
   size_t MaxNewSize                               = 1287651328                                {product} {ergonomic}
   size_t MinHeapDeltaBytes                        = 1048576                                   {product} {ergonomic}
    uintx NonNMethodCodeHeapSize                   = 5836300                                {pd product} {ergonomic}
    uintx NonProfiledCodeHeapSize                  = 122910970                              {pd product} {ergonomic}
    uintx ProfiledCodeHeapSize                     = 122910970                              {pd product} {ergonomic}
    uintx ReservedCodeCacheSize                    = 251658240                              {pd product} {ergonomic}
     bool SegmentedCodeCache                       = true                                      {product} {ergonomic}
     bool UseCompressedClassPointers               = true                                 {lp64_product} {ergonomic}
     bool UseCompressedOops                        = true                                 {lp64_product} {ergonomic}
     bool UseG1GC                                  = true                                      {product} {ergonomic}
     bool UseLargePagesIndividualAllocation        = false                                  {pd product} {ergonomic}

Logging:
Log output configuration:
 #0: stdout all=warning uptime,level,tags
 #1: stderr all=off uptime,level,tags

Environment Variables:
JAVA_HOME=C:\Program Files\Java\jdk-14.0.2
PATH=C:\Users\OWNER\AppData\Local\Programs\Python\Python310\Scripts\;C:\Users\OWNER\AppData\Local\Programs\Python\Python310\;C:\Users\OWNER\anaconda3;C:\Users\OWNER\anaconda3\Library\mingw-w64\bin;C:\Users\OWNER\anaconda3\Library\usr\bin;C:\Users\OWNER\anaconda3\Library\bin;C:\Users\OWNER\anaconda3\Scripts;C:\Program Files\MySQL\MySQL Shell 8.0\bin\;C:\Users\OWNER\AppData\Local\Microsoft\WindowsApps;C:\Users\OWNER\.dotnet\tools;C:\Program Files\Graphviz 2.44.1\bin;C:\Users\OWNER\flutter\bin;C:\Users\OWNER\Git\cmd;C:\Windows\System32;C:\WINDOWS\System32\WindowsPowerShell\v1.0\;C:\Program Files\NVIDIA Corporation\Nsight Compute 2020.1.1\;C:\Users\OWNER\Anaconda3\Lib\site-packages\cmake\data\bin;C:\Program Files\Docker\Docker\resources\bin;C:\ProgramData\DockerDesktop\version-bin;C:\Python27;C:\Program Files\Git\cmd;C:\Program Files\Git LFS;C:\Users\OWNER\anaconda3;C:\Users\OWNER\anaconda3\Library\mingw-w64\bin;C:\Users\OWNER\anaconda3\Library\usr\bin;C:\Users\OWNER\anaconda3\Library\bin;C:\Users\OWNER\anaconda3\Scripts;C:\Users\OWNER\flutter\bin;C:\Users\OWNER\Git\cmd;C:\Users\OWNER\AppData\Local\Programs\Python\Python310\Scripts\;C:\Users\OWNER\AppData\Local\Programs\Python\Python310\;C:\Program Files\MySQL\MySQL Shell 8.0\bin\;C:\Users\OWNER\AppData\Local\Microsoft\WindowsApps;C:\Users\OWNER\.dotnet\tools;C:\Program Files\Graphviz 2.44.1\bin;C:\Users\OWNER\AppData\Local\Programs\Microsoft VS Code\bin;C:\Users\OWNER\AppData\Local\gitkraken\bin
USERNAME=OWNER
OS=Windows_NT
PROCESSOR_IDENTIFIER=Intel64 Family 6 Model 140 Stepping 1, GenuineIntel



---------------  S Y S T E M  ---------------

OS: Windows 10 , 64 bit Build 22000 (10.0.22000.1219)
OS uptime: 9 days 16:11 hours
Hyper-V role detected

CPU:total 8 (initial active 8) (4 cores per cpu, 2 threads per core) family 6 model 140 stepping 1 microcode 0x8a, cmov, cx8, fxsr, mmx, sse, sse2, sse3, ssse3, sse4.1, sse4.2, popcnt, avx, avx2, aes, clmul, erms, 3dnowpref, lzcnt, ht, tsc, tscinvbit, bmi1, bmi2, adx, evex, sha, fma

Memory: 4k page, system-wide physical 16107M (3410M free)
TotalPageFile size 31242M (AvailPageFile size 5M)
current process WorkingSet (physical memory assigned to process): 278M, peak: 278M
current process commit charge ("private bytes"): 441M, peak: 442M

vm_info: OpenJDK 64-Bit Server VM (11.0.11+9-b60-7590822) for windows-amd64 JRE (11.0.11+9-b60-7590822), built on Jul 29 2021 21:43:44 by "builder" with MS VC++ 14.0 (VS2015)

END.
