#
# There is insufficient memory for the Java Runtime Environment to continue.
# Native memory allocation (malloc) failed to allocate 1287376 bytes for Chunk::new
# Possible reasons:
#   The system is out of physical RAM or swap space
#   The process is running with CompressedOops enabled, and the Java Heap may be blocking the growth of the native heap
# Possible solutions:
#   Reduce memory load on the system
#   Increase physical memory or swap space
#   Check if swap backing store is full
#   Decrease Java heap size (-Xmx/-Xms)
#   Decrease number of Java threads
#   Decrease Java thread stack sizes (-Xss)
#   Set larger code cache with -XX:ReservedCodeCacheSize=
#   JVM is running with Unscaled Compressed Oops mode in which the Java heap is
#     placed in the first 4GB address space. The Java Heap base address is the
#     maximum limit for the native heap growth. Please use -XX:HeapBaseMinAddress
#     to set the Java Heap base and to place the Java Heap above 4GB virtual address.
# This output file may be truncated or incomplete.
#
#  Out of Memory Error (./src/hotspot/share/memory/arena.cpp:197), pid=16056, tid=14792
#
# JRE version: OpenJDK Runtime Environment (11.0.11+9) (build 11.0.11+9-b60-7590822)
# Java VM: OpenJDK 64-Bit Server VM (11.0.11+9-b60-7590822, mixed mode, tiered, compressed oops, g1 gc, windows-amd64)
# No core dump will be written. Minidumps are not enabled by default on client versions of Windows
#

---------------  S U M M A R Y ------------

Command Line: --add-opens=java.base/java.util=ALL-UNNAMED --add-opens=java.base/java.lang=ALL-UNNAMED --add-opens=java.base/java.lang.invoke=ALL-UNNAMED --add-opens=java.base/java.util=ALL-UNNAMED --add-opens=java.prefs/java.util.prefs=ALL-UNNAMED --add-opens=java.prefs/java.util.prefs=ALL-UNNAMED --add-opens=java.base/java.nio.charset=ALL-UNNAMED --add-opens=java.base/java.net=ALL-UNNAMED --add-opens=java.base/java.util.concurrent.atomic=ALL-UNNAMED -Xmx2048m -Dfile.encoding=UTF-8 -Duser.country=KR -Duser.language=ko -Duser.variant org.gradle.launcher.daemon.bootstrap.GradleDaemon 7.4

Host: 11th Gen Intel(R) Core(TM) i7-1165G7 @ 2.80GHz, 8 cores, 15G,  Windows 10 , 64 bit Build 22000 (10.0.22000.1219)
Time: Fri Dec  2 02:30:01 2022 대한민국 표준시 elapsed time: 8.443067 seconds (0d 0h 0m 8s)

---------------  T H R E A D  ---------------

Current thread (0x000001f67e2d8000):  JavaThread "C2 CompilerThread2" daemon [_thread_in_native, id=14792, stack(0x000000290f000000,0x000000290f100000)]


Current CompileTask:
C2:   8443 6660       4       groovy.lang.MetaClassImpl$1MOPIter::methodNameAction (325 bytes)

Stack: [0x000000290f000000,0x000000290f100000]
Native frames: (J=compiled Java code, j=interpreted, Vv=VM code, C=native code)
V  [jvm.dll+0x5f214a]
V  [jvm.dll+0x726fb5]
V  [jvm.dll+0x7285cd]
V  [jvm.dll+0x728c83]
V  [jvm.dll+0x243278]
V  [jvm.dll+0xbc53c]
V  [jvm.dll+0xbca3c]
V  [jvm.dll+0x353e3b]
V  [jvm.dll+0x19875c]
V  [jvm.dll+0x1fc2ee]
V  [jvm.dll+0x1fb3d4]
V  [jvm.dll+0x183d6c]
V  [jvm.dll+0x209a57]
V  [jvm.dll+0x2082a1]
V  [jvm.dll+0x6ef58f]
V  [jvm.dll+0x6e80b5]
V  [jvm.dll+0x5f1036]
C  [ucrtbase.dll+0x26c0c]
C  [KERNEL32.DLL+0x15550]
C  [ntdll.dll+0x485b]


---------------  P R O C E S S  ---------------

Threads class SMR info:
_java_thread_list=0x000001f613fa8c20, length=124, elements={
0x000001f66ef5f000, 0x000001f67cc34000, 0x000001f67cc37000, 0x000001f67ccad800,
0x000001f67ccb0800, 0x000001f67ccb2000, 0x000001f67ccb4000, 0x000001f67ccb8000,
0x000001f67ccba000, 0x000001f67ce35800, 0x000001f67ec9a800, 0x000001f67cf46800,
0x000001f67faee000, 0x000001f67f267800, 0x000001f67f3e7800, 0x000001f67f1e8800,
0x000001f67e86e800, 0x000001f67f04f800, 0x000001f67dfe4000, 0x000001f67f06e800,
0x000001f67f06d000, 0x000001f67f06d800, 0x000001f67f06c000, 0x000001f67f966800,
0x000001f67e2d8000, 0x000001f67f06b000, 0x000001f67f069800, 0x000001f67f068800,
0x000001f67f06f000, 0x000001f67f06a800, 0x000001f6110fc800, 0x000001f6110fe000,
0x000001f6110fd000, 0x000001f6110fa000, 0x000001f6110f9000, 0x000001f6110ff800,
0x000001f611dc2800, 0x000001f611dc0000, 0x000001f611dc1000, 0x000001f611dc5000,
0x000001f611dc5800, 0x000001f611dc3000, 0x000001f611dc4000, 0x000001f611dc6800,
0x000001f611dc7800, 0x000001f611dc1800, 0x000001f611dc8000, 0x000001f611dcb800,
0x000001f611dcc000, 0x000001f611dc9000, 0x000001f611dca000, 0x000001f611dce800,
0x000001f611dcd000, 0x000001f611dce000, 0x000001f611dca800, 0x000001f6113b8800,
0x000001f6113b9800, 0x000001f6113b8000, 0x000001f6113bb000, 0x000001f6113c0000,
0x000001f6113ba000, 0x000001f6113be800, 0x000001f6113bd800, 0x000001f6113bc000,
0x000001f6113c1000, 0x000001f6113bf000, 0x000001f6113c1800, 0x000001f6113c2800,
0x000001f6113bc800, 0x000001f6113c5800, 0x000001f6113c6800, 0x000001f6113c5000,
0x000001f6113c3000, 0x000001f6113c4000, 0x000001f611bd3800, 0x000001f611bd4800,
0x000001f611bdb000, 0x000001f611bda000, 0x000001f611bd8800, 0x000001f611bd5000,
0x000001f611bd9000, 0x000001f611bdb800, 0x000001f611bd6000, 0x000001f611bdc800,
0x000001f611bd7000, 0x000001f611bdd800, 0x000001f611bd7800, 0x000001f611be0000,
0x000001f611be0800, 0x000001f611bde000, 0x000001f611bdf000, 0x000001f611be1800,
0x000001f611be2000, 0x000001f61191b800, 0x000001f61191c800, 0x000001f611918000,
0x000001f61191f000, 0x000001f61191a000, 0x000001f61191d000, 0x000001f61191a800,
0x000001f611919000, 0x000001f611920800, 0x000001f611923000, 0x000001f61191f800,
0x000001f611923800, 0x000001f611921000, 0x000001f611922000, 0x000001f61191e000,
0x000001f611924800, 0x000001f611925800, 0x000001f611926000, 0x000001f611927000,
0x000001f61192a000, 0x000001f61192a800, 0x000001f61192b800, 0x000001f61192c800,
0x000001f611929000, 0x000001f61192d000, 0x000001f61192e000, 0x000001f611928000,
0x000001f611933000, 0x000001f611934800, 0x000001f61192f000, 0x000001f611931000
}

Java Threads: ( => current thread )
  0x000001f66ef5f000 JavaThread "main" [_thread_blocked, id=11196, stack(0x000000290c900000,0x000000290ca00000)]
  0x000001f67cc34000 JavaThread "Reference Handler" daemon [_thread_blocked, id=19972, stack(0x000000290d000000,0x000000290d100000)]
  0x000001f67cc37000 JavaThread "Finalizer" daemon [_thread_blocked, id=17468, stack(0x000000290d100000,0x000000290d200000)]
  0x000001f67ccad800 JavaThread "Signal Dispatcher" daemon [_thread_blocked, id=18964, stack(0x000000290d200000,0x000000290d300000)]
  0x000001f67ccb0800 JavaThread "Attach Listener" daemon [_thread_blocked, id=11684, stack(0x000000290d300000,0x000000290d400000)]
  0x000001f67ccb2000 JavaThread "Service Thread" daemon [_thread_blocked, id=3476, stack(0x000000290d400000,0x000000290d500000)]
  0x000001f67ccb4000 JavaThread "C2 CompilerThread0" daemon [_thread_in_native, id=2312, stack(0x000000290d500000,0x000000290d600000)]
  0x000001f67ccb8000 JavaThread "C1 CompilerThread0" daemon [_thread_blocked, id=7176, stack(0x000000290d600000,0x000000290d700000)]
  0x000001f67ccba000 JavaThread "Sweeper thread" daemon [_thread_blocked, id=13696, stack(0x000000290d700000,0x000000290d800000)]
  0x000001f67ce35800 JavaThread "Common-Cleaner" daemon [_thread_blocked, id=1796, stack(0x000000290d800000,0x000000290d900000)]
  0x000001f67ec9a800 JavaThread "Daemon health stats" [_thread_blocked, id=16572, stack(0x000000290e100000,0x000000290e200000)]
  0x000001f67cf46800 JavaThread "Incoming local TCP Connector on port 54104" [_thread_in_native, id=16628, stack(0x000000290da00000,0x000000290db00000)]
  0x000001f67faee000 JavaThread "Daemon periodic checks" [_thread_blocked, id=3520, stack(0x000000290e000000,0x000000290e100000)]
  0x000001f67f267800 JavaThread "Daemon" [_thread_blocked, id=6192, stack(0x000000290e200000,0x000000290e300000)]
  0x000001f67f3e7800 JavaThread "Handler for socket connection from /127.0.0.1:54104 to /127.0.0.1:54105" [_thread_in_native, id=18312, stack(0x000000290e300000,0x000000290e400000)]
  0x000001f67f1e8800 JavaThread "Cancel handler" [_thread_blocked, id=13836, stack(0x000000290e400000,0x000000290e500000)]
  0x000001f67e86e800 JavaThread "Daemon worker" [_thread_in_vm, id=4696, stack(0x000000290e500000,0x000000290e600000)]
  0x000001f67f04f800 JavaThread "Asynchronous log dispatcher for DefaultDaemonConnection: socket connection from /127.0.0.1:54104 to /127.0.0.1:54105" [_thread_blocked, id=9964, stack(0x000000290e600000,0x000000290e700000)]
  0x000001f67dfe4000 JavaThread "Stdin handler" [_thread_blocked, id=7432, stack(0x000000290e700000,0x000000290e800000)]
  0x000001f67f06e800 JavaThread "Daemon client event forwarder" [_thread_blocked, id=7056, stack(0x000000290e800000,0x000000290e900000)]
  0x000001f67f06d000 JavaThread "Cache worker for journal cache (C:\Users\OWNER\.gradle\caches\journal-1)" [_thread_blocked, id=15152, stack(0x000000290e900000,0x000000290ea00000)]
  0x000001f67f06d800 JavaThread "File lock request listener" [_thread_in_native, id=17500, stack(0x000000290ea00000,0x000000290eb00000)]
  0x000001f67f06c000 JavaThread "Cache worker for file hash cache (C:\Users\OWNER\.gradle\caches\7.4\fileHashes)" [_thread_blocked, id=9232, stack(0x000000290eb00000,0x000000290ec00000)]
  0x000001f67f966800 JavaThread "C2 CompilerThread1" daemon [_thread_in_native, id=7236, stack(0x000000290ef00000,0x000000290f000000)]
=>0x000001f67e2d8000 JavaThread "C2 CompilerThread2" daemon [_thread_in_native, id=14792, stack(0x000000290f000000,0x000000290f100000)]
  0x000001f67f06b000 JavaThread "File watcher server" daemon [_thread_in_native, id=18844, stack(0x000000290f100000,0x000000290f200000)]
  0x000001f67f069800 JavaThread "File watcher consumer" daemon [_thread_blocked, id=15112, stack(0x000000290f200000,0x000000290f300000)]
  0x000001f67f068800 JavaThread "Cache worker for checksums cache (C:\Users\OWNER\Desktop\Penta1201\Penta\.gradle\7.4\checksums)" [_thread_blocked, id=1924, stack(0x000000290f300000,0x000000290f400000)]
  0x000001f67f06f000 JavaThread "Cache worker for cache directory md-rule (C:\Users\OWNER\.gradle\caches\7.4\md-rule)" [_thread_blocked, id=5308, stack(0x000000290f400000,0x000000290f500000)]
  0x000001f67f06a800 JavaThread "Cache worker for file hash cache (C:\Users\OWNER\Desktop\Penta1201\Penta\.gradle\7.4\fileHashes)" [_thread_blocked, id=1628, stack(0x000000290f500000,0x000000290f600000)]
  0x000001f6110fc800 JavaThread "Cache worker for cache directory md-supplier (C:\Users\OWNER\.gradle\caches\7.4\md-supplier)" [_thread_blocked, id=16728, stack(0x000000290f600000,0x000000290f700000)]
  0x000001f6110fe000 JavaThread "Cache worker for execution history cache (C:\Users\OWNER\.gradle\caches\7.4\executionHistory)" [_thread_blocked, id=6776, stack(0x000000290f700000,0x000000290f800000)]
  0x000001f6110fd000 JavaThread "jar transforms" [_thread_blocked, id=19600, stack(0x000000290f800000,0x000000290f900000)]
  0x000001f6110fa000 JavaThread "Cache worker for file content cache (C:\Users\OWNER\.gradle\caches\7.4\fileContent)" [_thread_blocked, id=14832, stack(0x000000290f900000,0x000000290fa00000)]
  0x000001f6110f9000 JavaThread "jar transforms Thread 2" [_thread_blocked, id=19280, stack(0x000000290fa00000,0x000000290fb00000)]
  0x000001f6110ff800 JavaThread "Cache worker for dependencies-accessors (C:\Users\OWNER\Desktop\Penta1201\Penta\.gradle\7.4\dependencies-accessors)" [_thread_blocked, id=20396, stack(0x000000290fb00000,0x000000290fc00000)]
  0x000001f611dc2800 JavaThread "jar transforms Thread 3" [_thread_blocked, id=14236, stack(0x000000290fc00000,0x000000290fd00000)]
  0x000001f611dc0000 JavaThread "Cache worker for Build Output Cleanup Cache (C:\Users\OWNER\Desktop\Penta1201\Penta\.gradle\buildOutputCleanup)" [_thread_blocked, id=12676, stack(0x000000290fd00000,0x000000290fe00000)]
  0x000001f611dc1000 JavaThread "Unconstrained build operations" [_thread_blocked, id=8484, stack(0x000000290fe00000,0x000000290ff00000)]
  0x000001f611dc5000 JavaThread "Unconstrained build operations Thread 2" [_thread_blocked, id=16936, stack(0x000000290ff00000,0x0000002910000000)]
  0x000001f611dc5800 JavaThread "Unconstrained build operations Thread 3" [_thread_blocked, id=17536, stack(0x0000002910000000,0x0000002910100000)]
  0x000001f611dc3000 JavaThread "Unconstrained build operations Thread 4" [_thread_blocked, id=17312, stack(0x0000002910100000,0x0000002910200000)]
  0x000001f611dc4000 JavaThread "Unconstrained build operations Thread 5" [_thread_blocked, id=4080, stack(0x0000002910200000,0x0000002910300000)]
  0x000001f611dc6800 JavaThread "Unconstrained build operations Thread 6" [_thread_blocked, id=8656, stack(0x0000002910300000,0x0000002910400000)]
  0x000001f611dc7800 JavaThread "Unconstrained build operations Thread 7" [_thread_blocked, id=2816, stack(0x0000002910400000,0x0000002910500000)]
  0x000001f611dc1800 JavaThread "Unconstrained build operations Thread 8" [_thread_blocked, id=17216, stack(0x0000002910500000,0x0000002910600000)]
  0x000001f611dc8000 JavaThread "Unconstrained build operations Thread 9" [_thread_blocked, id=3652, stack(0x0000002910600000,0x0000002910700000)]
  0x000001f611dcb800 JavaThread "Unconstrained build operations Thread 10" [_thread_blocked, id=19092, stack(0x0000002910700000,0x0000002910800000)]
  0x000001f611dcc000 JavaThread "Unconstrained build operations Thread 11" [_thread_blocked, id=460, stack(0x0000002910800000,0x0000002910900000)]
  0x000001f611dc9000 JavaThread "Unconstrained build operations Thread 12" [_thread_blocked, id=18148, stack(0x0000002910900000,0x0000002910a00000)]
  0x000001f611dca000 JavaThread "Unconstrained build operations Thread 13" [_thread_blocked, id=8232, stack(0x0000002910a00000,0x0000002910b00000)]
  0x000001f611dce800 JavaThread "Unconstrained build operations Thread 14" [_thread_blocked, id=14164, stack(0x0000002910b00000,0x0000002910c00000)]
  0x000001f611dcd000 JavaThread "Unconstrained build operations Thread 15" [_thread_blocked, id=8544, stack(0x0000002910c00000,0x0000002910d00000)]
  0x000001f611dce000 JavaThread "Unconstrained build operations Thread 16" [_thread_blocked, id=7384, stack(0x0000002910d00000,0x0000002910e00000)]
  0x000001f611dca800 JavaThread "Unconstrained build operations Thread 17" [_thread_blocked, id=18940, stack(0x0000002910e00000,0x0000002910f00000)]
  0x000001f6113b8800 JavaThread "Unconstrained build operations Thread 18" [_thread_blocked, id=19608, stack(0x0000002910f00000,0x0000002911000000)]
  0x000001f6113b9800 JavaThread "Unconstrained build operations Thread 19" [_thread_blocked, id=19948, stack(0x0000002911000000,0x0000002911100000)]
  0x000001f6113b8000 JavaThread "Unconstrained build operations Thread 20" [_thread_blocked, id=17744, stack(0x0000002911100000,0x0000002911200000)]
  0x000001f6113bb000 JavaThread "Unconstrained build operations Thread 21" [_thread_blocked, id=20284, stack(0x0000002911200000,0x0000002911300000)]
  0x000001f6113c0000 JavaThread "Unconstrained build operations Thread 22" [_thread_blocked, id=11384, stack(0x0000002911300000,0x0000002911400000)]
  0x000001f6113ba000 JavaThread "Unconstrained build operations Thread 23" [_thread_blocked, id=5480, stack(0x0000002911400000,0x0000002911500000)]
  0x000001f6113be800 JavaThread "Unconstrained build operations Thread 24" [_thread_blocked, id=7724, stack(0x0000002911500000,0x0000002911600000)]
  0x000001f6113bd800 JavaThread "Unconstrained build operations Thread 25" [_thread_blocked, id=7560, stack(0x0000002911600000,0x0000002911700000)]
  0x000001f6113bc000 JavaThread "Unconstrained build operations Thread 26" [_thread_blocked, id=18784, stack(0x0000002911700000,0x0000002911800000)]
  0x000001f6113c1000 JavaThread "Unconstrained build operations Thread 27" [_thread_blocked, id=14124, stack(0x0000002911800000,0x0000002911900000)]
  0x000001f6113bf000 JavaThread "Unconstrained build operations Thread 28" [_thread_blocked, id=12940, stack(0x0000002911900000,0x0000002911a00000)]
  0x000001f6113c1800 JavaThread "Unconstrained build operations Thread 29" [_thread_blocked, id=3236, stack(0x0000002911a00000,0x0000002911b00000)]
  0x000001f6113c2800 JavaThread "Unconstrained build operations Thread 30" [_thread_blocked, id=11780, stack(0x0000002911b00000,0x0000002911c00000)]
  0x000001f6113bc800 JavaThread "Unconstrained build operations Thread 31" [_thread_blocked, id=6648, stack(0x0000002911c00000,0x0000002911d00000)]
  0x000001f6113c5800 JavaThread "Unconstrained build operations Thread 32" [_thread_blocked, id=2952, stack(0x0000002911d00000,0x0000002911e00000)]
  0x000001f6113c6800 JavaThread "Unconstrained build operations Thread 33" [_thread_blocked, id=6820, stack(0x0000002911e00000,0x0000002911f00000)]
  0x000001f6113c5000 JavaThread "Unconstrained build operations Thread 34" [_thread_blocked, id=13276, stack(0x0000002911f00000,0x0000002912000000)]
  0x000001f6113c3000 JavaThread "Unconstrained build operations Thread 35" [_thread_blocked, id=10720, stack(0x0000002912000000,0x0000002912100000)]
  0x000001f6113c4000 JavaThread "Unconstrained build operations Thread 36" [_thread_blocked, id=16924, stack(0x0000002912100000,0x0000002912200000)]
  0x000001f611bd3800 JavaThread "Unconstrained build operations Thread 37" [_thread_blocked, id=12684, stack(0x0000002912200000,0x0000002912300000)]
  0x000001f611bd4800 JavaThread "Unconstrained build operations Thread 38" [_thread_blocked, id=16144, stack(0x0000002912300000,0x0000002912400000)]
  0x000001f611bdb000 JavaThread "Unconstrained build operations Thread 39" [_thread_blocked, id=2444, stack(0x0000002912400000,0x0000002912500000)]
  0x000001f611bda000 JavaThread "Unconstrained build operations Thread 40" [_thread_blocked, id=8952, stack(0x0000002912500000,0x0000002912600000)]
  0x000001f611bd8800 JavaThread "Unconstrained build operations Thread 41" [_thread_blocked, id=12980, stack(0x0000002912600000,0x0000002912700000)]
  0x000001f611bd5000 JavaThread "Unconstrained build operations Thread 42" [_thread_blocked, id=3772, stack(0x0000002912700000,0x0000002912800000)]
  0x000001f611bd9000 JavaThread "Unconstrained build operations Thread 43" [_thread_blocked, id=19728, stack(0x0000002912800000,0x0000002912900000)]
  0x000001f611bdb800 JavaThread "Unconstrained build operations Thread 44" [_thread_blocked, id=13364, stack(0x0000002912900000,0x0000002912a00000)]
  0x000001f611bd6000 JavaThread "Unconstrained build operations Thread 45" [_thread_blocked, id=19788, stack(0x0000002912a00000,0x0000002912b00000)]
  0x000001f611bdc800 JavaThread "Unconstrained build operations Thread 46" [_thread_blocked, id=11252, stack(0x0000002912b00000,0x0000002912c00000)]
  0x000001f611bd7000 JavaThread "Unconstrained build operations Thread 47" [_thread_blocked, id=8596, stack(0x0000002912c00000,0x0000002912d00000)]
  0x000001f611bdd800 JavaThread "Unconstrained build operations Thread 48" [_thread_blocked, id=19048, stack(0x0000002912d00000,0x0000002912e00000)]
  0x000001f611bd7800 JavaThread "Unconstrained build operations Thread 49" [_thread_blocked, id=18712, stack(0x0000002912e00000,0x0000002912f00000)]
  0x000001f611be0000 JavaThread "Unconstrained build operations Thread 50" [_thread_blocked, id=9052, stack(0x0000002912f00000,0x0000002913000000)]
  0x000001f611be0800 JavaThread "Unconstrained build operations Thread 51" [_thread_blocked, id=17580, stack(0x0000002913000000,0x0000002913100000)]
  0x000001f611bde000 JavaThread "Unconstrained build operations Thread 52" [_thread_blocked, id=19128, stack(0x0000002913100000,0x0000002913200000)]
  0x000001f611bdf000 JavaThread "Unconstrained build operations Thread 53" [_thread_blocked, id=19992, stack(0x0000002913200000,0x0000002913300000)]
  0x000001f611be1800 JavaThread "Unconstrained build operations Thread 54" [_thread_blocked, id=468, stack(0x0000002913300000,0x0000002913400000)]
  0x000001f611be2000 JavaThread "Unconstrained build operations Thread 55" [_thread_blocked, id=10536, stack(0x0000002913400000,0x0000002913500000)]
  0x000001f61191b800 JavaThread "Unconstrained build operations Thread 56" [_thread_blocked, id=2696, stack(0x0000002913500000,0x0000002913600000)]
  0x000001f61191c800 JavaThread "Unconstrained build operations Thread 57" [_thread_blocked, id=9680, stack(0x0000002913600000,0x0000002913700000)]
  0x000001f611918000 JavaThread "Unconstrained build operations Thread 58" [_thread_blocked, id=11700, stack(0x0000002913700000,0x0000002913800000)]
  0x000001f61191f000 JavaThread "Unconstrained build operations Thread 59" [_thread_blocked, id=8052, stack(0x0000002913800000,0x0000002913900000)]
  0x000001f61191a000 JavaThread "Unconstrained build operations Thread 60" [_thread_blocked, id=10516, stack(0x0000002913900000,0x0000002913a00000)]
  0x000001f61191d000 JavaThread "Unconstrained build operations Thread 61" [_thread_blocked, id=8636, stack(0x0000002913a00000,0x0000002913b00000)]
  0x000001f61191a800 JavaThread "Unconstrained build operations Thread 62" [_thread_blocked, id=660, stack(0x0000002913b00000,0x0000002913c00000)]
  0x000001f611919000 JavaThread "Unconstrained build operations Thread 63" [_thread_blocked, id=7572, stack(0x0000002913c00000,0x0000002913d00000)]
  0x000001f611920800 JavaThread "Unconstrained build operations Thread 64" [_thread_blocked, id=17424, stack(0x0000002913d00000,0x0000002913e00000)]
  0x000001f611923000 JavaThread "Unconstrained build operations Thread 65" [_thread_blocked, id=12812, stack(0x0000002913e00000,0x0000002913f00000)]
  0x000001f61191f800 JavaThread "Unconstrained build operations Thread 66" [_thread_blocked, id=5364, stack(0x0000002913f00000,0x0000002914000000)]
  0x000001f611923800 JavaThread "Unconstrained build operations Thread 67" [_thread_blocked, id=13436, stack(0x0000002914000000,0x0000002914100000)]
  0x000001f611921000 JavaThread "Unconstrained build operations Thread 68" [_thread_blocked, id=644, stack(0x0000002914100000,0x0000002914200000)]
  0x000001f611922000 JavaThread "Unconstrained build operations Thread 69" [_thread_blocked, id=9436, stack(0x0000002914200000,0x0000002914300000)]
  0x000001f61191e000 JavaThread "Unconstrained build operations Thread 70" [_thread_blocked, id=1212, stack(0x0000002914300000,0x0000002914400000)]
  0x000001f611924800 JavaThread "Unconstrained build operations Thread 71" [_thread_blocked, id=1516, stack(0x0000002914400000,0x0000002914500000)]
  0x000001f611925800 JavaThread "Unconstrained build operations Thread 72" [_thread_blocked, id=5168, stack(0x0000002914500000,0x0000002914600000)]
  0x000001f611926000 JavaThread "Unconstrained build operations Thread 73" [_thread_blocked, id=8816, stack(0x0000002914600000,0x0000002914700000)]
  0x000001f611927000 JavaThread "Unconstrained build operations Thread 74" [_thread_blocked, id=19428, stack(0x0000002914700000,0x0000002914800000)]
  0x000001f61192a000 JavaThread "Unconstrained build operations Thread 75" [_thread_blocked, id=2976, stack(0x0000002914800000,0x0000002914900000)]
  0x000001f61192a800 JavaThread "Unconstrained build operations Thread 76" [_thread_blocked, id=2828, stack(0x0000002914900000,0x0000002914a00000)]
  0x000001f61192b800 JavaThread "Unconstrained build operations Thread 77" [_thread_blocked, id=5644, stack(0x0000002914a00000,0x0000002914b00000)]
  0x000001f61192c800 JavaThread "Unconstrained build operations Thread 78" [_thread_blocked, id=12072, stack(0x0000002914b00000,0x0000002914c00000)]
  0x000001f611929000 JavaThread "Unconstrained build operations Thread 79" [_thread_blocked, id=14488, stack(0x0000002914c00000,0x0000002914d00000)]
  0x000001f61192d000 JavaThread "Unconstrained build operations Thread 80" [_thread_blocked, id=4688, stack(0x0000002914d00000,0x0000002914e00000)]
  0x000001f61192e000 JavaThread "jar transforms Thread 4" [_thread_blocked, id=12172, stack(0x0000002914e00000,0x0000002914f00000)]
  0x000001f611928000 JavaThread "jar transforms Thread 5" [_thread_blocked, id=15080, stack(0x0000002914f00000,0x0000002915000000)]
  0x000001f611933000 JavaThread "jar transforms Thread 6" [_thread_blocked, id=15912, stack(0x0000002915000000,0x0000002915100000)]
  0x000001f611934800 JavaThread "jar transforms Thread 7" [_thread_blocked, id=15220, stack(0x0000002915100000,0x0000002915200000)]
  0x000001f61192f000 JavaThread "jar transforms Thread 8" [_thread_blocked, id=16380, stack(0x0000002915200000,0x0000002915300000)]
  0x000001f611931000 JavaThread "Memory manager" [_thread_blocked, id=13700, stack(0x0000002915500000,0x0000002915600000)]

Other Threads:
  0x000001f67cc30000 VMThread "VM Thread" [stack: 0x000000290cf00000,0x000000290d000000] [id=14088]
  0x000001f67ce7d800 WatcherThread [stack: 0x000000290d900000,0x000000290da00000] [id=5992]
  0x000001f66ef7a800 GCTaskThread "GC Thread#0" [stack: 0x000000290ca00000,0x000000290cb00000] [id=19356]
  0x000001f67dd19000 GCTaskThread "GC Thread#1" [stack: 0x000000290db00000,0x000000290dc00000] [id=7856]
  0x000001f67d8cc800 GCTaskThread "GC Thread#2" [stack: 0x000000290dc00000,0x000000290dd00000] [id=11244]
  0x000001f67dc8f800 GCTaskThread "GC Thread#3" [stack: 0x000000290dd00000,0x000000290de00000] [id=18232]
  0x000001f67dc90800 GCTaskThread "GC Thread#4" [stack: 0x000000290de00000,0x000000290df00000] [id=11192]
  0x000001f67db41000 GCTaskThread "GC Thread#5" [stack: 0x000000290df00000,0x000000290e000000] [id=10276]
  0x000001f67eeca000 GCTaskThread "GC Thread#6" [stack: 0x000000290ec00000,0x000000290ed00000] [id=16668]
  0x000001f67e1dd000 GCTaskThread "GC Thread#7" [stack: 0x000000290ed00000,0x000000290ee00000] [id=11104]
  0x000001f66efab000 ConcurrentGCThread "G1 Main Marker" [stack: 0x000000290cb00000,0x000000290cc00000] [id=15592]
  0x000001f66efad800 ConcurrentGCThread "G1 Conc#0" [stack: 0x000000290cc00000,0x000000290cd00000] [id=17128]
  0x000001f67dbf9800 ConcurrentGCThread "G1 Conc#1" [stack: 0x000000290ee00000,0x000000290ef00000] [id=9316]
  0x000001f67c27e800 ConcurrentGCThread "G1 Refine#0" [stack: 0x000000290cd00000,0x000000290ce00000] [id=7680]
  0x000001f6130ca800 ConcurrentGCThread "G1 Refine#1" [stack: 0x0000002915300000,0x0000002915400000] [id=9656]
  0x000001f60f118800 ConcurrentGCThread "G1 Refine#2" [stack: 0x0000002915400000,0x0000002915500000] [id=11472]
  0x000001f67c281800 ConcurrentGCThread "G1 Young RemSet Sampling" [stack: 0x000000290ce00000,0x000000290cf00000] [id=6200]

Threads with active compile tasks:
C2 CompilerThread0   8463 6430 %     4       org.gradle.internal.instantiation.generator.AbstractClassGenerator::inspectType @ 107 (560 bytes)
C2 CompilerThread1   8463 6717       4       sun.reflect.generics.parser.SignatureParser::parsePackageNameAndSimpleClassTypeSignature (119 bytes)
C2 CompilerThread2   8463 6660       4       groovy.lang.MetaClassImpl$1MOPIter::methodNameAction (325 bytes)

VM state:not at safepoint (normal execution)

VM Mutex/Monitor currently owned by a thread: None

Heap address: 0x0000000080000000, size: 2048 MB, Compressed Oops mode: 32-bit
Narrow klass base: 0x0000000000000000, Narrow klass shift: 3
Compressed class space size: 1073741824 Address: 0x0000000100000000

Heap:
 garbage-first heap   total 310272K, used 76230K [0x0000000080000000, 0x0000000100000000)
  region size 1024K, 29 young (29696K), 10 survivors (10240K)
 Metaspace       used 67368K, capacity 69048K, committed 69112K, reserved 1110016K
  class space    used 8573K, capacity 9180K, committed 9208K, reserved 1048576K
Heap Regions: E=young(eden), S=young(survivor), O=old, HS=humongous(starts), HC=humongous(continues), CS=collection set, F=free, A=archive, TAMS=top-at-mark-start (previous, next)
|   0|0x0000000080000000, 0x0000000080100000, 0x0000000080100000|100%| O|  |TAMS 0x0000000080100000, 0x0000000080000000| Untracked 
|   1|0x0000000080100000, 0x0000000080200000, 0x0000000080200000|100%| O|  |TAMS 0x0000000080200000, 0x0000000080100000| Untracked 
|   2|0x0000000080200000, 0x0000000080300000, 0x0000000080300000|100%| O|  |TAMS 0x0000000080300000, 0x0000000080200000| Untracked 
|   3|0x0000000080300000, 0x0000000080400000, 0x0000000080400000|100%|HS|  |TAMS 0x0000000080400000, 0x0000000080300000| Complete 
|   4|0x0000000080400000, 0x0000000080500000, 0x0000000080500000|100%|HC|  |TAMS 0x0000000080500000, 0x0000000080400000| Complete 
|   5|0x0000000080500000, 0x0000000080600000, 0x0000000080600000|100%|HC|  |TAMS 0x0000000080600000, 0x0000000080500000| Complete 
|   6|0x0000000080600000, 0x0000000080700000, 0x0000000080700000|100%| O|  |TAMS 0x0000000080700000, 0x0000000080600000| Untracked 
|   7|0x0000000080700000, 0x0000000080800000, 0x0000000080800000|100%| O|  |TAMS 0x0000000080800000, 0x0000000080700000| Untracked 
|   8|0x0000000080800000, 0x0000000080900000, 0x0000000080900000|100%| O|  |TAMS 0x0000000080900000, 0x0000000080800000| Untracked 
|   9|0x0000000080900000, 0x0000000080a00000, 0x0000000080a00000|100%| O|  |TAMS 0x0000000080a00000, 0x0000000080900000| Untracked 
|  10|0x0000000080a00000, 0x0000000080b00000, 0x0000000080b00000|100%| O|  |TAMS 0x0000000080b00000, 0x0000000080a00000| Untracked 
|  11|0x0000000080b00000, 0x0000000080c00000, 0x0000000080c00000|100%| O|  |TAMS 0x0000000080c00000, 0x0000000080b00000| Untracked 
|  12|0x0000000080c00000, 0x0000000080d00000, 0x0000000080d00000|100%| O|  |TAMS 0x0000000080d00000, 0x0000000080c00000| Untracked 
|  13|0x0000000080d00000, 0x0000000080e00000, 0x0000000080e00000|100%| O|  |TAMS 0x0000000080e00000, 0x0000000080d00000| Untracked 
|  14|0x0000000080e00000, 0x0000000080f00000, 0x0000000080f00000|100%| O|  |TAMS 0x0000000080f00000, 0x0000000080e00000| Untracked 
|  15|0x0000000080f00000, 0x0000000081000000, 0x0000000081000000|100%| O|  |TAMS 0x0000000081000000, 0x0000000080f00000| Untracked 
|  16|0x0000000081000000, 0x0000000081100000, 0x0000000081100000|100%| O|  |TAMS 0x0000000081100000, 0x0000000081000000| Untracked 
|  17|0x0000000081100000, 0x0000000081200000, 0x0000000081200000|100%|HS|  |TAMS 0x0000000081200000, 0x0000000081100000| Complete 
|  18|0x0000000081200000, 0x0000000081300000, 0x0000000081300000|100%|HS|  |TAMS 0x0000000081300000, 0x0000000081200000| Complete 
|  19|0x0000000081300000, 0x0000000081400000, 0x0000000081400000|100%|HS|  |TAMS 0x0000000081400000, 0x0000000081300000| Complete 
|  20|0x0000000081400000, 0x0000000081500000, 0x0000000081500000|100%|HS|  |TAMS 0x0000000081500000, 0x0000000081400000| Complete 
|  21|0x0000000081500000, 0x0000000081600000, 0x0000000081600000|100%|HC|  |TAMS 0x0000000081600000, 0x0000000081500000| Complete 
|  22|0x0000000081600000, 0x0000000081700000, 0x0000000081700000|100%| O|  |TAMS 0x0000000081700000, 0x0000000081600000| Untracked 
|  23|0x0000000081700000, 0x0000000081800000, 0x0000000081800000|100%| O|  |TAMS 0x0000000081800000, 0x0000000081700000| Untracked 
|  24|0x0000000081800000, 0x0000000081900000, 0x0000000081900000|100%| O|  |TAMS 0x0000000081900000, 0x0000000081800000| Untracked 
|  25|0x0000000081900000, 0x0000000081a00000, 0x0000000081a00000|100%| O|  |TAMS 0x0000000081a00000, 0x0000000081900000| Untracked 
|  26|0x0000000081a00000, 0x0000000081b00000, 0x0000000081b00000|100%| O|  |TAMS 0x0000000081b00000, 0x0000000081a00000| Untracked 
|  27|0x0000000081b00000, 0x0000000081c00000, 0x0000000081c00000|100%| O|  |TAMS 0x0000000081c00000, 0x0000000081b00000| Untracked 
|  28|0x0000000081c00000, 0x0000000081d00000, 0x0000000081d00000|100%| O|  |TAMS 0x0000000081d00000, 0x0000000081c00000| Untracked 
|  29|0x0000000081d00000, 0x0000000081e00000, 0x0000000081e00000|100%| O|  |TAMS 0x0000000081e00000, 0x0000000081d00000| Untracked 
|  30|0x0000000081e00000, 0x0000000081f00000, 0x0000000081f00000|100%| O|  |TAMS 0x0000000081f00000, 0x0000000081e00000| Untracked 
|  31|0x0000000081f00000, 0x0000000082000000, 0x0000000082000000|100%| O|  |TAMS 0x0000000082000000, 0x0000000081f00000| Untracked 
|  32|0x0000000082000000, 0x0000000082100000, 0x0000000082100000|100%| O|  |TAMS 0x0000000082100000, 0x0000000082000000| Untracked 
|  33|0x0000000082100000, 0x0000000082200000, 0x0000000082200000|100%| O|  |TAMS 0x0000000082200000, 0x0000000082100000| Untracked 
|  34|0x0000000082200000, 0x0000000082300000, 0x0000000082300000|100%| O|  |TAMS 0x0000000082300000, 0x0000000082200000| Untracked 
|  35|0x0000000082300000, 0x0000000082400000, 0x0000000082400000|100%| O|  |TAMS 0x0000000082400000, 0x0000000082300000| Untracked 
|  36|0x0000000082400000, 0x0000000082500000, 0x0000000082500000|100%| O|  |TAMS 0x0000000082500000, 0x0000000082400000| Untracked 
|  37|0x0000000082500000, 0x0000000082600000, 0x0000000082600000|100%| O|  |TAMS 0x0000000082600000, 0x0000000082500000| Untracked 
|  38|0x0000000082600000, 0x0000000082700000, 0x0000000082700000|100%| O|  |TAMS 0x0000000082700000, 0x0000000082600000| Untracked 
|  39|0x0000000082700000, 0x0000000082800000, 0x0000000082800000|100%| O|  |TAMS 0x0000000082800000, 0x0000000082700000| Untracked 
|  40|0x0000000082800000, 0x0000000082900000, 0x0000000082900000|100%| O|  |TAMS 0x0000000082900000, 0x0000000082800000| Untracked 
|  41|0x0000000082900000, 0x0000000082a00000, 0x0000000082a00000|100%| O|  |TAMS 0x0000000082a00000, 0x0000000082900000| Untracked 
|  42|0x0000000082a00000, 0x0000000082b00000, 0x0000000082b00000|100%| O|  |TAMS 0x0000000082b00000, 0x0000000082a00000| Untracked 
|  43|0x0000000082b00000, 0x0000000082c00000, 0x0000000082c00000|100%| O|  |TAMS 0x0000000082c00000, 0x0000000082b00000| Untracked 
|  44|0x0000000082c00000, 0x0000000082d00000, 0x0000000082d00000|100%| O|  |TAMS 0x0000000082d00000, 0x0000000082c00000| Untracked 
|  45|0x0000000082d00000, 0x0000000082e00000, 0x0000000082e00000|100%| O|  |TAMS 0x0000000082e00000, 0x0000000082d00000| Untracked 
|  46|0x0000000082e00000, 0x0000000082f00000, 0x0000000082f00000|100%| O|  |TAMS 0x0000000082f00000, 0x0000000082e00000| Untracked 
|  47|0x0000000082f00000, 0x0000000082f1f600, 0x0000000083000000| 12%| O|  |TAMS 0x0000000082f1f600, 0x0000000082f00000| Untracked 
|  48|0x0000000083000000, 0x0000000083000000, 0x0000000083100000|  0%| F|  |TAMS 0x0000000083000000, 0x0000000083000000| Untracked 
|  49|0x0000000083100000, 0x0000000083100000, 0x0000000083200000|  0%| F|  |TAMS 0x0000000083100000, 0x0000000083100000| Untracked 
|  50|0x0000000083200000, 0x0000000083200000, 0x0000000083300000|  0%| F|  |TAMS 0x0000000083200000, 0x0000000083200000| Untracked 
|  51|0x0000000083300000, 0x0000000083300000, 0x0000000083400000|  0%| F|  |TAMS 0x0000000083300000, 0x0000000083300000| Untracked 
|  52|0x0000000083400000, 0x0000000083400000, 0x0000000083500000|  0%| F|  |TAMS 0x0000000083400000, 0x0000000083400000| Untracked 
|  53|0x0000000083500000, 0x0000000083500000, 0x0000000083600000|  0%| F|  |TAMS 0x0000000083500000, 0x0000000083500000| Untracked 
|  54|0x0000000083600000, 0x0000000083600000, 0x0000000083700000|  0%| F|  |TAMS 0x0000000083600000, 0x0000000083600000| Untracked 
|  55|0x0000000083700000, 0x0000000083700000, 0x0000000083800000|  0%| F|  |TAMS 0x0000000083700000, 0x0000000083700000| Untracked 
|  56|0x0000000083800000, 0x0000000083800000, 0x0000000083900000|  0%| F|  |TAMS 0x0000000083800000, 0x0000000083800000| Untracked 
|  57|0x0000000083900000, 0x0000000083900000, 0x0000000083a00000|  0%| F|  |TAMS 0x0000000083900000, 0x0000000083900000| Untracked 
|  58|0x0000000083a00000, 0x0000000083a00000, 0x0000000083b00000|  0%| F|  |TAMS 0x0000000083a00000, 0x0000000083a00000| Untracked 
|  59|0x0000000083b00000, 0x0000000083b00000, 0x0000000083c00000|  0%| F|  |TAMS 0x0000000083b00000, 0x0000000083b00000| Untracked 
|  60|0x0000000083c00000, 0x0000000083c00000, 0x0000000083d00000|  0%| F|  |TAMS 0x0000000083c00000, 0x0000000083c00000| Untracked 
|  61|0x0000000083d00000, 0x0000000083d00000, 0x0000000083e00000|  0%| F|  |TAMS 0x0000000083d00000, 0x0000000083d00000| Untracked 
|  62|0x0000000083e00000, 0x0000000083e00000, 0x0000000083f00000|  0%| F|  |TAMS 0x0000000083e00000, 0x0000000083e00000| Untracked 
|  63|0x0000000083f00000, 0x0000000083f00000, 0x0000000084000000|  0%| F|  |TAMS 0x0000000083f00000, 0x0000000083f00000| Untracked 
|  64|0x0000000084000000, 0x0000000084000000, 0x0000000084100000|  0%| F|  |TAMS 0x0000000084000000, 0x0000000084000000| Untracked 
|  65|0x0000000084100000, 0x0000000084100000, 0x0000000084200000|  0%| F|  |TAMS 0x0000000084100000, 0x0000000084100000| Untracked 
|  66|0x0000000084200000, 0x0000000084200000, 0x0000000084300000|  0%| F|  |TAMS 0x0000000084200000, 0x0000000084200000| Untracked 
|  67|0x0000000084300000, 0x0000000084300000, 0x0000000084400000|  0%| F|  |TAMS 0x0000000084300000, 0x0000000084300000| Untracked 
|  68|0x0000000084400000, 0x0000000084400000, 0x0000000084500000|  0%| F|  |TAMS 0x0000000084400000, 0x0000000084400000| Untracked 
|  69|0x0000000084500000, 0x0000000084500000, 0x0000000084600000|  0%| F|  |TAMS 0x0000000084500000, 0x0000000084500000| Untracked 
|  70|0x0000000084600000, 0x0000000084600000, 0x0000000084700000|  0%| F|  |TAMS 0x0000000084600000, 0x0000000084600000| Untracked 
|  71|0x0000000084700000, 0x0000000084700000, 0x0000000084800000|  0%| F|  |TAMS 0x0000000084700000, 0x0000000084700000| Untracked 
|  72|0x0000000084800000, 0x0000000084800000, 0x0000000084900000|  0%| F|  |TAMS 0x0000000084800000, 0x0000000084800000| Untracked 
|  73|0x0000000084900000, 0x0000000084900000, 0x0000000084a00000|  0%| F|  |TAMS 0x0000000084900000, 0x0000000084900000| Untracked 
|  74|0x0000000084a00000, 0x0000000084a00000, 0x0000000084b00000|  0%| F|  |TAMS 0x0000000084a00000, 0x0000000084a00000| Untracked 
|  75|0x0000000084b00000, 0x0000000084b00000, 0x0000000084c00000|  0%| F|  |TAMS 0x0000000084b00000, 0x0000000084b00000| Untracked 
|  76|0x0000000084c00000, 0x0000000084c00000, 0x0000000084d00000|  0%| F|  |TAMS 0x0000000084c00000, 0x0000000084c00000| Untracked 
|  77|0x0000000084d00000, 0x0000000084d00000, 0x0000000084e00000|  0%| F|  |TAMS 0x0000000084d00000, 0x0000000084d00000| Untracked 
|  78|0x0000000084e00000, 0x0000000084e00000, 0x0000000084f00000|  0%| F|  |TAMS 0x0000000084e00000, 0x0000000084e00000| Untracked 
|  79|0x0000000084f00000, 0x0000000084f00000, 0x0000000085000000|  0%| F|  |TAMS 0x0000000084f00000, 0x0000000084f00000| Untracked 
|  80|0x0000000085000000, 0x0000000085000000, 0x0000000085100000|  0%| F|  |TAMS 0x0000000085000000, 0x0000000085000000| Untracked 
|  81|0x0000000085100000, 0x0000000085100000, 0x0000000085200000|  0%| F|  |TAMS 0x0000000085100000, 0x0000000085100000| Untracked 
|  82|0x0000000085200000, 0x0000000085200000, 0x0000000085300000|  0%| F|  |TAMS 0x0000000085200000, 0x0000000085200000| Untracked 
|  83|0x0000000085300000, 0x0000000085300000, 0x0000000085400000|  0%| F|  |TAMS 0x0000000085300000, 0x0000000085300000| Untracked 
|  84|0x0000000085400000, 0x0000000085400000, 0x0000000085500000|  0%| F|  |TAMS 0x0000000085400000, 0x0000000085400000| Untracked 
|  85|0x0000000085500000, 0x0000000085500000, 0x0000000085600000|  0%| F|  |TAMS 0x0000000085500000, 0x0000000085500000| Untracked 
|  86|0x0000000085600000, 0x0000000085600000, 0x0000000085700000|  0%| F|  |TAMS 0x0000000085600000, 0x0000000085600000| Untracked 
|  87|0x0000000085700000, 0x0000000085700000, 0x0000000085800000|  0%| F|  |TAMS 0x0000000085700000, 0x0000000085700000| Untracked 
|  88|0x0000000085800000, 0x0000000085800000, 0x0000000085900000|  0%| F|  |TAMS 0x0000000085800000, 0x0000000085800000| Untracked 
|  89|0x0000000085900000, 0x0000000085900000, 0x0000000085a00000|  0%| F|  |TAMS 0x0000000085900000, 0x0000000085900000| Untracked 
|  90|0x0000000085a00000, 0x0000000085a00000, 0x0000000085b00000|  0%| F|  |TAMS 0x0000000085a00000, 0x0000000085a00000| Untracked 
|  91|0x0000000085b00000, 0x0000000085b00000, 0x0000000085c00000|  0%| F|  |TAMS 0x0000000085b00000, 0x0000000085b00000| Untracked 
|  92|0x0000000085c00000, 0x0000000085c00000, 0x0000000085d00000|  0%| F|  |TAMS 0x0000000085c00000, 0x0000000085c00000| Untracked 
|  93|0x0000000085d00000, 0x0000000085d00000, 0x0000000085e00000|  0%| F|  |TAMS 0x0000000085d00000, 0x0000000085d00000| Untracked 
|  94|0x0000000085e00000, 0x0000000085e00000, 0x0000000085f00000|  0%| F|  |TAMS 0x0000000085e00000, 0x0000000085e00000| Untracked 
|  95|0x0000000085f00000, 0x0000000085f00000, 0x0000000086000000|  0%| F|  |TAMS 0x0000000085f00000, 0x0000000085f00000| Untracked 
|  96|0x0000000086000000, 0x0000000086000000, 0x0000000086100000|  0%| F|  |TAMS 0x0000000086000000, 0x0000000086000000| Untracked 
|  97|0x0000000086100000, 0x0000000086100000, 0x0000000086200000|  0%| F|  |TAMS 0x0000000086100000, 0x0000000086100000| Untracked 
|  98|0x0000000086200000, 0x0000000086200000, 0x0000000086300000|  0%| F|  |TAMS 0x0000000086200000, 0x0000000086200000| Untracked 
|  99|0x0000000086300000, 0x0000000086300000, 0x0000000086400000|  0%| F|  |TAMS 0x0000000086300000, 0x0000000086300000| Untracked 
| 100|0x0000000086400000, 0x0000000086400000, 0x0000000086500000|  0%| F|  |TAMS 0x0000000086400000, 0x0000000086400000| Untracked 
| 101|0x0000000086500000, 0x0000000086500000, 0x0000000086600000|  0%| F|  |TAMS 0x0000000086500000, 0x0000000086500000| Untracked 
| 102|0x0000000086600000, 0x0000000086600000, 0x0000000086700000|  0%| F|  |TAMS 0x0000000086600000, 0x0000000086600000| Untracked 
| 103|0x0000000086700000, 0x0000000086700000, 0x0000000086800000|  0%| F|  |TAMS 0x0000000086700000, 0x0000000086700000| Untracked 
| 104|0x0000000086800000, 0x0000000086800000, 0x0000000086900000|  0%| F|  |TAMS 0x0000000086800000, 0x0000000086800000| Untracked 
| 105|0x0000000086900000, 0x0000000086900000, 0x0000000086a00000|  0%| F|  |TAMS 0x0000000086900000, 0x0000000086900000| Untracked 
| 106|0x0000000086a00000, 0x0000000086a00000, 0x0000000086b00000|  0%| F|  |TAMS 0x0000000086a00000, 0x0000000086a00000| Untracked 
| 107|0x0000000086b00000, 0x0000000086b00000, 0x0000000086c00000|  0%| F|  |TAMS 0x0000000086b00000, 0x0000000086b00000| Untracked 
| 108|0x0000000086c00000, 0x0000000086c00000, 0x0000000086d00000|  0%| F|  |TAMS 0x0000000086c00000, 0x0000000086c00000| Untracked 
| 109|0x0000000086d00000, 0x0000000086d00000, 0x0000000086e00000|  0%| F|  |TAMS 0x0000000086d00000, 0x0000000086d00000| Untracked 
| 110|0x0000000086e00000, 0x0000000086e00000, 0x0000000086f00000|  0%| F|  |TAMS 0x0000000086e00000, 0x0000000086e00000| Untracked 
| 111|0x0000000086f00000, 0x0000000086f00000, 0x0000000087000000|  0%| F|  |TAMS 0x0000000086f00000, 0x0000000086f00000| Untracked 
| 112|0x0000000087000000, 0x0000000087000000, 0x0000000087100000|  0%| F|  |TAMS 0x0000000087000000, 0x0000000087000000| Untracked 
| 113|0x0000000087100000, 0x0000000087100000, 0x0000000087200000|  0%| F|  |TAMS 0x0000000087100000, 0x0000000087100000| Untracked 
| 114|0x0000000087200000, 0x0000000087200000, 0x0000000087300000|  0%| F|  |TAMS 0x0000000087200000, 0x0000000087200000| Untracked 
| 115|0x0000000087300000, 0x0000000087300000, 0x0000000087400000|  0%| F|  |TAMS 0x0000000087300000, 0x0000000087300000| Untracked 
| 116|0x0000000087400000, 0x0000000087400000, 0x0000000087500000|  0%| F|  |TAMS 0x0000000087400000, 0x0000000087400000| Untracked 
| 117|0x0000000087500000, 0x0000000087500000, 0x0000000087600000|  0%| F|  |TAMS 0x0000000087500000, 0x0000000087500000| Untracked 
| 118|0x0000000087600000, 0x0000000087600000, 0x0000000087700000|  0%| F|  |TAMS 0x0000000087600000, 0x0000000087600000| Untracked 
| 119|0x0000000087700000, 0x0000000087700000, 0x0000000087800000|  0%| F|  |TAMS 0x0000000087700000, 0x0000000087700000| Untracked 
| 120|0x0000000087800000, 0x0000000087800000, 0x0000000087900000|  0%| F|  |TAMS 0x0000000087800000, 0x0000000087800000| Untracked 
| 121|0x0000000087900000, 0x0000000087900000, 0x0000000087a00000|  0%| F|  |TAMS 0x0000000087900000, 0x0000000087900000| Untracked 
| 122|0x0000000087a00000, 0x0000000087a00000, 0x0000000087b00000|  0%| F|  |TAMS 0x0000000087a00000, 0x0000000087a00000| Untracked 
| 123|0x0000000087b00000, 0x0000000087b00000, 0x0000000087c00000|  0%| F|  |TAMS 0x0000000087b00000, 0x0000000087b00000| Untracked 
| 124|0x0000000087c00000, 0x0000000087c00000, 0x0000000087d00000|  0%| F|  |TAMS 0x0000000087c00000, 0x0000000087c00000| Untracked 
| 125|0x0000000087d00000, 0x0000000087d00000, 0x0000000087e00000|  0%| F|  |TAMS 0x0000000087d00000, 0x0000000087d00000| Untracked 
| 126|0x0000000087e00000, 0x0000000087e00000, 0x0000000087f00000|  0%| F|  |TAMS 0x0000000087e00000, 0x0000000087e00000| Untracked 
| 127|0x0000000087f00000, 0x0000000087f00000, 0x0000000088000000|  0%| F|  |TAMS 0x0000000087f00000, 0x0000000087f00000| Untracked 
| 128|0x0000000088000000, 0x0000000088000000, 0x0000000088100000|  0%| F|  |TAMS 0x0000000088000000, 0x0000000088000000| Untracked 
| 129|0x0000000088100000, 0x0000000088100000, 0x0000000088200000|  0%| F|  |TAMS 0x0000000088100000, 0x0000000088100000| Untracked 
| 130|0x0000000088200000, 0x0000000088200000, 0x0000000088300000|  0%| F|  |TAMS 0x0000000088200000, 0x0000000088200000| Untracked 
| 131|0x0000000088300000, 0x0000000088300000, 0x0000000088400000|  0%| F|  |TAMS 0x0000000088300000, 0x0000000088300000| Untracked 
| 132|0x0000000088400000, 0x0000000088400000, 0x0000000088500000|  0%| F|  |TAMS 0x0000000088400000, 0x0000000088400000| Untracked 
| 133|0x0000000088500000, 0x0000000088500000, 0x0000000088600000|  0%| F|  |TAMS 0x0000000088500000, 0x0000000088500000| Untracked 
| 134|0x0000000088600000, 0x0000000088600000, 0x0000000088700000|  0%| F|  |TAMS 0x0000000088600000, 0x0000000088600000| Untracked 
| 135|0x0000000088700000, 0x0000000088700000, 0x0000000088800000|  0%| F|  |TAMS 0x0000000088700000, 0x0000000088700000| Untracked 
| 136|0x0000000088800000, 0x0000000088800000, 0x0000000088900000|  0%| F|  |TAMS 0x0000000088800000, 0x0000000088800000| Untracked 
| 137|0x0000000088900000, 0x0000000088900000, 0x0000000088a00000|  0%| F|  |TAMS 0x0000000088900000, 0x0000000088900000| Untracked 
| 138|0x0000000088a00000, 0x0000000088a00000, 0x0000000088b00000|  0%| F|  |TAMS 0x0000000088a00000, 0x0000000088a00000| Untracked 
| 139|0x0000000088b00000, 0x0000000088b00000, 0x0000000088c00000|  0%| F|  |TAMS 0x0000000088b00000, 0x0000000088b00000| Untracked 
| 140|0x0000000088c00000, 0x0000000088c00000, 0x0000000088d00000|  0%| F|  |TAMS 0x0000000088c00000, 0x0000000088c00000| Untracked 
| 141|0x0000000088d00000, 0x0000000088d00000, 0x0000000088e00000|  0%| F|  |TAMS 0x0000000088d00000, 0x0000000088d00000| Untracked 
| 142|0x0000000088e00000, 0x0000000088e00000, 0x0000000088f00000|  0%| F|  |TAMS 0x0000000088e00000, 0x0000000088e00000| Untracked 
| 143|0x0000000088f00000, 0x0000000088f00000, 0x0000000089000000|  0%| F|  |TAMS 0x0000000088f00000, 0x0000000088f00000| Untracked 
| 144|0x0000000089000000, 0x0000000089000000, 0x0000000089100000|  0%| F|  |TAMS 0x0000000089000000, 0x0000000089000000| Untracked 
| 145|0x0000000089100000, 0x0000000089100000, 0x0000000089200000|  0%| F|  |TAMS 0x0000000089100000, 0x0000000089100000| Untracked 
| 146|0x0000000089200000, 0x0000000089200000, 0x0000000089300000|  0%| F|  |TAMS 0x0000000089200000, 0x0000000089200000| Untracked 
| 147|0x0000000089300000, 0x0000000089300000, 0x0000000089400000|  0%| F|  |TAMS 0x0000000089300000, 0x0000000089300000| Untracked 
| 148|0x0000000089400000, 0x0000000089400000, 0x0000000089500000|  0%| F|  |TAMS 0x0000000089400000, 0x0000000089400000| Untracked 
| 149|0x0000000089500000, 0x0000000089500000, 0x0000000089600000|  0%| F|  |TAMS 0x0000000089500000, 0x0000000089500000| Untracked 
| 150|0x0000000089600000, 0x0000000089600000, 0x0000000089700000|  0%| F|  |TAMS 0x0000000089600000, 0x0000000089600000| Untracked 
| 151|0x0000000089700000, 0x0000000089700000, 0x0000000089800000|  0%| F|  |TAMS 0x0000000089700000, 0x0000000089700000| Untracked 
| 152|0x0000000089800000, 0x0000000089800000, 0x0000000089900000|  0%| F|  |TAMS 0x0000000089800000, 0x0000000089800000| Untracked 
| 153|0x0000000089900000, 0x0000000089900000, 0x0000000089a00000|  0%| F|  |TAMS 0x0000000089900000, 0x0000000089900000| Untracked 
| 154|0x0000000089a00000, 0x0000000089a00000, 0x0000000089b00000|  0%| F|  |TAMS 0x0000000089a00000, 0x0000000089a00000| Untracked 
| 155|0x0000000089b00000, 0x0000000089b00000, 0x0000000089c00000|  0%| F|  |TAMS 0x0000000089b00000, 0x0000000089b00000| Untracked 
| 156|0x0000000089c00000, 0x0000000089c00000, 0x0000000089d00000|  0%| F|  |TAMS 0x0000000089c00000, 0x0000000089c00000| Untracked 
| 157|0x0000000089d00000, 0x0000000089d00000, 0x0000000089e00000|  0%| F|  |TAMS 0x0000000089d00000, 0x0000000089d00000| Untracked 
| 158|0x0000000089e00000, 0x0000000089e00000, 0x0000000089f00000|  0%| F|  |TAMS 0x0000000089e00000, 0x0000000089e00000| Untracked 
| 159|0x0000000089f00000, 0x0000000089f00000, 0x000000008a000000|  0%| F|  |TAMS 0x0000000089f00000, 0x0000000089f00000| Untracked 
| 160|0x000000008a000000, 0x000000008a000000, 0x000000008a100000|  0%| F|  |TAMS 0x000000008a000000, 0x000000008a000000| Untracked 
| 161|0x000000008a100000, 0x000000008a100000, 0x000000008a200000|  0%| F|  |TAMS 0x000000008a100000, 0x000000008a100000| Untracked 
| 162|0x000000008a200000, 0x000000008a200000, 0x000000008a300000|  0%| F|  |TAMS 0x000000008a200000, 0x000000008a200000| Untracked 
| 163|0x000000008a300000, 0x000000008a300000, 0x000000008a400000|  0%| F|  |TAMS 0x000000008a300000, 0x000000008a300000| Untracked 
| 164|0x000000008a400000, 0x000000008a400000, 0x000000008a500000|  0%| F|  |TAMS 0x000000008a400000, 0x000000008a400000| Untracked 
| 165|0x000000008a500000, 0x000000008a500000, 0x000000008a600000|  0%| F|  |TAMS 0x000000008a500000, 0x000000008a500000| Untracked 
| 166|0x000000008a600000, 0x000000008a600000, 0x000000008a700000|  0%| F|  |TAMS 0x000000008a600000, 0x000000008a600000| Untracked 
| 167|0x000000008a700000, 0x000000008a700000, 0x000000008a800000|  0%| F|  |TAMS 0x000000008a700000, 0x000000008a700000| Untracked 
| 168|0x000000008a800000, 0x000000008a800000, 0x000000008a900000|  0%| F|  |TAMS 0x000000008a800000, 0x000000008a800000| Untracked 
| 169|0x000000008a900000, 0x000000008a900000, 0x000000008aa00000|  0%| F|  |TAMS 0x000000008a900000, 0x000000008a900000| Untracked 
| 170|0x000000008aa00000, 0x000000008aa00000, 0x000000008ab00000|  0%| F|  |TAMS 0x000000008aa00000, 0x000000008aa00000| Untracked 
| 171|0x000000008ab00000, 0x000000008ab00000, 0x000000008ac00000|  0%| F|  |TAMS 0x000000008ab00000, 0x000000008ab00000| Untracked 
| 172|0x000000008ac00000, 0x000000008ac00000, 0x000000008ad00000|  0%| F|  |TAMS 0x000000008ac00000, 0x000000008ac00000| Untracked 
| 173|0x000000008ad00000, 0x000000008ad00000, 0x000000008ae00000|  0%| F|  |TAMS 0x000000008ad00000, 0x000000008ad00000| Untracked 
| 174|0x000000008ae00000, 0x000000008ae00000, 0x000000008af00000|  0%| F|  |TAMS 0x000000008ae00000, 0x000000008ae00000| Untracked 
| 175|0x000000008af00000, 0x000000008af00000, 0x000000008b000000|  0%| F|  |TAMS 0x000000008af00000, 0x000000008af00000| Untracked 
| 176|0x000000008b000000, 0x000000008b000000, 0x000000008b100000|  0%| F|  |TAMS 0x000000008b000000, 0x000000008b000000| Untracked 
| 177|0x000000008b100000, 0x000000008b100000, 0x000000008b200000|  0%| F|  |TAMS 0x000000008b100000, 0x000000008b100000| Untracked 
| 178|0x000000008b200000, 0x000000008b200000, 0x000000008b300000|  0%| F|  |TAMS 0x000000008b200000, 0x000000008b200000| Untracked 
| 179|0x000000008b300000, 0x000000008b300000, 0x000000008b400000|  0%| F|  |TAMS 0x000000008b300000, 0x000000008b300000| Untracked 
| 180|0x000000008b400000, 0x000000008b4525f0, 0x000000008b500000| 32%| S|CS|TAMS 0x000000008b400000, 0x000000008b400000| Complete 
| 181|0x000000008b500000, 0x000000008b600000, 0x000000008b600000|100%| S|CS|TAMS 0x000000008b500000, 0x000000008b500000| Complete 
| 182|0x000000008b600000, 0x000000008b700000, 0x000000008b700000|100%| S|CS|TAMS 0x000000008b600000, 0x000000008b600000| Complete 
| 183|0x000000008b700000, 0x000000008b800000, 0x000000008b800000|100%| S|CS|TAMS 0x000000008b700000, 0x000000008b700000| Complete 
| 184|0x000000008b800000, 0x000000008b900000, 0x000000008b900000|100%| S|CS|TAMS 0x000000008b800000, 0x000000008b800000| Complete 
| 185|0x000000008b900000, 0x000000008ba00000, 0x000000008ba00000|100%| S|CS|TAMS 0x000000008b900000, 0x000000008b900000| Complete 
| 186|0x000000008ba00000, 0x000000008bb00000, 0x000000008bb00000|100%| S|CS|TAMS 0x000000008ba00000, 0x000000008ba00000| Complete 
| 187|0x000000008bb00000, 0x000000008bc00000, 0x000000008bc00000|100%| S|CS|TAMS 0x000000008bb00000, 0x000000008bb00000| Complete 
| 188|0x000000008bc00000, 0x000000008bd00000, 0x000000008bd00000|100%| S|CS|TAMS 0x000000008bc00000, 0x000000008bc00000| Complete 
| 189|0x000000008bd00000, 0x000000008be00000, 0x000000008be00000|100%| S|CS|TAMS 0x000000008bd00000, 0x000000008bd00000| Complete 
| 190|0x000000008be00000, 0x000000008be00000, 0x000000008bf00000|  0%| F|  |TAMS 0x000000008be00000, 0x000000008be00000| Untracked 
| 191|0x000000008bf00000, 0x000000008bf00000, 0x000000008c000000|  0%| F|  |TAMS 0x000000008bf00000, 0x000000008bf00000| Untracked 
| 192|0x000000008c000000, 0x000000008c000000, 0x000000008c100000|  0%| F|  |TAMS 0x000000008c000000, 0x000000008c000000| Untracked 
| 193|0x000000008c100000, 0x000000008c100000, 0x000000008c200000|  0%| F|  |TAMS 0x000000008c100000, 0x000000008c100000| Untracked 
| 194|0x000000008c200000, 0x000000008c200000, 0x000000008c300000|  0%| F|  |TAMS 0x000000008c200000, 0x000000008c200000| Untracked 
| 195|0x000000008c300000, 0x000000008c300000, 0x000000008c400000|  0%| F|  |TAMS 0x000000008c300000, 0x000000008c300000| Untracked 
| 196|0x000000008c400000, 0x000000008c400000, 0x000000008c500000|  0%| F|  |TAMS 0x000000008c400000, 0x000000008c400000| Untracked 
| 197|0x000000008c500000, 0x000000008c500000, 0x000000008c600000|  0%| F|  |TAMS 0x000000008c500000, 0x000000008c500000| Untracked 
| 198|0x000000008c600000, 0x000000008c600000, 0x000000008c700000|  0%| F|  |TAMS 0x000000008c600000, 0x000000008c600000| Untracked 
| 199|0x000000008c700000, 0x000000008c700000, 0x000000008c800000|  0%| F|  |TAMS 0x000000008c700000, 0x000000008c700000| Untracked 
| 200|0x000000008c800000, 0x000000008c800000, 0x000000008c900000|  0%| F|  |TAMS 0x000000008c800000, 0x000000008c800000| Untracked 
| 201|0x000000008c900000, 0x000000008c900000, 0x000000008ca00000|  0%| F|  |TAMS 0x000000008c900000, 0x000000008c900000| Untracked 
| 202|0x000000008ca00000, 0x000000008ca00000, 0x000000008cb00000|  0%| F|  |TAMS 0x000000008ca00000, 0x000000008ca00000| Untracked 
| 203|0x000000008cb00000, 0x000000008cb00000, 0x000000008cc00000|  0%| F|  |TAMS 0x000000008cb00000, 0x000000008cb00000| Untracked 
| 204|0x000000008cc00000, 0x000000008cc00000, 0x000000008cd00000|  0%| F|  |TAMS 0x000000008cc00000, 0x000000008cc00000| Untracked 
| 205|0x000000008cd00000, 0x000000008cd00000, 0x000000008ce00000|  0%| F|  |TAMS 0x000000008cd00000, 0x000000008cd00000| Untracked 
| 206|0x000000008ce00000, 0x000000008ce00000, 0x000000008cf00000|  0%| F|  |TAMS 0x000000008ce00000, 0x000000008ce00000| Untracked 
| 207|0x000000008cf00000, 0x000000008cf00000, 0x000000008d000000|  0%| F|  |TAMS 0x000000008cf00000, 0x000000008cf00000| Untracked 
| 208|0x000000008d000000, 0x000000008d000000, 0x000000008d100000|  0%| F|  |TAMS 0x000000008d000000, 0x000000008d000000| Untracked 
| 209|0x000000008d100000, 0x000000008d100000, 0x000000008d200000|  0%| F|  |TAMS 0x000000008d100000, 0x000000008d100000| Untracked 
| 210|0x000000008d200000, 0x000000008d200000, 0x000000008d300000|  0%| F|  |TAMS 0x000000008d200000, 0x000000008d200000| Untracked 
| 211|0x000000008d300000, 0x000000008d300000, 0x000000008d400000|  0%| F|  |TAMS 0x000000008d300000, 0x000000008d300000| Untracked 
| 212|0x000000008d400000, 0x000000008d400000, 0x000000008d500000|  0%| F|  |TAMS 0x000000008d400000, 0x000000008d400000| Untracked 
| 213|0x000000008d500000, 0x000000008d500000, 0x000000008d600000|  0%| F|  |TAMS 0x000000008d500000, 0x000000008d500000| Untracked 
| 214|0x000000008d600000, 0x000000008d600000, 0x000000008d700000|  0%| F|  |TAMS 0x000000008d600000, 0x000000008d600000| Untracked 
| 215|0x000000008d700000, 0x000000008d700000, 0x000000008d800000|  0%| F|  |TAMS 0x000000008d700000, 0x000000008d700000| Untracked 
| 216|0x000000008d800000, 0x000000008d800000, 0x000000008d900000|  0%| F|  |TAMS 0x000000008d800000, 0x000000008d800000| Untracked 
| 217|0x000000008d900000, 0x000000008d900000, 0x000000008da00000|  0%| F|  |TAMS 0x000000008d900000, 0x000000008d900000| Untracked 
| 218|0x000000008da00000, 0x000000008da00000, 0x000000008db00000|  0%| F|  |TAMS 0x000000008da00000, 0x000000008da00000| Untracked 
| 219|0x000000008db00000, 0x000000008db00000, 0x000000008dc00000|  0%| F|  |TAMS 0x000000008db00000, 0x000000008db00000| Untracked 
| 220|0x000000008dc00000, 0x000000008dc00000, 0x000000008dd00000|  0%| F|  |TAMS 0x000000008dc00000, 0x000000008dc00000| Untracked 
| 221|0x000000008dd00000, 0x000000008dd00000, 0x000000008de00000|  0%| F|  |TAMS 0x000000008dd00000, 0x000000008dd00000| Untracked 
| 222|0x000000008de00000, 0x000000008de00000, 0x000000008df00000|  0%| F|  |TAMS 0x000000008de00000, 0x000000008de00000| Untracked 
| 223|0x000000008df00000, 0x000000008df00000, 0x000000008e000000|  0%| F|  |TAMS 0x000000008df00000, 0x000000008df00000| Untracked 
| 224|0x000000008e000000, 0x000000008e000000, 0x000000008e100000|  0%| F|  |TAMS 0x000000008e000000, 0x000000008e000000| Untracked 
| 225|0x000000008e100000, 0x000000008e100000, 0x000000008e200000|  0%| F|  |TAMS 0x000000008e100000, 0x000000008e100000| Untracked 
| 226|0x000000008e200000, 0x000000008e200000, 0x000000008e300000|  0%| F|  |TAMS 0x000000008e200000, 0x000000008e200000| Untracked 
| 227|0x000000008e300000, 0x000000008e300000, 0x000000008e400000|  0%| F|  |TAMS 0x000000008e300000, 0x000000008e300000| Untracked 
| 228|0x000000008e400000, 0x000000008e400000, 0x000000008e500000|  0%| F|  |TAMS 0x000000008e400000, 0x000000008e400000| Untracked 
| 229|0x000000008e500000, 0x000000008e500000, 0x000000008e600000|  0%| F|  |TAMS 0x000000008e500000, 0x000000008e500000| Untracked 
| 230|0x000000008e600000, 0x000000008e600000, 0x000000008e700000|  0%| F|  |TAMS 0x000000008e600000, 0x000000008e600000| Untracked 
| 231|0x000000008e700000, 0x000000008e700000, 0x000000008e800000|  0%| F|  |TAMS 0x000000008e700000, 0x000000008e700000| Untracked 
| 232|0x000000008e800000, 0x000000008e800000, 0x000000008e900000|  0%| F|  |TAMS 0x000000008e800000, 0x000000008e800000| Untracked 
| 233|0x000000008e900000, 0x000000008e900000, 0x000000008ea00000|  0%| F|  |TAMS 0x000000008e900000, 0x000000008e900000| Untracked 
| 234|0x000000008ea00000, 0x000000008ea00000, 0x000000008eb00000|  0%| F|  |TAMS 0x000000008ea00000, 0x000000008ea00000| Untracked 
| 235|0x000000008eb00000, 0x000000008eb00000, 0x000000008ec00000|  0%| F|  |TAMS 0x000000008eb00000, 0x000000008eb00000| Untracked 
| 236|0x000000008ec00000, 0x000000008ec00000, 0x000000008ed00000|  0%| F|  |TAMS 0x000000008ec00000, 0x000000008ec00000| Untracked 
| 237|0x000000008ed00000, 0x000000008ed00000, 0x000000008ee00000|  0%| F|  |TAMS 0x000000008ed00000, 0x000000008ed00000| Untracked 
| 238|0x000000008ee00000, 0x000000008ee00000, 0x000000008ef00000|  0%| F|  |TAMS 0x000000008ee00000, 0x000000008ee00000| Untracked 
| 239|0x000000008ef00000, 0x000000008ef00000, 0x000000008f000000|  0%| F|  |TAMS 0x000000008ef00000, 0x000000008ef00000| Untracked 
| 240|0x000000008f000000, 0x000000008f000000, 0x000000008f100000|  0%| F|  |TAMS 0x000000008f000000, 0x000000008f000000| Untracked 
| 241|0x000000008f100000, 0x000000008f100000, 0x000000008f200000|  0%| F|  |TAMS 0x000000008f100000, 0x000000008f100000| Untracked 
| 242|0x000000008f200000, 0x000000008f200000, 0x000000008f300000|  0%| F|  |TAMS 0x000000008f200000, 0x000000008f200000| Untracked 
| 243|0x000000008f300000, 0x000000008f300000, 0x000000008f400000|  0%| F|  |TAMS 0x000000008f300000, 0x000000008f300000| Untracked 
| 244|0x000000008f400000, 0x000000008f400000, 0x000000008f500000|  0%| F|  |TAMS 0x000000008f400000, 0x000000008f400000| Untracked 
| 245|0x000000008f500000, 0x000000008f500000, 0x000000008f600000|  0%| F|  |TAMS 0x000000008f500000, 0x000000008f500000| Untracked 
| 246|0x000000008f600000, 0x000000008f600000, 0x000000008f700000|  0%| F|  |TAMS 0x000000008f600000, 0x000000008f600000| Untracked 
| 247|0x000000008f700000, 0x000000008f700000, 0x000000008f800000|  0%| F|  |TAMS 0x000000008f700000, 0x000000008f700000| Untracked 
| 248|0x000000008f800000, 0x000000008f800000, 0x000000008f900000|  0%| F|  |TAMS 0x000000008f800000, 0x000000008f800000| Untracked 
| 249|0x000000008f900000, 0x000000008f900000, 0x000000008fa00000|  0%| F|  |TAMS 0x000000008f900000, 0x000000008f900000| Untracked 
| 250|0x000000008fa00000, 0x000000008fa00000, 0x000000008fb00000|  0%| F|  |TAMS 0x000000008fa00000, 0x000000008fa00000| Untracked 
| 251|0x000000008fb00000, 0x000000008fb00000, 0x000000008fc00000|  0%| F|  |TAMS 0x000000008fb00000, 0x000000008fb00000| Untracked 
| 252|0x000000008fc00000, 0x000000008fc00000, 0x000000008fd00000|  0%| F|  |TAMS 0x000000008fc00000, 0x000000008fc00000| Untracked 
| 253|0x000000008fd00000, 0x000000008fd00000, 0x000000008fe00000|  0%| F|  |TAMS 0x000000008fd00000, 0x000000008fd00000| Untracked 
| 254|0x000000008fe00000, 0x000000008fe00000, 0x000000008ff00000|  0%| F|  |TAMS 0x000000008fe00000, 0x000000008fe00000| Untracked 
| 255|0x000000008ff00000, 0x000000008ff00000, 0x0000000090000000|  0%| F|  |TAMS 0x000000008ff00000, 0x000000008ff00000| Untracked 
| 256|0x0000000090000000, 0x0000000090000000, 0x0000000090100000|  0%| F|  |TAMS 0x0000000090000000, 0x0000000090000000| Untracked 
| 257|0x0000000090100000, 0x0000000090100000, 0x0000000090200000|  0%| F|  |TAMS 0x0000000090100000, 0x0000000090100000| Untracked 
| 258|0x0000000090200000, 0x0000000090200000, 0x0000000090300000|  0%| F|  |TAMS 0x0000000090200000, 0x0000000090200000| Untracked 
| 259|0x0000000090300000, 0x0000000090300000, 0x0000000090400000|  0%| F|  |TAMS 0x0000000090300000, 0x0000000090300000| Untracked 
| 260|0x0000000090400000, 0x0000000090400000, 0x0000000090500000|  0%| F|  |TAMS 0x0000000090400000, 0x0000000090400000| Untracked 
| 261|0x0000000090500000, 0x0000000090500000, 0x0000000090600000|  0%| F|  |TAMS 0x0000000090500000, 0x0000000090500000| Untracked 
| 262|0x0000000090600000, 0x0000000090600000, 0x0000000090700000|  0%| F|  |TAMS 0x0000000090600000, 0x0000000090600000| Untracked 
| 263|0x0000000090700000, 0x0000000090700000, 0x0000000090800000|  0%| F|  |TAMS 0x0000000090700000, 0x0000000090700000| Untracked 
| 264|0x0000000090800000, 0x0000000090800000, 0x0000000090900000|  0%| F|  |TAMS 0x0000000090800000, 0x0000000090800000| Untracked 
| 265|0x0000000090900000, 0x0000000090900000, 0x0000000090a00000|  0%| F|  |TAMS 0x0000000090900000, 0x0000000090900000| Untracked 
| 266|0x0000000090a00000, 0x0000000090a00000, 0x0000000090b00000|  0%| F|  |TAMS 0x0000000090a00000, 0x0000000090a00000| Untracked 
| 267|0x0000000090b00000, 0x0000000090b00000, 0x0000000090c00000|  0%| F|  |TAMS 0x0000000090b00000, 0x0000000090b00000| Untracked 
| 268|0x0000000090c00000, 0x0000000090c00000, 0x0000000090d00000|  0%| F|  |TAMS 0x0000000090c00000, 0x0000000090c00000| Untracked 
| 269|0x0000000090d00000, 0x0000000090d00000, 0x0000000090e00000|  0%| F|  |TAMS 0x0000000090d00000, 0x0000000090d00000| Untracked 
| 270|0x0000000090e00000, 0x0000000090e00000, 0x0000000090f00000|  0%| F|  |TAMS 0x0000000090e00000, 0x0000000090e00000| Untracked 
| 271|0x0000000090f00000, 0x0000000090f00000, 0x0000000091000000|  0%| F|  |TAMS 0x0000000090f00000, 0x0000000090f00000| Untracked 
| 272|0x0000000091000000, 0x0000000091000000, 0x0000000091100000|  0%| F|  |TAMS 0x0000000091000000, 0x0000000091000000| Untracked 
| 273|0x0000000091100000, 0x0000000091100000, 0x0000000091200000|  0%| F|  |TAMS 0x0000000091100000, 0x0000000091100000| Untracked 
| 274|0x0000000091200000, 0x0000000091200000, 0x0000000091300000|  0%| F|  |TAMS 0x0000000091200000, 0x0000000091200000| Untracked 
| 275|0x0000000091300000, 0x0000000091300000, 0x0000000091400000|  0%| F|  |TAMS 0x0000000091300000, 0x0000000091300000| Untracked 
| 276|0x0000000091400000, 0x0000000091400000, 0x0000000091500000|  0%| F|  |TAMS 0x0000000091400000, 0x0000000091400000| Untracked 
| 277|0x0000000091500000, 0x0000000091500000, 0x0000000091600000|  0%| F|  |TAMS 0x0000000091500000, 0x0000000091500000| Untracked 
| 278|0x0000000091600000, 0x0000000091600000, 0x0000000091700000|  0%| F|  |TAMS 0x0000000091600000, 0x0000000091600000| Untracked 
| 279|0x0000000091700000, 0x0000000091700000, 0x0000000091800000|  0%| F|  |TAMS 0x0000000091700000, 0x0000000091700000| Untracked 
| 280|0x0000000091800000, 0x0000000091800000, 0x0000000091900000|  0%| F|  |TAMS 0x0000000091800000, 0x0000000091800000| Untracked 
| 281|0x0000000091900000, 0x0000000091900000, 0x0000000091a00000|  0%| F|  |TAMS 0x0000000091900000, 0x0000000091900000| Untracked 
| 282|0x0000000091a00000, 0x0000000091a00000, 0x0000000091b00000|  0%| F|  |TAMS 0x0000000091a00000, 0x0000000091a00000| Untracked 
| 283|0x0000000091b00000, 0x0000000091b83568, 0x0000000091c00000| 51%| E|  |TAMS 0x0000000091b00000, 0x0000000091b00000| Complete 
| 284|0x0000000091c00000, 0x0000000091d00000, 0x0000000091d00000|100%| E|CS|TAMS 0x0000000091c00000, 0x0000000091c00000| Complete 
| 285|0x0000000091d00000, 0x0000000091e00000, 0x0000000091e00000|100%| E|CS|TAMS 0x0000000091d00000, 0x0000000091d00000| Complete 
| 286|0x0000000091e00000, 0x0000000091f00000, 0x0000000091f00000|100%| E|CS|TAMS 0x0000000091e00000, 0x0000000091e00000| Complete 
| 287|0x0000000091f00000, 0x0000000092000000, 0x0000000092000000|100%| E|CS|TAMS 0x0000000091f00000, 0x0000000091f00000| Complete 
| 288|0x0000000092000000, 0x0000000092100000, 0x0000000092100000|100%| E|CS|TAMS 0x0000000092000000, 0x0000000092000000| Complete 
| 289|0x0000000092100000, 0x0000000092200000, 0x0000000092200000|100%| E|CS|TAMS 0x0000000092100000, 0x0000000092100000| Complete 
| 290|0x0000000092200000, 0x0000000092300000, 0x0000000092300000|100%| E|CS|TAMS 0x0000000092200000, 0x0000000092200000| Complete 
| 291|0x0000000092300000, 0x0000000092400000, 0x0000000092400000|100%| E|CS|TAMS 0x0000000092300000, 0x0000000092300000| Complete 
| 292|0x0000000092400000, 0x0000000092500000, 0x0000000092500000|100%| E|CS|TAMS 0x0000000092400000, 0x0000000092400000| Complete 
| 293|0x0000000092500000, 0x0000000092600000, 0x0000000092600000|100%| E|CS|TAMS 0x0000000092500000, 0x0000000092500000| Complete 
| 294|0x0000000092600000, 0x0000000092700000, 0x0000000092700000|100%| E|CS|TAMS 0x0000000092600000, 0x0000000092600000| Complete 
| 295|0x0000000092700000, 0x0000000092800000, 0x0000000092800000|100%| E|CS|TAMS 0x0000000092700000, 0x0000000092700000| Complete 
| 296|0x0000000092800000, 0x0000000092900000, 0x0000000092900000|100%| E|CS|TAMS 0x0000000092800000, 0x0000000092800000| Complete 
| 297|0x0000000092900000, 0x0000000092a00000, 0x0000000092a00000|100%| E|CS|TAMS 0x0000000092900000, 0x0000000092900000| Complete 
| 298|0x0000000092a00000, 0x0000000092b00000, 0x0000000092b00000|100%| E|CS|TAMS 0x0000000092a00000, 0x0000000092a00000| Complete 
| 299|0x0000000092b00000, 0x0000000092c00000, 0x0000000092c00000|100%| E|CS|TAMS 0x0000000092b00000, 0x0000000092b00000| Complete 
| 300|0x0000000092c00000, 0x0000000092d00000, 0x0000000092d00000|100%| E|CS|TAMS 0x0000000092c00000, 0x0000000092c00000| Complete 
| 301|0x0000000092d00000, 0x0000000092e00000, 0x0000000092e00000|100%| E|CS|TAMS 0x0000000092d00000, 0x0000000092d00000| Complete 
| 302|0x0000000092e00000, 0x0000000092f00000, 0x0000000092f00000|100%| E|CS|TAMS 0x0000000092e00000, 0x0000000092e00000| Complete 

Card table byte_map: [0x000001f6750f0000,0x000001f6754f0000] _byte_map_base: 0x000001f674cf0000

Marking Bits (Prev, Next): (CMBitMap*) 0x000001f66efa2690, (CMBitMap*) 0x000001f66efa2658
 Prev Bits: [0x000001f6778f0000, 0x000001f6798f0000)
 Next Bits: [0x000001f6758f0000, 0x000001f6778f0000)

Polling page: 0x000001f66f040000

Metaspace:

Usage:
  Non-class:     58.53 MB capacity,    57.52 MB ( 98%) used,   861.50 KB (  1%) free+waste,   173.50 KB ( <1%) overhead. 
      Class:      9.00 MB capacity,     8.38 MB ( 93%) used,   544.51 KB (  6%) free+waste,    81.31 KB ( <1%) overhead. 
       Both:     67.52 MB capacity,    65.90 MB ( 98%) used,     1.37 MB (  2%) free+waste,   254.81 KB ( <1%) overhead. 

Virtual space:
  Non-class space:       60.00 MB reserved,      58.75 MB ( 98%) committed 
      Class space:        1.00 GB reserved,       9.12 MB ( <1%) committed 
             Both:        1.06 GB reserved,      67.87 MB (  6%) committed 

Chunk freelists:
   Non-Class:  36.00 KB
       Class:  4.00 KB
        Both:  40.00 KB

MaxMetaspaceSize: 17179869184.00 GB
CompressedClassSpaceSize: 1.00 GB

CodeHeap 'non-profiled nmethods': size=120000Kb used=4214Kb max_used=4214Kb free=115785Kb
 bounds [0x000001f607ad0000, 0x000001f607ef0000, 0x000001f60f000000]
CodeHeap 'profiled nmethods': size=120000Kb used=14296Kb max_used=14296Kb free=105703Kb
 bounds [0x000001f6005a0000, 0x000001f6013a0000, 0x000001f607ad0000]
CodeHeap 'non-nmethods': size=5760Kb used=2278Kb max_used=2319Kb free=3481Kb
 bounds [0x000001f600000000, 0x000001f600270000, 0x000001f6005a0000]
 total_blobs=7593 nmethods=6734 adapters=770
 compilation: enabled
              stopped_count=0, restarted_count=0
 full_count=0

Compilation events (20 events):
Event: 8.403 Thread 0x000001f67ccb8000 6748       1       jdk.internal.reflect.ClassFileAssembler::setMaxLocals (6 bytes)
Event: 8.403 Thread 0x000001f67ccb8000 nmethod 6748 0x000001f607ee1610 code [0x000001f607ee17c0, 0x000001f607ee1878]
Event: 8.413 Thread 0x000001f67ccb8000 6749       3       org.codehaus.groovy.reflection.CachedClass$1::initValue (5 bytes)
Event: 8.414 Thread 0x000001f67ccb8000 nmethod 6749 0x000001f60138ca90 code [0x000001f60138cca0, 0x000001f60138d328]
Event: 8.414 Thread 0x000001f67ccb8000 6750       3       org.codehaus.groovy.reflection.CachedClass$1::initValue (15 bytes)
Event: 8.414 Thread 0x000001f67ccb8000 nmethod 6750 0x000001f60138d590 code [0x000001f60138d7a0, 0x000001f60138dd28]
Event: 8.415 Thread 0x000001f67ccb8000 6751       3       org.gradle.api.internal.artifacts.ivyservice.moduleconverter.DefaultRootComponentMetadataBuilder$MetadataHolder::validateMutation (27 bytes)
Event: 8.415 Thread 0x000001f67ccb8000 nmethod 6751 0x000001f60138df10 code [0x000001f60138e0c0, 0x000001f60138e2b8]
Event: 8.418 Thread 0x000001f67ccb8000 6752       3       org.gradle.api.internal.collections.AbstractIterationOrderRetainingElementSource::<init> (27 bytes)
Event: 8.419 Thread 0x000001f67ccb8000 nmethod 6752 0x000001f60138e390 code [0x000001f60138e5c0, 0x000001f60138ee98]
Event: 8.419 Thread 0x000001f67ccb8000 6753       3       jdk.internal.loader.URLClassPath::findResource (38 bytes)
Event: 8.419 Thread 0x000001f67ccb8000 nmethod 6753 0x000001f60138f190 code [0x000001f60138f360, 0x000001f60138f678]
Event: 8.420 Thread 0x000001f67ccb8000 6754       3       java.lang.String::replace (149 bytes)
Event: 8.421 Thread 0x000001f67ccb8000 nmethod 6754 0x000001f60138f790 code [0x000001f60138fae0, 0x000001f601390d68]
Event: 8.426 Thread 0x000001f67ccb8000 6755       3       org.gradle.api.internal.DefaultDomainObjectCollection$IteratorImpl::hasNext (10 bytes)
Event: 8.426 Thread 0x000001f67ccb8000 nmethod 6755 0x000001f601391610 code [0x000001f6013917c0, 0x000001f601391988]
Event: 8.433 Thread 0x000001f67ccb8000 6756       3       java.lang.StringLatin1::lastIndexOf (125 bytes)
Event: 8.433 Thread 0x000001f67ccb8000 nmethod 6756 0x000001f601391a90 code [0x000001f601391c80, 0x000001f6013920f8]
Event: 8.433 Thread 0x000001f67ccb8000 6757       3       java.lang.String::contains (19 bytes)
Event: 8.434 Thread 0x000001f67ccb8000 nmethod 6757 0x000001f601392390 code [0x000001f601392560, 0x000001f6013927b8]

GC Heap History (16 events):
Event: 0.554 GC heap before
{Heap before GC invocations=0 (full 0):
 garbage-first heap   total 258048K, used 30720K [0x0000000080000000, 0x0000000100000000)
  region size 1024K, 24 young (24576K), 0 survivors (0K)
 Metaspace       used 10104K, capacity 10339K, committed 10624K, reserved 1058816K
  class space    used 1053K, capacity 1106K, committed 1152K, reserved 1048576K
}
Event: 0.557 GC heap after
{Heap after GC invocations=1 (full 0):
 garbage-first heap   total 258048K, used 9300K [0x0000000080000000, 0x0000000100000000)
  region size 1024K, 3 young (3072K), 3 survivors (3072K)
 Metaspace       used 10104K, capacity 10339K, committed 10624K, reserved 1058816K
  class space    used 1053K, capacity 1106K, committed 1152K, reserved 1048576K
}
Event: 3.142 GC heap before
{Heap before GC invocations=1 (full 0):
 garbage-first heap   total 258048K, used 112724K [0x0000000080000000, 0x0000000100000000)
  region size 1024K, 105 young (107520K), 3 survivors (3072K)
 Metaspace       used 20652K, capacity 21085K, committed 21248K, reserved 1067008K
  class space    used 2542K, capacity 2712K, committed 2816K, reserved 1048576K
}
Event: 3.168 GC heap after
{Heap after GC invocations=2 (full 0):
 garbage-first heap   total 258048K, used 17537K [0x0000000080000000, 0x0000000100000000)
  region size 1024K, 12 young (12288K), 12 survivors (12288K)
 Metaspace       used 20652K, capacity 21085K, committed 21248K, reserved 1067008K
  class space    used 2542K, capacity 2712K, committed 2816K, reserved 1048576K
}
Event: 3.421 GC heap before
{Heap before GC invocations=3 (full 0):
 garbage-first heap   total 258048K, used 50305K [0x0000000080000000, 0x0000000100000000)
  region size 1024K, 44 young (45056K), 12 survivors (12288K)
 Metaspace       used 24052K, capacity 24647K, committed 24832K, reserved 1071104K
  class space    used 3079K, capacity 3287K, committed 3328K, reserved 1048576K
}
Event: 3.431 GC heap after
{Heap after GC invocations=4 (full 0):
 garbage-first heap   total 258048K, used 18320K [0x0000000080000000, 0x0000000100000000)
  region size 1024K, 2 young (2048K), 2 survivors (2048K)
 Metaspace       used 24052K, capacity 24647K, committed 24832K, reserved 1071104K
  class space    used 3079K, capacity 3287K, committed 3328K, reserved 1048576K
}
Event: 4.584 GC heap before
{Heap before GC invocations=4 (full 0):
 garbage-first heap   total 258048K, used 101264K [0x0000000080000000, 0x0000000100000000)
  region size 1024K, 84 young (86016K), 2 survivors (2048K)
 Metaspace       used 34878K, capacity 35613K, committed 35840K, reserved 1081344K
  class space    used 4530K, capacity 4844K, committed 4864K, reserved 1048576K
}
Event: 4.603 GC heap after
{Heap after GC invocations=5 (full 0):
 garbage-first heap   total 258048K, used 21953K [0x0000000080000000, 0x0000000100000000)
  region size 1024K, 6 young (6144K), 6 survivors (6144K)
 Metaspace       used 34878K, capacity 35613K, committed 35840K, reserved 1081344K
  class space    used 4530K, capacity 4844K, committed 4864K, reserved 1048576K
}
Event: 5.738 GC heap before
{Heap before GC invocations=6 (full 0):
 garbage-first heap   total 258048K, used 149953K [0x0000000080000000, 0x0000000100000000)
  region size 1024K, 128 young (131072K), 6 survivors (6144K)
 Metaspace       used 45219K, capacity 46424K, committed 46464K, reserved 1089536K
  class space    used 5807K, capacity 6240K, committed 6272K, reserved 1048576K
}
Event: 5.761 GC heap after
{Heap after GC invocations=7 (full 0):
 garbage-first heap   total 258048K, used 29920K [0x0000000080000000, 0x0000000100000000)
  region size 1024K, 13 young (13312K), 13 survivors (13312K)
 Metaspace       used 45219K, capacity 46424K, committed 46464K, reserved 1089536K
  class space    used 5807K, capacity 6240K, committed 6272K, reserved 1048576K
}
Event: 6.937 GC heap before
{Heap before GC invocations=7 (full 0):
 garbage-first heap   total 258048K, used 175328K [0x0000000080000000, 0x0000000100000000)
  region size 1024K, 151 young (154624K), 13 survivors (13312K)
 Metaspace       used 54541K, capacity 55978K, committed 56192K, reserved 1097728K
  class space    used 7008K, capacity 7511K, committed 7552K, reserved 1048576K
}
Event: 6.979 GC heap after
{Heap after GC invocations=8 (full 0):
 garbage-first heap   total 258048K, used 48080K [0x0000000080000000, 0x0000000100000000)
  region size 1024K, 19 young (19456K), 19 survivors (19456K)
 Metaspace       used 54541K, capacity 55978K, committed 56192K, reserved 1097728K
  class space    used 7008K, capacity 7511K, committed 7552K, reserved 1048576K
}
Event: 7.198 GC heap before
{Heap before GC invocations=8 (full 0):
 garbage-first heap   total 258048K, used 70608K [0x0000000080000000, 0x0000000100000000)
  region size 1024K, 42 young (43008K), 19 survivors (19456K)
 Metaspace       used 58315K, capacity 59851K, committed 59904K, reserved 1101824K
  class space    used 7392K, capacity 7925K, committed 7936K, reserved 1048576K
}
Event: 7.250 GC heap after
{Heap after GC invocations=9 (full 0):
 garbage-first heap   total 310272K, used 51325K [0x0000000080000000, 0x0000000100000000)
  region size 1024K, 3 young (3072K), 3 survivors (3072K)
 Metaspace       used 58315K, capacity 59851K, committed 59904K, reserved 1101824K
  class space    used 7392K, capacity 7925K, committed 7936K, reserved 1048576K
}
Event: 8.340 GC heap before
{Heap before GC invocations=10 (full 0):
 garbage-first heap   total 310272K, used 163965K [0x0000000080000000, 0x0000000100000000)
  region size 1024K, 113 young (115712K), 3 survivors (3072K)
 Metaspace       used 66581K, capacity 68322K, committed 68600K, reserved 1107968K
  class space    used 8489K, capacity 9111K, committed 9208K, reserved 1048576K
}
Event: 8.347 GC heap after
{Heap after GC invocations=11 (full 0):
 garbage-first heap   total 310272K, used 57798K [0x0000000080000000, 0x0000000100000000)
  region size 1024K, 10 young (10240K), 10 survivors (10240K)
 Metaspace       used 66581K, capacity 68322K, committed 68600K, reserved 1107968K
  class space    used 8489K, capacity 9111K, committed 9208K, reserved 1048576K
}

Deoptimization events (20 events):
Event: 8.216 Thread 0x000001f67e86e800 Uncommon trap: trap_request=0xffffff4d fr.pc=0x000001f607dd6270 relative=0x00000000000008d0
Event: 8.216 Thread 0x000001f67e86e800 Uncommon trap: reason=unstable_if action=reinterpret pc=0x000001f607dd6270 method=com.sun.beans.introspect.MethodInfo$MethodOrder.compare(Ljava/lang/reflect/Method;Ljava/lang/reflect/Method;)I @ 124 c2
Event: 8.216 Thread 0x000001f67e86e800 DEOPT PACKING pc=0x000001f607dd6270 sp=0x000000290e5f6a60
Event: 8.216 Thread 0x000001f67e86e800 DEOPT UNPACKING pc=0x000001f6000083af sp=0x000000290e5f6990 mode 2
Event: 8.237 Thread 0x000001f67e86e800 Uncommon trap: trap_request=0xffffff4d fr.pc=0x000001f607c88a00 relative=0x0000000000000340
Event: 8.237 Thread 0x000001f67e86e800 Uncommon trap: reason=unstable_if action=reinterpret pc=0x000001f607c88a00 method=java.util.StringJoiner.add(Ljava/lang/CharSequence;)Ljava/util/StringJoiner; @ 33 c2
Event: 8.237 Thread 0x000001f67e86e800 DEOPT PACKING pc=0x000001f607c88a00 sp=0x000000290e5f55e0
Event: 8.237 Thread 0x000001f67e86e800 DEOPT UNPACKING pc=0x000001f6000083af sp=0x000000290e5f5590 mode 2
Event: 8.354 Thread 0x000001f67e86e800 Uncommon trap: trap_request=0xffffff4d fr.pc=0x000001f607cb9800 relative=0x0000000000000f80
Event: 8.354 Thread 0x000001f67e86e800 Uncommon trap: reason=unstable_if action=reinterpret pc=0x000001f607cb9800 method=org.codehaus.groovy.runtime.metaclass.MetaMethodIndex.isOverridden(Lgroovy/lang/MetaMethod;Lgroovy/lang/MetaMethod;)Z @ 33 c2
Event: 8.354 Thread 0x000001f67e86e800 DEOPT PACKING pc=0x000001f607cb9800 sp=0x000000290e5f45a0
Event: 8.354 Thread 0x000001f67e86e800 DEOPT UNPACKING pc=0x000001f6000083af sp=0x000000290e5f44f8 mode 2
Event: 8.400 Thread 0x000001f67e86e800 Uncommon trap: trap_request=0xfffffff4 fr.pc=0x000001f607d617b8 relative=0x00000000000007b8
Event: 8.400 Thread 0x000001f67e86e800 Uncommon trap: reason=null_check action=make_not_entrant pc=0x000001f607d617b8 method=org.gradle.util.internal.SimpleMapInterner.intern(Ljava/lang/Object;)Ljava/lang/Object; @ 2 c2
Event: 8.400 Thread 0x000001f67e86e800 DEOPT PACKING pc=0x000001f607d617b8 sp=0x000000290e5f7150
Event: 8.400 Thread 0x000001f67e86e800 DEOPT UNPACKING pc=0x000001f6000083af sp=0x000000290e5f7118 mode 2
Event: 8.400 Thread 0x000001f67e86e800 Uncommon trap: trap_request=0xffffff4d fr.pc=0x000001f607d63134 relative=0x00000000000007d4
Event: 8.400 Thread 0x000001f67e86e800 Uncommon trap: reason=unstable_if action=reinterpret pc=0x000001f607d63134 method=org.gradle.util.internal.SimpleMapInterner.intern(Ljava/lang/String;)Ljava/lang/String; @ 1 c2
Event: 8.400 Thread 0x000001f67e86e800 DEOPT PACKING pc=0x000001f607d63134 sp=0x000000290e5f70e0
Event: 8.400 Thread 0x000001f67e86e800 DEOPT UNPACKING pc=0x000001f6000083af sp=0x000000290e5f70a8 mode 2

Classes redefined (0 events):
No events

Internal exceptions (20 events):
Event: 8.384 Thread 0x000001f67e86e800 Exception <a 'java/lang/ClassNotFoundException'{0x000000009272f318}: com/android/build/gradle/internal/dsl/BuildFeaturesImplBeanInfo> (0x000000009272f318) thrown at [./src/hotspot/share/classfile/systemDictionary.cpp, line 231]
Event: 8.384 Thread 0x000001f67e86e800 Exception <a 'java/lang/ClassNotFoundException'{0x000000009274a8e0}: com/android/build/gradle/internal/dsl/BuildFeaturesImplCustomizer> (0x000000009274a8e0) thrown at [./src/hotspot/share/classfile/systemDictionary.cpp, line 231]
Event: 8.384 Thread 0x000001f67e86e800 Exception <a 'java/lang/ClassNotFoundException'{0x0000000092773250}: com/android/build/gradle/internal/dsl/ApplicationBuildFeaturesImplCustomizer> (0x0000000092773250) thrown at [./src/hotspot/share/classfile/systemDictionary.cpp, line 231]
Event: 8.385 Thread 0x000001f67e86e800 Exception <a 'java/lang/ClassNotFoundException'{0x0000000092797348}: com/android/build/gradle/internal/dsl/ApplicationBuildFeaturesImpl_DecoratedCustomizer> (0x0000000092797348) thrown at [./src/hotspot/share/classfile/systemDictionary.cpp, line 231]
Event: 8.391 Thread 0x000001f67e86e800 Exception <a 'java/lang/ClassNotFoundException'{0x000000009265eed0}: com/android/build/gradle/internal/dsl/AaptOptions$AgpDecorated_DecoratedBeanInfo> (0x000000009265eed0) thrown at [./src/hotspot/share/classfile/systemDictionary.cpp, line 231]
Event: 8.392 Thread 0x000001f67e86e800 Exception <a 'java/lang/ClassNotFoundException'{0x000000009267b5a0}: com/android/build/gradle/internal/dsl/AaptOptions$AgpDecoratedBeanInfo> (0x000000009267b5a0) thrown at [./src/hotspot/share/classfile/systemDictionary.cpp, line 231]
Event: 8.392 Thread 0x000001f67e86e800 Exception <a 'java/lang/ClassNotFoundException'{0x0000000092695758}: com/android/build/gradle/internal/dsl/AaptOptionsBeanInfo> (0x0000000092695758) thrown at [./src/hotspot/share/classfile/systemDictionary.cpp, line 231]
Event: 8.392 Thread 0x000001f67e86e800 Exception <a 'java/lang/ClassNotFoundException'{0x00000000926b09c8}: com/android/build/gradle/internal/dsl/AaptOptionsCustomizer> (0x00000000926b09c8) thrown at [./src/hotspot/share/classfile/systemDictionary.cpp, line 231]
Event: 8.393 Thread 0x000001f67e86e800 Exception <a 'java/lang/ClassNotFoundException'{0x00000000926e26b0}: com/android/build/gradle/internal/dsl/AaptOptions$AgpDecoratedCustomizer> (0x00000000926e26b0) thrown at [./src/hotspot/share/classfile/systemDictionary.cpp, line 231]
Event: 8.394 Thread 0x000001f67e86e800 Exception <a 'java/lang/ClassNotFoundException'{0x000000009251b3e8}: com/android/build/gradle/internal/dsl/AaptOptions$AgpDecorated_DecoratedCustomizer> (0x000000009251b3e8) thrown at [./src/hotspot/share/classfile/systemDictionary.cpp, line 231]
Event: 8.400 Thread 0x000001f67e86e800 Implicit null exception at 0x000001f607d6102f to 0x000001f607d617a8
Event: 8.400 Thread 0x000001f67e86e800 Implicit null exception at 0x000001f607d62996 to 0x000001f607d6311c
Event: 8.407 Thread 0x000001f67e86e800 Exception <a 'java/lang/ClassNotFoundException'{0x0000000092319080}: org/gradle/api/internal/file/collections/DefaultConfigurableFileTreeBeanInfo> (0x0000000092319080) thrown at [./src/hotspot/share/classfile/systemDictionary.cpp, line 231]
Event: 8.408 Thread 0x000001f67e86e800 Exception <a 'java/lang/ClassNotFoundException'{0x000000009234a128}: org/gradle/api/internal/file/CompositeFileTreeBeanInfo> (0x000000009234a128) thrown at [./src/hotspot/share/classfile/systemDictionary.cpp, line 231]
Event: 8.408 Thread 0x000001f67e86e800 Exception <a 'java/lang/ClassNotFoundException'{0x000000009237d6c0}: org/gradle/api/internal/file/CompositeFileCollectionBeanInfo> (0x000000009237d6c0) thrown at [./src/hotspot/share/classfile/systemDictionary.cpp, line 231]
Event: 8.409 Thread 0x000001f67e86e800 Exception <a 'java/lang/ClassNotFoundException'{0x00000000923b0eb0}: org/gradle/api/internal/file/AbstractFileCollectionBeanInfo> (0x00000000923b0eb0) thrown at [./src/hotspot/share/classfile/systemDictionary.cpp, line 231]
Event: 8.409 Thread 0x000001f67e86e800 Exception <a 'java/lang/ClassNotFoundException'{0x00000000923e4598}: org/gradle/api/internal/file/AbstractFileCollectionCustomizer> (0x00000000923e4598) thrown at [./src/hotspot/share/classfile/systemDictionary.cpp, line 231]
Event: 8.411 Thread 0x000001f67e86e800 Exception <a 'java/lang/ClassNotFoundException'{0x000000009222a1c0}: org/gradle/api/internal/file/CompositeFileCollectionCustomizer> (0x000000009222a1c0) thrown at [./src/hotspot/share/classfile/systemDictionary.cpp, line 231]
Event: 8.411 Thread 0x000001f67e86e800 Exception <a 'java/lang/ClassNotFoundException'{0x0000000092263830}: org/gradle/api/internal/file/CompositeFileTreeCustomizer> (0x0000000092263830) thrown at [./src/hotspot/share/classfile/systemDictionary.cpp, line 231]
Event: 8.412 Thread 0x000001f67e86e800 Exception <a 'java/lang/ClassNotFoundException'{0x00000000922a8508}: org/gradle/api/internal/file/collections/DefaultConfigurableFileTreeCustomizer> (0x00000000922a8508) thrown at [./src/hotspot/share/classfile/systemDictionary.cpp, line 231]

Events (20 events):
Event: 8.437 loading class com/android/build/gradle/internal/manifest/ManifestDataProvider
Event: 8.437 loading class com/android/build/gradle/internal/manifest/ManifestDataProvider done
Event: 8.437 loading class com/android/build/gradle/internal/manifest/LazyManifestParser$manifestData$2
Event: 8.437 loading class com/android/build/gradle/internal/manifest/LazyManifestParser$manifestData$2 done
Event: 8.438 loading class com/android/build/gradle/internal/dsl/InternalLibraryExtension
Event: 8.438 loading class com/android/build/gradle/internal/dsl/InternalLibraryExtension done
Event: 8.438 loading class com/android/build/api/dsl/LibraryExtension
Event: 8.438 loading class com/android/build/api/dsl/LibraryExtension done
Event: 8.438 loading class com/android/build/gradle/internal/core/VariantDslInfoBuilder$computeNames$1
Event: 8.438 loading class com/android/build/gradle/internal/core/VariantDslInfoBuilder$computeNames$1 done
Event: 8.439 loading class com/android/build/gradle/internal/utils/PublishingUtils
Event: 8.439 loading class com/android/build/gradle/internal/utils/PublishingUtils done
Event: 8.440 loading class com/android/build/gradle/internal/publishing/ComponentPublishingInfo
Event: 8.440 loading class com/android/build/gradle/internal/publishing/ComponentPublishingInfo done
Event: 8.440 loading class com/android/build/gradle/internal/dsl/AbstractPublishing$Type
Event: 8.440 loading class com/android/build/gradle/internal/dsl/AbstractPublishing$Type done
Event: 8.440 loading class com/android/build/gradle/internal/publishing/VariantPublishingInfo
Event: 8.440 loading class com/android/build/gradle/internal/publishing/VariantPublishingInfo done
Event: 8.441 loading class com/android/build/gradle/internal/core/VariantDslInfoImpl
Event: 8.441 loading class com/android/build/gradle/internal/core/VariantDslInfoImpl done


Dynamic libraries:
0x00007ff75ed60000 - 0x00007ff75ed6a000 	C:\Program Files\Android\Android Studio2\jre\bin\java.exe
0x00007ffbe9a60000 - 0x00007ffbe9c69000 	C:\WINDOWS\SYSTEM32\ntdll.dll
0x00007ffbe8430000 - 0x00007ffbe84ee000 	C:\WINDOWS\System32\KERNEL32.DLL
0x00007ffbe6f60000 - 0x00007ffbe72db000 	C:\WINDOWS\System32\KERNELBASE.dll
0x00007ffbe72e0000 - 0x00007ffbe73f1000 	C:\WINDOWS\System32\ucrtbase.dll
0x00007ffbbcbb0000 - 0x00007ffbbcbc7000 	C:\Program Files\Android\Android Studio2\jre\bin\VCRUNTIME140.dll
0x00007ffbbb6f0000 - 0x00007ffbbb709000 	C:\Program Files\Android\Android Studio2\jre\bin\jli.dll
0x00007ffbe90c0000 - 0x00007ffbe926d000 	C:\WINDOWS\System32\USER32.dll
0x00007ffbe6f30000 - 0x00007ffbe6f56000 	C:\WINDOWS\System32\win32u.dll
0x00007ffbe9870000 - 0x00007ffbe9899000 	C:\WINDOWS\System32\GDI32.dll
0x00007ffbe7570000 - 0x00007ffbe7688000 	C:\WINDOWS\System32\gdi32full.dll
0x00007ffbe77d0000 - 0x00007ffbe786d000 	C:\WINDOWS\System32\msvcp_win.dll
0x00007ffbccc40000 - 0x00007ffbccee5000 	C:\WINDOWS\WinSxS\amd64_microsoft.windows.common-controls_6595b64144ccf1df_6.0.22000.120_none_9d947278b86cc467\COMCTL32.dll
0x00007ffbe7a80000 - 0x00007ffbe7b23000 	C:\WINDOWS\System32\msvcrt.dll
0x00007ffbe8b00000 - 0x00007ffbe8b32000 	C:\WINDOWS\System32\IMM32.DLL
0x00007ffba8940000 - 0x00007ffba89dd000 	C:\Program Files\Android\Android Studio2\jre\bin\msvcp140.dll
0x00007ffb789f0000 - 0x00007ffb794c5000 	C:\Program Files\Android\Android Studio2\jre\bin\server\jvm.dll
0x00007ffbe8870000 - 0x00007ffbe891e000 	C:\WINDOWS\System32\ADVAPI32.dll
0x00007ffbe9980000 - 0x00007ffbe9a1e000 	C:\WINDOWS\System32\sechost.dll
0x00007ffbe8c20000 - 0x00007ffbe8d40000 	C:\WINDOWS\System32\RPCRT4.dll
0x00007ffbe8400000 - 0x00007ffbe8408000 	C:\WINDOWS\System32\PSAPI.DLL
0x00007ffbe3f80000 - 0x00007ffbe3f89000 	C:\WINDOWS\SYSTEM32\WSOCK32.dll
0x00007ffbe9390000 - 0x00007ffbe93ff000 	C:\WINDOWS\System32\WS2_32.dll
0x00007ffbde600000 - 0x00007ffbde633000 	C:\WINDOWS\SYSTEM32\WINMM.dll
0x00007ffbdb8d0000 - 0x00007ffbdb8da000 	C:\WINDOWS\SYSTEM32\VERSION.dll
0x00007ffbe60a0000 - 0x00007ffbe60b8000 	C:\WINDOWS\SYSTEM32\kernel.appcore.dll
0x00007ffbdd120000 - 0x00007ffbdd131000 	C:\Program Files\Android\Android Studio2\jre\bin\verify.dll
0x00007ffbe48f0000 - 0x00007ffbe4b11000 	C:\WINDOWS\SYSTEM32\DBGHELP.DLL
0x00007ffbcb530000 - 0x00007ffbcb561000 	C:\WINDOWS\SYSTEM32\dbgcore.DLL
0x00007ffbe7750000 - 0x00007ffbe77cf000 	C:\WINDOWS\System32\bcryptPrimitives.dll
0x00007ffbd25f0000 - 0x00007ffbd2619000 	C:\Program Files\Android\Android Studio2\jre\bin\java.dll
0x00007ffbe3f00000 - 0x00007ffbe3f0b000 	C:\Program Files\Android\Android Studio2\jre\bin\jimage.dll
0x00007ffbd0fb0000 - 0x00007ffbd0fc8000 	C:\Program Files\Android\Android Studio2\jre\bin\zip.dll
0x00007ffbe7b30000 - 0x00007ffbe82e8000 	C:\WINDOWS\System32\SHELL32.dll
0x00007ffbe5020000 - 0x00007ffbe5885000 	C:\WINDOWS\SYSTEM32\windows.storage.dll
0x00007ffbe84f0000 - 0x00007ffbe8868000 	C:\WINDOWS\System32\combase.dll
0x00007ffbe4eb0000 - 0x00007ffbe5016000 	C:\WINDOWS\SYSTEM32\wintypes.dll
0x00007ffbe89b0000 - 0x00007ffbe8a9a000 	C:\WINDOWS\System32\SHCORE.dll
0x00007ffbe8aa0000 - 0x00007ffbe8afd000 	C:\WINDOWS\System32\shlwapi.dll
0x00007ffbe6e60000 - 0x00007ffbe6e81000 	C:\WINDOWS\SYSTEM32\profapi.dll
0x00007ffbcdf20000 - 0x00007ffbcdf3a000 	C:\Program Files\Android\Android Studio2\jre\bin\net.dll
0x00007ffbdfa80000 - 0x00007ffbdfb94000 	C:\WINDOWS\SYSTEM32\WINHTTP.dll
0x00007ffbe6540000 - 0x00007ffbe65a7000 	C:\WINDOWS\system32\mswsock.dll
0x00007ffbcade0000 - 0x00007ffbcadf4000 	C:\Program Files\Android\Android Studio2\jre\bin\nio.dll
0x00007ffbb4380000 - 0x00007ffbb43a7000 	C:\Users\OWNER\.gradle\native\e1d6ef7f7dcc3fd88c89a11ec53ec762bb8ba0a96d01ffa2cd45eb1d1d8dd5c5\windows-amd64\native-platform.dll
0x00007ffb9b160000 - 0x00007ffb9b2a4000 	C:\Users\OWNER\.gradle\native\0d407fdbe67a94daf76414ababcb853783967236a71b16ec16e742cd7a986fd3\windows-amd64\native-platform-file-events.dll
0x00007ffbe15f0000 - 0x00007ffbe15fa000 	C:\Program Files\Android\Android Studio2\jre\bin\management.dll
0x00007ffbdef20000 - 0x00007ffbdef2d000 	C:\Program Files\Android\Android Studio2\jre\bin\management_ext.dll
0x00007ffbe6780000 - 0x00007ffbe6798000 	C:\WINDOWS\SYSTEM32\CRYPTSP.dll
0x00007ffbe6000000 - 0x00007ffbe6035000 	C:\WINDOWS\system32\rsaenh.dll
0x00007ffbe6630000 - 0x00007ffbe6659000 	C:\WINDOWS\SYSTEM32\USERENV.dll
0x00007ffbe6910000 - 0x00007ffbe6937000 	C:\WINDOWS\SYSTEM32\bcrypt.dll
0x00007ffbe67a0000 - 0x00007ffbe67ac000 	C:\WINDOWS\SYSTEM32\CRYPTBASE.dll
0x00007ffbe5bd0000 - 0x00007ffbe5bfd000 	C:\WINDOWS\SYSTEM32\IPHLPAPI.DLL
0x00007ffbe8dd0000 - 0x00007ffbe8dd9000 	C:\WINDOWS\System32\NSI.dll
0x00007ffbdede0000 - 0x00007ffbdedf9000 	C:\WINDOWS\SYSTEM32\dhcpcsvc6.DLL
0x00007ffbdf0e0000 - 0x00007ffbdf0fe000 	C:\WINDOWS\SYSTEM32\dhcpcsvc.DLL
0x00007ffbe5c00000 - 0x00007ffbe5ce8000 	C:\WINDOWS\SYSTEM32\DNSAPI.dll

dbghelp: loaded successfully - version: 4.0.5 - missing functions: none
symbol engine: initialized successfully - sym options: 0x614 - pdb path: .;C:\Program Files\Android\Android Studio2\jre\bin;C:\WINDOWS\SYSTEM32;C:\WINDOWS\WinSxS\amd64_microsoft.windows.common-controls_6595b64144ccf1df_6.0.22000.120_none_9d947278b86cc467;C:\Program Files\Android\Android Studio2\jre\bin\server;C:\Users\OWNER\.gradle\native\e1d6ef7f7dcc3fd88c89a11ec53ec762bb8ba0a96d01ffa2cd45eb1d1d8dd5c5\windows-amd64;C:\Users\OWNER\.gradle\native\0d407fdbe67a94daf76414ababcb853783967236a71b16ec16e742cd7a986fd3\windows-amd64

VM Arguments:
jvm_args: --add-opens=java.base/java.util=ALL-UNNAMED --add-opens=java.base/java.lang=ALL-UNNAMED --add-opens=java.base/java.lang.invoke=ALL-UNNAMED --add-opens=java.base/java.util=ALL-UNNAMED --add-opens=java.prefs/java.util.prefs=ALL-UNNAMED --add-opens=java.prefs/java.util.prefs=ALL-UNNAMED --add-opens=java.base/java.nio.charset=ALL-UNNAMED --add-opens=java.base/java.net=ALL-UNNAMED --add-opens=java.base/java.util.concurrent.atomic=ALL-UNNAMED -Xmx2048m -Dfile.encoding=UTF-8 -Duser.country=KR -Duser.language=ko -Duser.variant 
java_command: org.gradle.launcher.daemon.bootstrap.GradleDaemon 7.4
java_class_path (initial): C:\Users\OWNER\.gradle\wrapper\dists\gradle-7.4-bin\c0gwcg53nkjbqw7r0h0umtfvt\gradle-7.4\lib\gradle-launcher-7.4.jar
Launcher Type: SUN_STANDARD

[Global flags]
     intx CICompilerCount                          = 4                                         {product} {ergonomic}
     uint ConcGCThreads                            = 2                                         {product} {ergonomic}
     uint G1ConcRefinementThreads                  = 8                                         {product} {ergonomic}
   size_t G1HeapRegionSize                         = 1048576                                   {product} {ergonomic}
    uintx GCDrainStackTargetSize                   = 64                                        {product} {ergonomic}
   size_t InitialHeapSize                          = 264241152                                 {product} {ergonomic}
   size_t MarkStackSize                            = 4194304                                   {product} {ergonomic}
   size_t MaxHeapSize                              = 2147483648                                {product} {command line}
   size_t MaxNewSize                               = 1287651328                                {product} {ergonomic}
   size_t MinHeapDeltaBytes                        = 1048576                                   {product} {ergonomic}
    uintx NonNMethodCodeHeapSize                   = 5836300                                {pd product} {ergonomic}
    uintx NonProfiledCodeHeapSize                  = 122910970                              {pd product} {ergonomic}
    uintx ProfiledCodeHeapSize                     = 122910970                              {pd product} {ergonomic}
    uintx ReservedCodeCacheSize                    = 251658240                              {pd product} {ergonomic}
     bool SegmentedCodeCache                       = true                                      {product} {ergonomic}
     bool UseCompressedClassPointers               = true                                 {lp64_product} {ergonomic}
     bool UseCompressedOops                        = true                                 {lp64_product} {ergonomic}
     bool UseG1GC                                  = true                                      {product} {ergonomic}
     bool UseLargePagesIndividualAllocation        = false                                  {pd product} {ergonomic}

Logging:
Log output configuration:
 #0: stdout all=warning uptime,level,tags
 #1: stderr all=off uptime,level,tags

Environment Variables:
JAVA_HOME=C:\Program Files\Java\jdk-14.0.2
PATH=C:\Users\OWNER\AppData\Local\Programs\Python\Python310\Scripts\;C:\Users\OWNER\AppData\Local\Programs\Python\Python310\;C:\Users\OWNER\anaconda3;C:\Users\OWNER\anaconda3\Library\mingw-w64\bin;C:\Users\OWNER\anaconda3\Library\usr\bin;C:\Users\OWNER\anaconda3\Library\bin;C:\Users\OWNER\anaconda3\Scripts;C:\Program Files\MySQL\MySQL Shell 8.0\bin\;C:\Users\OWNER\AppData\Local\Microsoft\WindowsApps;C:\Users\OWNER\.dotnet\tools;C:\Program Files\Graphviz 2.44.1\bin;C:\Users\OWNER\flutter\bin;C:\Users\OWNER\Git\cmd;C:\Windows\System32;C:\WINDOWS\System32\WindowsPowerShell\v1.0\;C:\Program Files\NVIDIA Corporation\Nsight Compute 2020.1.1\;C:\Users\OWNER\Anaconda3\Lib\site-packages\cmake\data\bin;C:\Program Files\Docker\Docker\resources\bin;C:\ProgramData\DockerDesktop\version-bin;C:\Python27;C:\Program Files\Git\cmd;C:\Program Files\Git LFS;C:\Users\OWNER\anaconda3;C:\Users\OWNER\anaconda3\Library\mingw-w64\bin;C:\Users\OWNER\anaconda3\Library\usr\bin;C:\Users\OWNER\anaconda3\Library\bin;C:\Users\OWNER\anaconda3\Scripts;C:\Users\OWNER\flutter\bin;C:\Users\OWNER\Git\cmd;C:\Users\OWNER\AppData\Local\Programs\Python\Python310\Scripts\;C:\Users\OWNER\AppData\Local\Programs\Python\Python310\;C:\Program Files\MySQL\MySQL Shell 8.0\bin\;C:\Users\OWNER\AppData\Local\Microsoft\WindowsApps;C:\Users\OWNER\.dotnet\tools;C:\Program Files\Graphviz 2.44.1\bin;C:\Users\OWNER\AppData\Local\Programs\Microsoft VS Code\bin;C:\Users\OWNER\AppData\Local\gitkraken\bin
USERNAME=OWNER
OS=Windows_NT
PROCESSOR_IDENTIFIER=Intel64 Family 6 Model 140 Stepping 1, GenuineIntel



---------------  S Y S T E M  ---------------

OS: Windows 10 , 64 bit Build 22000 (10.0.22000.1219)
OS uptime: 9 days 16:09 hours
Hyper-V role detected

CPU:total 8 (initial active 8) (4 cores per cpu, 2 threads per core) family 6 model 140 stepping 1 microcode 0x8a, cmov, cx8, fxsr, mmx, sse, sse2, sse3, ssse3, sse4.1, sse4.2, popcnt, avx, avx2, aes, clmul, erms, 3dnowpref, lzcnt, ht, tsc, tscinvbit, bmi1, bmi2, adx, evex, sha, fma

Memory: 4k page, system-wide physical 16107M (3358M free)
TotalPageFile size 31242M (AvailPageFile size 6M)
current process WorkingSet (physical memory assigned to process): 506M, peak: 508M
current process commit charge ("private bytes"): 578M, peak: 582M

vm_info: OpenJDK 64-Bit Server VM (11.0.11+9-b60-7590822) for windows-amd64 JRE (11.0.11+9-b60-7590822), built on Jul 29 2021 21:43:44 by "builder" with MS VC++ 14.0 (VS2015)

END.
