#
# There is insufficient memory for the Java Runtime Environment to continue.
# Native memory allocation (malloc) failed to allocate 1498416 bytes for Chunk::new
# Possible reasons:
#   The system is out of physical RAM or swap space
#   The process is running with CompressedOops enabled, and the Java Heap may be blocking the growth of the native heap
# Possible solutions:
#   Reduce memory load on the system
#   Increase physical memory or swap space
#   Check if swap backing store is full
#   Decrease Java heap size (-Xmx/-Xms)
#   Decrease number of Java threads
#   Decrease Java thread stack sizes (-Xss)
#   Set larger code cache with -XX:ReservedCodeCacheSize=
#   JVM is running with Unscaled Compressed Oops mode in which the Java heap is
#     placed in the first 4GB address space. The Java Heap base address is the
#     maximum limit for the native heap growth. Please use -XX:HeapBaseMinAddress
#     to set the Java Heap base and to place the Java Heap above 4GB virtual address.
# This output file may be truncated or incomplete.
#
#  Out of Memory Error (./src/hotspot/share/memory/arena.cpp:197), pid=20304, tid=2392
#
# JRE version: OpenJDK Runtime Environment (11.0.11+9) (build 11.0.11+9-b60-7590822)
# Java VM: OpenJDK 64-Bit Server VM (11.0.11+9-b60-7590822, mixed mode, tiered, compressed oops, g1 gc, windows-amd64)
# No core dump will be written. Minidumps are not enabled by default on client versions of Windows
#

---------------  S U M M A R Y ------------

Command Line: --add-opens=java.base/java.util=ALL-UNNAMED --add-opens=java.base/java.lang=ALL-UNNAMED --add-opens=java.base/java.lang.invoke=ALL-UNNAMED --add-opens=java.base/java.util=ALL-UNNAMED --add-opens=java.prefs/java.util.prefs=ALL-UNNAMED --add-opens=java.prefs/java.util.prefs=ALL-UNNAMED --add-opens=java.base/java.nio.charset=ALL-UNNAMED --add-opens=java.base/java.net=ALL-UNNAMED --add-opens=java.base/java.util.concurrent.atomic=ALL-UNNAMED -Xmx2048m -Dfile.encoding=UTF-8 -Duser.country=KR -Duser.language=ko -Duser.variant org.gradle.launcher.daemon.bootstrap.GradleDaemon 7.4

Host: 11th Gen Intel(R) Core(TM) i7-1165G7 @ 2.80GHz, 8 cores, 15G,  Windows 10 , 64 bit Build 22000 (10.0.22000.1219)
Time: Fri Dec  2 02:31:50 2022 대한민국 표준시 elapsed time: 3.079960 seconds (0d 0h 0m 3s)

---------------  T H R E A D  ---------------

Current thread (0x000001ceed1c5800):  JavaThread "C2 CompilerThread0" daemon [_thread_in_native, id=2392, stack(0x0000007ff3500000,0x0000007ff3600000)]


Current CompileTask:
C2:   3080 2091   !   4       java.net.URLClassLoader$1::run (63 bytes)

Stack: [0x0000007ff3500000,0x0000007ff3600000]
Native frames: (J=compiled Java code, j=interpreted, Vv=VM code, C=native code)
V  [jvm.dll+0x5f214a]
V  [jvm.dll+0x726fb5]
V  [jvm.dll+0x7285cd]
V  [jvm.dll+0x728c83]
V  [jvm.dll+0x243278]
V  [jvm.dll+0xbc53c]
V  [jvm.dll+0xbca3c]
V  [jvm.dll+0x353e7d]
V  [jvm.dll+0x19895c]
V  [jvm.dll+0x1fc2ee]
V  [jvm.dll+0x1fb3d4]
V  [jvm.dll+0x183d6c]
V  [jvm.dll+0x209a57]
V  [jvm.dll+0x2082a1]
V  [jvm.dll+0x6ef58f]
V  [jvm.dll+0x6e80b5]
V  [jvm.dll+0x5f1036]
C  [ucrtbase.dll+0x26c0c]
C  [KERNEL32.DLL+0x15550]
C  [ntdll.dll+0x485b]


---------------  P R O C E S S  ---------------

Threads class SMR info:
_java_thread_list=0x000001cef0002da0, length=29, elements={
0x000001ced04c0000, 0x000001ceed145000, 0x000001ceed150000, 0x000001ceed1bd800,
0x000001ceed1c0800, 0x000001ceed1c2000, 0x000001ceed1c5800, 0x000001ceed1ca800,
0x000001ceed1cb800, 0x000001ceed339000, 0x000001ceef6c6000, 0x000001ceed3d8800,
0x000001ceee91b800, 0x000001ceef563000, 0x000001ceef6e4000, 0x000001ceeebd8000,
0x000001ceef5de800, 0x000001ceeecdc800, 0x000001ceee170800, 0x000001ceef4ad000,
0x000001ceef4a7800, 0x000001ceef4aa800, 0x000001ceef4ab800, 0x000001ceefa73800,
0x000001ceedf8a000, 0x000001ceef4a9800, 0x000001ceef4ac000, 0x000001ceef4a9000,
0x000001ceef4ae000
}

Java Threads: ( => current thread )
  0x000001ced04c0000 JavaThread "main" [_thread_blocked, id=18700, stack(0x0000007ff2900000,0x0000007ff2a00000)]
  0x000001ceed145000 JavaThread "Reference Handler" daemon [_thread_blocked, id=2396, stack(0x0000007ff3000000,0x0000007ff3100000)]
  0x000001ceed150000 JavaThread "Finalizer" daemon [_thread_blocked, id=14912, stack(0x0000007ff3100000,0x0000007ff3200000)]
  0x000001ceed1bd800 JavaThread "Signal Dispatcher" daemon [_thread_blocked, id=16132, stack(0x0000007ff3200000,0x0000007ff3300000)]
  0x000001ceed1c0800 JavaThread "Attach Listener" daemon [_thread_blocked, id=9564, stack(0x0000007ff3300000,0x0000007ff3400000)]
  0x000001ceed1c2000 JavaThread "Service Thread" daemon [_thread_blocked, id=14004, stack(0x0000007ff3400000,0x0000007ff3500000)]
=>0x000001ceed1c5800 JavaThread "C2 CompilerThread0" daemon [_thread_in_native, id=2392, stack(0x0000007ff3500000,0x0000007ff3600000)]
  0x000001ceed1ca800 JavaThread "C1 CompilerThread0" daemon [_thread_in_native, id=15876, stack(0x0000007ff3600000,0x0000007ff3700000)]
  0x000001ceed1cb800 JavaThread "Sweeper thread" daemon [_thread_blocked, id=1668, stack(0x0000007ff3700000,0x0000007ff3800000)]
  0x000001ceed339000 JavaThread "Common-Cleaner" daemon [_thread_blocked, id=16780, stack(0x0000007ff3800000,0x0000007ff3900000)]
  0x000001ceef6c6000 JavaThread "Daemon health stats" [_thread_blocked, id=11368, stack(0x0000007ff4100000,0x0000007ff4200000)]
  0x000001ceed3d8800 JavaThread "Incoming local TCP Connector on port 54145" [_thread_in_native, id=11764, stack(0x0000007ff3a00000,0x0000007ff3b00000)]
  0x000001ceee91b800 JavaThread "Daemon periodic checks" [_thread_blocked, id=4740, stack(0x0000007ff4000000,0x0000007ff4100000)]
  0x000001ceef563000 JavaThread "Daemon" [_thread_blocked, id=4308, stack(0x0000007ff4200000,0x0000007ff4300000)]
  0x000001ceef6e4000 JavaThread "Handler for socket connection from /127.0.0.1:54145 to /127.0.0.1:54146" [_thread_in_native, id=9512, stack(0x0000007ff4300000,0x0000007ff4400000)]
  0x000001ceeebd8000 JavaThread "Cancel handler" [_thread_blocked, id=332, stack(0x0000007ff4400000,0x0000007ff4500000)]
  0x000001ceef5de800 JavaThread "Daemon worker" [_thread_in_Java, id=9508, stack(0x0000007ff4500000,0x0000007ff4600000)]
  0x000001ceeecdc800 JavaThread "Asynchronous log dispatcher for DefaultDaemonConnection: socket connection from /127.0.0.1:54145 to /127.0.0.1:54146" [_thread_blocked, id=19176, stack(0x0000007ff4600000,0x0000007ff4700000)]
  0x000001ceee170800 JavaThread "Stdin handler" [_thread_blocked, id=6076, stack(0x0000007ff4700000,0x0000007ff4800000)]
  0x000001ceef4ad000 JavaThread "Daemon client event forwarder" [_thread_blocked, id=10948, stack(0x0000007ff4800000,0x0000007ff4900000)]
  0x000001ceef4a7800 JavaThread "Cache worker for journal cache (C:\Users\OWNER\.gradle\caches\journal-1)" [_thread_blocked, id=15940, stack(0x0000007ff4b00000,0x0000007ff4c00000)]
  0x000001ceef4aa800 JavaThread "File lock request listener" [_thread_in_native, id=8552, stack(0x0000007ff4c00000,0x0000007ff4d00000)]
  0x000001ceef4ab800 JavaThread "Cache worker for file hash cache (C:\Users\OWNER\.gradle\caches\7.4\fileHashes)" [_thread_blocked, id=9428, stack(0x0000007ff4d00000,0x0000007ff4e00000)]
  0x000001ceefa73800 JavaThread "C2 CompilerThread1" daemon [_thread_in_native, id=12268, stack(0x0000007ff4f00000,0x0000007ff5000000)]
  0x000001ceedf8a000 JavaThread "C2 CompilerThread2" daemon [_thread_in_native, id=5204, stack(0x0000007ff5000000,0x0000007ff5100000)]
  0x000001ceef4a9800 JavaThread "File watcher server" daemon [_thread_in_native, id=17336, stack(0x0000007ff5100000,0x0000007ff5200000)]
  0x000001ceef4ac000 JavaThread "File watcher consumer" daemon [_thread_blocked, id=7868, stack(0x0000007ff5200000,0x0000007ff5300000)]
  0x000001ceef4a9000 JavaThread "Cache worker for checksums cache (C:\Users\OWNER\Desktop\Penta1201\Penta\.gradle\7.4\checksums)" [_thread_blocked, id=12336, stack(0x0000007ff5300000,0x0000007ff5400000)]
  0x000001ceef4ae000 JavaThread "Cache worker for cache directory md-rule (C:\Users\OWNER\.gradle\caches\7.4\md-rule)" [_thread_blocked, id=17152, stack(0x0000007ff5400000,0x0000007ff5500000)]

Other Threads:
  0x000001ceed13f800 VMThread "VM Thread" [stack: 0x0000007ff2f00000,0x0000007ff3000000] [id=856]
  0x000001ceed343800 WatcherThread [stack: 0x0000007ff3900000,0x0000007ff3a00000] [id=7928]
  0x000001ced04db000 GCTaskThread "GC Thread#0" [stack: 0x0000007ff2a00000,0x0000007ff2b00000] [id=10820]
  0x000001ceedec8800 GCTaskThread "GC Thread#1" [stack: 0x0000007ff3b00000,0x0000007ff3c00000] [id=16632]
  0x000001ceedec9800 GCTaskThread "GC Thread#2" [stack: 0x0000007ff3c00000,0x0000007ff3d00000] [id=8336]
  0x000001ceedfd7800 GCTaskThread "GC Thread#3" [stack: 0x0000007ff3d00000,0x0000007ff3e00000] [id=6448]
  0x000001ceedfd8000 GCTaskThread "GC Thread#4" [stack: 0x0000007ff3e00000,0x0000007ff3f00000] [id=16264]
  0x000001ceee08e000 GCTaskThread "GC Thread#5" [stack: 0x0000007ff3f00000,0x0000007ff4000000] [id=13624]
  0x000001cef0538000 GCTaskThread "GC Thread#6" [stack: 0x0000007ff4900000,0x0000007ff4a00000] [id=2904]
  0x000001cef053b800 GCTaskThread "GC Thread#7" [stack: 0x0000007ff4a00000,0x0000007ff4b00000] [id=14152]
  0x000001ced050b000 ConcurrentGCThread "G1 Main Marker" [stack: 0x0000007ff2b00000,0x0000007ff2c00000] [id=17812]
  0x000001ced050d800 ConcurrentGCThread "G1 Conc#0" [stack: 0x0000007ff2c00000,0x0000007ff2d00000] [id=10604]
  0x000001cef053d800 ConcurrentGCThread "G1 Conc#1" [stack: 0x0000007ff4e00000,0x0000007ff4f00000] [id=20368]
  0x000001ced059e000 ConcurrentGCThread "G1 Refine#0" [stack: 0x0000007ff2d00000,0x0000007ff2e00000] [id=8060]
  0x000001ceec792800 ConcurrentGCThread "G1 Young RemSet Sampling" [stack: 0x0000007ff2e00000,0x0000007ff2f00000] [id=19896]

Threads with active compile tasks:
C2 CompilerThread0   3095 2091   !   4       java.net.URLClassLoader$1::run (63 bytes)
C1 CompilerThread0   3095 2267       3       org.objectweb.asm.Frame::<init> (10 bytes)
C2 CompilerThread1   3095 2238   !   4       java.net.URL::<init> (543 bytes)
C2 CompilerThread2   3095 2090       4       java.net.URLClassLoader$1::run (5 bytes)

VM state:not at safepoint (normal execution)

VM Mutex/Monitor currently owned by a thread:  ([mutex/lock_event])
[0x000001ced04bbb70] Compile_lock - owner thread: 0x0000000000000000

Heap address: 0x0000000080000000, size: 2048 MB, Compressed Oops mode: 32-bit
Narrow klass base: 0x0000000000000000, Narrow klass shift: 3
Compressed class space size: 1073741824 Address: 0x0000000100000000

Heap:
 garbage-first heap   total 258048K, used 87490K [0x0000000080000000, 0x0000000100000000)
  region size 1024K, 70 young (71680K), 1 survivors (1024K)
 Metaspace       used 27583K, capacity 28309K, committed 28544K, reserved 1073152K
  class space    used 3632K, capacity 3876K, committed 3968K, reserved 1048576K
Heap Regions: E=young(eden), S=young(survivor), O=old, HS=humongous(starts), HC=humongous(continues), CS=collection set, F=free, A=archive, TAMS=top-at-mark-start (previous, next)
|   0|0x0000000080000000, 0x0000000080100000, 0x0000000080100000|100%| O|  |TAMS 0x0000000080100000, 0x0000000080000000| Untracked 
|   1|0x0000000080100000, 0x0000000080200000, 0x0000000080200000|100%| O|  |TAMS 0x0000000080200000, 0x0000000080100000| Untracked 
|   2|0x0000000080200000, 0x0000000080300000, 0x0000000080300000|100%| O|  |TAMS 0x0000000080300000, 0x0000000080200000| Untracked 
|   3|0x0000000080300000, 0x0000000080400000, 0x0000000080400000|100%|HS|  |TAMS 0x0000000080400000, 0x0000000080300000| Complete 
|   4|0x0000000080400000, 0x0000000080500000, 0x0000000080500000|100%|HC|  |TAMS 0x0000000080500000, 0x0000000080400000| Complete 
|   5|0x0000000080500000, 0x0000000080600000, 0x0000000080600000|100%|HC|  |TAMS 0x0000000080600000, 0x0000000080500000| Complete 
|   6|0x0000000080600000, 0x0000000080700000, 0x0000000080700000|100%| O|  |TAMS 0x0000000080700000, 0x0000000080600000| Untracked 
|   7|0x0000000080700000, 0x0000000080800000, 0x0000000080800000|100%| O|  |TAMS 0x0000000080800000, 0x0000000080700000| Untracked 
|   8|0x0000000080800000, 0x0000000080900000, 0x0000000080900000|100%| O|  |TAMS 0x0000000080900000, 0x0000000080800000| Untracked 
|   9|0x0000000080900000, 0x0000000080a00000, 0x0000000080a00000|100%| O|  |TAMS 0x0000000080a00000, 0x0000000080900000| Untracked 
|  10|0x0000000080a00000, 0x0000000080b00000, 0x0000000080b00000|100%| O|  |TAMS 0x0000000080b00000, 0x0000000080a00000| Untracked 
|  11|0x0000000080b00000, 0x0000000080c00000, 0x0000000080c00000|100%| O|  |TAMS 0x0000000080c00000, 0x0000000080b00000| Untracked 
|  12|0x0000000080c00000, 0x0000000080d00000, 0x0000000080d00000|100%| O|  |TAMS 0x0000000080d00000, 0x0000000080c00000| Untracked 
|  13|0x0000000080d00000, 0x0000000080e00000, 0x0000000080e00000|100%| O|  |TAMS 0x0000000080e00000, 0x0000000080d00000| Untracked 
|  14|0x0000000080e00000, 0x0000000080f00000, 0x0000000080f00000|100%| O|  |TAMS 0x0000000080f00000, 0x0000000080e00000| Untracked 
|  15|0x0000000080f00000, 0x0000000081000000, 0x0000000081000000|100%| O|  |TAMS 0x0000000081000000, 0x0000000080f00000| Untracked 
|  16|0x0000000081000000, 0x0000000081070800, 0x0000000081100000| 43%| O|  |TAMS 0x0000000081070800, 0x0000000081000000| Untracked 
|  17|0x0000000081100000, 0x0000000081100000, 0x0000000081200000|  0%| F|  |TAMS 0x0000000081100000, 0x0000000081100000| Untracked 
|  18|0x0000000081200000, 0x0000000081200000, 0x0000000081300000|  0%| F|  |TAMS 0x0000000081200000, 0x0000000081200000| Untracked 
|  19|0x0000000081300000, 0x0000000081300000, 0x0000000081400000|  0%| F|  |TAMS 0x0000000081300000, 0x0000000081300000| Untracked 
|  20|0x0000000081400000, 0x0000000081400000, 0x0000000081500000|  0%| F|  |TAMS 0x0000000081400000, 0x0000000081400000| Untracked 
|  21|0x0000000081500000, 0x0000000081500000, 0x0000000081600000|  0%| F|  |TAMS 0x0000000081500000, 0x0000000081500000| Untracked 
|  22|0x0000000081600000, 0x0000000081600000, 0x0000000081700000|  0%| F|  |TAMS 0x0000000081600000, 0x0000000081600000| Untracked 
|  23|0x0000000081700000, 0x0000000081700000, 0x0000000081800000|  0%| F|  |TAMS 0x0000000081700000, 0x0000000081700000| Untracked 
|  24|0x0000000081800000, 0x0000000081800000, 0x0000000081900000|  0%| F|  |TAMS 0x0000000081800000, 0x0000000081800000| Untracked 
|  25|0x0000000081900000, 0x0000000081900000, 0x0000000081a00000|  0%| F|  |TAMS 0x0000000081900000, 0x0000000081900000| Untracked 
|  26|0x0000000081a00000, 0x0000000081a00000, 0x0000000081b00000|  0%| F|  |TAMS 0x0000000081a00000, 0x0000000081a00000| Untracked 
|  27|0x0000000081b00000, 0x0000000081b00000, 0x0000000081c00000|  0%| F|  |TAMS 0x0000000081b00000, 0x0000000081b00000| Untracked 
|  28|0x0000000081c00000, 0x0000000081c00000, 0x0000000081d00000|  0%| F|  |TAMS 0x0000000081c00000, 0x0000000081c00000| Untracked 
|  29|0x0000000081d00000, 0x0000000081d00000, 0x0000000081e00000|  0%| F|  |TAMS 0x0000000081d00000, 0x0000000081d00000| Untracked 
|  30|0x0000000081e00000, 0x0000000081e00000, 0x0000000081f00000|  0%| F|  |TAMS 0x0000000081e00000, 0x0000000081e00000| Untracked 
|  31|0x0000000081f00000, 0x0000000081f00000, 0x0000000082000000|  0%| F|  |TAMS 0x0000000081f00000, 0x0000000081f00000| Untracked 
|  32|0x0000000082000000, 0x0000000082000000, 0x0000000082100000|  0%| F|  |TAMS 0x0000000082000000, 0x0000000082000000| Untracked 
|  33|0x0000000082100000, 0x0000000082100000, 0x0000000082200000|  0%| F|  |TAMS 0x0000000082100000, 0x0000000082100000| Untracked 
|  34|0x0000000082200000, 0x0000000082200000, 0x0000000082300000|  0%| F|  |TAMS 0x0000000082200000, 0x0000000082200000| Untracked 
|  35|0x0000000082300000, 0x0000000082300000, 0x0000000082400000|  0%| F|  |TAMS 0x0000000082300000, 0x0000000082300000| Untracked 
|  36|0x0000000082400000, 0x0000000082400000, 0x0000000082500000|  0%| F|  |TAMS 0x0000000082400000, 0x0000000082400000| Untracked 
|  37|0x0000000082500000, 0x0000000082500000, 0x0000000082600000|  0%| F|  |TAMS 0x0000000082500000, 0x0000000082500000| Untracked 
|  38|0x0000000082600000, 0x0000000082600000, 0x0000000082700000|  0%| F|  |TAMS 0x0000000082600000, 0x0000000082600000| Untracked 
|  39|0x0000000082700000, 0x0000000082700000, 0x0000000082800000|  0%| F|  |TAMS 0x0000000082700000, 0x0000000082700000| Untracked 
|  40|0x0000000082800000, 0x0000000082800000, 0x0000000082900000|  0%| F|  |TAMS 0x0000000082800000, 0x0000000082800000| Untracked 
|  41|0x0000000082900000, 0x0000000082900000, 0x0000000082a00000|  0%| F|  |TAMS 0x0000000082900000, 0x0000000082900000| Untracked 
|  42|0x0000000082a00000, 0x0000000082a00000, 0x0000000082b00000|  0%| F|  |TAMS 0x0000000082a00000, 0x0000000082a00000| Untracked 
|  43|0x0000000082b00000, 0x0000000082b00000, 0x0000000082c00000|  0%| F|  |TAMS 0x0000000082b00000, 0x0000000082b00000| Untracked 
|  44|0x0000000082c00000, 0x0000000082c00000, 0x0000000082d00000|  0%| F|  |TAMS 0x0000000082c00000, 0x0000000082c00000| Untracked 
|  45|0x0000000082d00000, 0x0000000082d00000, 0x0000000082e00000|  0%| F|  |TAMS 0x0000000082d00000, 0x0000000082d00000| Untracked 
|  46|0x0000000082e00000, 0x0000000082e00000, 0x0000000082f00000|  0%| F|  |TAMS 0x0000000082e00000, 0x0000000082e00000| Untracked 
|  47|0x0000000082f00000, 0x0000000082f00000, 0x0000000083000000|  0%| F|  |TAMS 0x0000000082f00000, 0x0000000082f00000| Untracked 
|  48|0x0000000083000000, 0x0000000083000000, 0x0000000083100000|  0%| F|  |TAMS 0x0000000083000000, 0x0000000083000000| Untracked 
|  49|0x0000000083100000, 0x0000000083100000, 0x0000000083200000|  0%| F|  |TAMS 0x0000000083100000, 0x0000000083100000| Untracked 
|  50|0x0000000083200000, 0x0000000083200000, 0x0000000083300000|  0%| F|  |TAMS 0x0000000083200000, 0x0000000083200000| Untracked 
|  51|0x0000000083300000, 0x0000000083300000, 0x0000000083400000|  0%| F|  |TAMS 0x0000000083300000, 0x0000000083300000| Untracked 
|  52|0x0000000083400000, 0x0000000083400000, 0x0000000083500000|  0%| F|  |TAMS 0x0000000083400000, 0x0000000083400000| Untracked 
|  53|0x0000000083500000, 0x0000000083500000, 0x0000000083600000|  0%| F|  |TAMS 0x0000000083500000, 0x0000000083500000| Untracked 
|  54|0x0000000083600000, 0x0000000083600000, 0x0000000083700000|  0%| F|  |TAMS 0x0000000083600000, 0x0000000083600000| Untracked 
|  55|0x0000000083700000, 0x0000000083700000, 0x0000000083800000|  0%| F|  |TAMS 0x0000000083700000, 0x0000000083700000| Untracked 
|  56|0x0000000083800000, 0x0000000083800000, 0x0000000083900000|  0%| F|  |TAMS 0x0000000083800000, 0x0000000083800000| Untracked 
|  57|0x0000000083900000, 0x0000000083900000, 0x0000000083a00000|  0%| F|  |TAMS 0x0000000083900000, 0x0000000083900000| Untracked 
|  58|0x0000000083a00000, 0x0000000083a00000, 0x0000000083b00000|  0%| F|  |TAMS 0x0000000083a00000, 0x0000000083a00000| Untracked 
|  59|0x0000000083b00000, 0x0000000083b00000, 0x0000000083c00000|  0%| F|  |TAMS 0x0000000083b00000, 0x0000000083b00000| Untracked 
|  60|0x0000000083c00000, 0x0000000083c00000, 0x0000000083d00000|  0%| F|  |TAMS 0x0000000083c00000, 0x0000000083c00000| Untracked 
|  61|0x0000000083d00000, 0x0000000083d00000, 0x0000000083e00000|  0%| F|  |TAMS 0x0000000083d00000, 0x0000000083d00000| Untracked 
|  62|0x0000000083e00000, 0x0000000083e00000, 0x0000000083f00000|  0%| F|  |TAMS 0x0000000083e00000, 0x0000000083e00000| Untracked 
|  63|0x0000000083f00000, 0x0000000083f00000, 0x0000000084000000|  0%| F|  |TAMS 0x0000000083f00000, 0x0000000083f00000| Untracked 
|  64|0x0000000084000000, 0x0000000084000000, 0x0000000084100000|  0%| F|  |TAMS 0x0000000084000000, 0x0000000084000000| Untracked 
|  65|0x0000000084100000, 0x0000000084100000, 0x0000000084200000|  0%| F|  |TAMS 0x0000000084100000, 0x0000000084100000| Untracked 
|  66|0x0000000084200000, 0x0000000084200000, 0x0000000084300000|  0%| F|  |TAMS 0x0000000084200000, 0x0000000084200000| Untracked 
|  67|0x0000000084300000, 0x0000000084300000, 0x0000000084400000|  0%| F|  |TAMS 0x0000000084300000, 0x0000000084300000| Untracked 
|  68|0x0000000084400000, 0x0000000084400000, 0x0000000084500000|  0%| F|  |TAMS 0x0000000084400000, 0x0000000084400000| Untracked 
|  69|0x0000000084500000, 0x0000000084500000, 0x0000000084600000|  0%| F|  |TAMS 0x0000000084500000, 0x0000000084500000| Untracked 
|  70|0x0000000084600000, 0x0000000084600000, 0x0000000084700000|  0%| F|  |TAMS 0x0000000084600000, 0x0000000084600000| Untracked 
|  71|0x0000000084700000, 0x0000000084700000, 0x0000000084800000|  0%| F|  |TAMS 0x0000000084700000, 0x0000000084700000| Untracked 
|  72|0x0000000084800000, 0x0000000084800000, 0x0000000084900000|  0%| F|  |TAMS 0x0000000084800000, 0x0000000084800000| Untracked 
|  73|0x0000000084900000, 0x0000000084900000, 0x0000000084a00000|  0%| F|  |TAMS 0x0000000084900000, 0x0000000084900000| Untracked 
|  74|0x0000000084a00000, 0x0000000084a00000, 0x0000000084b00000|  0%| F|  |TAMS 0x0000000084a00000, 0x0000000084a00000| Untracked 
|  75|0x0000000084b00000, 0x0000000084b00000, 0x0000000084c00000|  0%| F|  |TAMS 0x0000000084b00000, 0x0000000084b00000| Untracked 
|  76|0x0000000084c00000, 0x0000000084c00000, 0x0000000084d00000|  0%| F|  |TAMS 0x0000000084c00000, 0x0000000084c00000| Untracked 
|  77|0x0000000084d00000, 0x0000000084d00000, 0x0000000084e00000|  0%| F|  |TAMS 0x0000000084d00000, 0x0000000084d00000| Untracked 
|  78|0x0000000084e00000, 0x0000000084e00000, 0x0000000084f00000|  0%| F|  |TAMS 0x0000000084e00000, 0x0000000084e00000| Untracked 
|  79|0x0000000084f00000, 0x0000000084f00000, 0x0000000085000000|  0%| F|  |TAMS 0x0000000084f00000, 0x0000000084f00000| Untracked 
|  80|0x0000000085000000, 0x0000000085000000, 0x0000000085100000|  0%| F|  |TAMS 0x0000000085000000, 0x0000000085000000| Untracked 
|  81|0x0000000085100000, 0x0000000085100000, 0x0000000085200000|  0%| F|  |TAMS 0x0000000085100000, 0x0000000085100000| Untracked 
|  82|0x0000000085200000, 0x0000000085200000, 0x0000000085300000|  0%| F|  |TAMS 0x0000000085200000, 0x0000000085200000| Untracked 
|  83|0x0000000085300000, 0x0000000085300000, 0x0000000085400000|  0%| F|  |TAMS 0x0000000085300000, 0x0000000085300000| Untracked 
|  84|0x0000000085400000, 0x0000000085400000, 0x0000000085500000|  0%| F|  |TAMS 0x0000000085400000, 0x0000000085400000| Untracked 
|  85|0x0000000085500000, 0x0000000085500000, 0x0000000085600000|  0%| F|  |TAMS 0x0000000085500000, 0x0000000085500000| Untracked 
|  86|0x0000000085600000, 0x0000000085600000, 0x0000000085700000|  0%| F|  |TAMS 0x0000000085600000, 0x0000000085600000| Untracked 
|  87|0x0000000085700000, 0x0000000085700000, 0x0000000085800000|  0%| F|  |TAMS 0x0000000085700000, 0x0000000085700000| Untracked 
|  88|0x0000000085800000, 0x0000000085800000, 0x0000000085900000|  0%| F|  |TAMS 0x0000000085800000, 0x0000000085800000| Untracked 
|  89|0x0000000085900000, 0x0000000085900000, 0x0000000085a00000|  0%| F|  |TAMS 0x0000000085900000, 0x0000000085900000| Untracked 
|  90|0x0000000085a00000, 0x0000000085a00000, 0x0000000085b00000|  0%| F|  |TAMS 0x0000000085a00000, 0x0000000085a00000| Untracked 
|  91|0x0000000085b00000, 0x0000000085b00000, 0x0000000085c00000|  0%| F|  |TAMS 0x0000000085b00000, 0x0000000085b00000| Untracked 
|  92|0x0000000085c00000, 0x0000000085c00000, 0x0000000085d00000|  0%| F|  |TAMS 0x0000000085c00000, 0x0000000085c00000| Untracked 
|  93|0x0000000085d00000, 0x0000000085d00000, 0x0000000085e00000|  0%| F|  |TAMS 0x0000000085d00000, 0x0000000085d00000| Untracked 
|  94|0x0000000085e00000, 0x0000000085e00000, 0x0000000085f00000|  0%| F|  |TAMS 0x0000000085e00000, 0x0000000085e00000| Untracked 
|  95|0x0000000085f00000, 0x0000000085f00000, 0x0000000086000000|  0%| F|  |TAMS 0x0000000085f00000, 0x0000000085f00000| Untracked 
|  96|0x0000000086000000, 0x0000000086000000, 0x0000000086100000|  0%| F|  |TAMS 0x0000000086000000, 0x0000000086000000| Untracked 
|  97|0x0000000086100000, 0x0000000086100000, 0x0000000086200000|  0%| F|  |TAMS 0x0000000086100000, 0x0000000086100000| Untracked 
|  98|0x0000000086200000, 0x0000000086200000, 0x0000000086300000|  0%| F|  |TAMS 0x0000000086200000, 0x0000000086200000| Untracked 
|  99|0x0000000086300000, 0x0000000086300000, 0x0000000086400000|  0%| F|  |TAMS 0x0000000086300000, 0x0000000086300000| Untracked 
| 100|0x0000000086400000, 0x0000000086400000, 0x0000000086500000|  0%| F|  |TAMS 0x0000000086400000, 0x0000000086400000| Untracked 
| 101|0x0000000086500000, 0x0000000086500000, 0x0000000086600000|  0%| F|  |TAMS 0x0000000086500000, 0x0000000086500000| Untracked 
| 102|0x0000000086600000, 0x0000000086600000, 0x0000000086700000|  0%| F|  |TAMS 0x0000000086600000, 0x0000000086600000| Untracked 
| 103|0x0000000086700000, 0x0000000086700000, 0x0000000086800000|  0%| F|  |TAMS 0x0000000086700000, 0x0000000086700000| Untracked 
| 104|0x0000000086800000, 0x0000000086800000, 0x0000000086900000|  0%| F|  |TAMS 0x0000000086800000, 0x0000000086800000| Untracked 
| 105|0x0000000086900000, 0x0000000086900000, 0x0000000086a00000|  0%| F|  |TAMS 0x0000000086900000, 0x0000000086900000| Untracked 
| 106|0x0000000086a00000, 0x0000000086a00000, 0x0000000086b00000|  0%| F|  |TAMS 0x0000000086a00000, 0x0000000086a00000| Untracked 
| 107|0x0000000086b00000, 0x0000000086b00000, 0x0000000086c00000|  0%| F|  |TAMS 0x0000000086b00000, 0x0000000086b00000| Untracked 
| 108|0x0000000086c00000, 0x0000000086c00000, 0x0000000086d00000|  0%| F|  |TAMS 0x0000000086c00000, 0x0000000086c00000| Untracked 
| 109|0x0000000086d00000, 0x0000000086d00000, 0x0000000086e00000|  0%| F|  |TAMS 0x0000000086d00000, 0x0000000086d00000| Untracked 
| 110|0x0000000086e00000, 0x0000000086e00000, 0x0000000086f00000|  0%| F|  |TAMS 0x0000000086e00000, 0x0000000086e00000| Untracked 
| 111|0x0000000086f00000, 0x0000000086f00000, 0x0000000087000000|  0%| F|  |TAMS 0x0000000086f00000, 0x0000000086f00000| Untracked 
| 112|0x0000000087000000, 0x0000000087000000, 0x0000000087100000|  0%| F|  |TAMS 0x0000000087000000, 0x0000000087000000| Untracked 
| 113|0x0000000087100000, 0x0000000087100000, 0x0000000087200000|  0%| F|  |TAMS 0x0000000087100000, 0x0000000087100000| Untracked 
| 114|0x0000000087200000, 0x0000000087200000, 0x0000000087300000|  0%| F|  |TAMS 0x0000000087200000, 0x0000000087200000| Untracked 
| 115|0x0000000087300000, 0x0000000087300000, 0x0000000087400000|  0%| F|  |TAMS 0x0000000087300000, 0x0000000087300000| Untracked 
| 116|0x0000000087400000, 0x0000000087400000, 0x0000000087500000|  0%| F|  |TAMS 0x0000000087400000, 0x0000000087400000| Untracked 
| 117|0x0000000087500000, 0x0000000087500000, 0x0000000087600000|  0%| F|  |TAMS 0x0000000087500000, 0x0000000087500000| Untracked 
| 118|0x0000000087600000, 0x0000000087600000, 0x0000000087700000|  0%| F|  |TAMS 0x0000000087600000, 0x0000000087600000| Untracked 
| 119|0x0000000087700000, 0x0000000087700000, 0x0000000087800000|  0%| F|  |TAMS 0x0000000087700000, 0x0000000087700000| Untracked 
| 120|0x0000000087800000, 0x0000000087800000, 0x0000000087900000|  0%| F|  |TAMS 0x0000000087800000, 0x0000000087800000| Untracked 
| 121|0x0000000087900000, 0x0000000087900000, 0x0000000087a00000|  0%| F|  |TAMS 0x0000000087900000, 0x0000000087900000| Untracked 
| 122|0x0000000087a00000, 0x0000000087a00000, 0x0000000087b00000|  0%| F|  |TAMS 0x0000000087a00000, 0x0000000087a00000| Untracked 
| 123|0x0000000087b00000, 0x0000000087b00000, 0x0000000087c00000|  0%| F|  |TAMS 0x0000000087b00000, 0x0000000087b00000| Untracked 
| 124|0x0000000087c00000, 0x0000000087c00000, 0x0000000087d00000|  0%| F|  |TAMS 0x0000000087c00000, 0x0000000087c00000| Untracked 
| 125|0x0000000087d00000, 0x0000000087d00000, 0x0000000087e00000|  0%| F|  |TAMS 0x0000000087d00000, 0x0000000087d00000| Untracked 
| 126|0x0000000087e00000, 0x0000000087e00000, 0x0000000087f00000|  0%| F|  |TAMS 0x0000000087e00000, 0x0000000087e00000| Untracked 
| 127|0x0000000087f00000, 0x0000000087f00000, 0x0000000088000000|  0%| F|  |TAMS 0x0000000087f00000, 0x0000000087f00000| Untracked 
| 128|0x0000000088000000, 0x0000000088000000, 0x0000000088100000|  0%| F|  |TAMS 0x0000000088000000, 0x0000000088000000| Untracked 
| 129|0x0000000088100000, 0x0000000088100000, 0x0000000088200000|  0%| F|  |TAMS 0x0000000088100000, 0x0000000088100000| Untracked 
| 130|0x0000000088200000, 0x0000000088200000, 0x0000000088300000|  0%| F|  |TAMS 0x0000000088200000, 0x0000000088200000| Untracked 
| 131|0x0000000088300000, 0x0000000088300000, 0x0000000088400000|  0%| F|  |TAMS 0x0000000088300000, 0x0000000088300000| Untracked 
| 132|0x0000000088400000, 0x0000000088400000, 0x0000000088500000|  0%| F|  |TAMS 0x0000000088400000, 0x0000000088400000| Untracked 
| 133|0x0000000088500000, 0x0000000088500000, 0x0000000088600000|  0%| F|  |TAMS 0x0000000088500000, 0x0000000088500000| Untracked 
| 134|0x0000000088600000, 0x0000000088600000, 0x0000000088700000|  0%| F|  |TAMS 0x0000000088600000, 0x0000000088600000| Untracked 
| 135|0x0000000088700000, 0x0000000088700000, 0x0000000088800000|  0%| F|  |TAMS 0x0000000088700000, 0x0000000088700000| Untracked 
| 136|0x0000000088800000, 0x0000000088800000, 0x0000000088900000|  0%| F|  |TAMS 0x0000000088800000, 0x0000000088800000| Untracked 
| 137|0x0000000088900000, 0x0000000088900000, 0x0000000088a00000|  0%| F|  |TAMS 0x0000000088900000, 0x0000000088900000| Untracked 
| 138|0x0000000088a00000, 0x0000000088a00000, 0x0000000088b00000|  0%| F|  |TAMS 0x0000000088a00000, 0x0000000088a00000| Untracked 
| 139|0x0000000088b00000, 0x0000000088b00000, 0x0000000088c00000|  0%| F|  |TAMS 0x0000000088b00000, 0x0000000088b00000| Untracked 
| 140|0x0000000088c00000, 0x0000000088c00000, 0x0000000088d00000|  0%| F|  |TAMS 0x0000000088c00000, 0x0000000088c00000| Untracked 
| 141|0x0000000088d00000, 0x0000000088d00000, 0x0000000088e00000|  0%| F|  |TAMS 0x0000000088d00000, 0x0000000088d00000| Untracked 
| 142|0x0000000088e00000, 0x0000000088e00000, 0x0000000088f00000|  0%| F|  |TAMS 0x0000000088e00000, 0x0000000088e00000| Untracked 
| 143|0x0000000088f00000, 0x0000000088f00000, 0x0000000089000000|  0%| F|  |TAMS 0x0000000088f00000, 0x0000000088f00000| Untracked 
| 144|0x0000000089000000, 0x0000000089000000, 0x0000000089100000|  0%| F|  |TAMS 0x0000000089000000, 0x0000000089000000| Untracked 
| 145|0x0000000089100000, 0x0000000089100000, 0x0000000089200000|  0%| F|  |TAMS 0x0000000089100000, 0x0000000089100000| Untracked 
| 146|0x0000000089200000, 0x0000000089200000, 0x0000000089300000|  0%| F|  |TAMS 0x0000000089200000, 0x0000000089200000| Untracked 
| 147|0x0000000089300000, 0x0000000089300000, 0x0000000089400000|  0%| F|  |TAMS 0x0000000089300000, 0x0000000089300000| Untracked 
| 148|0x0000000089400000, 0x0000000089400000, 0x0000000089500000|  0%| F|  |TAMS 0x0000000089400000, 0x0000000089400000| Untracked 
| 149|0x0000000089500000, 0x0000000089500000, 0x0000000089600000|  0%| F|  |TAMS 0x0000000089500000, 0x0000000089500000| Untracked 
| 150|0x0000000089600000, 0x0000000089600000, 0x0000000089700000|  0%| F|  |TAMS 0x0000000089600000, 0x0000000089600000| Untracked 
| 151|0x0000000089700000, 0x0000000089700000, 0x0000000089800000|  0%| F|  |TAMS 0x0000000089700000, 0x0000000089700000| Untracked 
| 152|0x0000000089800000, 0x0000000089800000, 0x0000000089900000|  0%| F|  |TAMS 0x0000000089800000, 0x0000000089800000| Untracked 
| 153|0x0000000089900000, 0x0000000089900000, 0x0000000089a00000|  0%| F|  |TAMS 0x0000000089900000, 0x0000000089900000| Untracked 
| 154|0x0000000089a00000, 0x0000000089a00000, 0x0000000089b00000|  0%| F|  |TAMS 0x0000000089a00000, 0x0000000089a00000| Untracked 
| 155|0x0000000089b00000, 0x0000000089b00000, 0x0000000089c00000|  0%| F|  |TAMS 0x0000000089b00000, 0x0000000089b00000| Untracked 
| 156|0x0000000089c00000, 0x0000000089c00000, 0x0000000089d00000|  0%| F|  |TAMS 0x0000000089c00000, 0x0000000089c00000| Untracked 
| 157|0x0000000089d00000, 0x0000000089d00000, 0x0000000089e00000|  0%| F|  |TAMS 0x0000000089d00000, 0x0000000089d00000| Untracked 
| 158|0x0000000089e00000, 0x0000000089e00000, 0x0000000089f00000|  0%| F|  |TAMS 0x0000000089e00000, 0x0000000089e00000| Untracked 
| 159|0x0000000089f00000, 0x0000000089f00000, 0x000000008a000000|  0%| F|  |TAMS 0x0000000089f00000, 0x0000000089f00000| Untracked 
| 160|0x000000008a000000, 0x000000008a000000, 0x000000008a100000|  0%| F|  |TAMS 0x000000008a000000, 0x000000008a000000| Untracked 
| 161|0x000000008a100000, 0x000000008a100000, 0x000000008a200000|  0%| F|  |TAMS 0x000000008a100000, 0x000000008a100000| Untracked 
| 162|0x000000008a200000, 0x000000008a200000, 0x000000008a300000|  0%| F|  |TAMS 0x000000008a200000, 0x000000008a200000| Untracked 
| 163|0x000000008a300000, 0x000000008a300000, 0x000000008a400000|  0%| F|  |TAMS 0x000000008a300000, 0x000000008a300000| Untracked 
| 164|0x000000008a400000, 0x000000008a400000, 0x000000008a500000|  0%| F|  |TAMS 0x000000008a400000, 0x000000008a400000| Untracked 
| 165|0x000000008a500000, 0x000000008a500000, 0x000000008a600000|  0%| F|  |TAMS 0x000000008a500000, 0x000000008a500000| Untracked 
| 166|0x000000008a600000, 0x000000008a600000, 0x000000008a700000|  0%| F|  |TAMS 0x000000008a600000, 0x000000008a600000| Untracked 
| 167|0x000000008a700000, 0x000000008a700000, 0x000000008a800000|  0%| F|  |TAMS 0x000000008a700000, 0x000000008a700000| Untracked 
| 168|0x000000008a800000, 0x000000008a800000, 0x000000008a900000|  0%| F|  |TAMS 0x000000008a800000, 0x000000008a800000| Untracked 
| 169|0x000000008a900000, 0x000000008a900000, 0x000000008aa00000|  0%| F|  |TAMS 0x000000008a900000, 0x000000008a900000| Untracked 
| 170|0x000000008aa00000, 0x000000008aa00000, 0x000000008ab00000|  0%| F|  |TAMS 0x000000008aa00000, 0x000000008aa00000| Untracked 
| 171|0x000000008ab00000, 0x000000008ab00000, 0x000000008ac00000|  0%| F|  |TAMS 0x000000008ab00000, 0x000000008ab00000| Untracked 
| 172|0x000000008ac00000, 0x000000008ac00000, 0x000000008ad00000|  0%| F|  |TAMS 0x000000008ac00000, 0x000000008ac00000| Untracked 
| 173|0x000000008ad00000, 0x000000008ad00000, 0x000000008ae00000|  0%| F|  |TAMS 0x000000008ad00000, 0x000000008ad00000| Untracked 
| 174|0x000000008ae00000, 0x000000008ae00000, 0x000000008af00000|  0%| F|  |TAMS 0x000000008ae00000, 0x000000008ae00000| Untracked 
| 175|0x000000008af00000, 0x000000008af00000, 0x000000008b000000|  0%| F|  |TAMS 0x000000008af00000, 0x000000008af00000| Untracked 
| 176|0x000000008b000000, 0x000000008b000000, 0x000000008b100000|  0%| F|  |TAMS 0x000000008b000000, 0x000000008b000000| Untracked 
| 177|0x000000008b100000, 0x000000008b100000, 0x000000008b200000|  0%| F|  |TAMS 0x000000008b100000, 0x000000008b100000| Untracked 
| 178|0x000000008b200000, 0x000000008b200000, 0x000000008b300000|  0%| F|  |TAMS 0x000000008b200000, 0x000000008b200000| Untracked 
| 179|0x000000008b300000, 0x000000008b300000, 0x000000008b400000|  0%| F|  |TAMS 0x000000008b300000, 0x000000008b300000| Untracked 
| 180|0x000000008b400000, 0x000000008b400000, 0x000000008b500000|  0%| F|  |TAMS 0x000000008b400000, 0x000000008b400000| Untracked 
| 181|0x000000008b500000, 0x000000008b600000, 0x000000008b600000|100%| E|  |TAMS 0x000000008b500000, 0x000000008b500000| Complete 
| 182|0x000000008b600000, 0x000000008b700000, 0x000000008b700000|100%| E|CS|TAMS 0x000000008b600000, 0x000000008b600000| Complete 
| 183|0x000000008b700000, 0x000000008b800000, 0x000000008b800000|100%| E|CS|TAMS 0x000000008b700000, 0x000000008b700000| Complete 
| 184|0x000000008b800000, 0x000000008b900000, 0x000000008b900000|100%| E|CS|TAMS 0x000000008b800000, 0x000000008b800000| Complete 
| 185|0x000000008b900000, 0x000000008ba00000, 0x000000008ba00000|100%| E|CS|TAMS 0x000000008b900000, 0x000000008b900000| Complete 
| 186|0x000000008ba00000, 0x000000008bb00000, 0x000000008bb00000|100%| E|CS|TAMS 0x000000008ba00000, 0x000000008ba00000| Complete 
| 187|0x000000008bb00000, 0x000000008bc00000, 0x000000008bc00000|100%| E|CS|TAMS 0x000000008bb00000, 0x000000008bb00000| Complete 
| 188|0x000000008bc00000, 0x000000008bd00000, 0x000000008bd00000|100%| E|CS|TAMS 0x000000008bc00000, 0x000000008bc00000| Complete 
| 189|0x000000008bd00000, 0x000000008be00000, 0x000000008be00000|100%| E|CS|TAMS 0x000000008bd00000, 0x000000008bd00000| Complete 
| 190|0x000000008be00000, 0x000000008bf00000, 0x000000008bf00000|100%| E|CS|TAMS 0x000000008be00000, 0x000000008be00000| Complete 
| 191|0x000000008bf00000, 0x000000008c000000, 0x000000008c000000|100%| E|CS|TAMS 0x000000008bf00000, 0x000000008bf00000| Complete 
| 192|0x000000008c000000, 0x000000008c100000, 0x000000008c100000|100%| E|CS|TAMS 0x000000008c000000, 0x000000008c000000| Complete 
| 193|0x000000008c100000, 0x000000008c200000, 0x000000008c200000|100%| E|CS|TAMS 0x000000008c100000, 0x000000008c100000| Complete 
| 194|0x000000008c200000, 0x000000008c300000, 0x000000008c300000|100%| E|CS|TAMS 0x000000008c200000, 0x000000008c200000| Complete 
| 195|0x000000008c300000, 0x000000008c400000, 0x000000008c400000|100%| E|CS|TAMS 0x000000008c300000, 0x000000008c300000| Complete 
| 196|0x000000008c400000, 0x000000008c500000, 0x000000008c500000|100%| E|CS|TAMS 0x000000008c400000, 0x000000008c400000| Complete 
| 197|0x000000008c500000, 0x000000008c600000, 0x000000008c600000|100%| E|CS|TAMS 0x000000008c500000, 0x000000008c500000| Complete 
| 198|0x000000008c600000, 0x000000008c700000, 0x000000008c700000|100%| E|CS|TAMS 0x000000008c600000, 0x000000008c600000| Complete 
| 199|0x000000008c700000, 0x000000008c800000, 0x000000008c800000|100%| E|CS|TAMS 0x000000008c700000, 0x000000008c700000| Complete 
| 200|0x000000008c800000, 0x000000008c900000, 0x000000008c900000|100%| E|CS|TAMS 0x000000008c800000, 0x000000008c800000| Complete 
| 201|0x000000008c900000, 0x000000008ca00000, 0x000000008ca00000|100%| E|CS|TAMS 0x000000008c900000, 0x000000008c900000| Complete 
| 202|0x000000008ca00000, 0x000000008cb00000, 0x000000008cb00000|100%| E|CS|TAMS 0x000000008ca00000, 0x000000008ca00000| Complete 
| 203|0x000000008cb00000, 0x000000008cc00000, 0x000000008cc00000|100%| E|CS|TAMS 0x000000008cb00000, 0x000000008cb00000| Complete 
| 204|0x000000008cc00000, 0x000000008cd00000, 0x000000008cd00000|100%| E|CS|TAMS 0x000000008cc00000, 0x000000008cc00000| Complete 
| 205|0x000000008cd00000, 0x000000008ce00000, 0x000000008ce00000|100%| E|CS|TAMS 0x000000008cd00000, 0x000000008cd00000| Complete 
| 206|0x000000008ce00000, 0x000000008cf00000, 0x000000008cf00000|100%| E|CS|TAMS 0x000000008ce00000, 0x000000008ce00000| Complete 
| 207|0x000000008cf00000, 0x000000008d000000, 0x000000008d000000|100%| E|CS|TAMS 0x000000008cf00000, 0x000000008cf00000| Complete 
| 208|0x000000008d000000, 0x000000008d100000, 0x000000008d100000|100%| E|CS|TAMS 0x000000008d000000, 0x000000008d000000| Complete 
| 209|0x000000008d100000, 0x000000008d200000, 0x000000008d200000|100%| E|CS|TAMS 0x000000008d100000, 0x000000008d100000| Complete 
| 210|0x000000008d200000, 0x000000008d300000, 0x000000008d300000|100%| E|CS|TAMS 0x000000008d200000, 0x000000008d200000| Complete 
| 211|0x000000008d300000, 0x000000008d400000, 0x000000008d400000|100%| E|CS|TAMS 0x000000008d300000, 0x000000008d300000| Complete 
| 212|0x000000008d400000, 0x000000008d500000, 0x000000008d500000|100%| E|CS|TAMS 0x000000008d400000, 0x000000008d400000| Complete 
| 213|0x000000008d500000, 0x000000008d600000, 0x000000008d600000|100%| E|CS|TAMS 0x000000008d500000, 0x000000008d500000| Complete 
| 214|0x000000008d600000, 0x000000008d700000, 0x000000008d700000|100%| E|CS|TAMS 0x000000008d600000, 0x000000008d600000| Complete 
| 215|0x000000008d700000, 0x000000008d800000, 0x000000008d800000|100%| E|CS|TAMS 0x000000008d700000, 0x000000008d700000| Complete 
| 216|0x000000008d800000, 0x000000008d900000, 0x000000008d900000|100%| E|CS|TAMS 0x000000008d800000, 0x000000008d800000| Complete 
| 217|0x000000008d900000, 0x000000008da00000, 0x000000008da00000|100%| E|CS|TAMS 0x000000008d900000, 0x000000008d900000| Complete 
| 218|0x000000008da00000, 0x000000008db00000, 0x000000008db00000|100%| E|CS|TAMS 0x000000008da00000, 0x000000008da00000| Complete 
| 219|0x000000008db00000, 0x000000008dc00000, 0x000000008dc00000|100%| E|CS|TAMS 0x000000008db00000, 0x000000008db00000| Complete 
| 220|0x000000008dc00000, 0x000000008dd00000, 0x000000008dd00000|100%| E|CS|TAMS 0x000000008dc00000, 0x000000008dc00000| Complete 
| 221|0x000000008dd00000, 0x000000008de00000, 0x000000008de00000|100%| E|CS|TAMS 0x000000008dd00000, 0x000000008dd00000| Complete 
| 222|0x000000008de00000, 0x000000008df00000, 0x000000008df00000|100%| E|CS|TAMS 0x000000008de00000, 0x000000008de00000| Complete 
| 223|0x000000008df00000, 0x000000008e000000, 0x000000008e000000|100%| E|CS|TAMS 0x000000008df00000, 0x000000008df00000| Complete 
| 224|0x000000008e000000, 0x000000008e100000, 0x000000008e100000|100%| E|CS|TAMS 0x000000008e000000, 0x000000008e000000| Complete 
| 225|0x000000008e100000, 0x000000008e200000, 0x000000008e200000|100%| E|CS|TAMS 0x000000008e100000, 0x000000008e100000| Complete 
| 226|0x000000008e200000, 0x000000008e300000, 0x000000008e300000|100%| E|CS|TAMS 0x000000008e200000, 0x000000008e200000| Complete 
| 227|0x000000008e300000, 0x000000008e400000, 0x000000008e400000|100%| E|CS|TAMS 0x000000008e300000, 0x000000008e300000| Complete 
| 228|0x000000008e400000, 0x000000008e500000, 0x000000008e500000|100%| S|CS|TAMS 0x000000008e400000, 0x000000008e400000| Complete 
| 229|0x000000008e500000, 0x000000008e600000, 0x000000008e600000|100%| E|CS|TAMS 0x000000008e500000, 0x000000008e500000| Complete 
| 230|0x000000008e600000, 0x000000008e700000, 0x000000008e700000|100%| E|CS|TAMS 0x000000008e600000, 0x000000008e600000| Complete 
| 231|0x000000008e700000, 0x000000008e800000, 0x000000008e800000|100%| E|CS|TAMS 0x000000008e700000, 0x000000008e700000| Complete 
| 232|0x000000008e800000, 0x000000008e900000, 0x000000008e900000|100%| E|CS|TAMS 0x000000008e800000, 0x000000008e800000| Complete 
| 233|0x000000008e900000, 0x000000008ea00000, 0x000000008ea00000|100%| E|CS|TAMS 0x000000008e900000, 0x000000008e900000| Complete 
| 234|0x000000008ea00000, 0x000000008eb00000, 0x000000008eb00000|100%| E|CS|TAMS 0x000000008ea00000, 0x000000008ea00000| Complete 
| 235|0x000000008eb00000, 0x000000008ec00000, 0x000000008ec00000|100%| E|CS|TAMS 0x000000008eb00000, 0x000000008eb00000| Complete 
| 236|0x000000008ec00000, 0x000000008ed00000, 0x000000008ed00000|100%| E|CS|TAMS 0x000000008ec00000, 0x000000008ec00000| Complete 
| 237|0x000000008ed00000, 0x000000008ee00000, 0x000000008ee00000|100%| E|CS|TAMS 0x000000008ed00000, 0x000000008ed00000| Complete 
| 238|0x000000008ee00000, 0x000000008ef00000, 0x000000008ef00000|100%| E|CS|TAMS 0x000000008ee00000, 0x000000008ee00000| Complete 
| 239|0x000000008ef00000, 0x000000008f000000, 0x000000008f000000|100%| E|CS|TAMS 0x000000008ef00000, 0x000000008ef00000| Complete 
| 240|0x000000008f000000, 0x000000008f100000, 0x000000008f100000|100%| E|CS|TAMS 0x000000008f000000, 0x000000008f000000| Complete 
| 241|0x000000008f100000, 0x000000008f200000, 0x000000008f200000|100%| E|CS|TAMS 0x000000008f100000, 0x000000008f100000| Complete 
| 242|0x000000008f200000, 0x000000008f300000, 0x000000008f300000|100%| E|CS|TAMS 0x000000008f200000, 0x000000008f200000| Complete 
| 243|0x000000008f300000, 0x000000008f400000, 0x000000008f400000|100%| E|CS|TAMS 0x000000008f300000, 0x000000008f300000| Complete 
| 244|0x000000008f400000, 0x000000008f500000, 0x000000008f500000|100%| E|CS|TAMS 0x000000008f400000, 0x000000008f400000| Complete 
| 245|0x000000008f500000, 0x000000008f600000, 0x000000008f600000|100%| E|CS|TAMS 0x000000008f500000, 0x000000008f500000| Complete 
| 246|0x000000008f600000, 0x000000008f700000, 0x000000008f700000|100%| E|CS|TAMS 0x000000008f600000, 0x000000008f600000| Complete 
| 247|0x000000008f700000, 0x000000008f800000, 0x000000008f800000|100%| E|CS|TAMS 0x000000008f700000, 0x000000008f700000| Complete 
| 248|0x000000008f800000, 0x000000008f900000, 0x000000008f900000|100%| E|CS|TAMS 0x000000008f800000, 0x000000008f800000| Complete 
| 249|0x000000008f900000, 0x000000008fa00000, 0x000000008fa00000|100%| E|CS|TAMS 0x000000008f900000, 0x000000008f900000| Complete 
| 250|0x000000008fa00000, 0x000000008fb00000, 0x000000008fb00000|100%| E|CS|TAMS 0x000000008fa00000, 0x000000008fa00000| Complete 
| 251|0x000000008fb00000, 0x000000008fc00000, 0x000000008fc00000|100%| E|CS|TAMS 0x000000008fb00000, 0x000000008fb00000| Complete 

Card table byte_map: [0x000001cee5600000,0x000001cee5a00000] _byte_map_base: 0x000001cee5200000

Marking Bits (Prev, Next): (CMBitMap*) 0x000001ced05023f0, (CMBitMap*) 0x000001ced05023b8
 Prev Bits: [0x000001cee7e00000, 0x000001cee9e00000)
 Next Bits: [0x000001cee5e00000, 0x000001cee7e00000)

Polling page: 0x000001ced05a0000

Metaspace:

Usage:
  Non-class:     23.92 MB capacity,    23.46 MB ( 98%) used,   420.05 KB (  2%) free+waste,    53.75 KB ( <1%) overhead. 
      Class:      3.79 MB capacity,     3.56 MB ( 94%) used,   200.54 KB (  5%) free+waste,    27.06 KB ( <1%) overhead. 
       Both:     27.71 MB capacity,    27.02 MB ( 98%) used,   620.59 KB (  2%) free+waste,    80.81 KB ( <1%) overhead. 

Virtual space:
  Non-class space:       24.00 MB reserved,      24.00 MB (100%) committed 
      Class space:        1.00 GB reserved,       3.88 MB ( <1%) committed 
             Both:        1.02 GB reserved,      27.88 MB (  3%) committed 

Chunk freelists:
   Non-Class:  15.00 KB
       Class:  28.00 KB
        Both:  43.00 KB

MaxMetaspaceSize: 17179869184.00 GB
CompressedClassSpaceSize: 1.00 GB

CodeHeap 'non-profiled nmethods': size=120000Kb used=1122Kb max_used=1122Kb free=118877Kb
 bounds [0x000001cedd270000, 0x000001cedd4e0000, 0x000001cee47a0000]
CodeHeap 'profiled nmethods': size=120000Kb used=4910Kb max_used=4910Kb free=115089Kb
 bounds [0x000001ced5d40000, 0x000001ced6210000, 0x000001cedd270000]
CodeHeap 'non-nmethods': size=5760Kb used=1176Kb max_used=1202Kb free=4583Kb
 bounds [0x000001ced57a0000, 0x000001ced5a10000, 0x000001ced5d40000]
 total_blobs=2774 nmethods=2269 adapters=416
 compilation: enabled
              stopped_count=0, restarted_count=0
 full_count=0

Compilation events (20 events):
Event: 3.041 Thread 0x000001ceed1ca800 2240   !   3       org.gradle.internal.reflect.JavaMethod::invoke (74 bytes)
Event: 3.042 Thread 0x000001ceed1ca800 nmethod 2240 0x000001ced61e9d90 code [0x000001ced61ea140, 0x000001ced61eb848]
Event: 3.046 Thread 0x000001ceed1ca800 2241       3       org.objectweb.asm.MethodWriter::visitAbstractType (8 bytes)
Event: 3.047 Thread 0x000001ceed1ca800 nmethod 2241 0x000001ced61ec290 code [0x000001ced61ec440, 0x000001ced61ec578]
Event: 3.047 Thread 0x000001ceed1ca800 2242       3       org.objectweb.asm.ByteVector::putInt (74 bytes)
Event: 3.047 Thread 0x000001ceed1ca800 nmethod 2242 0x000001ced61ec690 code [0x000001ced61ec860, 0x000001ced61ecaa8]
Event: 3.047 Thread 0x000001ceed1ca800 2244       3       org.objectweb.asm.Type::getInternalName (16 bytes)
Event: 3.047 Thread 0x000001ceed1ca800 nmethod 2244 0x000001ced61ecc10 code [0x000001ced61ecdc0, 0x000001ced61ecf08]
Event: 3.047 Thread 0x000001ceed1ca800 2245       3       com.google.common.cache.LocalCache::evictsBySize (15 bytes)
Event: 3.047 Thread 0x000001ceed1ca800 nmethod 2245 0x000001ced61ed010 code [0x000001ced61ed1c0, 0x000001ced61ed338]
Event: 3.051 Thread 0x000001ceed1ca800 2246   !   3       org.gradle.internal.service.DefaultServiceRegistry$FactoryMethodService::invokeMethod (151 bytes)
Event: 3.053 Thread 0x000001ceed1ca800 nmethod 2246 0x000001ced61ed410 code [0x000001ced61ed8a0, 0x000001ced61efd68]
Event: 3.053 Thread 0x000001ceed1ca800 2247       3       java.util.concurrent.atomic.AtomicLong::compareAndSet (13 bytes)
Event: 3.053 Thread 0x000001ceed1ca800 nmethod 2247 0x000001ced61f0d10 code [0x000001ced61f0ec0, 0x000001ced61f0fd8]
Event: 3.053 Thread 0x000001ceed1ca800 2249       3       java.io.WinNTFileSystem::resolve (275 bytes)
Event: 3.068 Thread 0x000001ceed1ca800 nmethod 2249 0x000001ced61f1090 code [0x000001ced61f15c0, 0x000001ced61f4278]
Event: 3.068 Thread 0x000001ceed1ca800 2251       3       java.lang.invoke.TypeConvertingMethodAdapter::convertType (299 bytes)
Event: 3.072 Thread 0x000001ceed1ca800 nmethod 2251 0x000001ced61f5490 code [0x000001ced61f5de0, 0x000001ced61fabe8]
Event: 3.072 Thread 0x000001ceed1ca800 2250       3       com.google.common.cache.LocalCache::expiresAfterAccess (15 bytes)
Event: 3.072 Thread 0x000001ceed1ca800 nmethod 2250 0x000001ced61fc890 code [0x000001ced61fca40, 0x000001ced61fcbb8]

GC Heap History (8 events):
Event: 0.528 GC heap before
{Heap before GC invocations=0 (full 0):
 garbage-first heap   total 258048K, used 30720K [0x0000000080000000, 0x0000000100000000)
  region size 1024K, 24 young (24576K), 0 survivors (0K)
 Metaspace       used 10090K, capacity 10339K, committed 10624K, reserved 1058816K
  class space    used 1053K, capacity 1106K, committed 1152K, reserved 1048576K
}
Event: 0.531 GC heap after
{Heap after GC invocations=1 (full 0):
 garbage-first heap   total 258048K, used 9394K [0x0000000080000000, 0x0000000100000000)
  region size 1024K, 3 young (3072K), 3 survivors (3072K)
 Metaspace       used 10090K, capacity 10339K, committed 10624K, reserved 1058816K
  class space    used 1053K, capacity 1106K, committed 1152K, reserved 1048576K
}
Event: 0.761 GC heap before
{Heap before GC invocations=1 (full 0):
 garbage-first heap   total 258048K, used 31922K [0x0000000080000000, 0x0000000100000000)
  region size 1024K, 25 young (25600K), 3 survivors (3072K)
 Metaspace       used 11223K, capacity 11456K, committed 11520K, reserved 1058816K
  class space    used 1177K, capacity 1244K, committed 1280K, reserved 1048576K
}
Event: 0.763 GC heap after
{Heap after GC invocations=2 (full 0):
 garbage-first heap   total 258048K, used 10167K [0x0000000080000000, 0x0000000100000000)
  region size 1024K, 1 young (1024K), 1 survivors (1024K)
 Metaspace       used 11223K, capacity 11456K, committed 11520K, reserved 1058816K
  class space    used 1177K, capacity 1244K, committed 1280K, reserved 1048576K
}
Event: 2.418 GC heap before
{Heap before GC invocations=2 (full 0):
 garbage-first heap   total 258048K, used 69559K [0x0000000080000000, 0x0000000100000000)
  region size 1024K, 59 young (60416K), 1 survivors (1024K)
 Metaspace       used 18102K, capacity 18499K, committed 18688K, reserved 1064960K
  class space    used 2166K, capacity 2276K, committed 2304K, reserved 1048576K
}
Event: 2.422 GC heap after
{Heap after GC invocations=3 (full 0):
 garbage-first heap   total 258048K, used 16514K [0x0000000080000000, 0x0000000100000000)
  region size 1024K, 7 young (7168K), 7 survivors (7168K)
 Metaspace       used 18102K, capacity 18499K, committed 18688K, reserved 1064960K
  class space    used 2166K, capacity 2276K, committed 2304K, reserved 1048576K
}
Event: 2.590 GC heap before
{Heap before GC invocations=3 (full 0):
 garbage-first heap   total 258048K, used 39042K [0x0000000080000000, 0x0000000100000000)
  region size 1024K, 30 young (30720K), 7 survivors (7168K)
 Metaspace       used 20629K, capacity 21085K, committed 21248K, reserved 1067008K
  class space    used 2547K, capacity 2712K, committed 2816K, reserved 1048576K
}
Event: 2.596 GC heap after
{Heap after GC invocations=4 (full 0):
 garbage-first heap   total 258048K, used 17858K [0x0000000080000000, 0x0000000100000000)
  region size 1024K, 1 young (1024K), 1 survivors (1024K)
 Metaspace       used 20629K, capacity 21085K, committed 21248K, reserved 1067008K
  class space    used 2547K, capacity 2712K, committed 2816K, reserved 1048576K
}

Deoptimization events (20 events):
Event: 2.582 Thread 0x000001ceef5de800 Uncommon trap: trap_request=0xffffff4d fr.pc=0x000001cedd2e0590 relative=0x0000000000000450
Event: 2.582 Thread 0x000001ceef5de800 Uncommon trap: reason=unstable_if action=reinterpret pc=0x000001cedd2e0590 method=java.lang.String.substring(I)Ljava/lang/String; @ 34 c2
Event: 2.582 Thread 0x000001ceef5de800 DEOPT PACKING pc=0x000001cedd2e0590 sp=0x0000007ff45fb4c0
Event: 2.582 Thread 0x000001ceef5de800 DEOPT UNPACKING pc=0x000001ced57a83af sp=0x0000007ff45fb498 mode 2
Event: 2.652 Thread 0x000001ceef5de800 Uncommon trap: trap_request=0xffffff4d fr.pc=0x000001cedd34d218 relative=0x0000000000000398
Event: 2.652 Thread 0x000001ceef5de800 Uncommon trap: reason=unstable_if action=reinterpret pc=0x000001cedd34d218 method=jdk.internal.org.objectweb.asm.Type.getArgumentsAndReturnSizes(Ljava/lang/String;)I @ 88 c2
Event: 2.652 Thread 0x000001ceef5de800 DEOPT PACKING pc=0x000001cedd34d218 sp=0x0000007ff45f9a50
Event: 2.652 Thread 0x000001ceef5de800 DEOPT UNPACKING pc=0x000001ced57a83af sp=0x0000007ff45f99d8 mode 2
Event: 2.767 Thread 0x000001ceef5de800 Uncommon trap: trap_request=0xffffff4d fr.pc=0x000001cedd31577c relative=0x000000000000023c
Event: 2.767 Thread 0x000001ceef5de800 Uncommon trap: reason=unstable_if action=reinterpret pc=0x000001cedd31577c method=java.util.concurrent.ConcurrentHashMap.get(Ljava/lang/Object;)Ljava/lang/Object; @ 76 c2
Event: 2.767 Thread 0x000001ceef5de800 DEOPT PACKING pc=0x000001cedd31577c sp=0x0000007ff45f8c80
Event: 2.767 Thread 0x000001ceef5de800 DEOPT UNPACKING pc=0x000001ced57a83af sp=0x0000007ff45f8be8 mode 2
Event: 2.924 Thread 0x000001ceef5de800 Uncommon trap: trap_request=0xffffff7e fr.pc=0x000001cedd377b9c relative=0x000000000000015c
Event: 2.924 Thread 0x000001ceef5de800 Uncommon trap: reason=predicate action=maybe_recompile pc=0x000001cedd377b9c method=com.google.common.base.CharMatcher.indexIn(Ljava/lang/CharSequence;I)I @ 19 c2
Event: 2.924 Thread 0x000001ceef5de800 DEOPT PACKING pc=0x000001cedd377b9c sp=0x0000007ff45fb930
Event: 2.924 Thread 0x000001ceef5de800 DEOPT UNPACKING pc=0x000001ced57a83af sp=0x0000007ff45fb8c0 mode 2
Event: 2.933 Thread 0x000001ceef5de800 Uncommon trap: trap_request=0xffffff4d fr.pc=0x000001cedd31793c relative=0x000000000000137c
Event: 2.933 Thread 0x000001ceef5de800 Uncommon trap: reason=unstable_if action=reinterpret pc=0x000001cedd31793c method=java.util.concurrent.ConcurrentHashMap.putVal(Ljava/lang/Object;Ljava/lang/Object;Z)Ljava/lang/Object; @ 231 c2
Event: 2.933 Thread 0x000001ceef5de800 DEOPT PACKING pc=0x000001cedd31793c sp=0x0000007ff45fcb60
Event: 2.933 Thread 0x000001ceef5de800 DEOPT UNPACKING pc=0x000001ced57a83af sp=0x0000007ff45fcae0 mode 2

Classes redefined (0 events):
No events

Internal exceptions (20 events):
Event: 2.532 Thread 0x000001ceef5de800 Exception <a 'java/lang/NoSuchMethodError'{0x000000008eae3248}: 'java.lang.Object java.lang.invoke.DirectMethodHandle$Holder.invokeSpecial(java.lang.Object, java.lang.Object, java.lang.Object, java.lang.Object, int)'> (0x000000008eae3248) thrown at [./src/hotspot/share/interpreter/linkResolver.cpp, line 773]
Event: 2.532 Thread 0x000001ceef5de800 Exception <a 'java/lang/NoSuchMethodError'{0x000000008eae7180}: 'java.lang.Object java.lang.invoke.Invokers$Holder.linkToTargetMethod(java.lang.Object, java.lang.Object, int, java.lang.Object)'> (0x000000008eae7180) thrown at [./src/hotspot/share/interpreter/linkResolver.cpp, line 773]
Event: 2.620 Thread 0x000001ceef5de800 Exception <a 'java/lang/NoSuchMethodError'{0x000000008f90c2c8}: 'int java.lang.invoke.DirectMethodHandle$Holder.invokeSpecialIFC(java.lang.Object, java.lang.Object, java.lang.Object, java.lang.Object)'> (0x000000008f90c2c8) thrown at [./src/hotspot/share/interpreter/linkResolver.cpp, line 773]
Event: 2.621 Thread 0x000001ceef5de800 Exception <a 'java/lang/NoSuchMethodError'{0x000000008f91a280}: 'java.lang.Object java.lang.invoke.DirectMethodHandle$Holder.invokeInterface(java.lang.Object, java.lang.Object, java.lang.Object)'> (0x000000008f91a280) thrown at [./src/hotspot/share/interpreter/linkResolver.cpp, line 773]
Event: 2.622 Thread 0x000001ceef5de800 Exception <a 'java/lang/IncompatibleClassChangeError'{0x000000008f91d758}: Found class java.lang.Object, but interface was expected> (0x000000008f91d758) thrown at [./src/hotspot/share/interpreter/linkResolver.cpp, line 839]
Event: 2.672 Thread 0x000001ceef5de800 Exception <a 'java/lang/NoSuchMethodError'{0x000000008f26f6c0}: 'void java.lang.invoke.DirectMethodHandle$Holder.invokeSpecial(java.lang.Object, java.lang.Object, java.lang.Object, java.lang.Object, java.lang.Object)'> (0x000000008f26f6c0) thrown at [./src/hotspot/share/interpreter/linkResolver.cpp, line 773]
Event: 2.682 Thread 0x000001ceef5de800 Exception <a 'java/lang/NoSuchMethodError'{0x000000008f0922b0}: 'java.lang.Object java.lang.invoke.DirectMethodHandle$Holder.invokeSpecial(java.lang.Object, java.lang.Object, java.lang.Object, java.lang.Object, java.lang.Object, java.lang.Object, java.lang.Object, java.lang.Object, java.lang.Object)'> (0x000000008f0922b0) thrown at [./src/hotspot/share/interpreter/linkResolver.cpp, line 773]
Event: 2.737 Thread 0x000001ceef5de800 Exception <a 'java/lang/NoSuchMethodError'{0x000000008e672d40}: 'java.lang.Object java.lang.invoke.DirectMethodHandle$Holder.invokeVirtual(java.lang.Object, java.lang.Object, java.lang.Object, java.lang.Object)'> (0x000000008e672d40) thrown at [./src/hotspot/share/interpreter/linkResolver.cpp, line 773]
Event: 2.784 Thread 0x000001ceef5de800 Exception <a 'java/lang/NoSuchMethodError'{0x000000008dfbffb8}: 'void java.lang.invoke.DirectMethodHandle$Holder.invokeSpecial(java.lang.Object, java.lang.Object, java.lang.Object, java.lang.Object, java.lang.Object, java.lang.Object)'> (0x000000008dfbffb8) thrown at [./src/hotspot/share/interpreter/linkResolver.cpp, line 773]
Event: 2.791 Thread 0x000001ceef5de800 Exception <a 'java/lang/NoSuchMethodError'{0x000000008de2f748}: 'void java.lang.invoke.DirectMethodHandle$Holder.invokeSpecial(java.lang.Object, java.lang.Object, java.lang.Object, java.lang.Object, java.lang.Object, java.lang.Object, java.lang.Object)'> (0x000000008de2f748) thrown at [./src/hotspot/share/interpreter/linkResolver.cpp, line 773]
Event: 2.791 Thread 0x000001ceef5de800 Exception <a 'java/lang/NoSuchMethodError'{0x000000008de37c38}: 'java.lang.Object java.lang.invoke.Invokers$Holder.linkToTargetMethod(java.lang.Object, java.lang.Object, java.lang.Object, java.lang.Object, java.lang.Object, java.lang.Object)'> (0x000000008de37c38) thrown at [./src/hotspot/share/interpreter/linkResolver.cpp, line 773]
Event: 2.806 Thread 0x000001ceef5de800 Exception <a 'java/lang/NoSuchMethodError'{0x000000008dc52bc0}: 'java.lang.Object java.lang.invoke.DirectMethodHandle$Holder.invokeVirtual(java.lang.Object, java.lang.Object, java.lang.Object, java.lang.Object, java.lang.Object, java.lang.Object, java.lang.Object, java.lang.Object, java.lang.Object, java.lang.Object, java.lang.Object, java.lang.Object, java.lang.Object, java.lang.Object, java.lang.Object, java.lang.Object, java.lang.Object, java.lang.Object, java.lang.Object, java.lang.Object, java.lang.Ob
Event: 2.844 Thread 0x000001ceef5de800 Exception <a 'java/lang/NoSuchMethodError'{0x000000008d455200}: 'int java.lang.invoke.DirectMethodHandle$Holder.invokeStaticInit(java.lang.Object, java.lang.Object, java.lang.Object)'> (0x000000008d455200) thrown at [./src/hotspot/share/interpreter/linkResolver.cpp, line 773]
Event: 2.890 Thread 0x000001ceef5de800 Exception <a 'java/lang/NoSuchMethodError'{0x000000008d0e0610}: 'void java.lang.invoke.DirectMethodHandle$Holder.invokeStaticInit(java.lang.Object, java.lang.Object)'> (0x000000008d0e0610) thrown at [./src/hotspot/share/interpreter/linkResolver.cpp, line 773]
Event: 2.945 Thread 0x000001ceef5de800 Exception <a 'java/lang/NoSuchMethodError'{0x000000008ca6cf50}: 'void java.lang.invoke.DirectMethodHandle$Holder.invokeStatic(java.lang.Object, java.lang.Object, java.lang.Object, java.lang.Object)'> (0x000000008ca6cf50) thrown at [./src/hotspot/share/interpreter/linkResolver.cpp, line 773]
Event: 2.947 Thread 0x000001ceef5de800 Exception <a 'java/lang/NoSuchMethodError'{0x000000008cacde28}: 'int java.lang.invoke.DirectMethodHandle$Holder.invokeVirtual(java.lang.Object, java.lang.Object)'> (0x000000008cacde28) thrown at [./src/hotspot/share/interpreter/linkResolver.cpp, line 773]
Event: 2.948 Thread 0x000001ceef5de800 Exception <a 'java/lang/NoSuchMethodError'{0x000000008cae6980}: 'java.lang.Object java.lang.invoke.DirectMethodHandle$Holder.invokeVirtual(java.lang.Object, java.lang.Object, java.lang.Object)'> (0x000000008cae6980) thrown at [./src/hotspot/share/interpreter/linkResolver.cpp, line 773]
Event: 2.952 Thread 0x000001ceef5de800 Exception <a 'java/lang/NoSuchMethodError'{0x000000008c913158}: 'int java.lang.invoke.DirectMethodHandle$Holder.invokeVirtual(java.lang.Object, java.lang.Object, java.lang.Object)'> (0x000000008c913158) thrown at [./src/hotspot/share/interpreter/linkResolver.cpp, line 773]
Event: 2.971 Thread 0x000001ceef5de800 Exception <a 'java/lang/NoSuchMethodError'{0x000000008c8d9838}: 'void java.lang.invoke.DirectMethodHandle$Holder.invokeSpecial(java.lang.Object, java.lang.Object)'> (0x000000008c8d9838) thrown at [./src/hotspot/share/interpreter/linkResolver.cpp, line 773]
Event: 3.070 Thread 0x000001ceef5de800 Exception <a 'java/lang/NoSuchMethodError'{0x000000008b9c9498}: 'java.lang.Object java.lang.invoke.DirectMethodHandle$Holder.invokeSpecialIFC(java.lang.Object, java.lang.Object, java.lang.Object, java.lang.Object)'> (0x000000008b9c9498) thrown at [./src/hotspot/share/interpreter/linkResolver.cpp, line 773]

Events (20 events):
Event: 3.075 loading class org/gradle/internal/component/model/PersistentModuleSource$Codec
Event: 3.075 loading class org/gradle/internal/component/model/PersistentModuleSource$Codec done
Event: 3.076 loading class org/gradle/internal/component/model/PersistentModuleSource
Event: 3.076 loading class org/gradle/internal/component/model/PersistentModuleSource done
Event: 3.076 loading class org/gradle/internal/component/model/ModuleSource
Event: 3.076 loading class org/gradle/internal/component/model/ModuleSource done
Event: 3.076 loading class org/gradle/api/internal/artifacts/repositories/metadata/MetadataFileSource
Event: 3.076 loading class org/gradle/api/internal/artifacts/repositories/metadata/MetadataFileSource done
Event: 3.077 loading class org/gradle/api/internal/artifacts/ivyservice/ivyresolve/ModuleDescriptorHashCodec
Event: 3.077 loading class org/gradle/api/internal/artifacts/ivyservice/ivyresolve/ModuleDescriptorHashCodec done
Event: 3.077 loading class org/gradle/internal/component/model/ModuleSources
Event: 3.077 loading class org/gradle/internal/component/model/ModuleSources done
Event: 3.077 loading class org/gradle/internal/component/external/model/ModuleComponentResolveMetadata
Event: 3.077 loading class org/gradle/internal/component/external/model/ModuleComponentResolveMetadata done
Event: 3.078 loading class org/gradle/internal/component/external/model/VirtualComponentIdentifier
Event: 3.078 loading class org/gradle/internal/component/external/model/VirtualComponentIdentifier done
Event: 3.078 loading class org/gradle/api/internal/artifacts/ivyservice/modulecache/ModuleMetadataSerializer
Event: 3.078 loading class org/gradle/api/internal/artifacts/ivyservice/modulecache/ModuleMetadataSerializer done
Event: 3.078 loading class org/gradle/api/internal/artifacts/ModuleComponentSelectorSerializer
Event: 3.078 loading class org/gradle/api/internal/artifacts/ModuleComponentSelectorSerializer done


Dynamic libraries:
0x00007ff75ed60000 - 0x00007ff75ed6a000 	C:\Program Files\Android\Android Studio2\jre\bin\java.exe
0x00007ffbe9a60000 - 0x00007ffbe9c69000 	C:\WINDOWS\SYSTEM32\ntdll.dll
0x00007ffbe8430000 - 0x00007ffbe84ee000 	C:\WINDOWS\System32\KERNEL32.DLL
0x00007ffbe6f60000 - 0x00007ffbe72db000 	C:\WINDOWS\System32\KERNELBASE.dll
0x00007ffbe72e0000 - 0x00007ffbe73f1000 	C:\WINDOWS\System32\ucrtbase.dll
0x00007ffbbcbb0000 - 0x00007ffbbcbc7000 	C:\Program Files\Android\Android Studio2\jre\bin\VCRUNTIME140.dll
0x00007ffbbb6f0000 - 0x00007ffbbb709000 	C:\Program Files\Android\Android Studio2\jre\bin\jli.dll
0x00007ffbe90c0000 - 0x00007ffbe926d000 	C:\WINDOWS\System32\USER32.dll
0x00007ffbe6f30000 - 0x00007ffbe6f56000 	C:\WINDOWS\System32\win32u.dll
0x00007ffbe9870000 - 0x00007ffbe9899000 	C:\WINDOWS\System32\GDI32.dll
0x00007ffbccc40000 - 0x00007ffbccee5000 	C:\WINDOWS\WinSxS\amd64_microsoft.windows.common-controls_6595b64144ccf1df_6.0.22000.120_none_9d947278b86cc467\COMCTL32.dll
0x00007ffbe7570000 - 0x00007ffbe7688000 	C:\WINDOWS\System32\gdi32full.dll
0x00007ffbe7a80000 - 0x00007ffbe7b23000 	C:\WINDOWS\System32\msvcrt.dll
0x00007ffbe77d0000 - 0x00007ffbe786d000 	C:\WINDOWS\System32\msvcp_win.dll
0x00007ffbe8b00000 - 0x00007ffbe8b32000 	C:\WINDOWS\System32\IMM32.DLL
0x00007ffba8940000 - 0x00007ffba89dd000 	C:\Program Files\Android\Android Studio2\jre\bin\msvcp140.dll
0x00007ffb789f0000 - 0x00007ffb794c5000 	C:\Program Files\Android\Android Studio2\jre\bin\server\jvm.dll
0x00007ffbe8870000 - 0x00007ffbe891e000 	C:\WINDOWS\System32\ADVAPI32.dll
0x00007ffbe9980000 - 0x00007ffbe9a1e000 	C:\WINDOWS\System32\sechost.dll
0x00007ffbe8c20000 - 0x00007ffbe8d40000 	C:\WINDOWS\System32\RPCRT4.dll
0x00007ffbe8400000 - 0x00007ffbe8408000 	C:\WINDOWS\System32\PSAPI.DLL
0x00007ffbde600000 - 0x00007ffbde633000 	C:\WINDOWS\SYSTEM32\WINMM.dll
0x00007ffbdb8d0000 - 0x00007ffbdb8da000 	C:\WINDOWS\SYSTEM32\VERSION.dll
0x00007ffbe3f80000 - 0x00007ffbe3f89000 	C:\WINDOWS\SYSTEM32\WSOCK32.dll
0x00007ffbe9390000 - 0x00007ffbe93ff000 	C:\WINDOWS\System32\WS2_32.dll
0x00007ffbe60a0000 - 0x00007ffbe60b8000 	C:\WINDOWS\SYSTEM32\kernel.appcore.dll
0x00007ffbdd120000 - 0x00007ffbdd131000 	C:\Program Files\Android\Android Studio2\jre\bin\verify.dll
0x00007ffbe48f0000 - 0x00007ffbe4b11000 	C:\WINDOWS\SYSTEM32\DBGHELP.DLL
0x00007ffbcb530000 - 0x00007ffbcb561000 	C:\WINDOWS\SYSTEM32\dbgcore.DLL
0x00007ffbe7750000 - 0x00007ffbe77cf000 	C:\WINDOWS\System32\bcryptPrimitives.dll
0x00007ffbd25f0000 - 0x00007ffbd2619000 	C:\Program Files\Android\Android Studio2\jre\bin\java.dll
0x00007ffbe3f00000 - 0x00007ffbe3f0b000 	C:\Program Files\Android\Android Studio2\jre\bin\jimage.dll
0x00007ffbd0fb0000 - 0x00007ffbd0fc8000 	C:\Program Files\Android\Android Studio2\jre\bin\zip.dll
0x00007ffbe7b30000 - 0x00007ffbe82e8000 	C:\WINDOWS\System32\SHELL32.dll
0x00007ffbe5020000 - 0x00007ffbe5885000 	C:\WINDOWS\SYSTEM32\windows.storage.dll
0x00007ffbe84f0000 - 0x00007ffbe8868000 	C:\WINDOWS\System32\combase.dll
0x00007ffbe4eb0000 - 0x00007ffbe5016000 	C:\WINDOWS\SYSTEM32\wintypes.dll
0x00007ffbe89b0000 - 0x00007ffbe8a9a000 	C:\WINDOWS\System32\SHCORE.dll
0x00007ffbe8aa0000 - 0x00007ffbe8afd000 	C:\WINDOWS\System32\shlwapi.dll
0x00007ffbe6e60000 - 0x00007ffbe6e81000 	C:\WINDOWS\SYSTEM32\profapi.dll
0x00007ffbcdf20000 - 0x00007ffbcdf3a000 	C:\Program Files\Android\Android Studio2\jre\bin\net.dll
0x00007ffbdfa80000 - 0x00007ffbdfb94000 	C:\WINDOWS\SYSTEM32\WINHTTP.dll
0x00007ffbe6540000 - 0x00007ffbe65a7000 	C:\WINDOWS\system32\mswsock.dll
0x00007ffbcade0000 - 0x00007ffbcadf4000 	C:\Program Files\Android\Android Studio2\jre\bin\nio.dll
0x00007ffbb4380000 - 0x00007ffbb43a7000 	C:\Users\OWNER\.gradle\native\e1d6ef7f7dcc3fd88c89a11ec53ec762bb8ba0a96d01ffa2cd45eb1d1d8dd5c5\windows-amd64\native-platform.dll
0x00007ffb9b160000 - 0x00007ffb9b2a4000 	C:\Users\OWNER\.gradle\native\0d407fdbe67a94daf76414ababcb853783967236a71b16ec16e742cd7a986fd3\windows-amd64\native-platform-file-events.dll
0x00007ffbe15f0000 - 0x00007ffbe15fa000 	C:\Program Files\Android\Android Studio2\jre\bin\management.dll
0x00007ffbdef20000 - 0x00007ffbdef2d000 	C:\Program Files\Android\Android Studio2\jre\bin\management_ext.dll
0x00007ffbe6780000 - 0x00007ffbe6798000 	C:\WINDOWS\SYSTEM32\CRYPTSP.dll
0x00007ffbe6000000 - 0x00007ffbe6035000 	C:\WINDOWS\system32\rsaenh.dll
0x00007ffbe6630000 - 0x00007ffbe6659000 	C:\WINDOWS\SYSTEM32\USERENV.dll
0x00007ffbe6910000 - 0x00007ffbe6937000 	C:\WINDOWS\SYSTEM32\bcrypt.dll
0x00007ffbe67a0000 - 0x00007ffbe67ac000 	C:\WINDOWS\SYSTEM32\CRYPTBASE.dll
0x00007ffbe5bd0000 - 0x00007ffbe5bfd000 	C:\WINDOWS\SYSTEM32\IPHLPAPI.DLL
0x00007ffbe8dd0000 - 0x00007ffbe8dd9000 	C:\WINDOWS\System32\NSI.dll
0x00007ffbdede0000 - 0x00007ffbdedf9000 	C:\WINDOWS\SYSTEM32\dhcpcsvc6.DLL
0x00007ffbdf0e0000 - 0x00007ffbdf0fe000 	C:\WINDOWS\SYSTEM32\dhcpcsvc.DLL
0x00007ffbe5c00000 - 0x00007ffbe5ce8000 	C:\WINDOWS\SYSTEM32\DNSAPI.dll

dbghelp: loaded successfully - version: 4.0.5 - missing functions: none
symbol engine: initialized successfully - sym options: 0x614 - pdb path: .;C:\Program Files\Android\Android Studio2\jre\bin;C:\WINDOWS\SYSTEM32;C:\WINDOWS\WinSxS\amd64_microsoft.windows.common-controls_6595b64144ccf1df_6.0.22000.120_none_9d947278b86cc467;C:\Program Files\Android\Android Studio2\jre\bin\server;C:\Users\OWNER\.gradle\native\e1d6ef7f7dcc3fd88c89a11ec53ec762bb8ba0a96d01ffa2cd45eb1d1d8dd5c5\windows-amd64;C:\Users\OWNER\.gradle\native\0d407fdbe67a94daf76414ababcb853783967236a71b16ec16e742cd7a986fd3\windows-amd64

VM Arguments:
jvm_args: --add-opens=java.base/java.util=ALL-UNNAMED --add-opens=java.base/java.lang=ALL-UNNAMED --add-opens=java.base/java.lang.invoke=ALL-UNNAMED --add-opens=java.base/java.util=ALL-UNNAMED --add-opens=java.prefs/java.util.prefs=ALL-UNNAMED --add-opens=java.prefs/java.util.prefs=ALL-UNNAMED --add-opens=java.base/java.nio.charset=ALL-UNNAMED --add-opens=java.base/java.net=ALL-UNNAMED --add-opens=java.base/java.util.concurrent.atomic=ALL-UNNAMED -Xmx2048m -Dfile.encoding=UTF-8 -Duser.country=KR -Duser.language=ko -Duser.variant 
java_command: org.gradle.launcher.daemon.bootstrap.GradleDaemon 7.4
java_class_path (initial): C:\Users\OWNER\.gradle\wrapper\dists\gradle-7.4-bin\c0gwcg53nkjbqw7r0h0umtfvt\gradle-7.4\lib\gradle-launcher-7.4.jar
Launcher Type: SUN_STANDARD

[Global flags]
     intx CICompilerCount                          = 4                                         {product} {ergonomic}
     uint ConcGCThreads                            = 2                                         {product} {ergonomic}
     uint G1ConcRefinementThreads                  = 8                                         {product} {ergonomic}
   size_t G1HeapRegionSize                         = 1048576                                   {product} {ergonomic}
    uintx GCDrainStackTargetSize                   = 64                                        {product} {ergonomic}
   size_t InitialHeapSize                          = 264241152                                 {product} {ergonomic}
   size_t MarkStackSize                            = 4194304                                   {product} {ergonomic}
   size_t MaxHeapSize                              = 2147483648                                {product} {command line}
   size_t MaxNewSize                               = 1287651328                                {product} {ergonomic}
   size_t MinHeapDeltaBytes                        = 1048576                                   {product} {ergonomic}
    uintx NonNMethodCodeHeapSize                   = 5836300                                {pd product} {ergonomic}
    uintx NonProfiledCodeHeapSize                  = 122910970                              {pd product} {ergonomic}
    uintx ProfiledCodeHeapSize                     = 122910970                              {pd product} {ergonomic}
    uintx ReservedCodeCacheSize                    = 251658240                              {pd product} {ergonomic}
     bool SegmentedCodeCache                       = true                                      {product} {ergonomic}
     bool UseCompressedClassPointers               = true                                 {lp64_product} {ergonomic}
     bool UseCompressedOops                        = true                                 {lp64_product} {ergonomic}
     bool UseG1GC                                  = true                                      {product} {ergonomic}
     bool UseLargePagesIndividualAllocation        = false                                  {pd product} {ergonomic}

Logging:
Log output configuration:
 #0: stdout all=warning uptime,level,tags
 #1: stderr all=off uptime,level,tags

Environment Variables:
JAVA_HOME=C:\Program Files\Java\jdk-14.0.2
PATH=C:\Users\OWNER\AppData\Local\Programs\Python\Python310\Scripts\;C:\Users\OWNER\AppData\Local\Programs\Python\Python310\;C:\Users\OWNER\anaconda3;C:\Users\OWNER\anaconda3\Library\mingw-w64\bin;C:\Users\OWNER\anaconda3\Library\usr\bin;C:\Users\OWNER\anaconda3\Library\bin;C:\Users\OWNER\anaconda3\Scripts;C:\Program Files\MySQL\MySQL Shell 8.0\bin\;C:\Users\OWNER\AppData\Local\Microsoft\WindowsApps;C:\Users\OWNER\.dotnet\tools;C:\Program Files\Graphviz 2.44.1\bin;C:\Users\OWNER\flutter\bin;C:\Users\OWNER\Git\cmd;C:\Windows\System32;C:\WINDOWS\System32\WindowsPowerShell\v1.0\;C:\Program Files\NVIDIA Corporation\Nsight Compute 2020.1.1\;C:\Users\OWNER\Anaconda3\Lib\site-packages\cmake\data\bin;C:\Program Files\Docker\Docker\resources\bin;C:\ProgramData\DockerDesktop\version-bin;C:\Python27;C:\Program Files\Git\cmd;C:\Program Files\Git LFS;C:\Users\OWNER\anaconda3;C:\Users\OWNER\anaconda3\Library\mingw-w64\bin;C:\Users\OWNER\anaconda3\Library\usr\bin;C:\Users\OWNER\anaconda3\Library\bin;C:\Users\OWNER\anaconda3\Scripts;C:\Users\OWNER\flutter\bin;C:\Users\OWNER\Git\cmd;C:\Users\OWNER\AppData\Local\Programs\Python\Python310\Scripts\;C:\Users\OWNER\AppData\Local\Programs\Python\Python310\;C:\Program Files\MySQL\MySQL Shell 8.0\bin\;C:\Users\OWNER\AppData\Local\Microsoft\WindowsApps;C:\Users\OWNER\.dotnet\tools;C:\Program Files\Graphviz 2.44.1\bin;C:\Users\OWNER\AppData\Local\Programs\Microsoft VS Code\bin;C:\Users\OWNER\AppData\Local\gitkraken\bin
USERNAME=OWNER
OS=Windows_NT
PROCESSOR_IDENTIFIER=Intel64 Family 6 Model 140 Stepping 1, GenuineIntel



---------------  S Y S T E M  ---------------

OS: Windows 10 , 64 bit Build 22000 (10.0.22000.1219)
OS uptime: 9 days 16:11 hours
Hyper-V role detected

CPU:total 8 (initial active 8) (4 cores per cpu, 2 threads per core) family 6 model 140 stepping 1 microcode 0x8a, cmov, cx8, fxsr, mmx, sse, sse2, sse3, ssse3, sse4.1, sse4.2, popcnt, avx, avx2, aes, clmul, erms, 3dnowpref, lzcnt, ht, tsc, tscinvbit, bmi1, bmi2, adx, evex, sha, fma

Memory: 4k page, system-wide physical 16107M (3440M free)
TotalPageFile size 31242M (AvailPageFile size 5M)
current process WorkingSet (physical memory assigned to process): 233M, peak: 233M
current process commit charge ("private bytes"): 437M, peak: 437M

vm_info: OpenJDK 64-Bit Server VM (11.0.11+9-b60-7590822) for windows-amd64 JRE (11.0.11+9-b60-7590822), built on Jul 29 2021 21:43:44 by "builder" with MS VC++ 14.0 (VS2015)

END.
